[2018-08-18T00:00:01.131] [INFO] dao.baseDao - show-table-info:m_component_props
[2018-08-18T00:00:01.137] [INFO] dao.baseDao - show-table-info:m_components
[2018-08-18T00:00:01.139] [INFO] dao.baseDao - show-table-info:m_page
[2018-08-18T00:00:01.141] [INFO] dao.baseDao - show-table-info:m_systems
[2018-08-18T00:00:01.143] [INFO] dao.baseDao - show-table-info:m_theme
[2018-08-18T00:00:01.144] [INFO] dao.baseDao - show-table-info:test2
[2018-08-18T00:00:01.146] [INFO] dao.baseDao - show-table-info:testTable
[2018-08-18T00:00:55.366] [INFO] dao.baseDao - show-table-info:m_component_props
[2018-08-18T00:00:55.373] [INFO] dao.baseDao - show-table-info:m_components
[2018-08-18T00:00:55.377] [INFO] dao.baseDao - show-table-info:m_page
[2018-08-18T00:00:55.382] [INFO] dao.baseDao - show-table-info:m_systems
[2018-08-18T00:00:55.384] [INFO] dao.baseDao - show-table-info:m_theme
[2018-08-18T00:00:55.386] [INFO] dao.baseDao - show-table-info:test2
[2018-08-18T00:00:55.389] [INFO] dao.baseDao - show-table-info:testTable
[2018-08-18T00:02:34.864] [INFO] dao.baseDao - show-table-info:m_component_props
[2018-08-18T00:02:34.888] [INFO] dao.baseDao - show-table-info:m_components
[2018-08-18T00:02:34.893] [INFO] dao.baseDao - show-table-info:m_page
[2018-08-18T00:02:34.895] [INFO] dao.baseDao - show-table-info:m_systems
[2018-08-18T00:02:34.897] [INFO] dao.baseDao - show-table-info:m_theme
[2018-08-18T00:02:34.905] [INFO] dao.baseDao - show-table-info:test2
[2018-08-18T00:02:34.910] [INFO] dao.baseDao - show-table-info:testTable
[2018-08-18T00:06:44.992] [INFO] dao.baseDao - show-table-info:m_component_props
[2018-08-18T00:06:44.998] [INFO] dao.baseDao - show-table-info:m_components
[2018-08-18T00:06:45.001] [INFO] dao.baseDao - show-table-info:m_page
[2018-08-18T00:06:45.003] [INFO] dao.baseDao - show-table-info:m_systems
[2018-08-18T00:06:45.007] [INFO] dao.baseDao - show-table-info:m_theme
[2018-08-18T00:06:45.009] [INFO] dao.baseDao - show-table-info:test2
[2018-08-18T00:06:45.013] [INFO] dao.baseDao - show-table-info:testTable
[2018-08-18T00:08:22.223] [INFO] dao.baseDao - show-table-info:m_component_props
[2018-08-18T00:08:22.229] [INFO] dao.baseDao - show-table-info:m_components
[2018-08-18T00:08:22.232] [INFO] dao.baseDao - show-table-info:m_page
[2018-08-18T00:08:22.233] [INFO] dao.baseDao - show-table-info:m_systems
[2018-08-18T00:08:22.235] [INFO] dao.baseDao - show-table-info:m_theme
[2018-08-18T00:08:22.237] [INFO] dao.baseDao - show-table-info:test2
[2018-08-18T00:08:22.240] [INFO] dao.baseDao - show-table-info:testTable
[2018-08-18T00:08:25.123] [INFO] dao.baseDao - show-table-info:m_component_props
[2018-08-18T00:08:25.125] [INFO] dao.baseDao - show-table-info:m_components
[2018-08-18T00:08:25.127] [INFO] dao.baseDao - show-table-info:m_page
[2018-08-18T00:08:25.130] [INFO] dao.baseDao - show-table-info:m_systems
[2018-08-18T00:08:25.132] [INFO] dao.baseDao - show-table-info:m_theme
[2018-08-18T00:08:25.135] [INFO] dao.baseDao - show-table-info:test2
[2018-08-18T00:08:25.137] [INFO] dao.baseDao - show-table-info:testTable
[2018-08-18T00:09:05.063] [INFO] dao.baseDao - show-table-info:m_component_props
[2018-08-18T00:09:05.069] [INFO] dao.baseDao - show-table-info:m_components
[2018-08-18T00:09:05.072] [INFO] dao.baseDao - show-table-info:m_page
[2018-08-18T00:09:05.074] [INFO] dao.baseDao - show-table-info:m_systems
[2018-08-18T00:09:05.075] [INFO] dao.baseDao - show-table-info:m_theme
[2018-08-18T00:09:05.077] [INFO] dao.baseDao - show-table-info:test2
[2018-08-18T00:09:41.227] [INFO] dao.baseDao - show-table-info:m_component_props
[2018-08-18T00:09:41.230] [INFO] dao.baseDao - show-table-info:m_components
[2018-08-18T00:09:41.232] [INFO] dao.baseDao - show-table-info:m_page
[2018-08-18T00:09:41.236] [INFO] dao.baseDao - show-table-info:m_systems
[2018-08-18T00:09:41.237] [INFO] dao.baseDao - show-table-info:m_theme
[2018-08-18T00:09:41.239] [INFO] dao.baseDao - show-table-info:test2
[2018-08-18T00:13:39.585] [INFO] dao.baseDao - show-table-info:m_component_props
[2018-08-18T00:13:39.591] [INFO] dao.baseDao - show-table-info:m_components
[2018-08-18T00:13:39.594] [INFO] dao.baseDao - show-table-info:m_page
[2018-08-18T00:13:39.596] [INFO] dao.baseDao - show-table-info:m_systems
[2018-08-18T00:13:39.598] [INFO] dao.baseDao - show-table-info:m_theme
[2018-08-18T00:13:39.600] [INFO] dao.baseDao - show-table-info:test2
[2018-08-18T00:14:18.856] [INFO] dao.baseDao - show-table-info:m_component_props
[2018-08-18T00:14:18.877] [INFO] dao.baseDao - show-table-info:m_components
[2018-08-18T00:14:18.884] [INFO] dao.baseDao - show-table-info:m_page
[2018-08-18T00:14:18.887] [INFO] dao.baseDao - show-table-info:m_systems
[2018-08-18T00:14:18.889] [INFO] dao.baseDao - show-table-info:m_theme
[2018-08-18T00:14:18.891] [INFO] dao.baseDao - show-table-info:test2
[2018-08-18T00:15:44.948] [INFO] dao.baseDao - show-table-info:m_component_props
[2018-08-18T00:15:44.953] [INFO] dao.baseDao - show-table-info:m_components
[2018-08-18T00:15:44.955] [INFO] dao.baseDao - show-table-info:m_page
[2018-08-18T00:15:44.956] [INFO] dao.baseDao - show-table-info:m_systems
[2018-08-18T00:15:44.957] [INFO] dao.baseDao - show-table-info:m_theme
[2018-08-18T00:15:44.959] [INFO] dao.baseDao - show-table-info:test2
[2018-08-18T00:18:20.617] [INFO] dao.baseDao - show-table-info:m_component_props
[2018-08-18T00:18:20.623] [INFO] dao.baseDao - show-table-info:m_components
[2018-08-18T00:18:20.625] [INFO] dao.baseDao - show-table-info:m_page
[2018-08-18T00:18:20.627] [INFO] dao.baseDao - show-table-info:m_systems
[2018-08-18T00:18:20.629] [INFO] dao.baseDao - show-table-info:m_theme
[2018-08-18T00:18:20.631] [INFO] dao.baseDao - show-table-info:test2
[2018-08-18T00:18:23.552] [INFO] dao.baseDao - show-table-info:m_component_props
[2018-08-18T00:18:23.554] [INFO] dao.baseDao - show-table-info:m_components
[2018-08-18T00:18:23.556] [INFO] dao.baseDao - show-table-info:m_page
[2018-08-18T00:18:23.558] [INFO] dao.baseDao - show-table-info:m_systems
[2018-08-18T00:18:23.560] [INFO] dao.baseDao - show-table-info:m_theme
[2018-08-18T00:18:23.561] [INFO] dao.baseDao - show-table-info:test2
[2018-08-18T00:19:38.983] [INFO] dao.baseDao - show-table-info:m_component_props
[2018-08-18T00:19:38.989] [INFO] dao.baseDao - show-table-info:m_components
[2018-08-18T00:19:38.992] [INFO] dao.baseDao - show-table-info:m_page
[2018-08-18T00:19:38.993] [INFO] dao.baseDao - show-table-info:m_systems
[2018-08-18T00:19:38.995] [INFO] dao.baseDao - show-table-info:m_theme
[2018-08-18T00:19:38.996] [INFO] dao.baseDao - show-table-info:test2
[2018-08-18T00:19:55.860] [INFO] dao.baseDao - show-table-info:m_component_props
[2018-08-18T00:19:55.865] [INFO] dao.baseDao - show-table-info:m_components
[2018-08-18T00:19:55.866] [INFO] dao.baseDao - show-table-info:m_page
[2018-08-18T00:19:55.868] [INFO] dao.baseDao - show-table-info:m_systems
[2018-08-18T00:19:55.869] [INFO] dao.baseDao - show-table-info:m_theme
[2018-08-18T00:19:55.870] [INFO] dao.baseDao - show-table-info:test2
[2018-08-18T00:22:14.228] [INFO] dao.baseDao - show-table-info:m_component_props
[2018-08-18T00:22:14.233] [INFO] dao.baseDao - show-table-info:m_components
[2018-08-18T00:22:14.234] [INFO] dao.baseDao - show-table-info:m_page
[2018-08-18T00:22:14.236] [INFO] dao.baseDao - show-table-info:m_systems
[2018-08-18T00:22:14.238] [INFO] dao.baseDao - show-table-info:m_theme
[2018-08-18T00:22:14.240] [INFO] dao.baseDao - show-table-info:test2
[2018-08-18T00:22:36.797] [INFO] dao.baseDao - show-table-info:m_component_props
[2018-08-18T00:22:36.802] [INFO] dao.baseDao - show-table-info:m_components
[2018-08-18T00:22:36.804] [INFO] dao.baseDao - show-table-info:m_page
[2018-08-18T00:22:36.806] [INFO] dao.baseDao - show-table-info:m_systems
[2018-08-18T00:22:36.808] [INFO] dao.baseDao - show-table-info:m_theme
[2018-08-18T00:22:36.810] [INFO] dao.baseDao - show-table-info:test2
[2018-08-18T00:23:55.496] [INFO] dao.baseDao - show-table-info:m_component_props
[2018-08-18T00:23:55.499] [INFO] dao.baseDao - show-table-info:m_components
[2018-08-18T00:23:55.501] [INFO] dao.baseDao - show-table-info:m_page
[2018-08-18T00:23:55.504] [INFO] dao.baseDao - show-table-info:m_systems
[2018-08-18T00:23:55.507] [INFO] dao.baseDao - show-table-info:m_theme
[2018-08-18T00:23:55.513] [INFO] dao.baseDao - show-table-info:test2
[2018-08-18T00:25:01.078] [INFO] dao.baseDao - show-table-info:m_component_props
[2018-08-18T00:25:01.082] [INFO] dao.baseDao - show-table-info:m_components
[2018-08-18T00:25:01.085] [INFO] dao.baseDao - show-table-info:m_page
[2018-08-18T00:25:01.087] [INFO] dao.baseDao - show-table-info:m_systems
[2018-08-18T00:25:01.088] [INFO] dao.baseDao - show-table-info:m_theme
[2018-08-18T00:25:01.091] [INFO] dao.baseDao - show-table-info:test2
[2018-08-18T00:25:42.038] [INFO] dao.baseDao - show-table-info:m_component_props
[2018-08-18T00:25:42.043] [INFO] dao.baseDao - show-table-info:m_components
[2018-08-18T00:25:42.045] [INFO] dao.baseDao - show-table-info:m_page
[2018-08-18T00:25:42.047] [INFO] dao.baseDao - show-table-info:m_systems
[2018-08-18T00:25:42.050] [INFO] dao.baseDao - show-table-info:m_theme
[2018-08-18T00:25:42.052] [INFO] dao.baseDao - show-table-info:test2
[2018-08-18T00:25:42.054] [INFO] dao.baseDao - show-table-info:testTable
[2018-08-18T00:25:42.310] [INFO] dao.baseDao - show-table-info:m_component_props
[2018-08-18T00:25:42.311] [INFO] dao.baseDao - show-table-info:m_components
[2018-08-18T00:25:42.313] [INFO] dao.baseDao - show-table-info:m_page
[2018-08-18T00:25:42.316] [INFO] dao.baseDao - show-table-info:m_systems
[2018-08-18T00:25:42.320] [INFO] dao.baseDao - show-table-info:m_theme
[2018-08-18T00:25:42.327] [INFO] dao.baseDao - show-table-info:test2
[2018-08-18T00:25:42.329] [INFO] dao.baseDao - show-table-info:testTable
[2018-08-18T00:26:47.019] [INFO] dao.baseDao - show-table-info:m_component_props
[2018-08-18T00:26:47.021] [INFO] dao.baseDao - show-table-info:m_components
[2018-08-18T00:26:47.023] [INFO] dao.baseDao - show-table-info:m_page
[2018-08-18T00:26:47.025] [INFO] dao.baseDao - show-table-info:m_systems
[2018-08-18T00:26:47.027] [INFO] dao.baseDao - show-table-info:m_theme
[2018-08-18T00:26:47.029] [INFO] dao.baseDao - show-table-info:test2
[2018-08-18T00:26:47.030] [INFO] dao.baseDao - show-table-info:testTable
[2018-08-18T00:26:47.055] [INFO] dao.baseDao - query-all:test2
[2018-08-18T00:26:53.478] [INFO] dao.baseDao - show-table-info:m_component_props
[2018-08-18T00:26:53.480] [INFO] dao.baseDao - show-table-info:m_components
[2018-08-18T00:26:53.481] [INFO] dao.baseDao - show-table-info:m_page
[2018-08-18T00:26:53.483] [INFO] dao.baseDao - show-table-info:m_systems
[2018-08-18T00:26:53.485] [INFO] dao.baseDao - show-table-info:m_theme
[2018-08-18T00:26:53.486] [INFO] dao.baseDao - show-table-info:test2
[2018-08-18T00:26:53.488] [INFO] dao.baseDao - show-table-info:testTable
[2018-08-18T00:26:53.512] [INFO] dao.baseDao - query-all:test2
[2018-08-18T00:27:35.018] [INFO] dao.baseDao - show-table-info:m_component_props
[2018-08-18T00:27:35.020] [INFO] dao.baseDao - show-table-info:m_components
[2018-08-18T00:27:35.021] [INFO] dao.baseDao - show-table-info:m_page
[2018-08-18T00:27:35.023] [INFO] dao.baseDao - show-table-info:m_systems
[2018-08-18T00:27:35.026] [INFO] dao.baseDao - show-table-info:m_theme
[2018-08-18T00:27:35.027] [INFO] dao.baseDao - show-table-info:test2
[2018-08-18T00:27:35.030] [INFO] dao.baseDao - show-table-info:testTable
[2018-08-18T00:27:35.051] [INFO] dao.baseDao - query-all:test2
[2018-08-18T00:28:34.217] [INFO] dao.baseDao - show-table-info:m_component_props
[2018-08-18T00:28:34.222] [INFO] dao.baseDao - show-table-info:m_components
[2018-08-18T00:28:34.224] [INFO] dao.baseDao - show-table-info:m_page
[2018-08-18T00:28:34.226] [INFO] dao.baseDao - show-table-info:m_systems
[2018-08-18T00:28:34.227] [INFO] dao.baseDao - show-table-info:m_theme
[2018-08-18T00:28:34.231] [INFO] dao.baseDao - show-table-info:test2
[2018-08-18T00:28:34.232] [INFO] dao.baseDao - show-table-info:testTable
[2018-08-18T00:28:34.260] [INFO] dao.baseDao - query-all:test2
[2018-08-18T00:28:34.428] [INFO] dao.baseDao - show-table-info:m_component_props
[2018-08-18T00:28:34.430] [INFO] dao.baseDao - show-table-info:m_components
[2018-08-18T00:28:34.432] [INFO] dao.baseDao - show-table-info:m_page
[2018-08-18T00:28:34.435] [INFO] dao.baseDao - show-table-info:m_systems
[2018-08-18T00:28:34.437] [INFO] dao.baseDao - show-table-info:m_theme
[2018-08-18T00:28:34.439] [INFO] dao.baseDao - show-table-info:test2
[2018-08-18T00:28:34.445] [INFO] dao.baseDao - show-table-info:testTable
[2018-08-18T17:13:20.537] [INFO] dao.baseDao - show-table-info:m_component_props
[2018-08-18T17:13:20.561] [INFO] dao.baseDao - show-table-info:m_components
[2018-08-18T17:13:20.563] [INFO] dao.baseDao - show-table-info:m_fields
[2018-08-18T17:13:20.567] [INFO] dao.baseDao - show-table-info:m_page
[2018-08-18T17:13:20.569] [INFO] dao.baseDao - show-table-info:m_systems
[2018-08-18T17:13:20.573] [INFO] dao.baseDao - show-table-info:m_theme
[2018-08-18T17:13:20.575] [INFO] dao.baseDao - show-table-info:test2
[2018-08-18T17:13:20.577] [INFO] dao.baseDao - show-table-info:testTable
[2018-08-18T17:13:21.168] [INFO] dao.baseDao - show-table-info:m_component_props
[2018-08-18T17:13:21.178] [INFO] dao.baseDao - show-table-info:m_components
[2018-08-18T17:13:21.192] [INFO] dao.baseDao - show-table-info:m_fields
[2018-08-18T17:13:21.201] [INFO] dao.baseDao - show-table-info:m_page
[2018-08-18T17:13:21.205] [INFO] dao.baseDao - show-table-info:m_systems
[2018-08-18T17:13:21.210] [INFO] dao.baseDao - show-table-info:m_theme
[2018-08-18T17:13:21.211] [INFO] dao.baseDao - show-table-info:test2
[2018-08-18T17:13:21.213] [INFO] dao.baseDao - show-table-info:testTable
[2018-08-18T17:14:19.959] [INFO] dao.baseDao - show-table-info:m_component_props
[2018-08-18T17:14:19.963] [INFO] dao.baseDao - show-table-info:m_components
[2018-08-18T17:14:19.966] [INFO] dao.baseDao - show-table-info:m_fields
[2018-08-18T17:14:19.968] [INFO] dao.baseDao - show-table-info:m_page
[2018-08-18T17:14:19.970] [INFO] dao.baseDao - show-table-info:m_systems
[2018-08-18T17:14:19.972] [INFO] dao.baseDao - show-table-info:m_theme
[2018-08-18T17:14:19.974] [INFO] dao.baseDao - show-table-info:test2
[2018-08-18T17:14:19.976] [INFO] dao.baseDao - show-table-info:testTable
[2018-08-18T17:14:20.001] [INFO] dao.baseDao - query-all:m_systems
[2018-08-18T17:15:17.221] [INFO] dao.baseDao - show-table-info:m_component_props
[2018-08-18T17:15:17.223] [INFO] dao.baseDao - show-table-info:m_components
[2018-08-18T17:15:17.225] [INFO] dao.baseDao - show-table-info:m_fields
[2018-08-18T17:15:17.226] [INFO] dao.baseDao - show-table-info:m_page
[2018-08-18T17:15:17.228] [INFO] dao.baseDao - show-table-info:m_systems
[2018-08-18T17:15:17.230] [INFO] dao.baseDao - show-table-info:m_theme
[2018-08-18T17:15:17.233] [INFO] dao.baseDao - show-table-info:test2
[2018-08-18T17:15:17.235] [INFO] dao.baseDao - show-table-info:testTable
[2018-08-18T17:16:56.579] [INFO] dao.baseDao - show-table-info:m_component_props
[2018-08-18T17:16:56.581] [INFO] dao.baseDao - show-table-info:m_components
[2018-08-18T17:16:56.583] [INFO] dao.baseDao - show-table-info:m_fields
[2018-08-18T17:16:56.585] [INFO] dao.baseDao - show-table-info:m_page
[2018-08-18T17:16:56.590] [INFO] dao.baseDao - show-table-info:m_systems
[2018-08-18T17:16:56.592] [INFO] dao.baseDao - show-table-info:m_theme
[2018-08-18T17:16:56.595] [INFO] dao.baseDao - show-table-info:test2
[2018-08-18T17:16:56.603] [INFO] dao.baseDao - show-table-info:testTable
[2018-08-18T17:16:56.625] [INFO] dao.baseDao - query-all:m_systems
[2018-08-18T17:43:18.222] [INFO] dao.baseDao - show-table-info:m_component_props
[2018-08-18T17:43:18.232] [INFO] dao.baseDao - show-table-info:m_components
[2018-08-18T17:43:18.234] [INFO] dao.baseDao - show-table-info:m_fields
[2018-08-18T17:43:18.237] [INFO] dao.baseDao - show-table-info:m_page
[2018-08-18T17:43:18.240] [INFO] dao.baseDao - show-table-info:m_systems
[2018-08-18T17:43:18.243] [INFO] dao.baseDao - show-table-info:m_theme
[2018-08-18T17:43:18.250] [INFO] dao.baseDao - show-table-info:test2
[2018-08-18T17:43:18.258] [INFO] dao.baseDao - show-table-info:testTable
[2018-08-18T17:43:18.339] [INFO] dao.baseDao - query-all:m_systems
[2018-08-18T17:44:29.559] [INFO] dao.baseDao - show-table-info:m_component_props
[2018-08-18T17:44:29.568] [INFO] dao.baseDao - show-table-info:m_components
[2018-08-18T17:44:29.572] [INFO] dao.baseDao - show-table-info:m_fields
[2018-08-18T17:44:29.575] [INFO] dao.baseDao - show-table-info:m_page
[2018-08-18T17:44:29.577] [INFO] dao.baseDao - show-table-info:m_systems
[2018-08-18T17:44:29.579] [INFO] dao.baseDao - show-table-info:m_theme
[2018-08-18T17:44:29.581] [INFO] dao.baseDao - show-table-info:test2
[2018-08-18T17:44:29.584] [INFO] dao.baseDao - show-table-info:testTable
[2018-08-18T17:44:29.612] [INFO] dao.baseDao - query-all:m_systems
[2018-08-18T17:45:46.947] [INFO] dao.baseDao - show-table-info:m_component_props
[2018-08-18T17:45:46.949] [INFO] dao.baseDao - show-table-info:m_components
[2018-08-18T17:45:46.951] [INFO] dao.baseDao - show-table-info:m_fields
[2018-08-18T17:45:46.952] [INFO] dao.baseDao - show-table-info:m_page
[2018-08-18T17:45:46.954] [INFO] dao.baseDao - show-table-info:m_systems
[2018-08-18T17:45:46.958] [INFO] dao.baseDao - show-table-info:m_theme
[2018-08-18T17:45:46.960] [INFO] dao.baseDao - show-table-info:test2
[2018-08-18T17:45:46.967] [INFO] dao.baseDao - show-table-info:testTable
[2018-08-18T17:46:12.152] [INFO] dao.baseDao - show-table-info:m_component_props
[2018-08-18T17:46:12.154] [INFO] dao.baseDao - show-table-info:m_components
[2018-08-18T17:46:12.157] [INFO] dao.baseDao - show-table-info:m_fields
[2018-08-18T17:46:12.159] [INFO] dao.baseDao - show-table-info:m_page
[2018-08-18T17:46:12.162] [INFO] dao.baseDao - show-table-info:m_systems
[2018-08-18T17:46:12.164] [INFO] dao.baseDao - show-table-info:m_theme
[2018-08-18T17:46:12.166] [INFO] dao.baseDao - show-table-info:test2
[2018-08-18T17:46:12.167] [INFO] dao.baseDao - show-table-info:testTable
[2018-08-18T17:46:12.191] [INFO] dao.baseDao - query-all:m_systems
[2018-08-18T18:11:41.042] [INFO] dao.baseDao - show-table-info:m_component_props
[2018-08-18T18:11:41.054] [INFO] dao.baseDao - show-table-info:m_components
[2018-08-18T18:11:41.060] [INFO] dao.baseDao - show-table-info:m_fields
[2018-08-18T18:11:41.064] [INFO] dao.baseDao - show-table-info:m_page
[2018-08-18T18:11:41.079] [INFO] dao.baseDao - show-table-info:m_systems
[2018-08-18T18:11:41.092] [INFO] dao.baseDao - show-table-info:m_theme
[2018-08-18T18:11:41.098] [INFO] dao.baseDao - show-table-info:test2
[2018-08-18T18:11:41.113] [INFO] dao.baseDao - show-table-info:testTable
[2018-08-18T18:11:41.183] [INFO] dao.baseDao - query-all:m_systems
[2018-08-18T21:18:36.494] [INFO] dao.baseDao - show-table-info:m_component_props
[2018-08-18T21:18:36.534] [INFO] dao.baseDao - show-table-info:m_components
[2018-08-18T21:18:36.536] [INFO] dao.baseDao - show-table-info:m_fields
[2018-08-18T21:18:36.539] [INFO] dao.baseDao - show-table-info:m_page
[2018-08-18T21:18:36.541] [INFO] dao.baseDao - show-table-info:m_systems
[2018-08-18T21:18:36.560] [INFO] dao.baseDao - show-table-info:m_theme
[2018-08-18T21:18:36.562] [INFO] dao.baseDao - show-table-info:test2
[2018-08-18T21:18:36.564] [INFO] dao.baseDao - show-table-info:testTable
[2018-08-18T21:18:36.592] [INFO] dao.baseDao - query-all:m_systems
