[2018-08-28T16:48:28.352] [INFO] dao.baseDao - show-table-info:m_component_props
[2018-08-28T16:48:28.406] [INFO] dao.baseDao - show-table-info:m_components
[2018-08-28T16:48:28.409] [INFO] dao.baseDao - show-table-info:m_datasource
[2018-08-28T16:48:28.413] [INFO] dao.baseDao - show-table-info:m_fields
[2018-08-28T16:48:28.414] [INFO] dao.baseDao - show-table-info:m_models
[2018-08-28T16:48:28.416] [INFO] dao.baseDao - show-table-info:m_page
[2018-08-28T16:48:28.430] [INFO] dao.baseDao - show-table-info:m_systems
[2018-08-28T16:48:28.432] [INFO] dao.baseDao - show-table-info:m_theme
[2018-08-28T16:48:28.437] [INFO] dao.baseDao - show-table-info:test2
[2018-08-28T16:48:28.445] [INFO] dao.baseDao - show-table-info:test3
[2018-08-28T16:48:28.446] [INFO] dao.baseDao - show-table-info:testTable
[2018-08-28T16:48:28.497] [INFO] dao.baseDao - query-all:m_datasource
[2018-08-28T16:51:04.402] [INFO] dao.baseDao - show-table-info:m_component_props
[2018-08-28T16:51:04.414] [INFO] dao.baseDao - show-table-info:m_components
[2018-08-28T16:51:04.415] [INFO] dao.baseDao - show-table-info:m_component_props
[2018-08-28T16:51:04.424] [INFO] dao.baseDao - show-table-info:m_datasource
[2018-08-28T16:51:04.425] [INFO] dao.baseDao - show-table-info:m_components
[2018-08-28T16:51:04.427] [INFO] dao.baseDao - show-table-info:m_fields
[2018-08-28T16:51:04.435] [INFO] dao.baseDao - show-table-info:m_datasource
[2018-08-28T16:51:04.437] [INFO] dao.baseDao - show-table-info:m_models
[2018-08-28T16:51:04.442] [INFO] dao.baseDao - show-table-info:m_fields
[2018-08-28T16:51:04.444] [INFO] dao.baseDao - show-table-info:m_page
[2018-08-28T16:51:04.458] [INFO] dao.baseDao - show-table-info:m_models
[2018-08-28T16:51:04.459] [INFO] dao.baseDao - show-table-info:m_systems
[2018-08-28T16:51:04.464] [INFO] dao.baseDao - show-table-info:m_page
[2018-08-28T16:51:04.465] [INFO] dao.baseDao - show-table-info:m_theme
[2018-08-28T16:51:04.468] [INFO] dao.baseDao - show-table-info:m_component_props
[2018-08-28T16:51:04.472] [INFO] dao.baseDao - show-table-info:m_systems
[2018-08-28T16:51:04.474] [INFO] dao.baseDao - show-table-info:test2
[2018-08-28T16:51:04.481] [INFO] dao.baseDao - show-table-info:test3
[2018-08-28T16:51:04.491] [INFO] dao.baseDao - show-table-info:m_theme
[2018-08-28T16:51:04.508] [INFO] dao.baseDao - show-table-info:m_components
[2018-08-28T16:51:04.509] [INFO] dao.baseDao - show-table-info:testTable
[2018-08-28T16:51:04.510] [INFO] dao.baseDao - show-table-info:test2
[2018-08-28T16:51:04.569] [INFO] dao.baseDao - query-all:m_theme
[2018-08-28T16:51:04.570] [INFO] dao.baseDao - show-table-info:test3
[2018-08-28T16:51:04.571] [INFO] dao.baseDao - show-table-info:m_datasource
[2018-08-28T16:51:04.577] [INFO] dao.baseDao - show-table-info:testTable
[2018-08-28T16:51:04.578] [INFO] dao.baseDao - show-table-info:m_fields
[2018-08-28T16:51:04.639] [INFO] dao.baseDao - query-page:m_components
[2018-08-28T16:51:04.640] [INFO] dao.baseDao - show-table-info:m_models
[2018-08-28T16:51:04.642] [INFO] dao.baseDao - show-table-info:m_page
[2018-08-28T16:51:04.644] [INFO] dao.baseDao - show-table-info:m_systems
[2018-08-28T16:51:04.647] [INFO] dao.baseDao - show-table-info:m_theme
[2018-08-28T16:51:04.650] [INFO] dao.baseDao - show-table-info:test2
[2018-08-28T16:51:04.652] [INFO] dao.baseDao - 4
[2018-08-28T16:51:04.653] [INFO] dao.baseDao - { page: 0,
  limit: 10,
  list: 
   [ RowDataPacket {
       id: 1,
       name: 'input',
       description: null,
       theme: 1,
       frontShow: null,
       backShow: null,
       createAt: 2018-08-20T14:07:29.000Z,
       createBy: 1,
       updateAt: 2018-08-20T14:07:29.000Z,
       isDeleted: 0,
       deletedAt: 2018-08-20T14:07:29.000Z },
     RowDataPacket {
       id: 2,
       name: 'select',
       description: null,
       theme: 1,
       frontShow: null,
       backShow: null,
       createAt: 2018-08-24T05:41:55.000Z,
       createBy: 1,
       updateAt: 2018-08-24T05:41:55.000Z,
       isDeleted: 0,
       deletedAt: 2018-08-24T05:41:55.000Z },
     RowDataPacket {
       id: 3,
       name: 'row',
       description: null,
       theme: 1,
       frontShow: null,
       backShow: null,
       createAt: 2018-08-24T13:17:11.000Z,
       createBy: 1,
       updateAt: 2018-08-24T13:17:11.000Z,
       isDeleted: 0,
       deletedAt: 2018-08-24T13:17:11.000Z },
     RowDataPacket {
       id: 4,
       name: 'col',
       description: null,
       theme: 1,
       frontShow: null,
       backShow: null,
       createAt: 2018-08-25T02:12:18.000Z,
       createBy: 1,
       updateAt: 2018-08-25T02:12:18.000Z,
       isDeleted: 0,
       deletedAt: 2018-08-25T02:12:18.000Z } ],
  total: 4 }
[2018-08-28T16:51:04.660] [INFO] dao.baseDao - show-table-info:test3
[2018-08-28T16:51:04.662] [INFO] dao.baseDao - show-table-info:testTable
[2018-08-28T16:51:04.738] [INFO] dao.baseDao - query-all:m_component_props
[2018-08-28T16:51:16.446] [INFO] dao.baseDao - show-table-info:m_component_props
[2018-08-28T16:51:16.448] [INFO] dao.baseDao - show-table-info:m_components
[2018-08-28T16:51:16.451] [INFO] dao.baseDao - show-table-info:m_datasource
[2018-08-28T16:51:16.454] [INFO] dao.baseDao - show-table-info:m_fields
[2018-08-28T16:51:16.457] [INFO] dao.baseDao - show-table-info:m_models
[2018-08-28T16:51:16.461] [INFO] dao.baseDao - show-table-info:m_page
[2018-08-28T16:51:16.470] [INFO] dao.baseDao - show-table-info:m_systems
[2018-08-28T16:51:16.473] [INFO] dao.baseDao - show-table-info:m_theme
[2018-08-28T16:51:16.476] [INFO] dao.baseDao - show-table-info:test2
[2018-08-28T16:51:16.478] [INFO] dao.baseDao - show-table-info:test3
[2018-08-28T16:51:16.479] [INFO] dao.baseDao - show-table-info:testTable
[2018-08-28T16:51:16.514] [INFO] dao.baseDao - query-all:m_systems
[2018-08-28T16:51:18.777] [INFO] dao.baseDao - show-table-info:m_component_props
[2018-08-28T16:51:18.779] [INFO] dao.baseDao - show-table-info:m_components
[2018-08-28T16:51:18.781] [INFO] dao.baseDao - show-table-info:m_datasource
[2018-08-28T16:51:18.783] [INFO] dao.baseDao - show-table-info:m_fields
[2018-08-28T16:51:18.784] [INFO] dao.baseDao - show-table-info:m_models
[2018-08-28T16:51:18.792] [INFO] dao.baseDao - show-table-info:m_page
[2018-08-28T16:51:18.795] [INFO] dao.baseDao - show-table-info:m_systems
[2018-08-28T16:51:18.797] [INFO] dao.baseDao - show-table-info:m_theme
[2018-08-28T16:51:18.798] [INFO] dao.baseDao - show-table-info:test2
[2018-08-28T16:51:18.799] [INFO] dao.baseDao - show-table-info:test3
[2018-08-28T16:51:18.801] [INFO] dao.baseDao - show-table-info:testTable
[2018-08-28T16:51:18.833] [INFO] dao.baseDao - query-all:m_datasource
[2018-08-28T17:22:39.092] [INFO] dao.baseDao - show-table-info:m_component_props
[2018-08-28T17:22:39.097] [INFO] dao.baseDao - show-table-info:m_components
[2018-08-28T17:22:39.102] [INFO] dao.baseDao - show-table-info:m_datasource
[2018-08-28T17:22:39.116] [INFO] dao.baseDao - show-table-info:m_fields
[2018-08-28T17:22:39.119] [INFO] dao.baseDao - show-table-info:m_models
[2018-08-28T17:22:39.122] [INFO] dao.baseDao - show-table-info:m_page
[2018-08-28T17:22:39.127] [INFO] dao.baseDao - show-table-info:m_systems
[2018-08-28T17:22:39.132] [INFO] dao.baseDao - show-table-info:m_theme
[2018-08-28T17:22:39.136] [INFO] dao.baseDao - show-table-info:test2
[2018-08-28T17:22:39.143] [INFO] dao.baseDao - show-table-info:test3
[2018-08-28T17:22:39.150] [INFO] dao.baseDao - show-table-info:testTable
[2018-08-28T17:22:39.263] [INFO] dao.baseDao - query-all:m_datasource
[2018-08-28T18:56:45.136] [INFO] dao.baseDao - show-table-info:m_component_props
[2018-08-28T18:56:45.142] [INFO] dao.baseDao - show-table-info:m_components
[2018-08-28T18:56:45.145] [INFO] dao.baseDao - show-table-info:m_datasource
[2018-08-28T18:56:45.147] [INFO] dao.baseDao - show-table-info:m_fields
[2018-08-28T18:56:45.149] [INFO] dao.baseDao - show-table-info:m_models
[2018-08-28T18:56:45.151] [INFO] dao.baseDao - show-table-info:m_page
[2018-08-28T18:56:45.152] [INFO] dao.baseDao - show-table-info:m_systems
[2018-08-28T18:56:45.154] [INFO] dao.baseDao - show-table-info:m_theme
[2018-08-28T18:56:45.158] [INFO] dao.baseDao - show-table-info:test2
[2018-08-28T18:56:45.161] [INFO] dao.baseDao - show-table-info:test3
[2018-08-28T18:56:45.164] [INFO] dao.baseDao - show-table-info:testTable
[2018-08-28T18:56:47.288] [INFO] dao.baseDao - show-table-info:m_component_props
[2018-08-28T18:56:47.291] [INFO] dao.baseDao - show-table-info:m_components
[2018-08-28T18:56:47.294] [INFO] dao.baseDao - show-table-info:m_datasource
[2018-08-28T18:56:47.296] [INFO] dao.baseDao - show-table-info:m_fields
[2018-08-28T18:56:47.298] [INFO] dao.baseDao - show-table-info:m_models
[2018-08-28T18:56:47.300] [INFO] dao.baseDao - show-table-info:m_page
[2018-08-28T18:56:47.303] [INFO] dao.baseDao - show-table-info:m_systems
[2018-08-28T18:56:47.308] [INFO] dao.baseDao - show-table-info:m_theme
[2018-08-28T18:56:47.314] [INFO] dao.baseDao - show-table-info:test2
[2018-08-28T18:56:47.318] [INFO] dao.baseDao - show-table-info:test3
[2018-08-28T18:56:47.326] [INFO] dao.baseDao - show-table-info:testTable
[2018-08-28T18:58:37.855] [INFO] dao.baseDao - show-table-info:m_component_props
[2018-08-28T18:58:37.858] [INFO] dao.baseDao - show-table-info:m_components
[2018-08-28T18:58:37.861] [INFO] dao.baseDao - show-table-info:m_datasource
[2018-08-28T18:58:37.862] [INFO] dao.baseDao - show-table-info:m_fields
[2018-08-28T18:58:37.864] [INFO] dao.baseDao - show-table-info:m_models
[2018-08-28T18:58:37.866] [INFO] dao.baseDao - show-table-info:m_page
[2018-08-28T18:58:37.867] [INFO] dao.baseDao - show-table-info:m_systems
[2018-08-28T18:58:37.869] [INFO] dao.baseDao - show-table-info:m_theme
[2018-08-28T18:58:37.871] [INFO] dao.baseDao - show-table-info:test2
[2018-08-28T18:58:37.874] [INFO] dao.baseDao - show-table-info:test3
[2018-08-28T18:58:37.875] [INFO] dao.baseDao - show-table-info:testTable
[2018-08-28T18:58:39.106] [INFO] dao.baseDao - show-table-info:m_component_props
[2018-08-28T18:58:39.110] [INFO] dao.baseDao - show-table-info:m_components
[2018-08-28T18:58:39.114] [INFO] dao.baseDao - show-table-info:m_datasource
[2018-08-28T18:58:39.118] [INFO] dao.baseDao - show-table-info:m_fields
[2018-08-28T18:58:39.121] [INFO] dao.baseDao - show-table-info:m_models
[2018-08-28T18:58:39.126] [INFO] dao.baseDao - show-table-info:m_page
[2018-08-28T18:58:39.134] [INFO] dao.baseDao - show-table-info:m_systems
[2018-08-28T18:58:39.139] [INFO] dao.baseDao - show-table-info:m_theme
[2018-08-28T18:58:39.142] [INFO] dao.baseDao - show-table-info:test2
[2018-08-28T18:58:39.145] [INFO] dao.baseDao - show-table-info:test3
[2018-08-28T18:58:39.148] [INFO] dao.baseDao - show-table-info:testTable
[2018-08-28T19:40:41.403] [INFO] dao.baseDao - show-table-info:m_component_props
[2018-08-28T19:40:41.407] [INFO] dao.baseDao - show-table-info:m_components
[2018-08-28T19:40:41.409] [INFO] dao.baseDao - show-table-info:m_datasource
[2018-08-28T19:40:41.411] [INFO] dao.baseDao - show-table-info:m_fields
[2018-08-28T19:40:41.412] [INFO] dao.baseDao - show-table-info:m_models
[2018-08-28T19:40:41.414] [INFO] dao.baseDao - show-table-info:m_page
[2018-08-28T19:40:41.416] [INFO] dao.baseDao - show-table-info:m_systems
[2018-08-28T19:40:41.417] [INFO] dao.baseDao - show-table-info:m_theme
[2018-08-28T19:40:41.419] [INFO] dao.baseDao - show-table-info:test2
[2018-08-28T19:40:41.421] [INFO] dao.baseDao - show-table-info:test3
[2018-08-28T19:40:41.423] [INFO] dao.baseDao - show-table-info:testTable
[2018-08-28T19:41:19.886] [INFO] dao.baseDao - show-table-info:m_component_props
[2018-08-28T19:41:19.891] [INFO] dao.baseDao - show-table-info:m_components
[2018-08-28T19:41:19.893] [INFO] dao.baseDao - show-table-info:m_datasource
[2018-08-28T19:41:19.895] [INFO] dao.baseDao - show-table-info:m_fields
[2018-08-28T19:41:19.897] [INFO] dao.baseDao - show-table-info:m_models
[2018-08-28T19:41:19.899] [INFO] dao.baseDao - show-table-info:m_page
[2018-08-28T19:41:19.902] [INFO] dao.baseDao - show-table-info:m_systems
[2018-08-28T19:41:19.904] [INFO] dao.baseDao - show-table-info:m_theme
[2018-08-28T19:41:19.906] [INFO] dao.baseDao - show-table-info:test2
[2018-08-28T19:41:19.908] [INFO] dao.baseDao - show-table-info:test3
[2018-08-28T19:41:19.910] [INFO] dao.baseDao - show-table-info:testTable
[2018-08-28T19:41:20.946] [INFO] dao.baseDao - show-table-info:m_component_props
[2018-08-28T19:41:20.949] [INFO] dao.baseDao - show-table-info:m_components
[2018-08-28T19:41:20.952] [INFO] dao.baseDao - show-table-info:m_datasource
[2018-08-28T19:41:20.955] [INFO] dao.baseDao - show-table-info:m_fields
[2018-08-28T19:41:20.960] [INFO] dao.baseDao - show-table-info:m_models
[2018-08-28T19:41:20.964] [INFO] dao.baseDao - show-table-info:m_page
[2018-08-28T19:41:20.974] [INFO] dao.baseDao - show-table-info:m_systems
[2018-08-28T19:41:20.982] [INFO] dao.baseDao - show-table-info:m_theme
[2018-08-28T19:41:20.985] [INFO] dao.baseDao - show-table-info:test2
[2018-08-28T19:41:20.988] [INFO] dao.baseDao - show-table-info:test3
[2018-08-28T19:41:20.995] [INFO] dao.baseDao - show-table-info:testTable
[2018-08-28T19:42:07.937] [INFO] dao.baseDao - show-table-info:m_component_props
[2018-08-28T19:42:07.939] [INFO] dao.baseDao - show-table-info:m_components
[2018-08-28T19:42:07.940] [INFO] dao.baseDao - show-table-info:m_datasource
[2018-08-28T19:42:07.942] [INFO] dao.baseDao - show-table-info:m_fields
[2018-08-28T19:42:07.945] [INFO] dao.baseDao - show-table-info:m_models
[2018-08-28T19:42:07.950] [INFO] dao.baseDao - show-table-info:m_page
[2018-08-28T19:42:07.953] [INFO] dao.baseDao - show-table-info:m_systems
[2018-08-28T19:42:07.955] [INFO] dao.baseDao - show-table-info:m_theme
[2018-08-28T19:42:07.958] [INFO] dao.baseDao - show-table-info:test2
[2018-08-28T19:42:07.959] [INFO] dao.baseDao - show-table-info:test3
[2018-08-28T19:42:07.961] [INFO] dao.baseDao - show-table-info:testTable
[2018-08-28T19:42:19.824] [INFO] dao.baseDao - show-table-info:m_component_props
[2018-08-28T19:42:19.826] [INFO] dao.baseDao - show-table-info:m_components
[2018-08-28T19:42:19.828] [INFO] dao.baseDao - show-table-info:m_datasource
[2018-08-28T19:42:19.829] [INFO] dao.baseDao - show-table-info:m_fields
[2018-08-28T19:42:19.831] [INFO] dao.baseDao - show-table-info:m_models
[2018-08-28T19:42:19.834] [INFO] dao.baseDao - show-table-info:m_page
[2018-08-28T19:42:19.836] [INFO] dao.baseDao - show-table-info:m_systems
[2018-08-28T19:42:19.838] [INFO] dao.baseDao - show-table-info:m_theme
[2018-08-28T19:42:19.840] [INFO] dao.baseDao - show-table-info:test2
[2018-08-28T19:42:19.842] [INFO] dao.baseDao - show-table-info:test3
[2018-08-28T19:42:19.845] [INFO] dao.baseDao - show-table-info:testTable
[2018-08-28T19:44:30.479] [INFO] dao.baseDao - show-table-info:m_component_props
[2018-08-28T19:44:30.483] [INFO] dao.baseDao - show-table-info:m_components
[2018-08-28T19:44:30.485] [INFO] dao.baseDao - show-table-info:m_datasource
[2018-08-28T19:44:30.487] [INFO] dao.baseDao - show-table-info:m_fields
[2018-08-28T19:44:30.488] [INFO] dao.baseDao - show-table-info:m_models
[2018-08-28T19:44:30.490] [INFO] dao.baseDao - show-table-info:m_page
[2018-08-28T19:44:30.491] [INFO] dao.baseDao - show-table-info:m_systems
[2018-08-28T19:44:30.492] [INFO] dao.baseDao - show-table-info:m_theme
[2018-08-28T19:44:30.493] [INFO] dao.baseDao - show-table-info:test2
[2018-08-28T19:44:30.495] [INFO] dao.baseDao - show-table-info:test3
[2018-08-28T19:44:30.496] [INFO] dao.baseDao - show-table-info:testTable
[2018-08-28T19:44:31.072] [INFO] dao.baseDao - show-table-info:m_component_props
[2018-08-28T19:44:31.074] [INFO] dao.baseDao - show-table-info:m_components
[2018-08-28T19:44:31.075] [INFO] dao.baseDao - show-table-info:m_datasource
[2018-08-28T19:44:31.076] [INFO] dao.baseDao - show-table-info:m_fields
[2018-08-28T19:44:31.078] [INFO] dao.baseDao - show-table-info:m_models
[2018-08-28T19:44:31.079] [INFO] dao.baseDao - show-table-info:m_page
[2018-08-28T19:44:31.080] [INFO] dao.baseDao - show-table-info:m_systems
[2018-08-28T19:44:31.082] [INFO] dao.baseDao - show-table-info:m_theme
[2018-08-28T19:44:31.085] [INFO] dao.baseDao - show-table-info:test2
[2018-08-28T19:44:31.087] [INFO] dao.baseDao - show-table-info:test3
[2018-08-28T19:44:31.088] [INFO] dao.baseDao - show-table-info:testTable
[2018-08-28T19:44:31.885] [INFO] dao.baseDao - show-table-info:m_component_props
[2018-08-28T19:44:31.888] [INFO] dao.baseDao - show-table-info:m_components
[2018-08-28T19:44:31.895] [INFO] dao.baseDao - show-table-info:m_datasource
[2018-08-28T19:44:31.907] [INFO] dao.baseDao - show-table-info:m_fields
[2018-08-28T19:44:31.911] [INFO] dao.baseDao - show-table-info:m_models
[2018-08-28T19:44:31.914] [INFO] dao.baseDao - show-table-info:m_page
[2018-08-28T19:44:31.919] [INFO] dao.baseDao - show-table-info:m_systems
[2018-08-28T19:44:31.925] [INFO] dao.baseDao - show-table-info:m_theme
[2018-08-28T19:44:31.927] [INFO] dao.baseDao - show-table-info:test2
[2018-08-28T19:44:31.934] [INFO] dao.baseDao - show-table-info:test3
[2018-08-28T19:44:31.941] [INFO] dao.baseDao - show-table-info:testTable
[2018-08-28T19:44:34.621] [INFO] dao.baseDao - show-table-info:m_component_props
[2018-08-28T19:44:34.622] [INFO] dao.baseDao - show-table-info:m_components
[2018-08-28T19:44:34.624] [INFO] dao.baseDao - show-table-info:m_datasource
[2018-08-28T19:44:34.626] [INFO] dao.baseDao - show-table-info:m_fields
[2018-08-28T19:44:34.628] [INFO] dao.baseDao - show-table-info:m_models
[2018-08-28T19:44:34.631] [INFO] dao.baseDao - show-table-info:m_page
[2018-08-28T19:44:34.633] [INFO] dao.baseDao - show-table-info:m_systems
[2018-08-28T19:44:34.635] [INFO] dao.baseDao - show-table-info:m_theme
[2018-08-28T19:44:34.638] [INFO] dao.baseDao - show-table-info:test2
[2018-08-28T19:44:34.640] [INFO] dao.baseDao - show-table-info:test3
[2018-08-28T19:44:34.641] [INFO] dao.baseDao - show-table-info:testTable
[2018-08-28T19:44:55.641] [INFO] dao.baseDao - show-table-info:m_component_props
[2018-08-28T19:44:55.643] [INFO] dao.baseDao - show-table-info:m_components
[2018-08-28T19:44:55.645] [INFO] dao.baseDao - show-table-info:m_datasource
[2018-08-28T19:44:55.648] [INFO] dao.baseDao - show-table-info:m_fields
[2018-08-28T19:44:55.650] [INFO] dao.baseDao - show-table-info:m_models
[2018-08-28T19:44:55.653] [INFO] dao.baseDao - show-table-info:m_page
[2018-08-28T19:44:55.655] [INFO] dao.baseDao - show-table-info:m_systems
[2018-08-28T19:44:55.657] [INFO] dao.baseDao - show-table-info:m_theme
[2018-08-28T19:44:55.659] [INFO] dao.baseDao - show-table-info:test2
[2018-08-28T19:44:55.661] [INFO] dao.baseDao - show-table-info:test3
[2018-08-28T19:44:55.667] [INFO] dao.baseDao - show-table-info:testTable
[2018-08-28T19:45:02.549] [INFO] dao.baseDao - show-table-info:m_component_props
[2018-08-28T19:45:02.553] [INFO] dao.baseDao - show-table-info:m_components
[2018-08-28T19:45:02.555] [INFO] dao.baseDao - show-table-info:m_datasource
[2018-08-28T19:45:02.556] [INFO] dao.baseDao - show-table-info:m_fields
[2018-08-28T19:45:02.558] [INFO] dao.baseDao - show-table-info:m_models
[2018-08-28T19:45:02.559] [INFO] dao.baseDao - show-table-info:m_page
[2018-08-28T19:45:02.560] [INFO] dao.baseDao - show-table-info:m_systems
[2018-08-28T19:45:02.561] [INFO] dao.baseDao - show-table-info:m_theme
[2018-08-28T19:45:02.563] [INFO] dao.baseDao - show-table-info:test2
[2018-08-28T19:45:02.566] [INFO] dao.baseDao - show-table-info:test3
[2018-08-28T19:45:02.568] [INFO] dao.baseDao - show-table-info:testTable
[2018-08-28T19:45:38.733] [INFO] dao.baseDao - show-table-info:m_component_props
[2018-08-28T19:45:38.737] [INFO] dao.baseDao - show-table-info:m_components
[2018-08-28T19:45:38.739] [INFO] dao.baseDao - show-table-info:m_datasource
[2018-08-28T19:45:38.740] [INFO] dao.baseDao - show-table-info:m_fields
[2018-08-28T19:45:38.741] [INFO] dao.baseDao - show-table-info:m_models
[2018-08-28T19:45:38.743] [INFO] dao.baseDao - show-table-info:m_page
[2018-08-28T19:45:38.744] [INFO] dao.baseDao - show-table-info:m_systems
[2018-08-28T19:45:38.745] [INFO] dao.baseDao - show-table-info:m_theme
[2018-08-28T19:45:38.747] [INFO] dao.baseDao - show-table-info:test2
[2018-08-28T19:45:38.750] [INFO] dao.baseDao - show-table-info:test3
[2018-08-28T19:45:38.754] [INFO] dao.baseDao - show-table-info:testTable
[2018-08-28T19:48:27.312] [INFO] dao.baseDao - show-table-info:m_component_props
[2018-08-28T19:48:27.315] [INFO] dao.baseDao - show-table-info:m_components
[2018-08-28T19:48:27.318] [INFO] dao.baseDao - show-table-info:m_datasource
[2018-08-28T19:48:27.321] [INFO] dao.baseDao - show-table-info:m_fields
[2018-08-28T19:48:27.327] [INFO] dao.baseDao - show-table-info:m_models
[2018-08-28T19:48:27.331] [INFO] dao.baseDao - show-table-info:m_page
[2018-08-28T19:48:27.338] [INFO] dao.baseDao - show-table-info:m_systems
[2018-08-28T19:48:27.341] [INFO] dao.baseDao - show-table-info:m_theme
[2018-08-28T19:48:27.344] [INFO] dao.baseDao - show-table-info:test2
[2018-08-28T19:48:27.346] [INFO] dao.baseDao - show-table-info:test3
[2018-08-28T19:48:27.359] [INFO] dao.baseDao - show-table-info:testTable
[2018-08-28T19:48:27.424] [INFO] dao.baseDao - query-all:m_components
[2018-08-28T19:48:37.180] [INFO] dao.baseDao - show-table-info:m_component_props
[2018-08-28T19:48:37.181] [INFO] dao.baseDao - show-table-info:m_components
[2018-08-28T19:48:37.184] [INFO] dao.baseDao - show-table-info:m_datasource
[2018-08-28T19:48:37.187] [INFO] dao.baseDao - show-table-info:m_fields
[2018-08-28T19:48:37.191] [INFO] dao.baseDao - show-table-info:m_models
[2018-08-28T19:48:37.198] [INFO] dao.baseDao - show-table-info:m_page
[2018-08-28T19:48:37.202] [INFO] dao.baseDao - show-table-info:m_systems
[2018-08-28T19:48:37.206] [INFO] dao.baseDao - show-table-info:m_theme
[2018-08-28T19:48:37.210] [INFO] dao.baseDao - show-table-info:test2
[2018-08-28T19:48:37.224] [INFO] dao.baseDao - show-table-info:test3
[2018-08-28T19:48:37.228] [INFO] dao.baseDao - show-table-info:testTable
[2018-08-28T19:49:33.001] [INFO] dao.baseDao - show-table-info:m_component_props
[2018-08-28T19:49:33.006] [INFO] dao.baseDao - show-table-info:m_components
[2018-08-28T19:49:33.010] [INFO] dao.baseDao - show-table-info:m_datasource
[2018-08-28T19:49:33.014] [INFO] dao.baseDao - show-table-info:m_fields
[2018-08-28T19:49:33.018] [INFO] dao.baseDao - show-table-info:m_models
[2018-08-28T19:49:33.020] [INFO] dao.baseDao - show-table-info:m_page
[2018-08-28T19:49:33.023] [INFO] dao.baseDao - show-table-info:m_systems
[2018-08-28T19:49:33.025] [INFO] dao.baseDao - show-table-info:m_theme
[2018-08-28T19:49:33.029] [INFO] dao.baseDao - show-table-info:test2
[2018-08-28T19:49:33.033] [INFO] dao.baseDao - show-table-info:test3
[2018-08-28T19:49:33.038] [INFO] dao.baseDao - show-table-info:testTable
[2018-08-28T19:49:33.824] [INFO] dao.baseDao - show-table-info:m_component_props
[2018-08-28T19:49:33.826] [INFO] dao.baseDao - show-table-info:m_components
[2018-08-28T19:49:33.828] [INFO] dao.baseDao - show-table-info:m_datasource
[2018-08-28T19:49:33.830] [INFO] dao.baseDao - show-table-info:m_fields
[2018-08-28T19:49:33.832] [INFO] dao.baseDao - show-table-info:m_models
[2018-08-28T19:49:33.834] [INFO] dao.baseDao - show-table-info:m_page
[2018-08-28T19:49:33.836] [INFO] dao.baseDao - show-table-info:m_systems
[2018-08-28T19:49:33.837] [INFO] dao.baseDao - show-table-info:m_theme
[2018-08-28T19:49:33.839] [INFO] dao.baseDao - show-table-info:test2
[2018-08-28T19:49:33.842] [INFO] dao.baseDao - show-table-info:test3
[2018-08-28T19:49:33.845] [INFO] dao.baseDao - show-table-info:testTable
[2018-08-28T19:50:44.513] [INFO] dao.baseDao - show-table-info:m_component_props
[2018-08-28T19:50:44.518] [INFO] dao.baseDao - show-table-info:m_components
[2018-08-28T19:50:44.520] [INFO] dao.baseDao - show-table-info:m_datasource
[2018-08-28T19:50:44.522] [INFO] dao.baseDao - show-table-info:m_fields
[2018-08-28T19:50:44.525] [INFO] dao.baseDao - show-table-info:m_models
[2018-08-28T19:50:44.527] [INFO] dao.baseDao - show-table-info:m_page
[2018-08-28T19:50:44.529] [INFO] dao.baseDao - show-table-info:m_systems
[2018-08-28T19:50:44.531] [INFO] dao.baseDao - show-table-info:m_theme
[2018-08-28T19:50:44.532] [INFO] dao.baseDao - show-table-info:test2
[2018-08-28T19:50:44.534] [INFO] dao.baseDao - show-table-info:test3
[2018-08-28T19:50:44.535] [INFO] dao.baseDao - show-table-info:testTable
[2018-08-28T19:50:45.319] [INFO] dao.baseDao - show-table-info:m_component_props
[2018-08-28T19:50:45.321] [INFO] dao.baseDao - show-table-info:m_components
[2018-08-28T19:50:45.324] [INFO] dao.baseDao - show-table-info:m_datasource
[2018-08-28T19:50:45.326] [INFO] dao.baseDao - show-table-info:m_fields
[2018-08-28T19:50:45.328] [INFO] dao.baseDao - show-table-info:m_models
[2018-08-28T19:50:45.330] [INFO] dao.baseDao - show-table-info:m_page
[2018-08-28T19:50:45.332] [INFO] dao.baseDao - show-table-info:m_systems
[2018-08-28T19:50:45.341] [INFO] dao.baseDao - show-table-info:m_theme
[2018-08-28T19:50:45.343] [INFO] dao.baseDao - show-table-info:test2
[2018-08-28T19:50:45.344] [INFO] dao.baseDao - show-table-info:test3
[2018-08-28T19:50:45.346] [INFO] dao.baseDao - show-table-info:testTable
[2018-08-28T23:37:27.119] [INFO] dao.baseDao - show-table-info:m_component_props
[2018-08-28T23:37:27.158] [INFO] dao.baseDao - show-table-info:m_components
[2018-08-28T23:37:27.160] [INFO] dao.baseDao - show-table-info:m_datasource
[2018-08-28T23:37:27.162] [INFO] dao.baseDao - show-table-info:m_fields
[2018-08-28T23:37:27.165] [INFO] dao.baseDao - show-table-info:m_models
[2018-08-28T23:37:27.167] [INFO] dao.baseDao - show-table-info:m_page
[2018-08-28T23:37:27.172] [INFO] dao.baseDao - show-table-info:m_systems
[2018-08-28T23:37:27.175] [INFO] dao.baseDao - show-table-info:m_theme
[2018-08-28T23:37:27.177] [INFO] dao.baseDao - show-table-info:test2
[2018-08-28T23:37:27.180] [INFO] dao.baseDao - show-table-info:test3
[2018-08-28T23:37:27.182] [INFO] dao.baseDao - show-table-info:testTable
[2018-08-28T23:39:18.575] [INFO] dao.baseDao - show-table-info:m_component_props
[2018-08-28T23:39:18.582] [INFO] dao.baseDao - show-table-info:m_components
[2018-08-28T23:39:18.585] [INFO] dao.baseDao - show-table-info:m_datasource
[2018-08-28T23:39:18.587] [INFO] dao.baseDao - show-table-info:m_fields
[2018-08-28T23:39:18.589] [INFO] dao.baseDao - show-table-info:m_models
[2018-08-28T23:39:18.591] [INFO] dao.baseDao - show-table-info:m_page
[2018-08-28T23:39:18.593] [INFO] dao.baseDao - show-table-info:m_systems
[2018-08-28T23:39:18.595] [INFO] dao.baseDao - show-table-info:m_theme
[2018-08-28T23:39:18.597] [INFO] dao.baseDao - show-table-info:test2
[2018-08-28T23:39:18.598] [INFO] dao.baseDao - show-table-info:test3
[2018-08-28T23:39:18.600] [INFO] dao.baseDao - show-table-info:testTable
[2018-08-28T23:39:21.049] [INFO] dao.baseDao - show-table-info:m_component_props
[2018-08-28T23:39:21.051] [INFO] dao.baseDao - show-table-info:m_components
[2018-08-28T23:39:21.053] [INFO] dao.baseDao - show-table-info:m_datasource
[2018-08-28T23:39:21.056] [INFO] dao.baseDao - show-table-info:m_fields
[2018-08-28T23:39:21.058] [INFO] dao.baseDao - show-table-info:m_models
[2018-08-28T23:39:21.060] [INFO] dao.baseDao - show-table-info:m_page
[2018-08-28T23:39:21.065] [INFO] dao.baseDao - show-table-info:m_systems
[2018-08-28T23:39:21.069] [INFO] dao.baseDao - show-table-info:m_theme
[2018-08-28T23:39:21.072] [INFO] dao.baseDao - show-table-info:test2
[2018-08-28T23:39:21.075] [INFO] dao.baseDao - show-table-info:test3
[2018-08-28T23:39:21.077] [INFO] dao.baseDao - show-table-info:testTable
[2018-08-28T23:39:50.132] [INFO] dao.baseDao - show-table-info:m_component_props
[2018-08-28T23:39:50.138] [INFO] dao.baseDao - show-table-info:m_components
[2018-08-28T23:39:50.141] [INFO] dao.baseDao - show-table-info:m_datasource
[2018-08-28T23:39:50.143] [INFO] dao.baseDao - show-table-info:m_fields
[2018-08-28T23:39:50.145] [INFO] dao.baseDao - show-table-info:m_models
[2018-08-28T23:39:50.149] [INFO] dao.baseDao - show-table-info:m_page
[2018-08-28T23:39:50.151] [INFO] dao.baseDao - show-table-info:m_systems
[2018-08-28T23:39:50.154] [INFO] dao.baseDao - show-table-info:m_theme
[2018-08-28T23:39:50.156] [INFO] dao.baseDao - show-table-info:test2
[2018-08-28T23:39:50.161] [INFO] dao.baseDao - show-table-info:test3
[2018-08-28T23:39:50.167] [INFO] dao.baseDao - show-table-info:testTable
[2018-08-28T23:39:53.553] [INFO] dao.baseDao - show-table-info:m_component_props
[2018-08-28T23:39:53.554] [INFO] dao.baseDao - show-table-info:m_components
[2018-08-28T23:39:53.556] [INFO] dao.baseDao - show-table-info:m_datasource
[2018-08-28T23:39:53.557] [INFO] dao.baseDao - show-table-info:m_fields
[2018-08-28T23:39:53.559] [INFO] dao.baseDao - show-table-info:m_models
[2018-08-28T23:39:53.560] [INFO] dao.baseDao - show-table-info:m_page
[2018-08-28T23:39:53.561] [INFO] dao.baseDao - show-table-info:m_systems
[2018-08-28T23:39:53.563] [INFO] dao.baseDao - show-table-info:m_theme
[2018-08-28T23:39:53.565] [INFO] dao.baseDao - show-table-info:test2
[2018-08-28T23:39:53.566] [INFO] dao.baseDao - show-table-info:test3
[2018-08-28T23:39:53.567] [INFO] dao.baseDao - show-table-info:testTable
[2018-08-28T23:41:44.202] [INFO] dao.baseDao - show-table-info:m_component_props
[2018-08-28T23:41:44.206] [INFO] dao.baseDao - show-table-info:m_components
[2018-08-28T23:41:44.209] [INFO] dao.baseDao - show-table-info:m_datasource
[2018-08-28T23:41:44.211] [INFO] dao.baseDao - show-table-info:m_fields
[2018-08-28T23:41:44.214] [INFO] dao.baseDao - show-table-info:m_models
[2018-08-28T23:41:44.216] [INFO] dao.baseDao - show-table-info:m_page
[2018-08-28T23:41:44.218] [INFO] dao.baseDao - show-table-info:m_systems
[2018-08-28T23:41:44.220] [INFO] dao.baseDao - show-table-info:m_theme
[2018-08-28T23:41:44.222] [INFO] dao.baseDao - show-table-info:test2
[2018-08-28T23:41:44.224] [INFO] dao.baseDao - show-table-info:test3
[2018-08-28T23:41:44.226] [INFO] dao.baseDao - show-table-info:testTable
[2018-08-28T23:41:46.326] [INFO] dao.baseDao - show-table-info:m_component_props
[2018-08-28T23:41:46.328] [INFO] dao.baseDao - show-table-info:m_components
[2018-08-28T23:41:46.329] [INFO] dao.baseDao - show-table-info:m_datasource
[2018-08-28T23:41:46.331] [INFO] dao.baseDao - show-table-info:m_fields
[2018-08-28T23:41:46.332] [INFO] dao.baseDao - show-table-info:m_models
[2018-08-28T23:41:46.334] [INFO] dao.baseDao - show-table-info:m_page
[2018-08-28T23:41:46.337] [INFO] dao.baseDao - show-table-info:m_systems
[2018-08-28T23:41:46.338] [INFO] dao.baseDao - show-table-info:m_theme
[2018-08-28T23:41:46.340] [INFO] dao.baseDao - show-table-info:test2
[2018-08-28T23:41:46.341] [INFO] dao.baseDao - show-table-info:test3
[2018-08-28T23:41:46.344] [INFO] dao.baseDao - show-table-info:testTable
[2018-08-28T23:42:27.669] [INFO] dao.baseDao - show-table-info:m_component_props
[2018-08-28T23:42:27.674] [INFO] dao.baseDao - show-table-info:m_components
[2018-08-28T23:42:27.679] [INFO] dao.baseDao - show-table-info:m_datasource
[2018-08-28T23:42:27.681] [INFO] dao.baseDao - show-table-info:m_fields
[2018-08-28T23:42:27.683] [INFO] dao.baseDao - show-table-info:m_models
[2018-08-28T23:42:27.685] [INFO] dao.baseDao - show-table-info:m_page
[2018-08-28T23:42:27.687] [INFO] dao.baseDao - show-table-info:m_systems
[2018-08-28T23:42:27.689] [INFO] dao.baseDao - show-table-info:m_theme
[2018-08-28T23:42:27.691] [INFO] dao.baseDao - show-table-info:test2
[2018-08-28T23:42:27.693] [INFO] dao.baseDao - show-table-info:test3
[2018-08-28T23:42:27.694] [INFO] dao.baseDao - show-table-info:testTable
[2018-08-28T23:42:30.445] [INFO] dao.baseDao - show-table-info:m_component_props
[2018-08-28T23:42:30.447] [INFO] dao.baseDao - show-table-info:m_components
[2018-08-28T23:42:30.449] [INFO] dao.baseDao - show-table-info:m_datasource
[2018-08-28T23:42:30.454] [INFO] dao.baseDao - show-table-info:m_fields
[2018-08-28T23:42:30.456] [INFO] dao.baseDao - show-table-info:m_models
[2018-08-28T23:42:30.458] [INFO] dao.baseDao - show-table-info:m_page
[2018-08-28T23:42:30.460] [INFO] dao.baseDao - show-table-info:m_systems
[2018-08-28T23:42:30.461] [INFO] dao.baseDao - show-table-info:m_theme
[2018-08-28T23:42:30.464] [INFO] dao.baseDao - show-table-info:test2
[2018-08-28T23:42:30.467] [INFO] dao.baseDao - show-table-info:test3
[2018-08-28T23:42:30.469] [INFO] dao.baseDao - show-table-info:testTable
[2018-08-28T23:43:04.537] [INFO] dao.baseDao - show-table-info:m_component_props
[2018-08-28T23:43:04.542] [INFO] dao.baseDao - show-table-info:m_components
[2018-08-28T23:43:04.545] [INFO] dao.baseDao - show-table-info:m_datasource
[2018-08-28T23:43:04.547] [INFO] dao.baseDao - show-table-info:m_fields
[2018-08-28T23:43:04.548] [INFO] dao.baseDao - show-table-info:m_models
[2018-08-28T23:43:04.550] [INFO] dao.baseDao - show-table-info:m_page
[2018-08-28T23:43:04.554] [INFO] dao.baseDao - show-table-info:m_systems
[2018-08-28T23:43:04.556] [INFO] dao.baseDao - show-table-info:m_theme
[2018-08-28T23:43:04.558] [INFO] dao.baseDao - show-table-info:test2
[2018-08-28T23:43:04.561] [INFO] dao.baseDao - show-table-info:test3
[2018-08-28T23:43:04.562] [INFO] dao.baseDao - show-table-info:testTable
[2018-08-28T23:43:04.614] [INFO] dao.baseDao - query-all:m_components
[2018-08-28T23:43:07.152] [INFO] dao.baseDao - show-table-info:m_component_props
[2018-08-28T23:43:07.162] [INFO] dao.baseDao - show-table-info:m_components
[2018-08-28T23:43:07.172] [INFO] dao.baseDao - show-table-info:m_datasource
[2018-08-28T23:43:07.178] [INFO] dao.baseDao - show-table-info:m_fields
[2018-08-28T23:43:07.186] [INFO] dao.baseDao - show-table-info:m_models
[2018-08-28T23:43:07.196] [INFO] dao.baseDao - show-table-info:m_page
[2018-08-28T23:43:07.201] [INFO] dao.baseDao - show-table-info:m_systems
[2018-08-28T23:43:07.204] [INFO] dao.baseDao - show-table-info:m_theme
[2018-08-28T23:43:07.207] [INFO] dao.baseDao - show-table-info:test2
[2018-08-28T23:43:07.209] [INFO] dao.baseDao - show-table-info:test3
[2018-08-28T23:43:07.213] [INFO] dao.baseDao - show-table-info:testTable
[2018-08-28T23:43:21.242] [INFO] dao.baseDao - show-table-info:m_component_props
[2018-08-28T23:43:21.244] [INFO] dao.baseDao - show-table-info:m_components
[2018-08-28T23:43:21.247] [INFO] dao.baseDao - show-table-info:m_datasource
[2018-08-28T23:43:21.252] [INFO] dao.baseDao - show-table-info:m_fields
[2018-08-28T23:43:21.257] [INFO] dao.baseDao - show-table-info:m_models
[2018-08-28T23:43:21.261] [INFO] dao.baseDao - show-table-info:m_page
[2018-08-28T23:43:21.264] [INFO] dao.baseDao - show-table-info:m_systems
[2018-08-28T23:43:21.274] [INFO] dao.baseDao - show-table-info:m_theme
[2018-08-28T23:43:21.276] [INFO] dao.baseDao - show-table-info:test2
[2018-08-28T23:43:21.280] [INFO] dao.baseDao - show-table-info:test3
[2018-08-28T23:43:21.285] [INFO] dao.baseDao - show-table-info:testTable
[2018-08-28T23:43:21.339] [INFO] dao.baseDao - query-all:m_components
[2018-08-28T23:43:21.341] [INFO] dao.baseDao - query-all:m_component_props
[2018-08-28T23:43:21.342] [INFO] dao.baseDao - query-all:m_component_props
[2018-08-28T23:43:21.343] [INFO] dao.baseDao - query-all:m_component_props
[2018-08-28T23:43:21.344] [INFO] dao.baseDao - query-all:m_component_props
[2018-08-28T23:44:42.483] [INFO] dao.baseDao - show-table-info:m_component_props
[2018-08-28T23:44:42.489] [INFO] dao.baseDao - show-table-info:m_components
[2018-08-28T23:44:42.492] [INFO] dao.baseDao - show-table-info:m_datasource
[2018-08-28T23:44:42.496] [INFO] dao.baseDao - show-table-info:m_fields
[2018-08-28T23:44:42.498] [INFO] dao.baseDao - show-table-info:m_models
[2018-08-28T23:44:42.500] [INFO] dao.baseDao - show-table-info:m_page
[2018-08-28T23:44:42.502] [INFO] dao.baseDao - show-table-info:m_systems
[2018-08-28T23:44:42.504] [INFO] dao.baseDao - show-table-info:m_theme
[2018-08-28T23:44:42.505] [INFO] dao.baseDao - show-table-info:test2
[2018-08-28T23:44:42.507] [INFO] dao.baseDao - show-table-info:test3
[2018-08-28T23:44:42.508] [INFO] dao.baseDao - show-table-info:testTable
[2018-08-28T23:44:42.566] [INFO] dao.baseDao - query-all:m_components
[2018-08-28T23:44:42.572] [INFO] dao.baseDao - query-all:m_component_props
[2018-08-28T23:44:42.572] [INFO] dao.baseDao - query-all:m_component_props
[2018-08-28T23:44:42.573] [INFO] dao.baseDao - query-all:m_component_props
[2018-08-28T23:44:42.574] [INFO] dao.baseDao - query-all:m_component_props
[2018-08-28T23:45:39.775] [INFO] dao.baseDao - show-table-info:m_component_props
[2018-08-28T23:45:39.780] [INFO] dao.baseDao - show-table-info:m_components
[2018-08-28T23:45:39.782] [INFO] dao.baseDao - show-table-info:m_datasource
[2018-08-28T23:45:39.784] [INFO] dao.baseDao - show-table-info:m_fields
[2018-08-28T23:45:39.785] [INFO] dao.baseDao - show-table-info:m_models
[2018-08-28T23:45:39.786] [INFO] dao.baseDao - show-table-info:m_page
[2018-08-28T23:45:39.789] [INFO] dao.baseDao - show-table-info:m_systems
[2018-08-28T23:45:39.791] [INFO] dao.baseDao - show-table-info:m_theme
[2018-08-28T23:45:39.793] [INFO] dao.baseDao - show-table-info:test2
[2018-08-28T23:45:39.794] [INFO] dao.baseDao - show-table-info:test3
[2018-08-28T23:45:39.796] [INFO] dao.baseDao - show-table-info:testTable
[2018-08-28T23:45:39.843] [INFO] dao.baseDao - query-all:m_components
[2018-08-28T23:45:39.848] [INFO] dao.baseDao - query-all:m_component_props
[2018-08-28T23:45:39.848] [INFO] dao.baseDao - query-all:m_component_props
[2018-08-28T23:45:39.849] [INFO] dao.baseDao - query-all:m_component_props
[2018-08-28T23:45:39.849] [INFO] dao.baseDao - query-all:m_component_props
