[2018-08-22T18:56:04.709] [INFO] dao.baseDao - show-table-info:m_component_props
[2018-08-22T18:56:04.715] [INFO] dao.baseDao - show-table-info:m_component_props
[2018-08-22T18:56:04.730] [INFO] dao.baseDao - show-table-info:m_component_props
[2018-08-22T18:56:04.744] [INFO] dao.baseDao - show-table-info:m_components
[2018-08-22T18:56:04.746] [INFO] dao.baseDao - show-table-info:m_components
[2018-08-22T18:56:04.747] [INFO] dao.baseDao - show-table-info:m_components
[2018-08-22T18:56:04.755] [INFO] dao.baseDao - show-table-info:m_fields
[2018-08-22T18:56:04.756] [INFO] dao.baseDao - show-table-info:m_fields
[2018-08-22T18:56:04.760] [INFO] dao.baseDao - show-table-info:m_fields
[2018-08-22T18:56:04.761] [INFO] dao.baseDao - show-table-info:m_models
[2018-08-22T18:56:04.763] [INFO] dao.baseDao - show-table-info:m_models
[2018-08-22T18:56:04.766] [INFO] dao.baseDao - show-table-info:m_models
[2018-08-22T18:56:04.768] [INFO] dao.baseDao - show-table-info:m_page
[2018-08-22T18:56:04.769] [INFO] dao.baseDao - show-table-info:m_page
[2018-08-22T18:56:04.775] [INFO] dao.baseDao - show-table-info:m_systems
[2018-08-22T18:56:04.776] [INFO] dao.baseDao - show-table-info:m_systems
[2018-08-22T18:56:04.779] [INFO] dao.baseDao - show-table-info:m_page
[2018-08-22T18:56:04.781] [INFO] dao.baseDao - show-table-info:m_theme
[2018-08-22T18:56:04.782] [INFO] dao.baseDao - show-table-info:m_theme
[2018-08-22T18:56:04.783] [INFO] dao.baseDao - show-table-info:m_systems
[2018-08-22T18:56:04.784] [INFO] dao.baseDao - show-table-info:test2
[2018-08-22T18:56:04.785] [INFO] dao.baseDao - show-table-info:m_theme
[2018-08-22T18:56:04.786] [INFO] dao.baseDao - show-table-info:test2
[2018-08-22T18:56:04.787] [INFO] dao.baseDao - show-table-info:testTable
[2018-08-22T18:56:04.838] [INFO] dao.baseDao - query-page:m_components
[2018-08-22T18:56:04.839] [INFO] dao.baseDao - show-table-info:testTable
[2018-08-22T18:56:04.840] [INFO] dao.baseDao - show-table-info:test2
[2018-08-22T18:56:04.863] [INFO] dao.baseDao - query-all:m_theme
[2018-08-22T18:56:04.865] [INFO] dao.baseDao - show-table-info:testTable
[2018-08-22T18:56:04.866] [INFO] dao.baseDao - 1
[2018-08-22T18:56:04.866] [INFO] dao.baseDao - { page: 0,
  limit: 10,
  list: 
   [ RowDataPacket {
       id: 1,
       name: 'input',
       theme: 1,
       frontShow: null,
       backShow: null,
       createAt: 2018-08-20T14:07:29.000Z,
       createBy: 1,
       updateAt: 2018-08-20T14:07:29.000Z,
       isDeleted: 0,
       deletedAt: 2018-08-20T14:07:29.000Z } ],
  total: 1 }
[2018-08-22T18:56:04.923] [INFO] dao.baseDao - query-all:m_component_props
[2018-08-22T18:56:05.733] [INFO] dao.baseDao - show-table-info:m_component_props
[2018-08-22T18:56:05.736] [INFO] dao.baseDao - show-table-info:m_components
[2018-08-22T18:56:05.740] [INFO] dao.baseDao - show-table-info:m_fields
[2018-08-22T18:56:05.742] [INFO] dao.baseDao - show-table-info:m_models
[2018-08-22T18:56:05.743] [INFO] dao.baseDao - show-table-info:m_page
[2018-08-22T18:56:05.745] [INFO] dao.baseDao - show-table-info:m_systems
[2018-08-22T18:56:05.746] [INFO] dao.baseDao - show-table-info:m_theme
[2018-08-22T18:56:05.748] [INFO] dao.baseDao - show-table-info:test2
[2018-08-22T18:56:05.749] [INFO] dao.baseDao - show-table-info:testTable
[2018-08-22T18:56:05.772] [INFO] dao.baseDao - query-all:m_component_props
[2018-08-22T18:58:56.599] [INFO] dao.baseDao - show-table-info:m_component_props
[2018-08-22T18:58:56.606] [INFO] dao.baseDao - show-table-info:m_component_props
[2018-08-22T18:58:56.610] [INFO] dao.baseDao - show-table-info:m_components
[2018-08-22T18:58:56.612] [INFO] dao.baseDao - show-table-info:m_component_props
[2018-08-22T18:58:56.614] [INFO] dao.baseDao - show-table-info:m_components
[2018-08-22T18:58:56.614] [INFO] dao.baseDao - show-table-info:m_components
[2018-08-22T18:58:56.616] [INFO] dao.baseDao - show-table-info:m_fields
[2018-08-22T18:58:56.618] [INFO] dao.baseDao - show-table-info:m_fields
[2018-08-22T18:58:56.620] [INFO] dao.baseDao - show-table-info:m_models
[2018-08-22T18:58:56.622] [INFO] dao.baseDao - show-table-info:m_fields
[2018-08-22T18:58:56.627] [INFO] dao.baseDao - show-table-info:m_models
[2018-08-22T18:58:56.628] [INFO] dao.baseDao - show-table-info:m_page
[2018-08-22T18:58:56.629] [INFO] dao.baseDao - show-table-info:m_models
[2018-08-22T18:58:56.630] [INFO] dao.baseDao - show-table-info:m_page
[2018-08-22T18:58:56.632] [INFO] dao.baseDao - show-table-info:m_page
[2018-08-22T18:58:56.634] [INFO] dao.baseDao - show-table-info:m_systems
[2018-08-22T18:58:56.636] [INFO] dao.baseDao - show-table-info:m_systems
[2018-08-22T18:58:56.645] [INFO] dao.baseDao - show-table-info:m_theme
[2018-08-22T18:58:56.646] [INFO] dao.baseDao - show-table-info:m_systems
[2018-08-22T18:58:56.647] [INFO] dao.baseDao - show-table-info:m_theme
[2018-08-22T18:58:56.648] [INFO] dao.baseDao - show-table-info:test2
[2018-08-22T18:58:56.651] [INFO] dao.baseDao - show-table-info:test2
[2018-08-22T18:58:56.654] [INFO] dao.baseDao - show-table-info:m_theme
[2018-08-22T18:58:56.657] [INFO] dao.baseDao - show-table-info:testTable
[2018-08-22T18:58:56.661] [INFO] dao.baseDao - show-table-info:testTable
[2018-08-22T18:58:56.708] [INFO] dao.baseDao - query-all:m_theme
[2018-08-22T18:58:56.713] [INFO] dao.baseDao - show-table-info:test2
[2018-08-22T18:58:56.795] [INFO] dao.baseDao - query-all:m_component_props
[2018-08-22T18:58:56.798] [INFO] dao.baseDao - show-table-info:testTable
[2018-08-22T18:58:56.844] [INFO] dao.baseDao - query-page:m_components
[2018-08-22T18:58:56.851] [INFO] dao.baseDao - 1
[2018-08-22T18:58:56.852] [INFO] dao.baseDao - { page: 0,
  limit: 10,
  list: 
   [ RowDataPacket {
       id: 1,
       name: 'input',
       theme: 1,
       frontShow: null,
       backShow: null,
       createAt: 2018-08-20T14:07:29.000Z,
       createBy: 1,
       updateAt: 2018-08-20T14:07:29.000Z,
       isDeleted: 0,
       deletedAt: 2018-08-20T14:07:29.000Z } ],
  total: 1 }
[2018-08-22T18:58:57.551] [INFO] dao.baseDao - show-table-info:m_component_props
[2018-08-22T18:58:57.558] [INFO] dao.baseDao - show-table-info:m_components
[2018-08-22T18:58:57.559] [INFO] dao.baseDao - show-table-info:m_fields
[2018-08-22T18:58:57.561] [INFO] dao.baseDao - show-table-info:m_models
[2018-08-22T18:58:57.562] [INFO] dao.baseDao - show-table-info:m_page
[2018-08-22T18:58:57.564] [INFO] dao.baseDao - show-table-info:m_systems
[2018-08-22T18:58:57.565] [INFO] dao.baseDao - show-table-info:m_theme
[2018-08-22T18:58:57.567] [INFO] dao.baseDao - show-table-info:test2
[2018-08-22T18:58:57.568] [INFO] dao.baseDao - show-table-info:testTable
[2018-08-22T18:58:57.596] [INFO] dao.baseDao - query-all:m_component_props
[2018-08-22T19:47:15.774] [INFO] dao.baseDao - show-table-info:m_component_props
[2018-08-22T19:47:15.791] [INFO] dao.baseDao - show-table-info:m_components
[2018-08-22T19:47:15.803] [INFO] dao.baseDao - show-table-info:m_fields
[2018-08-22T19:47:15.805] [INFO] dao.baseDao - show-table-info:m_models
[2018-08-22T19:47:15.808] [INFO] dao.baseDao - show-table-info:m_page
[2018-08-22T19:47:15.810] [INFO] dao.baseDao - show-table-info:m_systems
[2018-08-22T19:47:15.812] [INFO] dao.baseDao - show-table-info:m_theme
[2018-08-22T19:47:15.814] [INFO] dao.baseDao - show-table-info:test2
[2018-08-22T19:47:15.817] [INFO] dao.baseDao - show-table-info:testTable
[2018-08-22T19:47:42.602] [INFO] dao.baseDao - show-table-info:m_component_props
[2018-08-22T19:47:42.609] [INFO] dao.baseDao - show-table-info:m_components
[2018-08-22T19:47:42.613] [INFO] dao.baseDao - show-table-info:m_fields
[2018-08-22T19:47:42.615] [INFO] dao.baseDao - show-table-info:m_models
[2018-08-22T19:47:42.618] [INFO] dao.baseDao - show-table-info:m_page
[2018-08-22T19:47:42.620] [INFO] dao.baseDao - show-table-info:m_systems
[2018-08-22T19:47:42.623] [INFO] dao.baseDao - show-table-info:m_theme
[2018-08-22T19:47:42.625] [INFO] dao.baseDao - show-table-info:test2
[2018-08-22T19:47:42.628] [INFO] dao.baseDao - show-table-info:testTable
[2018-08-22T19:47:43.748] [INFO] dao.baseDao - show-table-info:m_component_props
[2018-08-22T19:47:43.757] [INFO] dao.baseDao - show-table-info:m_components
[2018-08-22T19:47:43.759] [INFO] dao.baseDao - show-table-info:m_fields
[2018-08-22T19:47:43.767] [INFO] dao.baseDao - show-table-info:m_models
[2018-08-22T19:47:43.771] [INFO] dao.baseDao - show-table-info:m_page
[2018-08-22T19:47:43.774] [INFO] dao.baseDao - show-table-info:m_systems
[2018-08-22T19:47:43.780] [INFO] dao.baseDao - show-table-info:m_theme
[2018-08-22T19:47:43.785] [INFO] dao.baseDao - show-table-info:test2
[2018-08-22T19:47:43.788] [INFO] dao.baseDao - show-table-info:testTable
[2018-08-22T19:53:42.975] [INFO] dao.baseDao - show-table-info:m_component_props
[2018-08-22T19:53:42.983] [INFO] dao.baseDao - show-table-info:m_components
[2018-08-22T19:53:42.988] [INFO] dao.baseDao - show-table-info:m_fields
[2018-08-22T19:53:42.992] [INFO] dao.baseDao - show-table-info:m_models
[2018-08-22T19:53:42.994] [INFO] dao.baseDao - show-table-info:m_page
[2018-08-22T19:53:42.997] [INFO] dao.baseDao - show-table-info:m_systems
[2018-08-22T19:53:43.001] [INFO] dao.baseDao - show-table-info:m_theme
[2018-08-22T19:53:43.003] [INFO] dao.baseDao - show-table-info:test2
[2018-08-22T19:53:43.005] [INFO] dao.baseDao - show-table-info:testTable
[2018-08-22T19:53:43.387] [INFO] dao.baseDao - show-table-info:m_component_props
[2018-08-22T19:53:43.389] [INFO] dao.baseDao - show-table-info:m_components
[2018-08-22T19:53:43.392] [INFO] dao.baseDao - show-table-info:m_fields
[2018-08-22T19:53:43.400] [INFO] dao.baseDao - show-table-info:m_models
[2018-08-22T19:53:43.403] [INFO] dao.baseDao - show-table-info:m_page
[2018-08-22T19:53:43.406] [INFO] dao.baseDao - show-table-info:m_systems
[2018-08-22T19:53:43.412] [INFO] dao.baseDao - show-table-info:m_theme
[2018-08-22T19:53:43.417] [INFO] dao.baseDao - show-table-info:test2
[2018-08-22T19:53:43.422] [INFO] dao.baseDao - show-table-info:testTable
[2018-08-22T19:59:32.502] [INFO] dao.baseDao - show-table-info:m_component_props
[2018-08-22T19:59:32.515] [INFO] dao.baseDao - show-table-info:m_components
[2018-08-22T19:59:32.517] [INFO] dao.baseDao - show-table-info:m_fields
[2018-08-22T19:59:32.519] [INFO] dao.baseDao - show-table-info:m_models
[2018-08-22T19:59:32.520] [INFO] dao.baseDao - show-table-info:m_page
[2018-08-22T19:59:32.521] [INFO] dao.baseDao - show-table-info:m_systems
[2018-08-22T19:59:32.523] [INFO] dao.baseDao - show-table-info:m_theme
[2018-08-22T19:59:32.528] [INFO] dao.baseDao - show-table-info:test2
[2018-08-22T19:59:32.531] [INFO] dao.baseDao - show-table-info:testTable
[2018-08-22T20:01:52.338] [INFO] dao.baseDao - show-table-info:m_component_props
[2018-08-22T20:01:52.347] [INFO] dao.baseDao - show-table-info:m_components
[2018-08-22T20:01:52.352] [INFO] dao.baseDao - show-table-info:m_fields
[2018-08-22T20:01:52.369] [INFO] dao.baseDao - show-table-info:m_models
[2018-08-22T20:01:52.371] [INFO] dao.baseDao - show-table-info:m_page
[2018-08-22T20:01:52.374] [INFO] dao.baseDao - show-table-info:m_systems
[2018-08-22T20:01:52.378] [INFO] dao.baseDao - show-table-info:m_theme
[2018-08-22T20:01:52.382] [INFO] dao.baseDao - show-table-info:test2
[2018-08-22T20:01:52.386] [INFO] dao.baseDao - show-table-info:testTable
[2018-08-22T20:01:52.719] [INFO] dao.baseDao - show-table-info:m_component_props
[2018-08-22T20:01:52.724] [INFO] dao.baseDao - show-table-info:m_components
[2018-08-22T20:01:52.726] [INFO] dao.baseDao - show-table-info:m_fields
[2018-08-22T20:01:52.733] [INFO] dao.baseDao - show-table-info:m_models
[2018-08-22T20:01:52.736] [INFO] dao.baseDao - show-table-info:m_page
[2018-08-22T20:01:52.739] [INFO] dao.baseDao - show-table-info:m_systems
[2018-08-22T20:01:52.741] [INFO] dao.baseDao - show-table-info:m_theme
[2018-08-22T20:01:52.744] [INFO] dao.baseDao - show-table-info:test2
[2018-08-22T20:01:52.746] [INFO] dao.baseDao - show-table-info:testTable
[2018-08-22T20:02:16.759] [INFO] dao.baseDao - show-table-info:m_component_props
[2018-08-22T20:02:16.764] [INFO] dao.baseDao - show-table-info:m_components
[2018-08-22T20:02:16.768] [INFO] dao.baseDao - show-table-info:m_fields
[2018-08-22T20:02:16.771] [INFO] dao.baseDao - show-table-info:m_models
[2018-08-22T20:02:16.773] [INFO] dao.baseDao - show-table-info:m_page
[2018-08-22T20:02:16.777] [INFO] dao.baseDao - show-table-info:m_systems
[2018-08-22T20:02:16.779] [INFO] dao.baseDao - show-table-info:m_theme
[2018-08-22T20:02:16.781] [INFO] dao.baseDao - show-table-info:test2
[2018-08-22T20:02:16.784] [INFO] dao.baseDao - show-table-info:testTable
[2018-08-22T20:02:17.161] [INFO] dao.baseDao - show-table-info:m_component_props
[2018-08-22T20:02:17.164] [INFO] dao.baseDao - show-table-info:m_components
[2018-08-22T20:02:17.172] [INFO] dao.baseDao - show-table-info:m_fields
[2018-08-22T20:02:17.176] [INFO] dao.baseDao - show-table-info:m_models
[2018-08-22T20:02:17.186] [INFO] dao.baseDao - show-table-info:m_page
[2018-08-22T20:02:17.191] [INFO] dao.baseDao - show-table-info:m_systems
[2018-08-22T20:02:17.197] [INFO] dao.baseDao - show-table-info:m_theme
[2018-08-22T20:02:17.201] [INFO] dao.baseDao - show-table-info:test2
[2018-08-22T20:02:17.207] [INFO] dao.baseDao - show-table-info:testTable
[2018-08-22T20:02:34.652] [INFO] dao.baseDao - show-table-info:m_component_props
[2018-08-22T20:02:34.655] [INFO] dao.baseDao - show-table-info:m_components
[2018-08-22T20:02:34.657] [INFO] dao.baseDao - show-table-info:m_fields
[2018-08-22T20:02:34.659] [INFO] dao.baseDao - show-table-info:m_models
[2018-08-22T20:02:34.661] [INFO] dao.baseDao - show-table-info:m_page
[2018-08-22T20:02:34.663] [INFO] dao.baseDao - show-table-info:m_systems
[2018-08-22T20:02:34.664] [INFO] dao.baseDao - show-table-info:m_theme
[2018-08-22T20:02:34.666] [INFO] dao.baseDao - show-table-info:test2
[2018-08-22T20:02:34.670] [INFO] dao.baseDao - show-table-info:testTable
[2018-08-22T22:13:01.379] [INFO] dao.baseDao - show-table-info:m_component_props
[2018-08-22T22:13:01.384] [INFO] dao.baseDao - show-table-info:m_components
[2018-08-22T22:13:01.385] [INFO] dao.baseDao - show-table-info:m_fields
[2018-08-22T22:13:01.387] [INFO] dao.baseDao - show-table-info:m_models
[2018-08-22T22:13:01.389] [INFO] dao.baseDao - show-table-info:m_page
[2018-08-22T22:13:01.392] [INFO] dao.baseDao - show-table-info:m_systems
[2018-08-22T22:13:01.396] [INFO] dao.baseDao - show-table-info:m_theme
[2018-08-22T22:13:01.404] [INFO] dao.baseDao - show-table-info:test2
[2018-08-22T22:13:01.409] [INFO] dao.baseDao - show-table-info:testTable
[2018-08-22T22:13:58.403] [INFO] dao.baseDao - show-table-info:m_component_props
[2018-08-22T22:13:58.405] [INFO] dao.baseDao - show-table-info:m_components
[2018-08-22T22:13:58.406] [INFO] dao.baseDao - show-table-info:m_fields
[2018-08-22T22:13:58.415] [INFO] dao.baseDao - show-table-info:m_models
[2018-08-22T22:13:58.421] [INFO] dao.baseDao - show-table-info:m_page
[2018-08-22T22:13:58.428] [INFO] dao.baseDao - show-table-info:m_systems
[2018-08-22T22:13:58.430] [INFO] dao.baseDao - show-table-info:m_theme
[2018-08-22T22:13:58.433] [INFO] dao.baseDao - show-table-info:test2
[2018-08-22T22:13:58.437] [INFO] dao.baseDao - show-table-info:testTable
[2018-08-22T22:33:11.446] [INFO] dao.baseDao - show-table-info:m_component_props
[2018-08-22T22:33:11.489] [INFO] dao.baseDao - show-table-info:m_components
[2018-08-22T22:33:11.492] [INFO] dao.baseDao - show-table-info:m_fields
[2018-08-22T22:33:11.497] [INFO] dao.baseDao - show-table-info:m_models
[2018-08-22T22:33:11.504] [INFO] dao.baseDao - show-table-info:m_page
[2018-08-22T22:33:11.509] [INFO] dao.baseDao - show-table-info:m_systems
[2018-08-22T22:33:11.511] [INFO] dao.baseDao - show-table-info:m_theme
[2018-08-22T22:33:11.513] [INFO] dao.baseDao - show-table-info:test2
[2018-08-22T22:33:11.519] [INFO] dao.baseDao - show-table-info:testTable
[2018-08-22T22:33:11.624] [ERROR] dao.baseDao - { Error: ER_PARSE_ERROR: You have an error in your SQL syntax; check the manual that corresponds to your MySQL server version for the right syntax to use near '22:33:11  where id = 1' at line 1
    at Query.Sequence._packetToError (/Users/yixin/Desktop/workshop/cms/node_modules/mysql/lib/protocol/sequences/Sequence.js:47:14)
    at Query.ErrorPacket (/Users/yixin/Desktop/workshop/cms/node_modules/mysql/lib/protocol/sequences/Query.js:77:18)
    at Protocol._parsePacket (/Users/yixin/Desktop/workshop/cms/node_modules/mysql/lib/protocol/Protocol.js:278:23)
    at Parser.write (/Users/yixin/Desktop/workshop/cms/node_modules/mysql/lib/protocol/Parser.js:76:12)
    at Protocol.write (/Users/yixin/Desktop/workshop/cms/node_modules/mysql/lib/protocol/Protocol.js:38:16)
    at Socket.<anonymous> (/Users/yixin/Desktop/workshop/cms/node_modules/mysql/lib/Connection.js:91:28)
    at Socket.<anonymous> (/Users/yixin/Desktop/workshop/cms/node_modules/mysql/lib/Connection.js:502:10)
    at Socket.emit (events.js:180:13)
    at addChunk (_stream_readable.js:274:12)
    at readableAddChunk (_stream_readable.js:261:11)
    --------------------
    at Protocol._enqueue (/Users/yixin/Desktop/workshop/cms/node_modules/mysql/lib/protocol/Protocol.js:144:48)
    at PoolConnection.query (/Users/yixin/Desktop/workshop/cms/node_modules/mysql/lib/Connection.js:200:25)
    at /Users/yixin/Desktop/workshop/cms/server/utils/DB.js:42:18
    at Ping.onOperationComplete (/Users/yixin/Desktop/workshop/cms/node_modules/mysql/lib/Pool.js:110:5)
    at Ping.<anonymous> (/Users/yixin/Desktop/workshop/cms/node_modules/mysql/lib/Connection.js:502:10)
    at Ping._callback (/Users/yixin/Desktop/workshop/cms/node_modules/mysql/lib/Connection.js:468:16)
    at Ping.Sequence.end (/Users/yixin/Desktop/workshop/cms/node_modules/mysql/lib/protocol/sequences/Sequence.js:83:24)
    at Ping.Sequence.OkPacket (/Users/yixin/Desktop/workshop/cms/node_modules/mysql/lib/protocol/sequences/Sequence.js:92:8)
    at Protocol._parsePacket (/Users/yixin/Desktop/workshop/cms/node_modules/mysql/lib/protocol/Protocol.js:278:23)
    at Parser.write (/Users/yixin/Desktop/workshop/cms/node_modules/mysql/lib/protocol/Parser.js:76:12)
  code: 'ER_PARSE_ERROR',
  errno: 1064,
  sqlMessage: 'You have an error in your SQL syntax; check the manual that corresponds to your MySQL server version for the right syntax to use near \'22:33:11  where id = 1\' at line 1',
  sqlState: '42000',
  index: 0,
  sql: 'update test2 set id = 1 , name = a , sex = a , createAt = 2018-08-22 22:33:11  where id = 1' }
[2018-08-22T22:33:11.639] [INFO] dao.baseDao - query-ById:test2,id:12
[2018-08-22T22:35:03.772] [INFO] dao.baseDao - show-table-info:m_component_props
[2018-08-22T22:35:03.782] [INFO] dao.baseDao - show-table-info:m_components
[2018-08-22T22:35:03.791] [INFO] dao.baseDao - show-table-info:m_fields
[2018-08-22T22:35:03.795] [INFO] dao.baseDao - show-table-info:m_models
[2018-08-22T22:35:03.800] [INFO] dao.baseDao - show-table-info:m_page
[2018-08-22T22:35:03.805] [INFO] dao.baseDao - show-table-info:m_systems
[2018-08-22T22:35:03.811] [INFO] dao.baseDao - show-table-info:m_theme
[2018-08-22T22:35:03.825] [INFO] dao.baseDao - show-table-info:test2
[2018-08-22T22:35:03.827] [INFO] dao.baseDao - show-table-info:testTable
[2018-08-22T22:35:03.934] [INFO] dao.baseDao - query-ById:test2,id:13
[2018-08-22T22:35:03.940] [INFO] dao.baseDao - query-ById:test2,id:0
[2018-08-22T22:51:00.375] [INFO] dao.baseDao - show-table-info:m_component_props
[2018-08-22T22:51:00.393] [INFO] dao.baseDao - show-table-info:m_components
[2018-08-22T22:51:00.414] [INFO] dao.baseDao - show-table-info:m_component_props
[2018-08-22T22:51:00.422] [INFO] dao.baseDao - show-table-info:m_fields
[2018-08-22T22:51:00.426] [INFO] dao.baseDao - show-table-info:m_component_props
[2018-08-22T22:51:00.453] [INFO] dao.baseDao - show-table-info:m_models
[2018-08-22T22:51:00.455] [INFO] dao.baseDao - show-table-info:m_page
[2018-08-22T22:51:00.486] [INFO] dao.baseDao - show-table-info:m_systems
[2018-08-22T22:51:00.493] [INFO] dao.baseDao - show-table-info:m_components
[2018-08-22T22:51:00.497] [INFO] dao.baseDao - show-table-info:m_theme
[2018-08-22T22:51:00.498] [INFO] dao.baseDao - show-table-info:m_components
[2018-08-22T22:51:00.500] [INFO] dao.baseDao - show-table-info:test2
[2018-08-22T22:51:00.502] [INFO] dao.baseDao - show-table-info:testTable
[2018-08-22T22:51:00.603] [INFO] dao.baseDao - query-all:m_theme
[2018-08-22T22:51:00.608] [INFO] dao.baseDao - show-table-info:m_fields
[2018-08-22T22:51:00.609] [INFO] dao.baseDao - show-table-info:m_fields
[2018-08-22T22:51:00.621] [INFO] dao.baseDao - show-table-info:m_models
[2018-08-22T22:51:00.641] [INFO] dao.baseDao - show-table-info:m_page
[2018-08-22T22:51:00.667] [INFO] dao.baseDao - show-table-info:m_systems
[2018-08-22T22:51:00.670] [INFO] dao.baseDao - show-table-info:m_theme
[2018-08-22T22:51:00.688] [INFO] dao.baseDao - show-table-info:test2
[2018-08-22T22:51:00.690] [INFO] dao.baseDao - show-table-info:testTable
[2018-08-22T22:51:00.744] [INFO] dao.baseDao - query-page:m_components
[2018-08-22T22:51:00.745] [INFO] dao.baseDao - show-table-info:m_models
[2018-08-22T22:51:00.748] [INFO] dao.baseDao - 1
[2018-08-22T22:51:00.748] [INFO] dao.baseDao - { page: 0,
  limit: 10,
  list: 
   [ RowDataPacket {
       id: 1,
       name: 'input',
       theme: 1,
       frontShow: null,
       backShow: null,
       createAt: 2018-08-20T14:07:29.000Z,
       createBy: 1,
       updateAt: 2018-08-20T14:07:29.000Z,
       isDeleted: 0,
       deletedAt: 2018-08-20T14:07:29.000Z } ],
  total: 1 }
[2018-08-22T22:51:00.751] [INFO] dao.baseDao - show-table-info:m_page
[2018-08-22T22:51:00.757] [INFO] dao.baseDao - show-table-info:m_systems
[2018-08-22T22:51:00.761] [INFO] dao.baseDao - show-table-info:m_theme
[2018-08-22T22:51:00.763] [INFO] dao.baseDao - show-table-info:test2
[2018-08-22T22:51:00.766] [INFO] dao.baseDao - show-table-info:testTable
[2018-08-22T22:51:00.844] [INFO] dao.baseDao - query-all:m_component_props
[2018-08-22T22:51:02.298] [INFO] dao.baseDao - show-table-info:m_component_props
[2018-08-22T22:51:02.300] [INFO] dao.baseDao - show-table-info:m_components
[2018-08-22T22:51:02.302] [INFO] dao.baseDao - show-table-info:m_fields
[2018-08-22T22:51:02.306] [INFO] dao.baseDao - show-table-info:m_models
[2018-08-22T22:51:02.314] [INFO] dao.baseDao - show-table-info:m_page
[2018-08-22T22:51:02.317] [INFO] dao.baseDao - show-table-info:m_systems
[2018-08-22T22:51:02.319] [INFO] dao.baseDao - show-table-info:m_theme
[2018-08-22T22:51:02.327] [INFO] dao.baseDao - show-table-info:test2
[2018-08-22T22:51:02.329] [INFO] dao.baseDao - show-table-info:testTable
[2018-08-22T22:51:02.435] [INFO] dao.baseDao - query-all:m_component_props
[2018-08-22T22:51:21.332] [INFO] dao.baseDao - show-table-info:m_component_props
[2018-08-22T22:51:21.335] [INFO] dao.baseDao - show-table-info:m_components
[2018-08-22T22:51:21.336] [INFO] dao.baseDao - show-table-info:m_fields
[2018-08-22T22:51:21.338] [INFO] dao.baseDao - show-table-info:m_models
[2018-08-22T22:51:21.340] [INFO] dao.baseDao - show-table-info:m_page
[2018-08-22T22:51:21.342] [INFO] dao.baseDao - show-table-info:m_systems
[2018-08-22T22:51:21.352] [INFO] dao.baseDao - show-table-info:m_theme
[2018-08-22T22:51:21.354] [INFO] dao.baseDao - show-table-info:test2
[2018-08-22T22:51:21.356] [INFO] dao.baseDao - show-table-info:testTable
[2018-08-22T22:51:21.396] [INFO] dao.baseDao - query-all:m_systems
