[2018-08-24T10:53:20.501] [INFO] dao.baseDao - show-table-info:m_component_props
[2018-08-24T10:53:20.517] [INFO] dao.baseDao - show-table-info:m_component_props
[2018-08-24T10:53:20.518] [INFO] dao.baseDao - show-table-info:m_component_props
[2018-08-24T10:53:20.554] [INFO] dao.baseDao - show-table-info:m_components
[2018-08-24T10:53:20.555] [INFO] dao.baseDao - show-table-info:m_components
[2018-08-24T10:53:20.559] [INFO] dao.baseDao - show-table-info:m_components
[2018-08-24T10:53:20.573] [INFO] dao.baseDao - show-table-info:m_fields
[2018-08-24T10:53:20.575] [INFO] dao.baseDao - show-table-info:m_fields
[2018-08-24T10:53:20.577] [INFO] dao.baseDao - show-table-info:m_fields
[2018-08-24T10:53:20.578] [INFO] dao.baseDao - show-table-info:m_models
[2018-08-24T10:53:20.579] [INFO] dao.baseDao - show-table-info:m_models
[2018-08-24T10:53:20.590] [INFO] dao.baseDao - show-table-info:m_models
[2018-08-24T10:53:20.591] [INFO] dao.baseDao - show-table-info:m_page
[2018-08-24T10:53:20.592] [INFO] dao.baseDao - show-table-info:m_page
[2018-08-24T10:53:20.597] [INFO] dao.baseDao - show-table-info:m_page
[2018-08-24T10:53:20.598] [INFO] dao.baseDao - show-table-info:m_systems
[2018-08-24T10:53:20.599] [INFO] dao.baseDao - show-table-info:m_systems
[2018-08-24T10:53:20.601] [INFO] dao.baseDao - show-table-info:m_theme
[2018-08-24T10:53:20.601] [INFO] dao.baseDao - show-table-info:m_theme
[2018-08-24T10:53:20.603] [INFO] dao.baseDao - show-table-info:m_systems
[2018-08-24T10:53:20.605] [INFO] dao.baseDao - show-table-info:test2
[2018-08-24T10:53:20.607] [INFO] dao.baseDao - show-table-info:test2
[2018-08-24T10:53:20.609] [INFO] dao.baseDao - show-table-info:testTable
[2018-08-24T10:53:20.610] [INFO] dao.baseDao - show-table-info:m_theme
[2018-08-24T10:53:20.685] [INFO] dao.baseDao - query-all:m_component_props
[2018-08-24T10:53:20.686] [INFO] dao.baseDao - show-table-info:testTable
[2018-08-24T10:53:20.686] [INFO] dao.baseDao - show-table-info:test2
[2018-08-24T10:53:20.758] [INFO] dao.baseDao - query-all:m_theme
[2018-08-24T10:53:20.760] [INFO] dao.baseDao - show-table-info:testTable
[2018-08-24T10:53:20.841] [INFO] dao.baseDao - query-page:m_components
[2018-08-24T10:53:20.861] [INFO] dao.baseDao - 1
[2018-08-24T10:53:20.862] [INFO] dao.baseDao - { page: 0,
  limit: 10,
  list: 
   [ RowDataPacket {
       id: 1,
       name: 'input',
       theme: 1,
       frontShow: null,
       backShow: null,
       createAt: 2018-08-20T14:07:29.000Z,
       createBy: 1,
       updateAt: 2018-08-20T14:07:29.000Z,
       isDeleted: 0,
       deletedAt: 2018-08-20T14:07:29.000Z } ],
  total: 1 }
[2018-08-24T10:53:21.849] [INFO] dao.baseDao - show-table-info:m_component_props
[2018-08-24T10:53:21.851] [INFO] dao.baseDao - show-table-info:m_components
[2018-08-24T10:53:21.852] [INFO] dao.baseDao - show-table-info:m_fields
[2018-08-24T10:53:21.854] [INFO] dao.baseDao - show-table-info:m_models
[2018-08-24T10:53:21.857] [INFO] dao.baseDao - show-table-info:m_page
[2018-08-24T10:53:21.862] [INFO] dao.baseDao - show-table-info:m_systems
[2018-08-24T10:53:21.863] [INFO] dao.baseDao - show-table-info:m_theme
[2018-08-24T10:53:21.865] [INFO] dao.baseDao - show-table-info:test2
[2018-08-24T10:53:21.866] [INFO] dao.baseDao - show-table-info:testTable
[2018-08-24T10:53:21.922] [INFO] dao.baseDao - query-all:m_component_props
[2018-08-24T10:54:04.739] [INFO] dao.baseDao - show-table-info:m_component_props
[2018-08-24T10:54:04.746] [INFO] dao.baseDao - show-table-info:m_components
[2018-08-24T10:54:04.750] [INFO] dao.baseDao - show-table-info:m_component_props
[2018-08-24T10:54:04.751] [INFO] dao.baseDao - show-table-info:m_fields
[2018-08-24T10:54:04.757] [INFO] dao.baseDao - show-table-info:m_components
[2018-08-24T10:54:04.760] [INFO] dao.baseDao - show-table-info:m_models
[2018-08-24T10:54:04.766] [INFO] dao.baseDao - show-table-info:m_component_props
[2018-08-24T10:54:04.772] [INFO] dao.baseDao - show-table-info:m_fields
[2018-08-24T10:54:04.773] [INFO] dao.baseDao - show-table-info:m_components
[2018-08-24T10:54:04.774] [INFO] dao.baseDao - show-table-info:m_page
[2018-08-24T10:54:04.780] [INFO] dao.baseDao - show-table-info:m_fields
[2018-08-24T10:54:04.781] [INFO] dao.baseDao - show-table-info:m_models
[2018-08-24T10:54:04.791] [INFO] dao.baseDao - show-table-info:m_models
[2018-08-24T10:54:04.792] [INFO] dao.baseDao - show-table-info:m_systems
[2018-08-24T10:54:04.794] [INFO] dao.baseDao - show-table-info:m_page
[2018-08-24T10:54:04.797] [INFO] dao.baseDao - show-table-info:m_page
[2018-08-24T10:54:04.798] [INFO] dao.baseDao - show-table-info:m_theme
[2018-08-24T10:54:04.800] [INFO] dao.baseDao - show-table-info:m_systems
[2018-08-24T10:54:04.811] [INFO] dao.baseDao - show-table-info:m_theme
[2018-08-24T10:54:04.812] [INFO] dao.baseDao - show-table-info:test2
[2018-08-24T10:54:04.813] [INFO] dao.baseDao - show-table-info:m_systems
[2018-08-24T10:54:04.814] [INFO] dao.baseDao - show-table-info:test2
[2018-08-24T10:54:04.815] [INFO] dao.baseDao - show-table-info:m_theme
[2018-08-24T10:54:04.817] [INFO] dao.baseDao - show-table-info:testTable
[2018-08-24T10:54:04.819] [INFO] dao.baseDao - show-table-info:testTable
[2018-08-24T10:54:04.897] [INFO] dao.baseDao - query-page:m_components
[2018-08-24T10:54:04.899] [INFO] dao.baseDao - show-table-info:test2
[2018-08-24T10:54:04.943] [INFO] dao.baseDao - query-all:m_theme
[2018-08-24T10:54:04.947] [INFO] dao.baseDao - show-table-info:testTable
[2018-08-24T10:54:04.948] [INFO] dao.baseDao - 1
[2018-08-24T10:54:04.948] [INFO] dao.baseDao - { page: 0,
  limit: 10,
  list: 
   [ RowDataPacket {
       id: 1,
       name: 'input',
       theme: 1,
       frontShow: null,
       backShow: null,
       createAt: 2018-08-20T14:07:29.000Z,
       createBy: 1,
       updateAt: 2018-08-20T14:07:29.000Z,
       isDeleted: 0,
       deletedAt: 2018-08-20T14:07:29.000Z } ],
  total: 1 }
[2018-08-24T10:54:04.989] [INFO] dao.baseDao - query-all:m_component_props
[2018-08-24T10:54:05.618] [INFO] dao.baseDao - show-table-info:m_component_props
[2018-08-24T10:54:05.619] [INFO] dao.baseDao - show-table-info:m_components
[2018-08-24T10:54:05.620] [INFO] dao.baseDao - show-table-info:m_fields
[2018-08-24T10:54:05.622] [INFO] dao.baseDao - show-table-info:m_models
[2018-08-24T10:54:05.624] [INFO] dao.baseDao - show-table-info:m_page
[2018-08-24T10:54:05.625] [INFO] dao.baseDao - show-table-info:m_systems
[2018-08-24T10:54:05.627] [INFO] dao.baseDao - show-table-info:m_theme
[2018-08-24T10:54:05.630] [INFO] dao.baseDao - show-table-info:test2
[2018-08-24T10:54:05.639] [INFO] dao.baseDao - show-table-info:testTable
[2018-08-24T10:54:05.675] [INFO] dao.baseDao - query-all:m_component_props
[2018-08-24T10:55:24.608] [INFO] dao.baseDao - show-table-info:m_component_props
[2018-08-24T10:55:24.610] [INFO] dao.baseDao - show-table-info:m_component_props
[2018-08-24T10:55:24.611] [INFO] dao.baseDao - show-table-info:m_component_props
[2018-08-24T10:55:24.648] [INFO] dao.baseDao - show-table-info:m_components
[2018-08-24T10:55:24.651] [INFO] dao.baseDao - show-table-info:m_components
[2018-08-24T10:55:24.653] [INFO] dao.baseDao - show-table-info:m_components
[2018-08-24T10:55:24.655] [INFO] dao.baseDao - show-table-info:m_fields
[2018-08-24T10:55:24.659] [INFO] dao.baseDao - show-table-info:m_fields
[2018-08-24T10:55:24.660] [INFO] dao.baseDao - show-table-info:m_fields
[2018-08-24T10:55:24.661] [INFO] dao.baseDao - show-table-info:m_models
[2018-08-24T10:55:24.663] [INFO] dao.baseDao - show-table-info:m_models
[2018-08-24T10:55:24.664] [INFO] dao.baseDao - show-table-info:m_page
[2018-08-24T10:55:24.668] [INFO] dao.baseDao - show-table-info:m_models
[2018-08-24T10:55:24.683] [INFO] dao.baseDao - show-table-info:m_page
[2018-08-24T10:55:24.685] [INFO] dao.baseDao - show-table-info:m_systems
[2018-08-24T10:55:24.689] [INFO] dao.baseDao - show-table-info:m_page
[2018-08-24T10:55:24.691] [INFO] dao.baseDao - show-table-info:m_systems
[2018-08-24T10:55:24.695] [INFO] dao.baseDao - show-table-info:m_theme
[2018-08-24T10:55:24.727] [INFO] dao.baseDao - show-table-info:m_theme
[2018-08-24T10:55:24.728] [INFO] dao.baseDao - show-table-info:test2
[2018-08-24T10:55:24.729] [INFO] dao.baseDao - show-table-info:m_systems
[2018-08-24T10:55:24.730] [INFO] dao.baseDao - show-table-info:test2
[2018-08-24T10:55:24.730] [INFO] dao.baseDao - show-table-info:testTable
[2018-08-24T10:55:24.740] [INFO] dao.baseDao - show-table-info:testTable
[2018-08-24T10:55:24.742] [INFO] dao.baseDao - show-table-info:m_theme
[2018-08-24T10:55:24.817] [INFO] dao.baseDao - query-all:m_theme
[2018-08-24T10:55:24.870] [INFO] dao.baseDao - query-page:m_components
[2018-08-24T10:55:24.871] [INFO] dao.baseDao - show-table-info:test2
[2018-08-24T10:55:24.875] [INFO] dao.baseDao - show-table-info:testTable
[2018-08-24T10:55:24.925] [INFO] dao.baseDao - query-all:m_component_props
[2018-08-24T10:55:24.926] [INFO] dao.baseDao - 1
[2018-08-24T10:55:24.926] [INFO] dao.baseDao - { page: 0,
  limit: 10,
  list: 
   [ RowDataPacket {
       id: 1,
       name: 'input',
       theme: 1,
       frontShow: null,
       backShow: null,
       createAt: 2018-08-20T14:07:29.000Z,
       createBy: 1,
       updateAt: 2018-08-20T14:07:29.000Z,
       isDeleted: 0,
       deletedAt: 2018-08-20T14:07:29.000Z } ],
  total: 1 }
[2018-08-24T10:55:25.291] [INFO] dao.baseDao - show-table-info:m_component_props
[2018-08-24T10:55:25.293] [INFO] dao.baseDao - show-table-info:m_components
[2018-08-24T10:55:25.297] [INFO] dao.baseDao - show-table-info:m_fields
[2018-08-24T10:55:25.300] [INFO] dao.baseDao - show-table-info:m_models
[2018-08-24T10:55:25.306] [INFO] dao.baseDao - show-table-info:m_page
[2018-08-24T10:55:25.308] [INFO] dao.baseDao - show-table-info:m_systems
[2018-08-24T10:55:25.310] [INFO] dao.baseDao - show-table-info:m_theme
[2018-08-24T10:55:25.312] [INFO] dao.baseDao - show-table-info:test2
[2018-08-24T10:55:25.325] [INFO] dao.baseDao - show-table-info:testTable
[2018-08-24T10:55:25.460] [INFO] dao.baseDao - query-all:m_component_props
[2018-08-24T13:21:41.151] [INFO] dao.baseDao - show-table-info:m_component_props
[2018-08-24T13:21:41.169] [INFO] dao.baseDao - show-table-info:m_components
[2018-08-24T13:21:41.173] [INFO] dao.baseDao - show-table-info:m_fields
[2018-08-24T13:21:41.175] [INFO] dao.baseDao - show-table-info:m_models
[2018-08-24T13:21:41.179] [INFO] dao.baseDao - show-table-info:m_page
[2018-08-24T13:21:41.180] [INFO] dao.baseDao - show-table-info:m_systems
[2018-08-24T13:21:41.181] [INFO] dao.baseDao - show-table-info:m_theme
[2018-08-24T13:21:41.182] [INFO] dao.baseDao - show-table-info:test2
[2018-08-24T13:21:41.185] [INFO] dao.baseDao - show-table-info:testTable
[2018-08-24T13:23:36.458] [INFO] dao.baseDao - show-table-info:m_component_props
[2018-08-24T13:23:36.463] [INFO] dao.baseDao - show-table-info:m_components
[2018-08-24T13:23:36.463] [INFO] dao.baseDao - show-table-info:m_component_props
[2018-08-24T13:23:36.464] [INFO] dao.baseDao - show-table-info:m_component_props
[2018-08-24T13:23:36.471] [INFO] dao.baseDao - show-table-info:m_fields
[2018-08-24T13:23:36.472] [INFO] dao.baseDao - show-table-info:m_components
[2018-08-24T13:23:36.474] [INFO] dao.baseDao - show-table-info:m_components
[2018-08-24T13:23:36.491] [INFO] dao.baseDao - show-table-info:m_models
[2018-08-24T13:23:36.491] [INFO] dao.baseDao - show-table-info:m_fields
[2018-08-24T13:23:36.492] [INFO] dao.baseDao - show-table-info:m_fields
[2018-08-24T13:23:36.507] [INFO] dao.baseDao - show-table-info:m_page
[2018-08-24T13:23:36.507] [INFO] dao.baseDao - show-table-info:m_models
[2018-08-24T13:23:36.508] [INFO] dao.baseDao - show-table-info:m_models
[2018-08-24T13:23:36.513] [INFO] dao.baseDao - show-table-info:m_systems
[2018-08-24T13:23:36.536] [INFO] dao.baseDao - show-table-info:m_page
[2018-08-24T13:23:36.553] [INFO] dao.baseDao - show-table-info:m_page
[2018-08-24T13:23:36.554] [INFO] dao.baseDao - show-table-info:m_theme
[2018-08-24T13:23:36.560] [INFO] dao.baseDao - show-table-info:m_systems
[2018-08-24T13:23:36.561] [INFO] dao.baseDao - show-table-info:m_systems
[2018-08-24T13:23:36.563] [INFO] dao.baseDao - show-table-info:test2
[2018-08-24T13:23:36.600] [INFO] dao.baseDao - show-table-info:testTable
[2018-08-24T13:23:36.602] [INFO] dao.baseDao - show-table-info:m_theme
[2018-08-24T13:23:36.603] [INFO] dao.baseDao - show-table-info:m_theme
[2018-08-24T13:23:36.654] [INFO] dao.baseDao - query-all:m_component_props
[2018-08-24T13:23:36.655] [INFO] dao.baseDao - show-table-info:test2
[2018-08-24T13:23:36.659] [INFO] dao.baseDao - show-table-info:testTable
[2018-08-24T13:23:36.660] [INFO] dao.baseDao - show-table-info:test2
[2018-08-24T13:23:36.727] [INFO] dao.baseDao - query-all:m_theme
[2018-08-24T13:23:36.728] [INFO] dao.baseDao - show-table-info:testTable
[2018-08-24T13:23:36.772] [INFO] dao.baseDao - query-page:m_components
[2018-08-24T13:23:36.775] [INFO] dao.baseDao - 1
[2018-08-24T13:23:36.776] [INFO] dao.baseDao - { page: 0,
  limit: 10,
  list: 
   [ RowDataPacket {
       id: 1,
       name: 'input',
       theme: 1,
       frontShow: null,
       backShow: null,
       createAt: 2018-08-20T14:07:29.000Z,
       createBy: 1,
       updateAt: 2018-08-20T14:07:29.000Z,
       isDeleted: 0,
       deletedAt: 2018-08-20T14:07:29.000Z } ],
  total: 1 }
[2018-08-24T13:23:37.346] [INFO] dao.baseDao - show-table-info:m_component_props
[2018-08-24T13:23:37.347] [INFO] dao.baseDao - show-table-info:m_components
[2018-08-24T13:23:37.349] [INFO] dao.baseDao - show-table-info:m_fields
[2018-08-24T13:23:37.353] [INFO] dao.baseDao - show-table-info:m_models
[2018-08-24T13:23:37.355] [INFO] dao.baseDao - show-table-info:m_page
[2018-08-24T13:23:37.356] [INFO] dao.baseDao - show-table-info:m_systems
[2018-08-24T13:23:37.358] [INFO] dao.baseDao - show-table-info:m_theme
[2018-08-24T13:23:37.360] [INFO] dao.baseDao - show-table-info:test2
[2018-08-24T13:23:37.363] [INFO] dao.baseDao - show-table-info:testTable
[2018-08-24T13:23:37.390] [INFO] dao.baseDao - query-all:m_component_props
[2018-08-24T13:25:27.860] [INFO] dao.baseDao - show-table-info:m_component_props
[2018-08-24T13:25:27.861] [INFO] dao.baseDao - show-table-info:m_component_props
[2018-08-24T13:25:27.862] [INFO] dao.baseDao - show-table-info:m_components
[2018-08-24T13:25:27.864] [INFO] dao.baseDao - show-table-info:m_fields
[2018-08-24T13:25:27.866] [INFO] dao.baseDao - show-table-info:m_models
[2018-08-24T13:25:27.868] [INFO] dao.baseDao - show-table-info:m_page
[2018-08-24T13:25:27.871] [INFO] dao.baseDao - show-table-info:m_systems
[2018-08-24T13:25:27.872] [INFO] dao.baseDao - show-table-info:m_component_props
[2018-08-24T13:25:27.878] [INFO] dao.baseDao - show-table-info:m_components
[2018-08-24T13:25:27.879] [INFO] dao.baseDao - show-table-info:m_theme
[2018-08-24T13:25:27.880] [INFO] dao.baseDao - show-table-info:m_components
[2018-08-24T13:25:27.881] [INFO] dao.baseDao - show-table-info:m_fields
[2018-08-24T13:25:27.882] [INFO] dao.baseDao - show-table-info:m_fields
[2018-08-24T13:25:27.884] [INFO] dao.baseDao - show-table-info:m_models
[2018-08-24T13:25:27.885] [INFO] dao.baseDao - show-table-info:test2
[2018-08-24T13:25:27.886] [INFO] dao.baseDao - show-table-info:m_models
[2018-08-24T13:25:27.888] [INFO] dao.baseDao - show-table-info:m_page
[2018-08-24T13:25:27.889] [INFO] dao.baseDao - show-table-info:testTable
[2018-08-24T13:25:27.891] [INFO] dao.baseDao - show-table-info:m_page
[2018-08-24T13:25:27.945] [INFO] dao.baseDao - query-all:m_theme
[2018-08-24T13:25:27.946] [INFO] dao.baseDao - show-table-info:m_systems
[2018-08-24T13:25:27.947] [INFO] dao.baseDao - show-table-info:m_systems
[2018-08-24T13:25:27.949] [INFO] dao.baseDao - show-table-info:m_theme
[2018-08-24T13:25:27.950] [INFO] dao.baseDao - show-table-info:m_theme
[2018-08-24T13:25:27.952] [INFO] dao.baseDao - show-table-info:test2
[2018-08-24T13:25:27.953] [INFO] dao.baseDao - show-table-info:test2
[2018-08-24T13:25:27.954] [INFO] dao.baseDao - show-table-info:testTable
[2018-08-24T13:25:27.955] [INFO] dao.baseDao - show-table-info:testTable
[2018-08-24T13:25:28.005] [INFO] dao.baseDao - query-all:m_component_props
[2018-08-24T13:25:28.066] [INFO] dao.baseDao - query-page:m_components
[2018-08-24T13:25:28.077] [INFO] dao.baseDao - 1
[2018-08-24T13:25:28.077] [INFO] dao.baseDao - { page: 0,
  limit: 10,
  list: 
   [ RowDataPacket {
       id: 1,
       name: 'input',
       theme: 1,
       frontShow: null,
       backShow: null,
       createAt: 2018-08-20T14:07:29.000Z,
       createBy: 1,
       updateAt: 2018-08-20T14:07:29.000Z,
       isDeleted: 0,
       deletedAt: 2018-08-20T14:07:29.000Z } ],
  total: 1 }
[2018-08-24T13:25:34.279] [INFO] dao.baseDao - show-table-info:m_component_props
[2018-08-24T13:25:34.281] [INFO] dao.baseDao - show-table-info:m_components
[2018-08-24T13:25:34.282] [INFO] dao.baseDao - show-table-info:m_fields
[2018-08-24T13:25:34.283] [INFO] dao.baseDao - show-table-info:m_models
[2018-08-24T13:25:34.284] [INFO] dao.baseDao - show-table-info:m_page
[2018-08-24T13:25:34.285] [INFO] dao.baseDao - show-table-info:m_systems
[2018-08-24T13:25:34.287] [INFO] dao.baseDao - show-table-info:m_theme
[2018-08-24T13:25:34.288] [INFO] dao.baseDao - show-table-info:test2
[2018-08-24T13:25:34.289] [INFO] dao.baseDao - show-table-info:testTable
[2018-08-24T13:25:34.325] [INFO] dao.baseDao - query-all:m_component_props
[2018-08-24T13:26:11.446] [INFO] dao.baseDao - show-table-info:m_component_props
[2018-08-24T13:26:11.448] [INFO] dao.baseDao - show-table-info:m_components
[2018-08-24T13:26:11.450] [INFO] dao.baseDao - show-table-info:m_fields
[2018-08-24T13:26:11.451] [INFO] dao.baseDao - show-table-info:m_models
[2018-08-24T13:26:11.452] [INFO] dao.baseDao - show-table-info:m_page
[2018-08-24T13:26:11.453] [INFO] dao.baseDao - show-table-info:m_systems
[2018-08-24T13:26:11.454] [INFO] dao.baseDao - show-table-info:m_theme
[2018-08-24T13:26:11.455] [INFO] dao.baseDao - show-table-info:test2
[2018-08-24T13:26:11.456] [INFO] dao.baseDao - show-table-info:testTable
[2018-08-24T13:28:25.938] [INFO] dao.baseDao - show-table-info:m_component_props
[2018-08-24T13:28:25.940] [INFO] dao.baseDao - show-table-info:m_components
[2018-08-24T13:28:25.942] [INFO] dao.baseDao - show-table-info:m_component_props
[2018-08-24T13:28:25.945] [INFO] dao.baseDao - show-table-info:m_components
[2018-08-24T13:28:25.947] [INFO] dao.baseDao - show-table-info:m_fields
[2018-08-24T13:28:25.949] [INFO] dao.baseDao - show-table-info:m_fields
[2018-08-24T13:28:25.950] [INFO] dao.baseDao - show-table-info:m_models
[2018-08-24T13:28:25.953] [INFO] dao.baseDao - show-table-info:m_models
[2018-08-24T13:28:25.954] [INFO] dao.baseDao - show-table-info:m_page
[2018-08-24T13:28:25.955] [INFO] dao.baseDao - show-table-info:m_page
[2018-08-24T13:28:25.956] [INFO] dao.baseDao - show-table-info:m_component_props
[2018-08-24T13:28:25.958] [INFO] dao.baseDao - show-table-info:m_systems
[2018-08-24T13:28:25.966] [INFO] dao.baseDao - show-table-info:m_components
[2018-08-24T13:28:25.967] [INFO] dao.baseDao - show-table-info:m_systems
[2018-08-24T13:28:25.974] [INFO] dao.baseDao - show-table-info:m_theme
[2018-08-24T13:28:25.977] [INFO] dao.baseDao - show-table-info:m_theme
[2018-08-24T13:28:25.978] [INFO] dao.baseDao - show-table-info:m_fields
[2018-08-24T13:28:25.979] [INFO] dao.baseDao - show-table-info:test2
[2018-08-24T13:28:25.990] [INFO] dao.baseDao - show-table-info:m_models
[2018-08-24T13:28:25.990] [INFO] dao.baseDao - show-table-info:test2
[2018-08-24T13:28:25.992] [INFO] dao.baseDao - show-table-info:testTable
[2018-08-24T13:28:25.996] [INFO] dao.baseDao - show-table-info:testTable
[2018-08-24T13:28:25.998] [INFO] dao.baseDao - show-table-info:m_page
[2018-08-24T13:28:26.075] [INFO] dao.baseDao - query-all:m_theme
[2018-08-24T13:28:26.142] [INFO] dao.baseDao - query-page:m_components
[2018-08-24T13:28:26.143] [INFO] dao.baseDao - show-table-info:m_systems
[2018-08-24T13:28:26.147] [INFO] dao.baseDao - show-table-info:m_theme
[2018-08-24T13:28:26.151] [INFO] dao.baseDao - 1
[2018-08-24T13:28:26.151] [INFO] dao.baseDao - { page: 0,
  limit: 10,
  list: 
   [ RowDataPacket {
       id: 1,
       name: 'input',
       theme: 1,
       frontShow: null,
       backShow: null,
       createAt: 2018-08-20T14:07:29.000Z,
       createBy: 1,
       updateAt: 2018-08-20T14:07:29.000Z,
       isDeleted: 0,
       deletedAt: 2018-08-20T14:07:29.000Z } ],
  total: 1 }
[2018-08-24T13:28:26.154] [INFO] dao.baseDao - show-table-info:test2
[2018-08-24T13:28:26.157] [INFO] dao.baseDao - show-table-info:testTable
[2018-08-24T13:28:26.217] [INFO] dao.baseDao - query-all:m_component_props
[2018-08-24T13:28:26.829] [INFO] dao.baseDao - show-table-info:m_component_props
[2018-08-24T13:28:26.833] [INFO] dao.baseDao - show-table-info:m_components
[2018-08-24T13:28:26.836] [INFO] dao.baseDao - show-table-info:m_fields
[2018-08-24T13:28:26.839] [INFO] dao.baseDao - show-table-info:m_models
[2018-08-24T13:28:26.841] [INFO] dao.baseDao - show-table-info:m_page
[2018-08-24T13:28:26.842] [INFO] dao.baseDao - show-table-info:m_systems
[2018-08-24T13:28:26.845] [INFO] dao.baseDao - show-table-info:m_theme
[2018-08-24T13:28:26.849] [INFO] dao.baseDao - show-table-info:test2
[2018-08-24T13:28:26.852] [INFO] dao.baseDao - show-table-info:testTable
[2018-08-24T13:28:26.895] [INFO] dao.baseDao - query-all:m_component_props
[2018-08-24T13:32:25.100] [INFO] dao.baseDao - show-table-info:m_component_props
[2018-08-24T13:32:25.111] [INFO] dao.baseDao - show-table-info:m_components
[2018-08-24T13:32:25.116] [INFO] dao.baseDao - show-table-info:m_fields
[2018-08-24T13:32:25.123] [INFO] dao.baseDao - show-table-info:m_models
[2018-08-24T13:32:25.125] [INFO] dao.baseDao - show-table-info:m_page
[2018-08-24T13:32:25.127] [INFO] dao.baseDao - show-table-info:m_systems
[2018-08-24T13:32:25.130] [INFO] dao.baseDao - show-table-info:m_theme
[2018-08-24T13:32:25.132] [INFO] dao.baseDao - show-table-info:test2
[2018-08-24T13:32:25.136] [INFO] dao.baseDao - show-table-info:testTable
[2018-08-24T13:32:25.220] [INFO] dao.baseDao - query-ById:m_component_props,id:4
[2018-08-24T13:35:34.859] [INFO] dao.baseDao - show-table-info:m_component_props
[2018-08-24T13:35:34.864] [INFO] dao.baseDao - show-table-info:m_components
[2018-08-24T13:35:34.868] [INFO] dao.baseDao - show-table-info:m_fields
[2018-08-24T13:35:34.871] [INFO] dao.baseDao - show-table-info:m_models
[2018-08-24T13:35:34.874] [INFO] dao.baseDao - show-table-info:m_page
[2018-08-24T13:35:34.876] [INFO] dao.baseDao - show-table-info:m_systems
[2018-08-24T13:35:34.883] [INFO] dao.baseDao - show-table-info:m_theme
[2018-08-24T13:35:34.885] [INFO] dao.baseDao - show-table-info:test2
[2018-08-24T13:35:34.888] [INFO] dao.baseDao - show-table-info:testTable
[2018-08-24T13:35:34.975] [INFO] dao.baseDao - query-ById:m_component_props,id:5
[2018-08-24T13:37:09.849] [INFO] dao.baseDao - show-table-info:m_component_props
[2018-08-24T13:37:09.856] [INFO] dao.baseDao - show-table-info:m_components
[2018-08-24T13:37:09.861] [INFO] dao.baseDao - show-table-info:m_fields
[2018-08-24T13:37:09.866] [INFO] dao.baseDao - show-table-info:m_models
[2018-08-24T13:37:09.871] [INFO] dao.baseDao - show-table-info:m_component_props
[2018-08-24T13:37:09.872] [INFO] dao.baseDao - show-table-info:m_page
[2018-08-24T13:37:09.873] [INFO] dao.baseDao - show-table-info:m_component_props
[2018-08-24T13:37:09.880] [INFO] dao.baseDao - show-table-info:m_systems
[2018-08-24T13:37:09.884] [INFO] dao.baseDao - show-table-info:m_components
[2018-08-24T13:37:09.885] [INFO] dao.baseDao - show-table-info:m_components
[2018-08-24T13:37:09.887] [INFO] dao.baseDao - show-table-info:m_theme
[2018-08-24T13:37:09.893] [INFO] dao.baseDao - show-table-info:m_fields
[2018-08-24T13:37:09.896] [INFO] dao.baseDao - show-table-info:test2
[2018-08-24T13:37:09.904] [INFO] dao.baseDao - show-table-info:m_fields
[2018-08-24T13:37:09.906] [INFO] dao.baseDao - show-table-info:m_models
[2018-08-24T13:37:09.909] [INFO] dao.baseDao - show-table-info:testTable
[2018-08-24T13:37:09.974] [INFO] dao.baseDao - query-page:m_components
[2018-08-24T13:37:09.982] [INFO] dao.baseDao - show-table-info:m_page
[2018-08-24T13:37:09.984] [INFO] dao.baseDao - show-table-info:m_models
[2018-08-24T13:37:09.998] [INFO] dao.baseDao - 1
[2018-08-24T13:37:09.998] [INFO] dao.baseDao - { page: 0,
  limit: 10,
  list: 
   [ RowDataPacket {
       id: 1,
       name: 'input',
       theme: 1,
       frontShow: null,
       backShow: null,
       createAt: 2018-08-20T14:07:29.000Z,
       createBy: 1,
       updateAt: 2018-08-20T14:07:29.000Z,
       isDeleted: 0,
       deletedAt: 2018-08-20T14:07:29.000Z } ],
  total: 1 }
[2018-08-24T13:37:10.002] [INFO] dao.baseDao - show-table-info:m_systems
[2018-08-24T13:37:10.009] [INFO] dao.baseDao - show-table-info:m_page
[2018-08-24T13:37:10.015] [INFO] dao.baseDao - show-table-info:m_theme
[2018-08-24T13:37:10.016] [INFO] dao.baseDao - show-table-info:m_systems
[2018-08-24T13:37:10.046] [INFO] dao.baseDao - show-table-info:m_theme
[2018-08-24T13:37:10.048] [INFO] dao.baseDao - show-table-info:test2
[2018-08-24T13:37:10.061] [INFO] dao.baseDao - show-table-info:testTable
[2018-08-24T13:37:10.063] [INFO] dao.baseDao - show-table-info:test2
[2018-08-24T13:37:10.066] [INFO] dao.baseDao - show-table-info:testTable
[2018-08-24T13:37:10.139] [INFO] dao.baseDao - query-all:m_theme
[2018-08-24T13:37:10.202] [INFO] dao.baseDao - query-all:m_component_props
[2018-08-24T13:37:10.681] [INFO] dao.baseDao - show-table-info:m_component_props
[2018-08-24T13:37:10.683] [INFO] dao.baseDao - show-table-info:m_components
[2018-08-24T13:37:10.687] [INFO] dao.baseDao - show-table-info:m_fields
[2018-08-24T13:37:10.691] [INFO] dao.baseDao - show-table-info:m_models
[2018-08-24T13:37:10.693] [INFO] dao.baseDao - show-table-info:m_page
[2018-08-24T13:37:10.695] [INFO] dao.baseDao - show-table-info:m_systems
[2018-08-24T13:37:10.699] [INFO] dao.baseDao - show-table-info:m_theme
[2018-08-24T13:37:10.701] [INFO] dao.baseDao - show-table-info:test2
[2018-08-24T13:37:10.703] [INFO] dao.baseDao - show-table-info:testTable
[2018-08-24T13:37:10.739] [INFO] dao.baseDao - query-all:m_component_props
[2018-08-24T13:37:21.939] [INFO] dao.baseDao - show-table-info:m_component_props
[2018-08-24T13:37:21.941] [INFO] dao.baseDao - show-table-info:m_components
[2018-08-24T13:37:21.945] [INFO] dao.baseDao - show-table-info:m_fields
[2018-08-24T13:37:21.947] [INFO] dao.baseDao - show-table-info:m_models
[2018-08-24T13:37:21.953] [INFO] dao.baseDao - show-table-info:m_page
[2018-08-24T13:37:21.957] [INFO] dao.baseDao - show-table-info:m_systems
[2018-08-24T13:37:21.962] [INFO] dao.baseDao - show-table-info:m_theme
[2018-08-24T13:37:21.968] [INFO] dao.baseDao - show-table-info:test2
[2018-08-24T13:37:21.971] [INFO] dao.baseDao - show-table-info:testTable
[2018-08-24T13:39:03.285] [INFO] dao.baseDao - show-table-info:m_component_props
[2018-08-24T13:39:03.287] [INFO] dao.baseDao - show-table-info:m_components
[2018-08-24T13:39:03.289] [INFO] dao.baseDao - show-table-info:m_fields
[2018-08-24T13:39:03.290] [INFO] dao.baseDao - show-table-info:m_models
[2018-08-24T13:39:03.292] [INFO] dao.baseDao - show-table-info:m_page
[2018-08-24T13:39:03.313] [INFO] dao.baseDao - show-table-info:m_systems
[2018-08-24T13:39:03.316] [INFO] dao.baseDao - show-table-info:m_theme
[2018-08-24T13:39:03.319] [INFO] dao.baseDao - show-table-info:test2
[2018-08-24T13:39:03.322] [INFO] dao.baseDao - show-table-info:testTable
[2018-08-24T13:39:16.086] [INFO] dao.baseDao - show-table-info:m_component_props
[2018-08-24T13:39:16.095] [INFO] dao.baseDao - show-table-info:m_components
[2018-08-24T13:39:16.097] [INFO] dao.baseDao - show-table-info:m_component_props
[2018-08-24T13:39:16.099] [INFO] dao.baseDao - show-table-info:m_component_props
[2018-08-24T13:39:16.101] [INFO] dao.baseDao - show-table-info:m_components
[2018-08-24T13:39:16.103] [INFO] dao.baseDao - show-table-info:m_fields
[2018-08-24T13:39:16.107] [INFO] dao.baseDao - show-table-info:m_components
[2018-08-24T13:39:16.113] [INFO] dao.baseDao - show-table-info:m_fields
[2018-08-24T13:39:16.117] [INFO] dao.baseDao - show-table-info:m_models
[2018-08-24T13:39:16.119] [INFO] dao.baseDao - show-table-info:m_models
[2018-08-24T13:39:16.119] [INFO] dao.baseDao - show-table-info:m_fields
[2018-08-24T13:39:16.123] [INFO] dao.baseDao - show-table-info:m_page
[2018-08-24T13:39:16.125] [INFO] dao.baseDao - show-table-info:m_page
[2018-08-24T13:39:16.127] [INFO] dao.baseDao - show-table-info:m_systems
[2018-08-24T13:39:16.128] [INFO] dao.baseDao - show-table-info:m_models
[2018-08-24T13:39:16.129] [INFO] dao.baseDao - show-table-info:m_systems
[2018-08-24T13:39:16.132] [INFO] dao.baseDao - show-table-info:m_theme
[2018-08-24T13:39:16.133] [INFO] dao.baseDao - show-table-info:m_page
[2018-08-24T13:39:16.136] [INFO] dao.baseDao - show-table-info:test2
[2018-08-24T13:39:16.138] [INFO] dao.baseDao - show-table-info:m_theme
[2018-08-24T13:39:16.141] [INFO] dao.baseDao - show-table-info:m_systems
[2018-08-24T13:39:16.142] [INFO] dao.baseDao - show-table-info:testTable
[2018-08-24T13:39:16.157] [INFO] dao.baseDao - show-table-info:test2
[2018-08-24T13:39:16.257] [INFO] dao.baseDao - query-all:m_theme
[2018-08-24T13:39:16.258] [INFO] dao.baseDao - show-table-info:testTable
[2018-08-24T13:39:16.259] [INFO] dao.baseDao - show-table-info:m_theme
[2018-08-24T13:39:16.295] [INFO] dao.baseDao - query-page:m_components
[2018-08-24T13:39:16.297] [INFO] dao.baseDao - show-table-info:test2
[2018-08-24T13:39:16.305] [INFO] dao.baseDao - show-table-info:testTable
[2018-08-24T13:39:16.307] [INFO] dao.baseDao - 1
[2018-08-24T13:39:16.308] [INFO] dao.baseDao - { page: 0,
  limit: 10,
  list: 
   [ RowDataPacket {
       id: 1,
       name: 'input',
       theme: 1,
       frontShow: null,
       backShow: null,
       createAt: 2018-08-20T14:07:29.000Z,
       createBy: 1,
       updateAt: 2018-08-20T14:07:29.000Z,
       isDeleted: 0,
       deletedAt: 2018-08-20T14:07:29.000Z } ],
  total: 1 }
[2018-08-24T13:39:16.351] [INFO] dao.baseDao - query-all:m_component_props
[2018-08-24T13:39:16.969] [INFO] dao.baseDao - show-table-info:m_component_props
[2018-08-24T13:39:16.970] [INFO] dao.baseDao - show-table-info:m_components
[2018-08-24T13:39:16.971] [INFO] dao.baseDao - show-table-info:m_fields
[2018-08-24T13:39:16.974] [INFO] dao.baseDao - show-table-info:m_models
[2018-08-24T13:39:16.977] [INFO] dao.baseDao - show-table-info:m_page
[2018-08-24T13:39:16.981] [INFO] dao.baseDao - show-table-info:m_systems
[2018-08-24T13:39:17.008] [INFO] dao.baseDao - show-table-info:m_theme
[2018-08-24T13:39:17.010] [INFO] dao.baseDao - show-table-info:test2
[2018-08-24T13:39:17.014] [INFO] dao.baseDao - show-table-info:testTable
[2018-08-24T13:39:17.042] [INFO] dao.baseDao - query-all:m_component_props
[2018-08-24T13:39:43.873] [INFO] dao.baseDao - show-table-info:m_component_props
[2018-08-24T13:39:43.875] [INFO] dao.baseDao - show-table-info:m_components
[2018-08-24T13:39:43.877] [INFO] dao.baseDao - show-table-info:m_fields
[2018-08-24T13:39:43.879] [INFO] dao.baseDao - show-table-info:m_models
[2018-08-24T13:39:43.881] [INFO] dao.baseDao - show-table-info:m_page
[2018-08-24T13:39:43.886] [INFO] dao.baseDao - show-table-info:m_systems
[2018-08-24T13:39:43.891] [INFO] dao.baseDao - show-table-info:m_theme
[2018-08-24T13:39:43.893] [INFO] dao.baseDao - show-table-info:test2
[2018-08-24T13:39:43.897] [INFO] dao.baseDao - show-table-info:testTable
[2018-08-24T13:39:43.963] [INFO] dao.baseDao - query-ById:m_component_props,id:6
[2018-08-24T13:41:55.823] [INFO] dao.baseDao - show-table-info:m_component_props
[2018-08-24T13:41:55.826] [INFO] dao.baseDao - show-table-info:m_components
[2018-08-24T13:41:55.831] [INFO] dao.baseDao - show-table-info:m_fields
[2018-08-24T13:41:55.833] [INFO] dao.baseDao - show-table-info:m_models
[2018-08-24T13:41:55.835] [INFO] dao.baseDao - show-table-info:m_page
[2018-08-24T13:41:55.837] [INFO] dao.baseDao - show-table-info:m_systems
[2018-08-24T13:41:55.838] [INFO] dao.baseDao - show-table-info:m_theme
[2018-08-24T13:41:55.841] [INFO] dao.baseDao - show-table-info:test2
[2018-08-24T13:41:55.849] [INFO] dao.baseDao - show-table-info:testTable
[2018-08-24T13:41:55.973] [INFO] dao.baseDao - query-ById:m_components,id:2
[2018-08-24T13:42:03.649] [INFO] dao.baseDao - show-table-info:m_component_props
[2018-08-24T13:42:03.651] [INFO] dao.baseDao - show-table-info:m_components
[2018-08-24T13:42:03.652] [INFO] dao.baseDao - show-table-info:m_fields
[2018-08-24T13:42:03.654] [INFO] dao.baseDao - show-table-info:m_models
[2018-08-24T13:42:03.656] [INFO] dao.baseDao - show-table-info:m_page
[2018-08-24T13:42:03.659] [INFO] dao.baseDao - show-table-info:m_systems
[2018-08-24T13:42:03.661] [INFO] dao.baseDao - show-table-info:m_theme
[2018-08-24T13:42:03.665] [INFO] dao.baseDao - show-table-info:test2
[2018-08-24T13:42:03.666] [INFO] dao.baseDao - show-table-info:m_component_props
[2018-08-24T13:42:03.668] [INFO] dao.baseDao - show-table-info:testTable
[2018-08-24T13:42:03.671] [INFO] dao.baseDao - show-table-info:m_components
[2018-08-24T13:42:03.737] [INFO] dao.baseDao - query-page:m_components
[2018-08-24T13:42:03.739] [INFO] dao.baseDao - show-table-info:m_fields
[2018-08-24T13:42:03.741] [INFO] dao.baseDao - 2
[2018-08-24T13:42:03.741] [INFO] dao.baseDao - { page: 0,
  limit: 10,
  list: 
   [ RowDataPacket {
       id: 1,
       name: 'input',
       theme: 1,
       frontShow: null,
       backShow: null,
       createAt: 2018-08-20T14:07:29.000Z,
       createBy: 1,
       updateAt: 2018-08-20T14:07:29.000Z,
       isDeleted: 0,
       deletedAt: 2018-08-20T14:07:29.000Z },
     RowDataPacket {
       id: 2,
       name: 'select',
       theme: 1,
       frontShow: null,
       backShow: null,
       createAt: 2018-08-24T05:41:55.000Z,
       createBy: 1,
       updateAt: 2018-08-24T05:41:55.000Z,
       isDeleted: 0,
       deletedAt: 2018-08-24T05:41:55.000Z } ],
  total: 2 }
[2018-08-24T13:42:03.749] [INFO] dao.baseDao - show-table-info:m_models
[2018-08-24T13:42:03.755] [INFO] dao.baseDao - show-table-info:m_page
[2018-08-24T13:42:03.757] [INFO] dao.baseDao - show-table-info:m_systems
[2018-08-24T13:42:03.759] [INFO] dao.baseDao - show-table-info:m_component_props
[2018-08-24T13:42:03.760] [INFO] dao.baseDao - show-table-info:m_theme
[2018-08-24T13:42:03.761] [INFO] dao.baseDao - show-table-info:m_components
[2018-08-24T13:42:03.764] [INFO] dao.baseDao - show-table-info:test2
[2018-08-24T13:42:03.765] [INFO] dao.baseDao - show-table-info:m_fields
[2018-08-24T13:42:03.767] [INFO] dao.baseDao - show-table-info:testTable
[2018-08-24T13:42:03.768] [INFO] dao.baseDao - show-table-info:m_models
[2018-08-24T13:42:03.832] [INFO] dao.baseDao - query-all:m_theme
[2018-08-24T13:42:03.833] [INFO] dao.baseDao - show-table-info:m_page
[2018-08-24T13:42:03.836] [INFO] dao.baseDao - show-table-info:m_systems
[2018-08-24T13:42:03.843] [INFO] dao.baseDao - show-table-info:m_theme
[2018-08-24T13:42:03.850] [INFO] dao.baseDao - show-table-info:test2
[2018-08-24T13:42:03.854] [INFO] dao.baseDao - show-table-info:testTable
[2018-08-24T13:42:04.122] [INFO] dao.baseDao - query-all:m_component_props
[2018-08-24T13:42:05.276] [INFO] dao.baseDao - show-table-info:m_component_props
[2018-08-24T13:42:05.278] [INFO] dao.baseDao - show-table-info:m_components
[2018-08-24T13:42:05.281] [INFO] dao.baseDao - show-table-info:m_fields
[2018-08-24T13:42:05.283] [INFO] dao.baseDao - show-table-info:m_models
[2018-08-24T13:42:05.285] [INFO] dao.baseDao - show-table-info:m_page
[2018-08-24T13:42:05.292] [INFO] dao.baseDao - show-table-info:m_systems
[2018-08-24T13:42:05.310] [INFO] dao.baseDao - show-table-info:m_theme
[2018-08-24T13:42:05.314] [INFO] dao.baseDao - show-table-info:test2
[2018-08-24T13:42:05.318] [INFO] dao.baseDao - show-table-info:testTable
[2018-08-24T13:42:05.385] [INFO] dao.baseDao - query-all:m_component_props
[2018-08-24T13:42:06.317] [INFO] dao.baseDao - show-table-info:m_component_props
[2018-08-24T13:42:06.320] [INFO] dao.baseDao - show-table-info:m_components
[2018-08-24T13:42:06.323] [INFO] dao.baseDao - show-table-info:m_fields
[2018-08-24T13:42:06.325] [INFO] dao.baseDao - show-table-info:m_models
[2018-08-24T13:42:06.329] [INFO] dao.baseDao - show-table-info:m_page
[2018-08-24T13:42:06.331] [INFO] dao.baseDao - show-table-info:m_systems
[2018-08-24T13:42:06.337] [INFO] dao.baseDao - show-table-info:m_theme
[2018-08-24T13:42:06.340] [INFO] dao.baseDao - show-table-info:test2
[2018-08-24T13:42:06.344] [INFO] dao.baseDao - show-table-info:testTable
[2018-08-24T13:42:06.393] [INFO] dao.baseDao - query-all:m_component_props
[2018-08-24T13:42:15.062] [INFO] dao.baseDao - show-table-info:m_component_props
[2018-08-24T13:42:15.064] [INFO] dao.baseDao - show-table-info:m_components
[2018-08-24T13:42:15.066] [INFO] dao.baseDao - show-table-info:m_fields
[2018-08-24T13:42:15.069] [INFO] dao.baseDao - show-table-info:m_models
[2018-08-24T13:42:15.072] [INFO] dao.baseDao - show-table-info:m_page
[2018-08-24T13:42:15.075] [INFO] dao.baseDao - show-table-info:m_systems
[2018-08-24T13:42:15.078] [INFO] dao.baseDao - show-table-info:m_theme
[2018-08-24T13:42:15.080] [INFO] dao.baseDao - show-table-info:test2
[2018-08-24T13:42:15.082] [INFO] dao.baseDao - show-table-info:testTable
[2018-08-24T13:44:15.124] [INFO] dao.baseDao - show-table-info:m_component_props
[2018-08-24T13:44:15.134] [INFO] dao.baseDao - show-table-info:m_components
[2018-08-24T13:44:15.136] [INFO] dao.baseDao - show-table-info:m_fields
[2018-08-24T13:44:15.137] [INFO] dao.baseDao - show-table-info:m_models
[2018-08-24T13:44:15.139] [INFO] dao.baseDao - show-table-info:m_component_props
[2018-08-24T13:44:15.140] [INFO] dao.baseDao - show-table-info:m_page
[2018-08-24T13:44:15.141] [INFO] dao.baseDao - show-table-info:m_components
[2018-08-24T13:44:15.143] [INFO] dao.baseDao - show-table-info:m_systems
[2018-08-24T13:44:15.147] [INFO] dao.baseDao - show-table-info:m_fields
[2018-08-24T13:44:15.150] [INFO] dao.baseDao - show-table-info:m_theme
[2018-08-24T13:44:15.151] [INFO] dao.baseDao - show-table-info:m_models
[2018-08-24T13:44:15.153] [INFO] dao.baseDao - show-table-info:test2
[2018-08-24T13:44:15.154] [INFO] dao.baseDao - show-table-info:m_page
[2018-08-24T13:44:15.155] [INFO] dao.baseDao - show-table-info:testTable
[2018-08-24T13:44:15.156] [INFO] dao.baseDao - show-table-info:m_systems
[2018-08-24T13:44:15.183] [INFO] dao.baseDao - query-page:m_components
[2018-08-24T13:44:15.184] [INFO] dao.baseDao - show-table-info:m_theme
[2018-08-24T13:44:15.187] [INFO] dao.baseDao - show-table-info:test2
[2018-08-24T13:44:15.189] [INFO] dao.baseDao - 2
[2018-08-24T13:44:15.190] [INFO] dao.baseDao - { page: 0,
  limit: 10,
  list: 
   [ RowDataPacket {
       id: 1,
       name: 'input',
       theme: 1,
       frontShow: null,
       backShow: null,
       createAt: 2018-08-20T14:07:29.000Z,
       createBy: 1,
       updateAt: 2018-08-20T14:07:29.000Z,
       isDeleted: 0,
       deletedAt: 2018-08-20T14:07:29.000Z },
     RowDataPacket {
       id: 2,
       name: 'select',
       theme: 1,
       frontShow: null,
       backShow: null,
       createAt: 2018-08-24T05:41:55.000Z,
       createBy: 1,
       updateAt: 2018-08-24T05:41:55.000Z,
       isDeleted: 0,
       deletedAt: 2018-08-24T05:41:55.000Z } ],
  total: 2 }
[2018-08-24T13:44:15.191] [INFO] dao.baseDao - show-table-info:testTable
[2018-08-24T13:44:15.227] [INFO] dao.baseDao - query-all:m_component_props
[2018-08-24T13:44:19.678] [INFO] dao.baseDao - show-table-info:m_component_props
[2018-08-24T13:44:19.680] [INFO] dao.baseDao - show-table-info:m_components
[2018-08-24T13:44:19.683] [INFO] dao.baseDao - show-table-info:m_fields
[2018-08-24T13:44:19.685] [INFO] dao.baseDao - show-table-info:m_models
[2018-08-24T13:44:19.689] [INFO] dao.baseDao - show-table-info:m_page
[2018-08-24T13:44:19.691] [INFO] dao.baseDao - show-table-info:m_systems
[2018-08-24T13:44:19.693] [INFO] dao.baseDao - show-table-info:m_theme
[2018-08-24T13:44:19.695] [INFO] dao.baseDao - show-table-info:test2
[2018-08-24T13:44:19.697] [INFO] dao.baseDao - show-table-info:testTable
[2018-08-24T13:44:19.757] [INFO] dao.baseDao - query-all:m_component_props
[2018-08-24T13:44:20.544] [INFO] dao.baseDao - show-table-info:m_component_props
[2018-08-24T13:44:20.545] [INFO] dao.baseDao - show-table-info:m_components
[2018-08-24T13:44:20.547] [INFO] dao.baseDao - show-table-info:m_fields
[2018-08-24T13:44:20.549] [INFO] dao.baseDao - show-table-info:m_models
[2018-08-24T13:44:20.553] [INFO] dao.baseDao - show-table-info:m_page
[2018-08-24T13:44:20.559] [INFO] dao.baseDao - show-table-info:m_systems
[2018-08-24T13:44:20.561] [INFO] dao.baseDao - show-table-info:m_theme
[2018-08-24T13:44:20.564] [INFO] dao.baseDao - show-table-info:test2
[2018-08-24T13:44:20.597] [INFO] dao.baseDao - show-table-info:testTable
[2018-08-24T13:44:20.633] [INFO] dao.baseDao - query-all:m_component_props
[2018-08-24T13:44:21.863] [INFO] dao.baseDao - show-table-info:m_component_props
[2018-08-24T13:44:21.864] [INFO] dao.baseDao - show-table-info:m_components
[2018-08-24T13:44:21.866] [INFO] dao.baseDao - show-table-info:m_fields
[2018-08-24T13:44:21.870] [INFO] dao.baseDao - show-table-info:m_models
[2018-08-24T13:44:21.872] [INFO] dao.baseDao - show-table-info:m_page
[2018-08-24T13:44:21.876] [INFO] dao.baseDao - show-table-info:m_systems
[2018-08-24T13:44:21.879] [INFO] dao.baseDao - show-table-info:m_theme
[2018-08-24T13:44:21.884] [INFO] dao.baseDao - show-table-info:test2
[2018-08-24T13:44:21.891] [INFO] dao.baseDao - show-table-info:testTable
[2018-08-24T13:44:21.963] [INFO] dao.baseDao - query-all:m_component_props
[2018-08-24T13:44:25.411] [INFO] dao.baseDao - show-table-info:m_component_props
[2018-08-24T13:44:25.412] [INFO] dao.baseDao - show-table-info:m_components
[2018-08-24T13:44:25.414] [INFO] dao.baseDao - show-table-info:m_fields
[2018-08-24T13:44:25.429] [INFO] dao.baseDao - show-table-info:m_models
[2018-08-24T13:44:25.436] [INFO] dao.baseDao - show-table-info:m_page
[2018-08-24T13:44:25.444] [INFO] dao.baseDao - show-table-info:m_systems
[2018-08-24T13:44:25.447] [INFO] dao.baseDao - show-table-info:m_theme
[2018-08-24T13:44:25.449] [INFO] dao.baseDao - show-table-info:test2
[2018-08-24T13:44:25.454] [INFO] dao.baseDao - show-table-info:testTable
[2018-08-24T13:44:25.513] [INFO] dao.baseDao - query-all:m_component_props
[2018-08-24T13:44:26.757] [INFO] dao.baseDao - show-table-info:m_component_props
[2018-08-24T13:44:26.759] [INFO] dao.baseDao - show-table-info:m_components
[2018-08-24T13:44:26.763] [INFO] dao.baseDao - show-table-info:m_fields
[2018-08-24T13:44:26.766] [INFO] dao.baseDao - show-table-info:m_models
[2018-08-24T13:44:26.771] [INFO] dao.baseDao - show-table-info:m_page
[2018-08-24T13:44:26.774] [INFO] dao.baseDao - show-table-info:m_systems
[2018-08-24T13:44:26.777] [INFO] dao.baseDao - show-table-info:m_theme
[2018-08-24T13:44:26.779] [INFO] dao.baseDao - show-table-info:test2
[2018-08-24T13:44:26.780] [INFO] dao.baseDao - show-table-info:testTable
[2018-08-24T13:44:26.831] [INFO] dao.baseDao - query-all:m_component_props
[2018-08-24T13:44:35.917] [INFO] dao.baseDao - show-table-info:m_component_props
[2018-08-24T13:44:35.919] [INFO] dao.baseDao - show-table-info:m_components
[2018-08-24T13:44:35.921] [INFO] dao.baseDao - show-table-info:m_fields
[2018-08-24T13:44:35.926] [INFO] dao.baseDao - show-table-info:m_models
[2018-08-24T13:44:35.929] [INFO] dao.baseDao - show-table-info:m_page
[2018-08-24T13:44:35.938] [INFO] dao.baseDao - show-table-info:m_systems
[2018-08-24T13:44:35.945] [INFO] dao.baseDao - show-table-info:m_theme
[2018-08-24T13:44:35.950] [INFO] dao.baseDao - show-table-info:test2
[2018-08-24T13:44:35.952] [INFO] dao.baseDao - show-table-info:testTable
[2018-08-24T13:44:36.028] [INFO] dao.baseDao - query-ById:m_component_props,id:7
[2018-08-24T13:44:36.057] [INFO] dao.baseDao - show-table-info:m_component_props
[2018-08-24T13:44:36.061] [INFO] dao.baseDao - show-table-info:m_components
[2018-08-24T13:44:36.063] [INFO] dao.baseDao - show-table-info:m_fields
[2018-08-24T13:44:36.067] [INFO] dao.baseDao - show-table-info:m_models
[2018-08-24T13:44:36.071] [INFO] dao.baseDao - show-table-info:m_page
[2018-08-24T13:44:36.073] [INFO] dao.baseDao - show-table-info:m_systems
[2018-08-24T13:44:36.077] [INFO] dao.baseDao - show-table-info:m_theme
[2018-08-24T13:44:36.080] [INFO] dao.baseDao - show-table-info:test2
[2018-08-24T13:44:36.083] [INFO] dao.baseDao - show-table-info:testTable
[2018-08-24T13:44:36.116] [INFO] dao.baseDao - query-all:m_component_props
[2018-08-24T13:44:40.367] [INFO] dao.baseDao - show-table-info:m_component_props
[2018-08-24T13:44:40.368] [INFO] dao.baseDao - show-table-info:m_components
[2018-08-24T13:44:40.373] [INFO] dao.baseDao - show-table-info:m_fields
[2018-08-24T13:44:40.378] [INFO] dao.baseDao - show-table-info:m_models
[2018-08-24T13:44:40.382] [INFO] dao.baseDao - show-table-info:m_page
[2018-08-24T13:44:40.389] [INFO] dao.baseDao - show-table-info:m_systems
[2018-08-24T13:44:40.393] [INFO] dao.baseDao - show-table-info:m_theme
[2018-08-24T13:44:40.395] [INFO] dao.baseDao - show-table-info:test2
[2018-08-24T13:44:40.398] [INFO] dao.baseDao - show-table-info:testTable
[2018-08-24T13:44:40.461] [INFO] dao.baseDao - query-all:m_component_props
[2018-08-24T13:44:41.630] [INFO] dao.baseDao - show-table-info:m_component_props
[2018-08-24T13:44:41.632] [INFO] dao.baseDao - show-table-info:m_components
[2018-08-24T13:44:41.633] [INFO] dao.baseDao - show-table-info:m_fields
[2018-08-24T13:44:41.634] [INFO] dao.baseDao - show-table-info:m_models
[2018-08-24T13:44:41.639] [INFO] dao.baseDao - show-table-info:m_page
[2018-08-24T13:44:41.642] [INFO] dao.baseDao - show-table-info:m_systems
[2018-08-24T13:44:41.645] [INFO] dao.baseDao - show-table-info:m_theme
[2018-08-24T13:44:41.647] [INFO] dao.baseDao - show-table-info:test2
[2018-08-24T13:44:41.651] [INFO] dao.baseDao - show-table-info:testTable
[2018-08-24T13:44:41.698] [INFO] dao.baseDao - query-all:m_component_props
[2018-08-24T13:44:44.505] [INFO] dao.baseDao - show-table-info:m_component_props
[2018-08-24T13:44:44.507] [INFO] dao.baseDao - show-table-info:m_components
[2018-08-24T13:44:44.510] [INFO] dao.baseDao - show-table-info:m_fields
[2018-08-24T13:44:44.520] [INFO] dao.baseDao - show-table-info:m_models
[2018-08-24T13:44:44.523] [INFO] dao.baseDao - show-table-info:m_page
[2018-08-24T13:44:44.524] [INFO] dao.baseDao - show-table-info:m_systems
[2018-08-24T13:44:44.526] [INFO] dao.baseDao - show-table-info:m_theme
[2018-08-24T13:44:44.528] [INFO] dao.baseDao - show-table-info:test2
[2018-08-24T13:44:44.531] [INFO] dao.baseDao - show-table-info:testTable
[2018-08-24T13:44:44.602] [INFO] dao.baseDao - show-table-info:m_component_props
[2018-08-24T13:44:44.604] [INFO] dao.baseDao - show-table-info:m_components
[2018-08-24T13:44:44.606] [INFO] dao.baseDao - show-table-info:m_fields
[2018-08-24T13:44:44.608] [INFO] dao.baseDao - show-table-info:m_models
[2018-08-24T13:44:44.611] [INFO] dao.baseDao - show-table-info:m_page
[2018-08-24T13:44:44.615] [INFO] dao.baseDao - show-table-info:m_systems
[2018-08-24T13:44:44.618] [INFO] dao.baseDao - show-table-info:m_theme
[2018-08-24T13:44:44.620] [INFO] dao.baseDao - show-table-info:test2
[2018-08-24T13:44:44.621] [INFO] dao.baseDao - show-table-info:testTable
[2018-08-24T13:44:44.664] [INFO] dao.baseDao - query-all:m_component_props
[2018-08-24T13:44:45.918] [INFO] dao.baseDao - show-table-info:m_component_props
[2018-08-24T13:44:45.919] [INFO] dao.baseDao - show-table-info:m_components
[2018-08-24T13:44:45.921] [INFO] dao.baseDao - show-table-info:m_fields
[2018-08-24T13:44:45.924] [INFO] dao.baseDao - show-table-info:m_models
[2018-08-24T13:44:45.926] [INFO] dao.baseDao - show-table-info:m_page
[2018-08-24T13:44:45.928] [INFO] dao.baseDao - show-table-info:m_systems
[2018-08-24T13:44:45.943] [INFO] dao.baseDao - show-table-info:m_theme
[2018-08-24T13:44:45.947] [INFO] dao.baseDao - show-table-info:test2
[2018-08-24T13:44:45.951] [INFO] dao.baseDao - show-table-info:testTable
[2018-08-24T13:44:45.991] [INFO] dao.baseDao - query-all:m_component_props
[2018-08-24T13:44:46.746] [INFO] dao.baseDao - show-table-info:m_component_props
[2018-08-24T13:44:46.750] [INFO] dao.baseDao - show-table-info:m_components
[2018-08-24T13:44:46.752] [INFO] dao.baseDao - show-table-info:m_fields
[2018-08-24T13:44:46.784] [INFO] dao.baseDao - show-table-info:m_models
[2018-08-24T13:44:46.788] [INFO] dao.baseDao - show-table-info:m_page
[2018-08-24T13:44:46.791] [INFO] dao.baseDao - show-table-info:m_systems
[2018-08-24T13:44:46.795] [INFO] dao.baseDao - show-table-info:m_theme
[2018-08-24T13:44:46.798] [INFO] dao.baseDao - show-table-info:test2
[2018-08-24T13:44:46.801] [INFO] dao.baseDao - show-table-info:testTable
[2018-08-24T13:44:46.827] [INFO] dao.baseDao - query-all:m_component_props
[2018-08-24T13:44:47.772] [INFO] dao.baseDao - show-table-info:m_component_props
[2018-08-24T13:44:47.773] [INFO] dao.baseDao - show-table-info:m_components
[2018-08-24T13:44:47.775] [INFO] dao.baseDao - show-table-info:m_fields
[2018-08-24T13:44:47.776] [INFO] dao.baseDao - show-table-info:m_models
[2018-08-24T13:44:47.777] [INFO] dao.baseDao - show-table-info:m_page
[2018-08-24T13:44:47.789] [INFO] dao.baseDao - show-table-info:m_systems
[2018-08-24T13:44:47.792] [INFO] dao.baseDao - show-table-info:m_theme
[2018-08-24T13:44:47.794] [INFO] dao.baseDao - show-table-info:test2
[2018-08-24T13:44:47.798] [INFO] dao.baseDao - show-table-info:testTable
[2018-08-24T13:44:47.837] [INFO] dao.baseDao - query-all:m_component_props
[2018-08-24T13:45:22.073] [INFO] dao.baseDao - show-table-info:m_component_props
[2018-08-24T13:45:22.076] [INFO] dao.baseDao - show-table-info:m_components
[2018-08-24T13:45:22.079] [INFO] dao.baseDao - show-table-info:m_fields
[2018-08-24T13:45:22.082] [INFO] dao.baseDao - show-table-info:m_models
[2018-08-24T13:45:22.085] [INFO] dao.baseDao - show-table-info:m_page
[2018-08-24T13:45:22.088] [INFO] dao.baseDao - show-table-info:m_systems
[2018-08-24T13:45:22.091] [INFO] dao.baseDao - show-table-info:m_theme
[2018-08-24T13:45:22.097] [INFO] dao.baseDao - show-table-info:test2
[2018-08-24T13:45:22.099] [INFO] dao.baseDao - show-table-info:testTable
[2018-08-24T13:45:22.148] [INFO] dao.baseDao - query-all:m_component_props
[2018-08-24T13:50:31.987] [INFO] dao.baseDao - show-table-info:m_component_props
[2018-08-24T13:50:31.989] [INFO] dao.baseDao - show-table-info:m_component_props
[2018-08-24T13:50:31.995] [INFO] dao.baseDao - show-table-info:m_components
[2018-08-24T13:50:31.999] [INFO] dao.baseDao - show-table-info:m_component_props
[2018-08-24T13:50:32.002] [INFO] dao.baseDao - show-table-info:m_components
[2018-08-24T13:50:32.007] [INFO] dao.baseDao - show-table-info:m_fields
[2018-08-24T13:50:32.008] [INFO] dao.baseDao - show-table-info:m_components
[2018-08-24T13:50:32.011] [INFO] dao.baseDao - show-table-info:m_fields
[2018-08-24T13:50:32.015] [INFO] dao.baseDao - show-table-info:m_fields
[2018-08-24T13:50:32.019] [INFO] dao.baseDao - show-table-info:m_models
[2018-08-24T13:50:32.022] [INFO] dao.baseDao - show-table-info:m_models
[2018-08-24T13:50:32.023] [INFO] dao.baseDao - show-table-info:m_models
[2018-08-24T13:50:32.027] [INFO] dao.baseDao - show-table-info:m_page
[2018-08-24T13:50:32.029] [INFO] dao.baseDao - show-table-info:m_page
[2018-08-24T13:50:32.036] [INFO] dao.baseDao - show-table-info:m_page
[2018-08-24T13:50:32.039] [INFO] dao.baseDao - show-table-info:m_systems
[2018-08-24T13:50:32.040] [INFO] dao.baseDao - show-table-info:m_systems
[2018-08-24T13:50:32.041] [INFO] dao.baseDao - show-table-info:m_systems
[2018-08-24T13:50:32.042] [INFO] dao.baseDao - show-table-info:m_theme
[2018-08-24T13:50:32.043] [INFO] dao.baseDao - show-table-info:m_theme
[2018-08-24T13:50:32.044] [INFO] dao.baseDao - show-table-info:m_theme
[2018-08-24T13:50:32.045] [INFO] dao.baseDao - show-table-info:test2
[2018-08-24T13:50:32.046] [INFO] dao.baseDao - show-table-info:test2
[2018-08-24T13:50:32.052] [INFO] dao.baseDao - show-table-info:testTable
[2018-08-24T13:50:32.054] [INFO] dao.baseDao - show-table-info:test2
[2018-08-24T13:50:32.055] [INFO] dao.baseDao - show-table-info:testTable
[2018-08-24T13:50:32.118] [INFO] dao.baseDao - query-all:m_theme
[2018-08-24T13:50:32.167] [INFO] dao.baseDao - query-all:m_component_props
[2018-08-24T13:50:32.168] [INFO] dao.baseDao - show-table-info:testTable
[2018-08-24T13:50:32.222] [INFO] dao.baseDao - query-page:m_components
[2018-08-24T13:50:32.224] [INFO] dao.baseDao - 2
[2018-08-24T13:50:32.224] [INFO] dao.baseDao - { page: 0,
  limit: 10,
  list: 
   [ RowDataPacket {
       id: 1,
       name: 'input',
       theme: 1,
       frontShow: null,
       backShow: null,
       createAt: 2018-08-20T14:07:29.000Z,
       createBy: 1,
       updateAt: 2018-08-20T14:07:29.000Z,
       isDeleted: 0,
       deletedAt: 2018-08-20T14:07:29.000Z },
     RowDataPacket {
       id: 2,
       name: 'select',
       theme: 1,
       frontShow: null,
       backShow: null,
       createAt: 2018-08-24T05:41:55.000Z,
       createBy: 1,
       updateAt: 2018-08-24T05:41:55.000Z,
       isDeleted: 0,
       deletedAt: 2018-08-24T05:41:55.000Z } ],
  total: 2 }
[2018-08-24T13:50:34.634] [INFO] dao.baseDao - show-table-info:m_component_props
[2018-08-24T13:50:34.635] [INFO] dao.baseDao - show-table-info:m_components
[2018-08-24T13:50:34.637] [INFO] dao.baseDao - show-table-info:m_fields
[2018-08-24T13:50:34.639] [INFO] dao.baseDao - show-table-info:m_models
[2018-08-24T13:50:34.640] [INFO] dao.baseDao - show-table-info:m_page
[2018-08-24T13:50:34.641] [INFO] dao.baseDao - show-table-info:m_systems
[2018-08-24T13:50:34.642] [INFO] dao.baseDao - show-table-info:m_theme
[2018-08-24T13:50:34.643] [INFO] dao.baseDao - show-table-info:test2
[2018-08-24T13:50:34.645] [INFO] dao.baseDao - show-table-info:testTable
[2018-08-24T13:50:34.696] [INFO] dao.baseDao - query-all:m_component_props
[2018-08-24T13:50:35.543] [INFO] dao.baseDao - show-table-info:m_component_props
[2018-08-24T13:50:35.544] [INFO] dao.baseDao - show-table-info:m_components
[2018-08-24T13:50:35.545] [INFO] dao.baseDao - show-table-info:m_fields
[2018-08-24T13:50:35.546] [INFO] dao.baseDao - show-table-info:m_models
[2018-08-24T13:50:35.548] [INFO] dao.baseDao - show-table-info:m_page
[2018-08-24T13:50:35.549] [INFO] dao.baseDao - show-table-info:m_systems
[2018-08-24T13:50:35.551] [INFO] dao.baseDao - show-table-info:m_theme
[2018-08-24T13:50:35.553] [INFO] dao.baseDao - show-table-info:test2
[2018-08-24T13:50:35.555] [INFO] dao.baseDao - show-table-info:testTable
[2018-08-24T13:50:35.599] [INFO] dao.baseDao - query-all:m_component_props
[2018-08-24T13:50:37.093] [INFO] dao.baseDao - show-table-info:m_component_props
[2018-08-24T13:50:37.095] [INFO] dao.baseDao - show-table-info:m_components
[2018-08-24T13:50:37.096] [INFO] dao.baseDao - show-table-info:m_fields
[2018-08-24T13:50:37.099] [INFO] dao.baseDao - show-table-info:m_models
[2018-08-24T13:50:37.100] [INFO] dao.baseDao - show-table-info:m_page
[2018-08-24T13:50:37.103] [INFO] dao.baseDao - show-table-info:m_systems
[2018-08-24T13:50:37.108] [INFO] dao.baseDao - show-table-info:m_theme
[2018-08-24T13:50:37.110] [INFO] dao.baseDao - show-table-info:test2
[2018-08-24T13:50:37.111] [INFO] dao.baseDao - show-table-info:testTable
[2018-08-24T13:50:37.163] [INFO] dao.baseDao - query-all:m_component_props
[2018-08-24T21:14:58.464] [INFO] dao.baseDao - show-table-info:m_component_props
[2018-08-24T21:14:58.500] [INFO] dao.baseDao - show-table-info:m_components
[2018-08-24T21:14:58.511] [INFO] dao.baseDao - show-table-info:m_fields
[2018-08-24T21:14:58.515] [INFO] dao.baseDao - show-table-info:m_models
[2018-08-24T21:14:58.518] [INFO] dao.baseDao - show-table-info:m_page
[2018-08-24T21:14:58.525] [INFO] dao.baseDao - show-table-info:m_systems
[2018-08-24T21:14:58.527] [INFO] dao.baseDao - show-table-info:m_theme
[2018-08-24T21:14:58.543] [INFO] dao.baseDao - show-table-info:test2
[2018-08-24T21:14:58.545] [INFO] dao.baseDao - show-table-info:testTable
[2018-08-24T21:14:58.635] [INFO] dao.baseDao - query-all:m_component_props
[2018-08-24T21:14:59.904] [INFO] dao.baseDao - show-table-info:m_component_props
[2018-08-24T21:14:59.905] [INFO] dao.baseDao - show-table-info:m_components
[2018-08-24T21:14:59.907] [INFO] dao.baseDao - show-table-info:m_fields
[2018-08-24T21:14:59.909] [INFO] dao.baseDao - show-table-info:m_models
[2018-08-24T21:14:59.910] [INFO] dao.baseDao - show-table-info:m_page
[2018-08-24T21:14:59.912] [INFO] dao.baseDao - show-table-info:m_systems
[2018-08-24T21:14:59.913] [INFO] dao.baseDao - show-table-info:m_theme
[2018-08-24T21:14:59.914] [INFO] dao.baseDao - show-table-info:test2
[2018-08-24T21:14:59.915] [INFO] dao.baseDao - show-table-info:testTable
[2018-08-24T21:14:59.966] [INFO] dao.baseDao - query-all:m_component_props
[2018-08-24T21:15:06.431] [INFO] dao.baseDao - show-table-info:m_component_props
[2018-08-24T21:15:06.433] [INFO] dao.baseDao - show-table-info:m_components
[2018-08-24T21:15:06.438] [INFO] dao.baseDao - show-table-info:m_fields
[2018-08-24T21:15:06.439] [INFO] dao.baseDao - show-table-info:m_models
[2018-08-24T21:15:06.440] [INFO] dao.baseDao - show-table-info:m_page
[2018-08-24T21:15:06.442] [INFO] dao.baseDao - show-table-info:m_systems
[2018-08-24T21:15:06.443] [INFO] dao.baseDao - show-table-info:m_theme
[2018-08-24T21:15:06.445] [INFO] dao.baseDao - show-table-info:test2
[2018-08-24T21:15:06.446] [INFO] dao.baseDao - show-table-info:testTable
[2018-08-24T21:15:06.508] [INFO] dao.baseDao - query-all:m_component_props
[2018-08-24T21:17:11.274] [INFO] dao.baseDao - show-table-info:m_component_props
[2018-08-24T21:17:11.276] [INFO] dao.baseDao - show-table-info:m_components
[2018-08-24T21:17:11.278] [INFO] dao.baseDao - show-table-info:m_fields
[2018-08-24T21:17:11.279] [INFO] dao.baseDao - show-table-info:m_models
[2018-08-24T21:17:11.281] [INFO] dao.baseDao - show-table-info:m_page
[2018-08-24T21:17:11.284] [INFO] dao.baseDao - show-table-info:m_systems
[2018-08-24T21:17:11.286] [INFO] dao.baseDao - show-table-info:m_theme
[2018-08-24T21:17:11.289] [INFO] dao.baseDao - show-table-info:test2
[2018-08-24T21:17:11.291] [INFO] dao.baseDao - show-table-info:testTable
[2018-08-24T21:17:11.367] [INFO] dao.baseDao - query-ById:m_components,id:3
[2018-08-24T21:18:39.131] [INFO] dao.baseDao - show-table-info:m_component_props
[2018-08-24T21:18:39.138] [INFO] dao.baseDao - show-table-info:m_components
[2018-08-24T21:18:39.142] [INFO] dao.baseDao - show-table-info:m_component_props
[2018-08-24T21:18:39.143] [INFO] dao.baseDao - show-table-info:m_fields
[2018-08-24T21:18:39.152] [INFO] dao.baseDao - show-table-info:m_components
[2018-08-24T21:18:39.153] [INFO] dao.baseDao - show-table-info:m_models
[2018-08-24T21:18:39.156] [INFO] dao.baseDao - show-table-info:m_fields
[2018-08-24T21:18:39.157] [INFO] dao.baseDao - show-table-info:m_page
[2018-08-24T21:18:39.160] [INFO] dao.baseDao - show-table-info:m_models
[2018-08-24T21:18:39.161] [INFO] dao.baseDao - show-table-info:m_systems
[2018-08-24T21:18:39.162] [INFO] dao.baseDao - show-table-info:m_page
[2018-08-24T21:18:39.164] [INFO] dao.baseDao - show-table-info:m_theme
[2018-08-24T21:18:39.165] [INFO] dao.baseDao - show-table-info:m_systems
[2018-08-24T21:18:39.167] [INFO] dao.baseDao - show-table-info:test2
[2018-08-24T21:18:39.168] [INFO] dao.baseDao - show-table-info:m_theme
[2018-08-24T21:18:39.171] [INFO] dao.baseDao - show-table-info:testTable
[2018-08-24T21:18:39.215] [INFO] dao.baseDao - query-page:m_components
[2018-08-24T21:18:39.216] [INFO] dao.baseDao - show-table-info:test2
[2018-08-24T21:18:39.218] [INFO] dao.baseDao - show-table-info:testTable
[2018-08-24T21:18:39.221] [INFO] dao.baseDao - 3
[2018-08-24T21:18:39.222] [INFO] dao.baseDao - { page: 0,
  limit: 10,
  list: 
   [ RowDataPacket {
       id: 1,
       name: 'input',
       description: null,
       theme: 1,
       frontShow: null,
       backShow: null,
       createAt: 2018-08-20T14:07:29.000Z,
       createBy: 1,
       updateAt: 2018-08-20T14:07:29.000Z,
       isDeleted: 0,
       deletedAt: 2018-08-20T14:07:29.000Z },
     RowDataPacket {
       id: 2,
       name: 'select',
       description: null,
       theme: 1,
       frontShow: null,
       backShow: null,
       createAt: 2018-08-24T05:41:55.000Z,
       createBy: 1,
       updateAt: 2018-08-24T05:41:55.000Z,
       isDeleted: 0,
       deletedAt: 2018-08-24T05:41:55.000Z },
     RowDataPacket {
       id: 3,
       name: 'row',
       description: null,
       theme: 1,
       frontShow: null,
       backShow: null,
       createAt: 2018-08-24T13:17:11.000Z,
       createBy: 1,
       updateAt: 2018-08-24T13:17:11.000Z,
       isDeleted: 0,
       deletedAt: 2018-08-24T13:17:11.000Z } ],
  total: 3 }
[2018-08-24T21:18:39.262] [INFO] dao.baseDao - query-all:m_component_props
[2018-08-24T21:18:40.627] [INFO] dao.baseDao - show-table-info:m_component_props
[2018-08-24T21:18:40.629] [INFO] dao.baseDao - show-table-info:m_components
[2018-08-24T21:18:40.630] [INFO] dao.baseDao - show-table-info:m_fields
[2018-08-24T21:18:40.631] [INFO] dao.baseDao - show-table-info:m_models
[2018-08-24T21:18:40.632] [INFO] dao.baseDao - show-table-info:m_page
[2018-08-24T21:18:40.633] [INFO] dao.baseDao - show-table-info:m_systems
[2018-08-24T21:18:40.635] [INFO] dao.baseDao - show-table-info:m_theme
[2018-08-24T21:18:40.637] [INFO] dao.baseDao - show-table-info:test2
[2018-08-24T21:18:40.639] [INFO] dao.baseDao - show-table-info:testTable
[2018-08-24T21:18:40.671] [INFO] dao.baseDao - query-all:m_component_props
[2018-08-24T21:18:46.735] [INFO] dao.baseDao - show-table-info:m_component_props
[2018-08-24T21:18:46.736] [INFO] dao.baseDao - show-table-info:m_components
[2018-08-24T21:18:46.739] [INFO] dao.baseDao - show-table-info:m_fields
[2018-08-24T21:18:46.746] [INFO] dao.baseDao - show-table-info:m_models
[2018-08-24T21:18:46.747] [INFO] dao.baseDao - show-table-info:m_page
[2018-08-24T21:18:46.748] [INFO] dao.baseDao - show-table-info:m_systems
[2018-08-24T21:18:46.749] [INFO] dao.baseDao - show-table-info:m_theme
[2018-08-24T21:18:46.750] [INFO] dao.baseDao - show-table-info:test2
[2018-08-24T21:18:46.751] [INFO] dao.baseDao - show-table-info:testTable
[2018-08-24T21:18:46.814] [INFO] dao.baseDao - query-all:m_component_props
[2018-08-24T21:18:57.187] [INFO] dao.baseDao - show-table-info:m_component_props
[2018-08-24T21:18:57.189] [INFO] dao.baseDao - show-table-info:m_components
[2018-08-24T21:18:57.191] [INFO] dao.baseDao - show-table-info:m_fields
[2018-08-24T21:18:57.193] [INFO] dao.baseDao - show-table-info:m_models
[2018-08-24T21:18:57.194] [INFO] dao.baseDao - show-table-info:m_page
[2018-08-24T21:18:57.196] [INFO] dao.baseDao - show-table-info:m_systems
[2018-08-24T21:18:57.197] [INFO] dao.baseDao - show-table-info:m_theme
[2018-08-24T21:18:57.199] [INFO] dao.baseDao - show-table-info:test2
[2018-08-24T21:18:57.200] [INFO] dao.baseDao - show-table-info:testTable
[2018-08-24T21:18:57.232] [INFO] dao.baseDao - query-all:m_component_props
[2018-08-24T22:08:04.231] [INFO] dao.baseDao - show-table-info:m_component_props
[2018-08-24T22:08:04.234] [INFO] dao.baseDao - show-table-info:m_components
[2018-08-24T22:08:04.236] [INFO] dao.baseDao - show-table-info:m_component_props
[2018-08-24T22:08:04.242] [INFO] dao.baseDao - show-table-info:m_fields
[2018-08-24T22:08:04.242] [INFO] dao.baseDao - show-table-info:m_components
[2018-08-24T22:08:04.248] [INFO] dao.baseDao - show-table-info:m_fields
[2018-08-24T22:08:04.248] [INFO] dao.baseDao - show-table-info:m_models
[2018-08-24T22:08:04.250] [INFO] dao.baseDao - show-table-info:m_models
[2018-08-24T22:08:04.250] [INFO] dao.baseDao - show-table-info:m_page
[2018-08-24T22:08:04.252] [INFO] dao.baseDao - show-table-info:m_page
[2018-08-24T22:08:04.253] [INFO] dao.baseDao - show-table-info:m_systems
[2018-08-24T22:08:04.255] [INFO] dao.baseDao - show-table-info:m_systems
[2018-08-24T22:08:04.256] [INFO] dao.baseDao - show-table-info:m_theme
[2018-08-24T22:08:04.258] [INFO] dao.baseDao - show-table-info:m_theme
[2018-08-24T22:08:04.260] [INFO] dao.baseDao - show-table-info:test2
[2018-08-24T22:08:04.263] [INFO] dao.baseDao - show-table-info:test2
[2018-08-24T22:08:04.264] [INFO] dao.baseDao - show-table-info:testTable
[2018-08-24T22:08:04.266] [INFO] dao.baseDao - show-table-info:testTable
[2018-08-24T22:08:04.325] [INFO] dao.baseDao - query-page:m_components
[2018-08-24T22:08:04.374] [INFO] dao.baseDao - query-all:m_component_props
[2018-08-24T22:08:04.379] [INFO] dao.baseDao - 3
[2018-08-24T22:08:04.379] [INFO] dao.baseDao - { page: 0,
  limit: 10,
  list: 
   [ RowDataPacket {
       id: 1,
       name: 'input',
       description: null,
       theme: 1,
       frontShow: null,
       backShow: null,
       createAt: 2018-08-20T14:07:29.000Z,
       createBy: 1,
       updateAt: 2018-08-20T14:07:29.000Z,
       isDeleted: 0,
       deletedAt: 2018-08-20T14:07:29.000Z },
     RowDataPacket {
       id: 2,
       name: 'select',
       description: null,
       theme: 1,
       frontShow: null,
       backShow: null,
       createAt: 2018-08-24T05:41:55.000Z,
       createBy: 1,
       updateAt: 2018-08-24T05:41:55.000Z,
       isDeleted: 0,
       deletedAt: 2018-08-24T05:41:55.000Z },
     RowDataPacket {
       id: 3,
       name: 'row',
       description: null,
       theme: 1,
       frontShow: null,
       backShow: null,
       createAt: 2018-08-24T13:17:11.000Z,
       createBy: 1,
       updateAt: 2018-08-24T13:17:11.000Z,
       isDeleted: 0,
       deletedAt: 2018-08-24T13:17:11.000Z } ],
  total: 3 }
[2018-08-24T22:08:58.977] [INFO] dao.baseDao - show-table-info:m_component_props
[2018-08-24T22:08:58.978] [INFO] dao.baseDao - show-table-info:m_component_props
[2018-08-24T22:08:58.978] [INFO] dao.baseDao - show-table-info:m_components
[2018-08-24T22:08:58.982] [INFO] dao.baseDao - show-table-info:m_components
[2018-08-24T22:08:58.985] [INFO] dao.baseDao - show-table-info:m_fields
[2018-08-24T22:08:58.986] [INFO] dao.baseDao - show-table-info:m_fields
[2018-08-24T22:08:58.987] [INFO] dao.baseDao - show-table-info:m_models
[2018-08-24T22:08:58.989] [INFO] dao.baseDao - show-table-info:m_models
[2018-08-24T22:08:58.992] [INFO] dao.baseDao - show-table-info:m_page
[2018-08-24T22:08:58.998] [INFO] dao.baseDao - show-table-info:m_page
[2018-08-24T22:08:59.000] [INFO] dao.baseDao - show-table-info:m_systems
[2018-08-24T22:08:59.004] [INFO] dao.baseDao - show-table-info:m_systems
[2018-08-24T22:08:59.005] [INFO] dao.baseDao - show-table-info:m_theme
[2018-08-24T22:08:59.007] [INFO] dao.baseDao - show-table-info:m_theme
[2018-08-24T22:08:59.008] [INFO] dao.baseDao - show-table-info:test2
[2018-08-24T22:08:59.010] [INFO] dao.baseDao - show-table-info:test2
[2018-08-24T22:08:59.011] [INFO] dao.baseDao - show-table-info:testTable
[2018-08-24T22:08:59.012] [INFO] dao.baseDao - show-table-info:testTable
[2018-08-24T22:08:59.057] [INFO] dao.baseDao - query-page:m_components
[2018-08-24T22:08:59.085] [INFO] dao.baseDao - query-all:m_component_props
[2018-08-24T22:08:59.087] [INFO] dao.baseDao - 3
[2018-08-24T22:08:59.088] [INFO] dao.baseDao - { page: 0,
  limit: 10,
  list: 
   [ RowDataPacket {
       id: 1,
       name: 'input',
       description: null,
       theme: 1,
       frontShow: null,
       backShow: null,
       createAt: 2018-08-20T14:07:29.000Z,
       createBy: 1,
       updateAt: 2018-08-20T14:07:29.000Z,
       isDeleted: 0,
       deletedAt: 2018-08-20T14:07:29.000Z },
     RowDataPacket {
       id: 2,
       name: 'select',
       description: null,
       theme: 1,
       frontShow: null,
       backShow: null,
       createAt: 2018-08-24T05:41:55.000Z,
       createBy: 1,
       updateAt: 2018-08-24T05:41:55.000Z,
       isDeleted: 0,
       deletedAt: 2018-08-24T05:41:55.000Z },
     RowDataPacket {
       id: 3,
       name: 'row',
       description: null,
       theme: 1,
       frontShow: null,
       backShow: null,
       createAt: 2018-08-24T13:17:11.000Z,
       createBy: 1,
       updateAt: 2018-08-24T13:17:11.000Z,
       isDeleted: 0,
       deletedAt: 2018-08-24T13:17:11.000Z } ],
  total: 3 }
[2018-08-24T22:09:14.401] [INFO] dao.baseDao - show-table-info:m_component_props
[2018-08-24T22:09:14.405] [INFO] dao.baseDao - show-table-info:m_component_props
[2018-08-24T22:09:14.405] [INFO] dao.baseDao - show-table-info:m_components
[2018-08-24T22:09:14.407] [INFO] dao.baseDao - show-table-info:m_components
[2018-08-24T22:09:14.408] [INFO] dao.baseDao - show-table-info:m_fields
[2018-08-24T22:09:14.409] [INFO] dao.baseDao - show-table-info:m_fields
[2018-08-24T22:09:14.410] [INFO] dao.baseDao - show-table-info:m_models
[2018-08-24T22:09:14.412] [INFO] dao.baseDao - show-table-info:m_models
[2018-08-24T22:09:14.412] [INFO] dao.baseDao - show-table-info:m_page
[2018-08-24T22:09:14.414] [INFO] dao.baseDao - show-table-info:m_systems
[2018-08-24T22:09:14.415] [INFO] dao.baseDao - show-table-info:m_page
[2018-08-24T22:09:14.417] [INFO] dao.baseDao - show-table-info:m_theme
[2018-08-24T22:09:14.418] [INFO] dao.baseDao - show-table-info:m_systems
[2018-08-24T22:09:14.420] [INFO] dao.baseDao - show-table-info:test2
[2018-08-24T22:09:14.421] [INFO] dao.baseDao - show-table-info:m_theme
[2018-08-24T22:09:14.422] [INFO] dao.baseDao - show-table-info:testTable
[2018-08-24T22:09:14.422] [INFO] dao.baseDao - show-table-info:test2
[2018-08-24T22:09:14.450] [INFO] dao.baseDao - query-page:m_components
[2018-08-24T22:09:14.451] [INFO] dao.baseDao - show-table-info:testTable
[2018-08-24T22:09:14.476] [INFO] dao.baseDao - query-all:m_component_props
[2018-08-24T22:09:14.476] [INFO] dao.baseDao - 3
[2018-08-24T22:09:14.477] [INFO] dao.baseDao - { page: 0,
  limit: 10,
  list: 
   [ RowDataPacket {
       id: 1,
       name: 'input',
       description: null,
       theme: 1,
       frontShow: null,
       backShow: null,
       createAt: 2018-08-20T14:07:29.000Z,
       createBy: 1,
       updateAt: 2018-08-20T14:07:29.000Z,
       isDeleted: 0,
       deletedAt: 2018-08-20T14:07:29.000Z },
     RowDataPacket {
       id: 2,
       name: 'select',
       description: null,
       theme: 1,
       frontShow: null,
       backShow: null,
       createAt: 2018-08-24T05:41:55.000Z,
       createBy: 1,
       updateAt: 2018-08-24T05:41:55.000Z,
       isDeleted: 0,
       deletedAt: 2018-08-24T05:41:55.000Z },
     RowDataPacket {
       id: 3,
       name: 'row',
       description: null,
       theme: 1,
       frontShow: null,
       backShow: null,
       createAt: 2018-08-24T13:17:11.000Z,
       createBy: 1,
       updateAt: 2018-08-24T13:17:11.000Z,
       isDeleted: 0,
       deletedAt: 2018-08-24T13:17:11.000Z } ],
  total: 3 }
[2018-08-24T22:09:20.731] [INFO] dao.baseDao - show-table-info:m_component_props
[2018-08-24T22:09:20.734] [INFO] dao.baseDao - show-table-info:m_components
[2018-08-24T22:09:20.735] [INFO] dao.baseDao - show-table-info:m_fields
[2018-08-24T22:09:20.736] [INFO] dao.baseDao - show-table-info:m_models
[2018-08-24T22:09:20.738] [INFO] dao.baseDao - show-table-info:m_page
[2018-08-24T22:09:20.740] [INFO] dao.baseDao - show-table-info:m_systems
[2018-08-24T22:09:20.743] [INFO] dao.baseDao - show-table-info:m_theme
[2018-08-24T22:09:20.746] [INFO] dao.baseDao - show-table-info:test2
[2018-08-24T22:09:20.747] [INFO] dao.baseDao - show-table-info:testTable
[2018-08-24T22:09:20.772] [INFO] dao.baseDao - query-all:m_component_props
[2018-08-24T22:58:49.566] [INFO] dao.baseDao - show-table-info:m_component_props
[2018-08-24T22:58:49.574] [INFO] dao.baseDao - show-table-info:m_components
[2018-08-24T22:58:49.576] [INFO] dao.baseDao - show-table-info:m_fields
[2018-08-24T22:58:49.577] [INFO] dao.baseDao - show-table-info:m_models
[2018-08-24T22:58:49.578] [INFO] dao.baseDao - show-table-info:m_page
[2018-08-24T22:58:49.579] [INFO] dao.baseDao - show-table-info:m_systems
[2018-08-24T22:58:49.581] [INFO] dao.baseDao - show-table-info:m_theme
[2018-08-24T22:58:49.583] [INFO] dao.baseDao - show-table-info:test2
[2018-08-24T22:58:49.585] [INFO] dao.baseDao - show-table-info:testTable
[2018-08-24T22:58:49.721] [ERROR] dao.baseDao - { Error: ER_PARSE_ERROR: You have an error in your SQL syntax; check the manual that corresponds to your MySQL server version for the right syntax to use near 'show,level) values ("3","justify","flex ","select"' at line 1
    at Query.Sequence._packetToError (/Users/yixin/Desktop/workshop/cms/node_modules/mysql/lib/protocol/sequences/Sequence.js:47:14)
    at Query.ErrorPacket (/Users/yixin/Desktop/workshop/cms/node_modules/mysql/lib/protocol/sequences/Query.js:77:18)
    at Protocol._parsePacket (/Users/yixin/Desktop/workshop/cms/node_modules/mysql/lib/protocol/Protocol.js:278:23)
    at Parser.write (/Users/yixin/Desktop/workshop/cms/node_modules/mysql/lib/protocol/Parser.js:76:12)
    at Protocol.write (/Users/yixin/Desktop/workshop/cms/node_modules/mysql/lib/protocol/Protocol.js:38:16)
    at Socket.<anonymous> (/Users/yixin/Desktop/workshop/cms/node_modules/mysql/lib/Connection.js:91:28)
    at Socket.<anonymous> (/Users/yixin/Desktop/workshop/cms/node_modules/mysql/lib/Connection.js:502:10)
    at Socket.emit (events.js:180:13)
    at addChunk (_stream_readable.js:274:12)
    at readableAddChunk (_stream_readable.js:261:11)
    --------------------
    at Protocol._enqueue (/Users/yixin/Desktop/workshop/cms/node_modules/mysql/lib/protocol/Protocol.js:144:48)
    at PoolConnection.query (/Users/yixin/Desktop/workshop/cms/node_modules/mysql/lib/Connection.js:200:25)
    at /Users/yixin/Desktop/workshop/cms/server/utils/DB.js:42:18
    at Ping.onOperationComplete (/Users/yixin/Desktop/workshop/cms/node_modules/mysql/lib/Pool.js:110:5)
    at Ping.<anonymous> (/Users/yixin/Desktop/workshop/cms/node_modules/mysql/lib/Connection.js:502:10)
    at Ping._callback (/Users/yixin/Desktop/workshop/cms/node_modules/mysql/lib/Connection.js:468:16)
    at Ping.Sequence.end (/Users/yixin/Desktop/workshop/cms/node_modules/mysql/lib/protocol/sequences/Sequence.js:83:24)
    at Ping.Sequence.OkPacket (/Users/yixin/Desktop/workshop/cms/node_modules/mysql/lib/protocol/sequences/Sequence.js:92:8)
    at Protocol._parsePacket (/Users/yixin/Desktop/workshop/cms/node_modules/mysql/lib/protocol/Protocol.js:278:23)
    at Parser.write (/Users/yixin/Desktop/workshop/cms/node_modules/mysql/lib/protocol/Parser.js:76:12)
  code: 'ER_PARSE_ERROR',
  errno: 1064,
  sqlMessage: 'You have an error in your SQL syntax; check the manual that corresponds to your MySQL server version for the right syntax to use near \'show,level) values ("3","justify","flex ","select"\' at line 1',
  sqlState: '42000',
  index: 0,
  sql: 'insert into m_component_props(componentId,name,description,type,enumList,isNeed,show,level) values ("3","justify","flex ","select","start,end,center,space-around,space-between","0","type==\'flex\'","1")' }
[2018-08-24T22:58:49.745] [INFO] dao.baseDao - query-ById:m_component_props,id:9
[2018-08-24T22:58:49.746] [INFO] dao.baseDao - query-ById:m_component_props,id:8
[2018-08-24T22:58:49.752] [INFO] dao.baseDao - show-table-info:m_component_props
[2018-08-24T22:58:49.753] [INFO] dao.baseDao - show-table-info:m_components
[2018-08-24T22:58:49.755] [INFO] dao.baseDao - show-table-info:m_fields
[2018-08-24T22:58:49.756] [INFO] dao.baseDao - show-table-info:m_models
[2018-08-24T22:58:49.759] [INFO] dao.baseDao - show-table-info:m_page
[2018-08-24T22:58:49.760] [INFO] dao.baseDao - show-table-info:m_systems
[2018-08-24T22:58:49.762] [INFO] dao.baseDao - show-table-info:m_theme
[2018-08-24T22:58:49.763] [INFO] dao.baseDao - show-table-info:test2
[2018-08-24T22:58:49.766] [INFO] dao.baseDao - show-table-info:testTable
[2018-08-24T22:58:49.815] [INFO] dao.baseDao - query-all:m_component_props
[2018-08-24T23:00:28.294] [INFO] dao.baseDao - show-table-info:m_component_props
[2018-08-24T23:00:28.297] [INFO] dao.baseDao - show-table-info:m_components
[2018-08-24T23:00:28.299] [INFO] dao.baseDao - show-table-info:m_fields
[2018-08-24T23:00:28.301] [INFO] dao.baseDao - show-table-info:m_models
[2018-08-24T23:00:28.303] [INFO] dao.baseDao - show-table-info:m_page
[2018-08-24T23:00:28.310] [INFO] dao.baseDao - show-table-info:m_systems
[2018-08-24T23:00:28.313] [INFO] dao.baseDao - show-table-info:m_theme
[2018-08-24T23:00:28.320] [INFO] dao.baseDao - show-table-info:test2
[2018-08-24T23:00:28.322] [INFO] dao.baseDao - show-table-info:testTable
[2018-08-24T23:00:28.408] [ERROR] dao.baseDao - { Error: ER_PARSE_ERROR: You have an error in your SQL syntax; check the manual that corresponds to your MySQL server version for the right syntax to use near 'show,level) values ("3","justify","flex 	","select' at line 1
    at Query.Sequence._packetToError (/Users/yixin/Desktop/workshop/cms/node_modules/mysql/lib/protocol/sequences/Sequence.js:47:14)
    at Query.ErrorPacket (/Users/yixin/Desktop/workshop/cms/node_modules/mysql/lib/protocol/sequences/Query.js:77:18)
    at Protocol._parsePacket (/Users/yixin/Desktop/workshop/cms/node_modules/mysql/lib/protocol/Protocol.js:278:23)
    at Parser.write (/Users/yixin/Desktop/workshop/cms/node_modules/mysql/lib/protocol/Parser.js:76:12)
    at Protocol.write (/Users/yixin/Desktop/workshop/cms/node_modules/mysql/lib/protocol/Protocol.js:38:16)
    at Socket.<anonymous> (/Users/yixin/Desktop/workshop/cms/node_modules/mysql/lib/Connection.js:91:28)
    at Socket.<anonymous> (/Users/yixin/Desktop/workshop/cms/node_modules/mysql/lib/Connection.js:502:10)
    at Socket.emit (events.js:180:13)
    at addChunk (_stream_readable.js:274:12)
    at readableAddChunk (_stream_readable.js:261:11)
    --------------------
    at Protocol._enqueue (/Users/yixin/Desktop/workshop/cms/node_modules/mysql/lib/protocol/Protocol.js:144:48)
    at PoolConnection.query (/Users/yixin/Desktop/workshop/cms/node_modules/mysql/lib/Connection.js:200:25)
    at /Users/yixin/Desktop/workshop/cms/server/utils/DB.js:42:18
    at Ping.onOperationComplete (/Users/yixin/Desktop/workshop/cms/node_modules/mysql/lib/Pool.js:110:5)
    at Ping.<anonymous> (/Users/yixin/Desktop/workshop/cms/node_modules/mysql/lib/Connection.js:502:10)
    at Ping._callback (/Users/yixin/Desktop/workshop/cms/node_modules/mysql/lib/Connection.js:468:16)
    at Ping.Sequence.end (/Users/yixin/Desktop/workshop/cms/node_modules/mysql/lib/protocol/sequences/Sequence.js:83:24)
    at Ping.Sequence.OkPacket (/Users/yixin/Desktop/workshop/cms/node_modules/mysql/lib/protocol/sequences/Sequence.js:92:8)
    at Protocol._parsePacket (/Users/yixin/Desktop/workshop/cms/node_modules/mysql/lib/protocol/Protocol.js:278:23)
    at Parser.write (/Users/yixin/Desktop/workshop/cms/node_modules/mysql/lib/protocol/Parser.js:76:12)
  code: 'ER_PARSE_ERROR',
  errno: 1064,
  sqlMessage: 'You have an error in your SQL syntax; check the manual that corresponds to your MySQL server version for the right syntax to use near \'show,level) values ("3","justify","flex \t","select\' at line 1',
  sqlState: '42000',
  index: 0,
  sql: 'insert into m_component_props(componentId,name,description,type,enumList,isNeed,show,level) values ("3","justify","flex \t","select","start,end,center,space-around,space-between","0","type == \'flex\'","1")' }
[2018-08-24T23:00:28.431] [INFO] dao.baseDao - show-table-info:m_component_props
[2018-08-24T23:00:28.433] [INFO] dao.baseDao - show-table-info:m_components
[2018-08-24T23:00:28.442] [INFO] dao.baseDao - show-table-info:m_fields
[2018-08-24T23:00:28.447] [INFO] dao.baseDao - show-table-info:m_models
[2018-08-24T23:00:28.449] [INFO] dao.baseDao - show-table-info:m_page
[2018-08-24T23:00:28.451] [INFO] dao.baseDao - show-table-info:m_systems
[2018-08-24T23:00:28.453] [INFO] dao.baseDao - show-table-info:m_theme
[2018-08-24T23:00:28.454] [INFO] dao.baseDao - show-table-info:test2
[2018-08-24T23:00:28.456] [INFO] dao.baseDao - show-table-info:testTable
[2018-08-24T23:00:28.499] [INFO] dao.baseDao - query-all:m_component_props
[2018-08-24T23:00:56.043] [INFO] dao.baseDao - show-table-info:m_component_props
[2018-08-24T23:00:56.045] [INFO] dao.baseDao - show-table-info:m_components
[2018-08-24T23:00:56.047] [INFO] dao.baseDao - show-table-info:m_fields
[2018-08-24T23:00:56.048] [INFO] dao.baseDao - show-table-info:m_models
[2018-08-24T23:00:56.056] [INFO] dao.baseDao - show-table-info:m_page
[2018-08-24T23:00:56.189] [INFO] dao.baseDao - show-table-info:m_systems
[2018-08-24T23:00:56.192] [INFO] dao.baseDao - show-table-info:m_theme
[2018-08-24T23:00:56.193] [INFO] dao.baseDao - show-table-info:test2
[2018-08-24T23:00:56.195] [INFO] dao.baseDao - show-table-info:testTable
[2018-08-24T23:00:56.242] [INFO] dao.baseDao - query-all:m_component_props
[2018-08-24T23:00:56.835] [INFO] dao.baseDao - show-table-info:m_component_props
[2018-08-24T23:00:56.836] [INFO] dao.baseDao - show-table-info:m_components
[2018-08-24T23:00:56.838] [INFO] dao.baseDao - show-table-info:m_fields
[2018-08-24T23:00:56.840] [INFO] dao.baseDao - show-table-info:m_models
[2018-08-24T23:00:56.841] [INFO] dao.baseDao - show-table-info:m_page
[2018-08-24T23:00:56.843] [INFO] dao.baseDao - show-table-info:m_systems
[2018-08-24T23:00:56.844] [INFO] dao.baseDao - show-table-info:m_theme
[2018-08-24T23:00:56.846] [INFO] dao.baseDao - show-table-info:test2
[2018-08-24T23:00:56.848] [INFO] dao.baseDao - show-table-info:testTable
[2018-08-24T23:00:56.910] [INFO] dao.baseDao - query-all:m_component_props
[2018-08-24T23:01:27.759] [INFO] dao.baseDao - show-table-info:m_component_props
[2018-08-24T23:01:27.764] [INFO] dao.baseDao - show-table-info:m_components
[2018-08-24T23:01:27.767] [INFO] dao.baseDao - show-table-info:m_fields
[2018-08-24T23:01:27.773] [INFO] dao.baseDao - show-table-info:m_models
[2018-08-24T23:01:27.775] [INFO] dao.baseDao - show-table-info:m_page
[2018-08-24T23:01:27.781] [INFO] dao.baseDao - show-table-info:m_systems
[2018-08-24T23:01:27.784] [INFO] dao.baseDao - show-table-info:m_theme
[2018-08-24T23:01:27.788] [INFO] dao.baseDao - show-table-info:test2
[2018-08-24T23:01:27.812] [INFO] dao.baseDao - show-table-info:testTable
[2018-08-24T23:01:27.911] [INFO] dao.baseDao - query-ById:m_component_props,id:10
[2018-08-24T23:01:27.940] [INFO] dao.baseDao - show-table-info:m_component_props
[2018-08-24T23:01:27.944] [INFO] dao.baseDao - show-table-info:m_components
[2018-08-24T23:01:27.946] [INFO] dao.baseDao - show-table-info:m_fields
[2018-08-24T23:01:27.947] [INFO] dao.baseDao - show-table-info:m_models
[2018-08-24T23:01:27.949] [INFO] dao.baseDao - show-table-info:m_page
[2018-08-24T23:01:27.951] [INFO] dao.baseDao - show-table-info:m_systems
[2018-08-24T23:01:27.969] [INFO] dao.baseDao - show-table-info:m_theme
[2018-08-24T23:01:27.972] [INFO] dao.baseDao - show-table-info:test2
[2018-08-24T23:01:27.976] [INFO] dao.baseDao - show-table-info:testTable
[2018-08-24T23:01:28.021] [INFO] dao.baseDao - query-all:m_component_props
[2018-08-24T23:02:25.717] [INFO] dao.baseDao - show-table-info:m_component_props
[2018-08-24T23:02:25.723] [INFO] dao.baseDao - show-table-info:m_components
[2018-08-24T23:02:25.725] [INFO] dao.baseDao - show-table-info:m_fields
[2018-08-24T23:02:25.727] [INFO] dao.baseDao - show-table-info:m_models
[2018-08-24T23:02:25.729] [INFO] dao.baseDao - show-table-info:m_page
[2018-08-24T23:02:25.731] [INFO] dao.baseDao - show-table-info:m_systems
[2018-08-24T23:02:25.732] [INFO] dao.baseDao - show-table-info:m_theme
[2018-08-24T23:02:25.733] [INFO] dao.baseDao - show-table-info:test2
[2018-08-24T23:02:25.736] [INFO] dao.baseDao - show-table-info:testTable
[2018-08-24T23:02:25.794] [ERROR] dao.baseDao - { Error: ER_PARSE_ERROR: You have an error in your SQL syntax; check the manual that corresponds to your MySQL server version for the right syntax to use near 'show = 'type=='flex'' , level = '1'  where id = '10'' at line 1
    at Query.Sequence._packetToError (/Users/yixin/Desktop/workshop/cms/node_modules/mysql/lib/protocol/sequences/Sequence.js:47:14)
    at Query.ErrorPacket (/Users/yixin/Desktop/workshop/cms/node_modules/mysql/lib/protocol/sequences/Query.js:77:18)
    at Protocol._parsePacket (/Users/yixin/Desktop/workshop/cms/node_modules/mysql/lib/protocol/Protocol.js:278:23)
    at Parser.write (/Users/yixin/Desktop/workshop/cms/node_modules/mysql/lib/protocol/Parser.js:76:12)
    at Protocol.write (/Users/yixin/Desktop/workshop/cms/node_modules/mysql/lib/protocol/Protocol.js:38:16)
    at Socket.<anonymous> (/Users/yixin/Desktop/workshop/cms/node_modules/mysql/lib/Connection.js:91:28)
    at Socket.<anonymous> (/Users/yixin/Desktop/workshop/cms/node_modules/mysql/lib/Connection.js:502:10)
    at Socket.emit (events.js:180:13)
    at addChunk (_stream_readable.js:274:12)
    at readableAddChunk (_stream_readable.js:261:11)
    --------------------
    at Protocol._enqueue (/Users/yixin/Desktop/workshop/cms/node_modules/mysql/lib/protocol/Protocol.js:144:48)
    at PoolConnection.query (/Users/yixin/Desktop/workshop/cms/node_modules/mysql/lib/Connection.js:200:25)
    at /Users/yixin/Desktop/workshop/cms/server/utils/DB.js:42:18
    at Ping.onOperationComplete (/Users/yixin/Desktop/workshop/cms/node_modules/mysql/lib/Pool.js:110:5)
    at Ping.<anonymous> (/Users/yixin/Desktop/workshop/cms/node_modules/mysql/lib/Connection.js:502:10)
    at Ping._callback (/Users/yixin/Desktop/workshop/cms/node_modules/mysql/lib/Connection.js:468:16)
    at Ping.Sequence.end (/Users/yixin/Desktop/workshop/cms/node_modules/mysql/lib/protocol/sequences/Sequence.js:83:24)
    at Ping.Sequence.OkPacket (/Users/yixin/Desktop/workshop/cms/node_modules/mysql/lib/protocol/sequences/Sequence.js:92:8)
    at Protocol._parsePacket (/Users/yixin/Desktop/workshop/cms/node_modules/mysql/lib/protocol/Protocol.js:278:23)
    at Parser.write (/Users/yixin/Desktop/workshop/cms/node_modules/mysql/lib/protocol/Parser.js:76:12)
  code: 'ER_PARSE_ERROR',
  errno: 1064,
  sqlMessage: 'You have an error in your SQL syntax; check the manual that corresponds to your MySQL server version for the right syntax to use near \'show = \'type==\'flex\'\' , level = \'1\'  where id = \'10\'\' at line 1',
  sqlState: '42000',
  index: 0,
  sql: 'update m_component_props set id = \'10\' , componentId = \'3\' , name = \'justify\' , description = \'flex \t\' , type = \'select\' , enumList = \'start,end,center,space-around,space-between\' , isNeed = \'0\' , show = \'type==\'flex\'\' , level = \'1\'  where id = \'10\'' }
[2018-08-24T23:02:25.819] [INFO] dao.baseDao - show-table-info:m_component_props
[2018-08-24T23:02:25.821] [INFO] dao.baseDao - show-table-info:m_components
[2018-08-24T23:02:25.823] [INFO] dao.baseDao - show-table-info:m_fields
[2018-08-24T23:02:25.824] [INFO] dao.baseDao - show-table-info:m_models
[2018-08-24T23:02:25.826] [INFO] dao.baseDao - show-table-info:m_page
[2018-08-24T23:02:25.827] [INFO] dao.baseDao - show-table-info:m_systems
[2018-08-24T23:02:25.828] [INFO] dao.baseDao - show-table-info:m_theme
[2018-08-24T23:02:25.830] [INFO] dao.baseDao - show-table-info:test2
[2018-08-24T23:02:25.832] [INFO] dao.baseDao - show-table-info:testTable
[2018-08-24T23:02:25.874] [INFO] dao.baseDao - query-all:m_component_props
[2018-08-24T23:07:28.145] [INFO] dao.baseDao - show-table-info:m_component_props
[2018-08-24T23:07:28.170] [INFO] dao.baseDao - show-table-info:m_components
[2018-08-24T23:07:28.175] [INFO] dao.baseDao - show-table-info:m_fields
[2018-08-24T23:07:28.179] [INFO] dao.baseDao - show-table-info:m_models
[2018-08-24T23:07:28.187] [INFO] dao.baseDao - show-table-info:m_page
[2018-08-24T23:07:28.191] [INFO] dao.baseDao - show-table-info:m_systems
[2018-08-24T23:07:28.197] [INFO] dao.baseDao - show-table-info:m_theme
[2018-08-24T23:07:28.200] [INFO] dao.baseDao - show-table-info:test2
[2018-08-24T23:07:28.203] [INFO] dao.baseDao - show-table-info:testTable
[2018-08-24T23:07:28.321] [ERROR] dao.baseDao - { Error: ER_PARSE_ERROR: You have an error in your SQL syntax; check the manual that corresponds to your MySQL server version for the right syntax to use near 'show = 'type==\'flex\'' , level = '1'  where id = '10'' at line 1
    at Query.Sequence._packetToError (/Users/yixin/Desktop/workshop/cms/node_modules/mysql/lib/protocol/sequences/Sequence.js:47:14)
    at Query.ErrorPacket (/Users/yixin/Desktop/workshop/cms/node_modules/mysql/lib/protocol/sequences/Query.js:77:18)
    at Protocol._parsePacket (/Users/yixin/Desktop/workshop/cms/node_modules/mysql/lib/protocol/Protocol.js:278:23)
    at Parser.write (/Users/yixin/Desktop/workshop/cms/node_modules/mysql/lib/protocol/Parser.js:76:12)
    at Protocol.write (/Users/yixin/Desktop/workshop/cms/node_modules/mysql/lib/protocol/Protocol.js:38:16)
    at Socket.<anonymous> (/Users/yixin/Desktop/workshop/cms/node_modules/mysql/lib/Connection.js:91:28)
    at Socket.<anonymous> (/Users/yixin/Desktop/workshop/cms/node_modules/mysql/lib/Connection.js:502:10)
    at Socket.emit (events.js:180:13)
    at addChunk (_stream_readable.js:274:12)
    at readableAddChunk (_stream_readable.js:261:11)
    --------------------
    at Protocol._enqueue (/Users/yixin/Desktop/workshop/cms/node_modules/mysql/lib/protocol/Protocol.js:144:48)
    at PoolConnection.query (/Users/yixin/Desktop/workshop/cms/node_modules/mysql/lib/Connection.js:200:25)
    at /Users/yixin/Desktop/workshop/cms/server/utils/DB.js:42:18
    at Ping.onOperationComplete (/Users/yixin/Desktop/workshop/cms/node_modules/mysql/lib/Pool.js:110:5)
    at Ping.<anonymous> (/Users/yixin/Desktop/workshop/cms/node_modules/mysql/lib/Connection.js:502:10)
    at Ping._callback (/Users/yixin/Desktop/workshop/cms/node_modules/mysql/lib/Connection.js:468:16)
    at Ping.Sequence.end (/Users/yixin/Desktop/workshop/cms/node_modules/mysql/lib/protocol/sequences/Sequence.js:83:24)
    at Ping.Sequence.OkPacket (/Users/yixin/Desktop/workshop/cms/node_modules/mysql/lib/protocol/sequences/Sequence.js:92:8)
    at Protocol._parsePacket (/Users/yixin/Desktop/workshop/cms/node_modules/mysql/lib/protocol/Protocol.js:278:23)
    at Parser.write (/Users/yixin/Desktop/workshop/cms/node_modules/mysql/lib/protocol/Parser.js:76:12)
  code: 'ER_PARSE_ERROR',
  errno: 1064,
  sqlMessage: 'You have an error in your SQL syntax; check the manual that corresponds to your MySQL server version for the right syntax to use near \'show = \'type==\\\'flex\\\'\' , level = \'1\'  where id = \'10\'\' at line 1',
  sqlState: '42000',
  index: 0,
  sql: 'update m_component_props set id = 10 , componentId = 3 , name = \'justify\' , description = \'flex \\t\' , type = \'select\' , enumList = \'start,end,center,space-around,space-between\' , isNeed = 0 , show = \'type==\\\'flex\\\'\' , level = \'1\'  where id = \'10\'' }
[2018-08-24T23:07:28.368] [INFO] dao.baseDao - show-table-info:m_component_props
[2018-08-24T23:07:28.370] [INFO] dao.baseDao - show-table-info:m_components
[2018-08-24T23:07:28.373] [INFO] dao.baseDao - show-table-info:m_fields
[2018-08-24T23:07:28.375] [INFO] dao.baseDao - show-table-info:m_models
[2018-08-24T23:07:28.377] [INFO] dao.baseDao - show-table-info:m_page
[2018-08-24T23:07:28.379] [INFO] dao.baseDao - show-table-info:m_systems
[2018-08-24T23:07:28.381] [INFO] dao.baseDao - show-table-info:m_theme
[2018-08-24T23:07:28.383] [INFO] dao.baseDao - show-table-info:test2
[2018-08-24T23:07:28.388] [INFO] dao.baseDao - show-table-info:testTable
[2018-08-24T23:07:28.487] [INFO] dao.baseDao - query-all:m_component_props
