[2018-08-26T07:35:01.230] [INFO] dao.baseDao - show-table-info:m_component_props
[2018-08-26T07:35:01.234] [INFO] dao.baseDao - show-table-info:m_component_props
[2018-08-26T07:35:01.274] [INFO] dao.baseDao - show-table-info:m_components
[2018-08-26T07:35:01.275] [INFO] dao.baseDao - show-table-info:m_components
[2018-08-26T07:35:01.284] [INFO] dao.baseDao - show-table-info:m_datasource
[2018-08-26T07:35:01.285] [INFO] dao.baseDao - show-table-info:m_datasource
[2018-08-26T07:35:01.287] [INFO] dao.baseDao - show-table-info:m_fields
[2018-08-26T07:35:01.288] [INFO] dao.baseDao - show-table-info:m_fields
[2018-08-26T07:35:01.291] [INFO] dao.baseDao - show-table-info:m_models
[2018-08-26T07:35:01.292] [INFO] dao.baseDao - show-table-info:m_models
[2018-08-26T07:35:01.295] [INFO] dao.baseDao - show-table-info:m_page
[2018-08-26T07:35:01.297] [INFO] dao.baseDao - show-table-info:m_page
[2018-08-26T07:35:01.298] [INFO] dao.baseDao - show-table-info:m_systems
[2018-08-26T07:35:01.302] [INFO] dao.baseDao - show-table-info:m_systems
[2018-08-26T07:35:01.303] [INFO] dao.baseDao - show-table-info:m_theme
[2018-08-26T07:35:01.305] [INFO] dao.baseDao - show-table-info:m_theme
[2018-08-26T07:35:01.306] [INFO] dao.baseDao - show-table-info:test2
[2018-08-26T07:35:01.308] [INFO] dao.baseDao - show-table-info:testTable
[2018-08-26T07:35:01.310] [INFO] dao.baseDao - show-table-info:test2
[2018-08-26T07:35:01.390] [INFO] dao.baseDao - query-all:m_systems
[2018-08-26T07:35:01.392] [INFO] dao.baseDao - show-table-info:testTable
[2018-08-26T07:35:01.459] [INFO] dao.baseDao - query-all:m_theme
[2018-08-26T07:35:04.269] [INFO] dao.baseDao - show-table-info:m_component_props
[2018-08-26T07:35:04.273] [INFO] dao.baseDao - show-table-info:m_components
[2018-08-26T07:35:04.276] [INFO] dao.baseDao - show-table-info:m_datasource
[2018-08-26T07:35:04.278] [INFO] dao.baseDao - show-table-info:m_fields
[2018-08-26T07:35:04.282] [INFO] dao.baseDao - show-table-info:m_models
[2018-08-26T07:35:04.285] [INFO] dao.baseDao - show-table-info:m_page
[2018-08-26T07:35:04.288] [INFO] dao.baseDao - show-table-info:m_systems
[2018-08-26T07:35:04.289] [INFO] dao.baseDao - show-table-info:m_theme
[2018-08-26T07:35:04.290] [INFO] dao.baseDao - show-table-info:test2
[2018-08-26T07:35:04.291] [INFO] dao.baseDao - show-table-info:testTable
[2018-08-26T07:35:04.354] [INFO] dao.baseDao - query-all:m_datasource
[2018-08-26T07:39:09.137] [INFO] dao.baseDao - show-table-info:m_component_props
[2018-08-26T07:39:09.141] [INFO] dao.baseDao - show-table-info:m_components
[2018-08-26T07:39:09.144] [INFO] dao.baseDao - show-table-info:m_datasource
[2018-08-26T07:39:09.146] [INFO] dao.baseDao - show-table-info:m_fields
[2018-08-26T07:39:09.148] [INFO] dao.baseDao - show-table-info:m_models
[2018-08-26T07:39:09.151] [INFO] dao.baseDao - show-table-info:m_page
[2018-08-26T07:39:09.153] [INFO] dao.baseDao - show-table-info:m_systems
[2018-08-26T07:39:09.156] [INFO] dao.baseDao - show-table-info:m_theme
[2018-08-26T07:39:09.164] [INFO] dao.baseDao - show-table-info:test2
[2018-08-26T07:39:09.167] [INFO] dao.baseDao - show-table-info:testTable
[2018-08-26T07:39:09.210] [INFO] dao.baseDao - query-all:m_datasource
[2018-08-26T08:35:19.788] [INFO] dao.baseDao - show-table-info:m_component_props
[2018-08-26T08:35:19.792] [INFO] dao.baseDao - show-table-info:m_components
[2018-08-26T08:35:19.808] [INFO] dao.baseDao - show-table-info:m_datasource
[2018-08-26T08:35:19.811] [INFO] dao.baseDao - show-table-info:m_fields
[2018-08-26T08:35:19.814] [INFO] dao.baseDao - show-table-info:m_models
[2018-08-26T08:35:19.817] [INFO] dao.baseDao - show-table-info:m_page
[2018-08-26T08:35:19.821] [INFO] dao.baseDao - show-table-info:m_systems
[2018-08-26T08:35:19.823] [INFO] dao.baseDao - show-table-info:m_theme
[2018-08-26T08:35:19.826] [INFO] dao.baseDao - show-table-info:test2
[2018-08-26T08:35:19.829] [INFO] dao.baseDao - show-table-info:testTable
[2018-08-26T08:35:19.919] [INFO] dao.baseDao - query-all:m_datasource
[2018-08-26T08:35:23.048] [INFO] dao.baseDao - show-table-info:m_component_props
[2018-08-26T08:35:23.049] [INFO] dao.baseDao - show-table-info:m_component_props
[2018-08-26T08:35:23.052] [INFO] dao.baseDao - show-table-info:m_components
[2018-08-26T08:35:23.053] [INFO] dao.baseDao - show-table-info:m_components
[2018-08-26T08:35:23.055] [INFO] dao.baseDao - show-table-info:m_datasource
[2018-08-26T08:35:23.056] [INFO] dao.baseDao - show-table-info:m_datasource
[2018-08-26T08:35:23.058] [INFO] dao.baseDao - show-table-info:m_fields
[2018-08-26T08:35:23.059] [INFO] dao.baseDao - show-table-info:m_fields
[2018-08-26T08:35:23.061] [INFO] dao.baseDao - show-table-info:m_models
[2018-08-26T08:35:23.061] [INFO] dao.baseDao - show-table-info:m_models
[2018-08-26T08:35:23.064] [INFO] dao.baseDao - show-table-info:m_page
[2018-08-26T08:35:23.064] [INFO] dao.baseDao - show-table-info:m_page
[2018-08-26T08:35:23.066] [INFO] dao.baseDao - show-table-info:m_systems
[2018-08-26T08:35:23.067] [INFO] dao.baseDao - show-table-info:m_systems
[2018-08-26T08:35:23.069] [INFO] dao.baseDao - show-table-info:m_theme
[2018-08-26T08:35:23.074] [INFO] dao.baseDao - show-table-info:m_theme
[2018-08-26T08:35:23.077] [INFO] dao.baseDao - show-table-info:test2
[2018-08-26T08:35:23.079] [INFO] dao.baseDao - show-table-info:test2
[2018-08-26T08:35:23.081] [INFO] dao.baseDao - show-table-info:testTable
[2018-08-26T08:35:23.082] [INFO] dao.baseDao - show-table-info:testTable
[2018-08-26T08:35:23.134] [INFO] dao.baseDao - query-all:m_systems
[2018-08-26T08:35:23.164] [INFO] dao.baseDao - query-all:m_theme
[2018-08-26T08:35:25.298] [INFO] dao.baseDao - show-table-info:m_component_props
[2018-08-26T08:35:25.300] [INFO] dao.baseDao - show-table-info:m_components
[2018-08-26T08:35:25.302] [INFO] dao.baseDao - show-table-info:m_datasource
[2018-08-26T08:35:25.304] [INFO] dao.baseDao - show-table-info:m_fields
[2018-08-26T08:35:25.308] [INFO] dao.baseDao - show-table-info:m_models
[2018-08-26T08:35:25.310] [INFO] dao.baseDao - show-table-info:m_page
[2018-08-26T08:35:25.312] [INFO] dao.baseDao - show-table-info:m_systems
[2018-08-26T08:35:25.313] [INFO] dao.baseDao - show-table-info:m_theme
[2018-08-26T08:35:25.314] [INFO] dao.baseDao - show-table-info:test2
[2018-08-26T08:35:25.315] [INFO] dao.baseDao - show-table-info:testTable
[2018-08-26T08:35:25.352] [INFO] dao.baseDao - query-all:m_datasource
[2018-08-26T08:41:10.449] [INFO] dao.baseDao - show-table-info:m_component_props
[2018-08-26T08:41:10.451] [INFO] dao.baseDao - show-table-info:m_components
[2018-08-26T08:41:10.453] [INFO] dao.baseDao - show-table-info:m_datasource
[2018-08-26T08:41:10.456] [INFO] dao.baseDao - show-table-info:m_fields
[2018-08-26T08:41:10.459] [INFO] dao.baseDao - show-table-info:m_models
[2018-08-26T08:41:10.462] [INFO] dao.baseDao - show-table-info:m_page
[2018-08-26T08:41:10.464] [INFO] dao.baseDao - show-table-info:m_systems
[2018-08-26T08:41:10.466] [INFO] dao.baseDao - show-table-info:m_theme
[2018-08-26T08:41:10.469] [INFO] dao.baseDao - show-table-info:test2
[2018-08-26T08:41:10.473] [INFO] dao.baseDao - show-table-info:testTable
[2018-08-26T08:41:10.519] [INFO] dao.baseDao - query-all:m_datasource
[2018-08-26T08:41:11.207] [INFO] dao.baseDao - show-table-info:m_component_props
[2018-08-26T08:41:11.209] [INFO] dao.baseDao - show-table-info:m_components
[2018-08-26T08:41:11.211] [INFO] dao.baseDao - show-table-info:m_datasource
[2018-08-26T08:41:11.213] [INFO] dao.baseDao - show-table-info:m_fields
[2018-08-26T08:41:11.215] [INFO] dao.baseDao - show-table-info:m_models
[2018-08-26T08:41:11.218] [INFO] dao.baseDao - show-table-info:m_page
[2018-08-26T08:41:11.220] [INFO] dao.baseDao - show-table-info:m_systems
[2018-08-26T08:41:11.222] [INFO] dao.baseDao - show-table-info:m_theme
[2018-08-26T08:41:11.223] [INFO] dao.baseDao - show-table-info:test2
[2018-08-26T08:41:11.226] [INFO] dao.baseDao - show-table-info:testTable
[2018-08-26T08:41:11.266] [INFO] dao.baseDao - query-all:m_datasource
[2018-08-26T08:41:31.139] [INFO] dao.baseDao - show-table-info:m_component_props
[2018-08-26T08:41:31.146] [INFO] dao.baseDao - show-table-info:m_components
[2018-08-26T08:41:31.150] [INFO] dao.baseDao - show-table-info:m_datasource
[2018-08-26T08:41:31.156] [INFO] dao.baseDao - show-table-info:m_fields
[2018-08-26T08:41:31.161] [INFO] dao.baseDao - show-table-info:m_models
[2018-08-26T08:41:31.164] [INFO] dao.baseDao - show-table-info:m_page
[2018-08-26T08:41:31.171] [INFO] dao.baseDao - show-table-info:m_systems
[2018-08-26T08:41:31.174] [INFO] dao.baseDao - show-table-info:m_theme
[2018-08-26T08:41:31.182] [INFO] dao.baseDao - show-table-info:test2
[2018-08-26T08:41:31.186] [INFO] dao.baseDao - show-table-info:testTable
[2018-08-26T08:45:22.617] [INFO] dao.baseDao - show-table-info:m_component_props
[2018-08-26T08:45:22.625] [INFO] dao.baseDao - show-table-info:m_components
[2018-08-26T08:45:22.627] [INFO] dao.baseDao - show-table-info:m_datasource
[2018-08-26T08:45:22.629] [INFO] dao.baseDao - show-table-info:m_fields
[2018-08-26T08:45:22.631] [INFO] dao.baseDao - show-table-info:m_models
[2018-08-26T08:45:22.632] [INFO] dao.baseDao - show-table-info:m_page
[2018-08-26T08:45:22.634] [INFO] dao.baseDao - show-table-info:m_systems
[2018-08-26T08:45:22.636] [INFO] dao.baseDao - show-table-info:m_theme
[2018-08-26T08:45:22.637] [INFO] dao.baseDao - show-table-info:test2
[2018-08-26T08:45:22.639] [INFO] dao.baseDao - show-table-info:testTable
[2018-08-26T08:45:22.677] [INFO] dao.baseDao - query-all:m_datasource
[2018-08-26T08:45:23.213] [INFO] dao.baseDao - show-table-info:m_component_props
[2018-08-26T08:45:23.219] [INFO] dao.baseDao - show-table-info:m_components
[2018-08-26T08:45:23.223] [INFO] dao.baseDao - show-table-info:m_datasource
[2018-08-26T08:45:23.229] [INFO] dao.baseDao - show-table-info:m_fields
[2018-08-26T08:45:23.236] [INFO] dao.baseDao - show-table-info:m_models
[2018-08-26T08:45:23.241] [INFO] dao.baseDao - show-table-info:m_page
[2018-08-26T08:45:23.245] [INFO] dao.baseDao - show-table-info:m_systems
[2018-08-26T08:45:23.249] [INFO] dao.baseDao - show-table-info:m_theme
[2018-08-26T08:45:23.260] [INFO] dao.baseDao - show-table-info:test2
[2018-08-26T08:45:23.266] [INFO] dao.baseDao - show-table-info:testTable
[2018-08-26T08:45:29.608] [INFO] dao.baseDao - show-table-info:m_component_props
[2018-08-26T08:45:29.610] [INFO] dao.baseDao - show-table-info:m_components
[2018-08-26T08:45:29.612] [INFO] dao.baseDao - show-table-info:m_datasource
[2018-08-26T08:45:29.615] [INFO] dao.baseDao - show-table-info:m_fields
[2018-08-26T08:45:29.618] [INFO] dao.baseDao - show-table-info:m_models
[2018-08-26T08:45:29.619] [INFO] dao.baseDao - show-table-info:m_page
[2018-08-26T08:45:29.622] [INFO] dao.baseDao - show-table-info:m_systems
[2018-08-26T08:45:29.624] [INFO] dao.baseDao - show-table-info:m_theme
[2018-08-26T08:45:29.626] [INFO] dao.baseDao - show-table-info:test2
[2018-08-26T08:45:29.628] [INFO] dao.baseDao - show-table-info:testTable
[2018-08-26T08:45:29.657] [INFO] dao.baseDao - query-all:m_datasource
[2018-08-26T08:45:30.917] [INFO] dao.baseDao - show-table-info:m_component_props
[2018-08-26T08:45:30.920] [INFO] dao.baseDao - show-table-info:m_components
[2018-08-26T08:45:30.923] [INFO] dao.baseDao - show-table-info:m_datasource
[2018-08-26T08:45:30.926] [INFO] dao.baseDao - show-table-info:m_fields
[2018-08-26T08:45:30.929] [INFO] dao.baseDao - show-table-info:m_models
[2018-08-26T08:45:30.930] [INFO] dao.baseDao - show-table-info:m_page
[2018-08-26T08:45:30.931] [INFO] dao.baseDao - show-table-info:m_systems
[2018-08-26T08:45:30.933] [INFO] dao.baseDao - show-table-info:m_theme
[2018-08-26T08:45:30.934] [INFO] dao.baseDao - show-table-info:test2
[2018-08-26T08:45:30.935] [INFO] dao.baseDao - show-table-info:testTable
[2018-08-26T08:50:42.078] [INFO] dao.baseDao - show-table-info:m_component_props
[2018-08-26T08:50:42.083] [INFO] dao.baseDao - show-table-info:m_components
[2018-08-26T08:50:42.086] [INFO] dao.baseDao - show-table-info:m_datasource
[2018-08-26T08:50:42.093] [INFO] dao.baseDao - show-table-info:m_fields
[2018-08-26T08:50:42.096] [INFO] dao.baseDao - show-table-info:m_models
[2018-08-26T08:50:42.098] [INFO] dao.baseDao - show-table-info:m_page
[2018-08-26T08:50:42.100] [INFO] dao.baseDao - show-table-info:m_systems
[2018-08-26T08:50:42.105] [INFO] dao.baseDao - show-table-info:m_theme
[2018-08-26T08:50:42.108] [INFO] dao.baseDao - show-table-info:test2
[2018-08-26T08:50:42.112] [INFO] dao.baseDao - show-table-info:testTable
[2018-08-26T08:51:16.487] [INFO] dao.baseDao - show-table-info:m_component_props
[2018-08-26T08:51:16.495] [INFO] dao.baseDao - show-table-info:m_components
[2018-08-26T08:51:16.498] [INFO] dao.baseDao - show-table-info:m_datasource
[2018-08-26T08:51:16.501] [INFO] dao.baseDao - show-table-info:m_fields
[2018-08-26T08:51:16.504] [INFO] dao.baseDao - show-table-info:m_models
[2018-08-26T08:51:16.506] [INFO] dao.baseDao - show-table-info:m_page
[2018-08-26T08:51:16.508] [INFO] dao.baseDao - show-table-info:m_systems
[2018-08-26T08:51:16.510] [INFO] dao.baseDao - show-table-info:m_theme
[2018-08-26T08:51:16.512] [INFO] dao.baseDao - show-table-info:test2
[2018-08-26T08:51:16.515] [INFO] dao.baseDao - show-table-info:testTable
[2018-08-26T08:53:39.800] [INFO] dao.baseDao - show-table-info:m_component_props
[2018-08-26T08:53:39.802] [INFO] dao.baseDao - show-table-info:m_components
[2018-08-26T08:53:39.804] [INFO] dao.baseDao - show-table-info:m_datasource
[2018-08-26T08:53:39.806] [INFO] dao.baseDao - show-table-info:m_fields
[2018-08-26T08:53:39.808] [INFO] dao.baseDao - show-table-info:m_models
[2018-08-26T08:53:39.810] [INFO] dao.baseDao - show-table-info:m_page
[2018-08-26T08:53:39.813] [INFO] dao.baseDao - show-table-info:m_systems
[2018-08-26T08:53:39.815] [INFO] dao.baseDao - show-table-info:m_theme
[2018-08-26T08:53:39.816] [INFO] dao.baseDao - show-table-info:test2
[2018-08-26T08:53:39.818] [INFO] dao.baseDao - show-table-info:testTable
[2018-08-26T08:53:54.616] [INFO] dao.baseDao - show-table-info:m_component_props
[2018-08-26T08:53:54.620] [INFO] dao.baseDao - show-table-info:m_components
[2018-08-26T08:53:54.622] [INFO] dao.baseDao - show-table-info:m_datasource
[2018-08-26T08:53:54.624] [INFO] dao.baseDao - show-table-info:m_fields
[2018-08-26T08:53:54.626] [INFO] dao.baseDao - show-table-info:m_models
[2018-08-26T08:53:54.628] [INFO] dao.baseDao - show-table-info:m_page
[2018-08-26T08:53:54.630] [INFO] dao.baseDao - show-table-info:m_systems
[2018-08-26T08:53:54.632] [INFO] dao.baseDao - show-table-info:m_theme
[2018-08-26T08:53:54.634] [INFO] dao.baseDao - show-table-info:test2
[2018-08-26T08:53:54.636] [INFO] dao.baseDao - show-table-info:testTable
[2018-08-26T08:54:23.393] [INFO] dao.baseDao - show-table-info:m_component_props
[2018-08-26T08:54:23.395] [INFO] dao.baseDao - show-table-info:m_components
[2018-08-26T08:54:23.398] [INFO] dao.baseDao - show-table-info:m_datasource
[2018-08-26T08:54:23.400] [INFO] dao.baseDao - show-table-info:m_fields
[2018-08-26T08:54:23.405] [INFO] dao.baseDao - show-table-info:m_models
[2018-08-26T08:54:23.407] [INFO] dao.baseDao - show-table-info:m_page
[2018-08-26T08:54:23.408] [INFO] dao.baseDao - show-table-info:m_systems
[2018-08-26T08:54:23.410] [INFO] dao.baseDao - show-table-info:m_theme
[2018-08-26T08:54:23.412] [INFO] dao.baseDao - show-table-info:test2
[2018-08-26T08:54:23.414] [INFO] dao.baseDao - show-table-info:testTable
[2018-08-26T08:54:47.411] [INFO] dao.baseDao - show-table-info:m_component_props
[2018-08-26T08:54:47.413] [INFO] dao.baseDao - show-table-info:m_components
[2018-08-26T08:54:47.415] [INFO] dao.baseDao - show-table-info:m_datasource
[2018-08-26T08:54:47.426] [INFO] dao.baseDao - show-table-info:m_fields
[2018-08-26T08:54:47.429] [INFO] dao.baseDao - show-table-info:m_models
[2018-08-26T08:54:47.433] [INFO] dao.baseDao - show-table-info:m_page
[2018-08-26T08:54:47.438] [INFO] dao.baseDao - show-table-info:m_systems
[2018-08-26T08:54:47.445] [INFO] dao.baseDao - show-table-info:m_theme
[2018-08-26T08:54:47.448] [INFO] dao.baseDao - show-table-info:test2
[2018-08-26T08:54:47.449] [INFO] dao.baseDao - show-table-info:testTable
[2018-08-26T08:55:26.418] [INFO] dao.baseDao - show-table-info:m_component_props
[2018-08-26T08:55:26.422] [INFO] dao.baseDao - show-table-info:m_components
[2018-08-26T08:55:26.423] [INFO] dao.baseDao - show-table-info:m_datasource
[2018-08-26T08:55:26.425] [INFO] dao.baseDao - show-table-info:m_fields
[2018-08-26T08:55:26.427] [INFO] dao.baseDao - show-table-info:m_models
[2018-08-26T08:55:26.429] [INFO] dao.baseDao - show-table-info:m_page
[2018-08-26T08:55:26.431] [INFO] dao.baseDao - show-table-info:m_systems
[2018-08-26T08:55:26.439] [INFO] dao.baseDao - show-table-info:m_theme
[2018-08-26T08:55:26.440] [INFO] dao.baseDao - show-table-info:test2
[2018-08-26T08:55:26.443] [INFO] dao.baseDao - show-table-info:testTable
[2018-08-26T08:55:26.498] [INFO] dao.baseDao - query-all:m_datasource
[2018-08-26T08:57:05.651] [INFO] dao.baseDao - show-table-info:m_component_props
[2018-08-26T08:57:05.653] [INFO] dao.baseDao - show-table-info:m_components
[2018-08-26T08:57:05.655] [INFO] dao.baseDao - show-table-info:m_datasource
[2018-08-26T08:57:05.657] [INFO] dao.baseDao - show-table-info:m_fields
[2018-08-26T08:57:05.659] [INFO] dao.baseDao - show-table-info:m_models
[2018-08-26T08:57:05.663] [INFO] dao.baseDao - show-table-info:m_page
[2018-08-26T08:57:05.665] [INFO] dao.baseDao - show-table-info:m_systems
[2018-08-26T08:57:05.667] [INFO] dao.baseDao - show-table-info:m_theme
[2018-08-26T08:57:05.669] [INFO] dao.baseDao - show-table-info:test2
[2018-08-26T08:57:05.671] [INFO] dao.baseDao - show-table-info:testTable
[2018-08-26T08:57:05.716] [INFO] dao.baseDao - query-all:m_datasource
[2018-08-26T08:58:44.254] [INFO] dao.baseDao - show-table-info:m_component_props
[2018-08-26T08:58:44.259] [INFO] dao.baseDao - show-table-info:m_components
[2018-08-26T08:58:44.261] [INFO] dao.baseDao - show-table-info:m_datasource
[2018-08-26T08:58:44.263] [INFO] dao.baseDao - show-table-info:m_fields
[2018-08-26T08:58:44.264] [INFO] dao.baseDao - show-table-info:m_models
[2018-08-26T08:58:44.266] [INFO] dao.baseDao - show-table-info:m_page
[2018-08-26T08:58:44.267] [INFO] dao.baseDao - show-table-info:m_systems
[2018-08-26T08:58:44.273] [INFO] dao.baseDao - show-table-info:m_theme
[2018-08-26T08:58:44.276] [INFO] dao.baseDao - show-table-info:test2
[2018-08-26T08:58:44.277] [INFO] dao.baseDao - show-table-info:testTable
[2018-08-26T08:58:44.308] [INFO] dao.baseDao - query-all:m_datasource
[2018-08-26T14:55:43.112] [INFO] dao.baseDao - show-table-info:m_component_props
[2018-08-26T14:55:43.114] [INFO] dao.baseDao - show-table-info:m_components
[2018-08-26T14:55:43.115] [INFO] dao.baseDao - show-table-info:m_datasource
[2018-08-26T14:55:43.117] [INFO] dao.baseDao - show-table-info:m_fields
[2018-08-26T14:55:43.118] [INFO] dao.baseDao - show-table-info:m_models
[2018-08-26T14:55:43.120] [INFO] dao.baseDao - show-table-info:m_page
[2018-08-26T14:55:43.143] [INFO] dao.baseDao - show-table-info:m_systems
[2018-08-26T14:55:43.144] [INFO] dao.baseDao - show-table-info:m_theme
[2018-08-26T14:55:43.146] [INFO] dao.baseDao - show-table-info:test2
[2018-08-26T14:55:43.148] [INFO] dao.baseDao - show-table-info:test3
[2018-08-26T14:55:43.151] [INFO] dao.baseDao - show-table-info:testTable
[2018-08-26T14:55:43.516] [INFO] dao.baseDao - show-table-info:m_component_props
[2018-08-26T14:55:43.519] [INFO] dao.baseDao - show-table-info:m_components
[2018-08-26T14:55:43.521] [INFO] dao.baseDao - show-table-info:m_datasource
[2018-08-26T14:55:43.523] [INFO] dao.baseDao - show-table-info:m_fields
[2018-08-26T14:55:43.525] [INFO] dao.baseDao - show-table-info:m_models
[2018-08-26T14:55:43.527] [INFO] dao.baseDao - show-table-info:m_page
[2018-08-26T14:55:43.529] [INFO] dao.baseDao - show-table-info:m_systems
[2018-08-26T14:55:43.537] [INFO] dao.baseDao - show-table-info:m_theme
[2018-08-26T14:55:43.539] [INFO] dao.baseDao - show-table-info:test2
[2018-08-26T14:55:43.542] [INFO] dao.baseDao - show-table-info:test3
[2018-08-26T14:55:43.544] [INFO] dao.baseDao - show-table-info:testTable
[2018-08-26T14:56:07.042] [INFO] dao.baseDao - show-table-info:m_component_props
[2018-08-26T14:56:07.049] [INFO] dao.baseDao - show-table-info:m_components
[2018-08-26T14:56:07.051] [INFO] dao.baseDao - show-table-info:m_datasource
[2018-08-26T14:56:07.053] [INFO] dao.baseDao - show-table-info:m_fields
[2018-08-26T14:56:07.055] [INFO] dao.baseDao - show-table-info:m_models
[2018-08-26T14:56:07.056] [INFO] dao.baseDao - show-table-info:m_page
[2018-08-26T14:56:07.057] [INFO] dao.baseDao - show-table-info:m_systems
[2018-08-26T14:56:07.060] [INFO] dao.baseDao - show-table-info:m_theme
[2018-08-26T14:56:07.061] [INFO] dao.baseDao - show-table-info:test2
[2018-08-26T14:56:07.063] [INFO] dao.baseDao - show-table-info:test3
[2018-08-26T14:56:07.064] [INFO] dao.baseDao - show-table-info:testTable
[2018-08-26T14:56:07.149] [INFO] dao.baseDao - query-all:test3
[2018-08-26T14:58:22.336] [INFO] dao.baseDao - show-table-info:m_component_props
[2018-08-26T14:58:22.353] [INFO] dao.baseDao - show-table-info:m_components
[2018-08-26T14:58:22.361] [INFO] dao.baseDao - show-table-info:m_datasource
[2018-08-26T14:58:22.362] [INFO] dao.baseDao - show-table-info:m_fields
[2018-08-26T14:58:22.364] [INFO] dao.baseDao - show-table-info:m_models
[2018-08-26T14:58:22.367] [INFO] dao.baseDao - show-table-info:m_page
[2018-08-26T14:58:22.369] [INFO] dao.baseDao - show-table-info:m_systems
[2018-08-26T14:58:22.382] [INFO] dao.baseDao - show-table-info:m_theme
[2018-08-26T14:58:22.391] [INFO] dao.baseDao - show-table-info:test2
[2018-08-26T14:58:22.393] [INFO] dao.baseDao - show-table-info:test3
[2018-08-26T14:58:22.394] [INFO] dao.baseDao - show-table-info:testTable
[2018-08-26T14:58:22.498] [INFO] dao.baseDao - query-ById:test3,id:1
[2018-08-26T15:00:58.396] [INFO] dao.baseDao - show-table-info:m_component_props
[2018-08-26T15:00:58.408] [INFO] dao.baseDao - show-table-info:m_component_props
[2018-08-26T15:00:58.413] [INFO] dao.baseDao - show-table-info:m_components
[2018-08-26T15:00:58.430] [INFO] dao.baseDao - show-table-info:m_components
[2018-08-26T15:00:58.434] [INFO] dao.baseDao - show-table-info:m_datasource
[2018-08-26T15:00:58.457] [INFO] dao.baseDao - show-table-info:m_datasource
[2018-08-26T15:00:58.458] [INFO] dao.baseDao - show-table-info:m_component_props
[2018-08-26T15:00:58.459] [INFO] dao.baseDao - show-table-info:m_fields
[2018-08-26T15:00:58.461] [INFO] dao.baseDao - show-table-info:m_fields
[2018-08-26T15:00:58.465] [INFO] dao.baseDao - show-table-info:m_models
[2018-08-26T15:00:58.466] [INFO] dao.baseDao - show-table-info:m_models
[2018-08-26T15:00:58.470] [INFO] dao.baseDao - show-table-info:m_page
[2018-08-26T15:00:58.489] [INFO] dao.baseDao - show-table-info:m_components
[2018-08-26T15:00:58.490] [INFO] dao.baseDao - show-table-info:m_page
[2018-08-26T15:00:58.491] [INFO] dao.baseDao - show-table-info:m_systems
[2018-08-26T15:00:58.492] [INFO] dao.baseDao - show-table-info:m_systems
[2018-08-26T15:00:58.495] [INFO] dao.baseDao - show-table-info:m_theme
[2018-08-26T15:00:58.496] [INFO] dao.baseDao - show-table-info:m_datasource
[2018-08-26T15:00:58.497] [INFO] dao.baseDao - show-table-info:m_theme
[2018-08-26T15:00:58.499] [INFO] dao.baseDao - show-table-info:test2
[2018-08-26T15:00:58.502] [INFO] dao.baseDao - show-table-info:test2
[2018-08-26T15:00:58.503] [INFO] dao.baseDao - show-table-info:test3
[2018-08-26T15:00:58.505] [INFO] dao.baseDao - show-table-info:test3
[2018-08-26T15:00:58.507] [INFO] dao.baseDao - show-table-info:testTable
[2018-08-26T15:00:58.566] [INFO] dao.baseDao - query-page:m_components
[2018-08-26T15:00:58.567] [INFO] dao.baseDao - show-table-info:m_fields
[2018-08-26T15:00:58.570] [INFO] dao.baseDao - show-table-info:testTable
[2018-08-26T15:00:58.624] [INFO] dao.baseDao - query-all:m_theme
[2018-08-26T15:00:58.625] [INFO] dao.baseDao - show-table-info:m_models
[2018-08-26T15:00:58.661] [INFO] dao.baseDao - show-table-info:m_page
[2018-08-26T15:00:58.663] [INFO] dao.baseDao - show-table-info:m_systems
[2018-08-26T15:00:58.664] [INFO] dao.baseDao - show-table-info:m_theme
[2018-08-26T15:00:58.666] [INFO] dao.baseDao - show-table-info:test2
[2018-08-26T15:00:58.668] [INFO] dao.baseDao - show-table-info:test3
[2018-08-26T15:00:58.669] [INFO] dao.baseDao - show-table-info:testTable
[2018-08-26T15:00:58.702] [INFO] dao.baseDao - query-all:m_component_props
[2018-08-26T15:00:58.703] [INFO] dao.baseDao - 4
[2018-08-26T15:00:58.703] [INFO] dao.baseDao - { page: 0,
  limit: 10,
  list: 
   [ RowDataPacket {
       id: 1,
       name: 'input',
       description: null,
       theme: 1,
       frontShow: null,
       backShow: null,
       createAt: 2018-08-20T14:07:29.000Z,
       createBy: 1,
       updateAt: 2018-08-20T14:07:29.000Z,
       isDeleted: 0,
       deletedAt: 2018-08-20T14:07:29.000Z },
     RowDataPacket {
       id: 2,
       name: 'select',
       description: null,
       theme: 1,
       frontShow: null,
       backShow: null,
       createAt: 2018-08-24T05:41:55.000Z,
       createBy: 1,
       updateAt: 2018-08-24T05:41:55.000Z,
       isDeleted: 0,
       deletedAt: 2018-08-24T05:41:55.000Z },
     RowDataPacket {
       id: 3,
       name: 'row',
       description: null,
       theme: 1,
       frontShow: null,
       backShow: null,
       createAt: 2018-08-24T13:17:11.000Z,
       createBy: 1,
       updateAt: 2018-08-24T13:17:11.000Z,
       isDeleted: 0,
       deletedAt: 2018-08-24T13:17:11.000Z },
     RowDataPacket {
       id: 4,
       name: 'col',
       description: null,
       theme: 1,
       frontShow: null,
       backShow: null,
       createAt: 2018-08-25T02:12:18.000Z,
       createBy: 1,
       updateAt: 2018-08-25T02:12:18.000Z,
       isDeleted: 0,
       deletedAt: 2018-08-25T02:12:18.000Z } ],
  total: 4 }
[2018-08-26T15:01:01.279] [INFO] dao.baseDao - show-table-info:m_component_props
[2018-08-26T15:01:01.280] [INFO] dao.baseDao - show-table-info:m_components
[2018-08-26T15:01:01.282] [INFO] dao.baseDao - show-table-info:m_datasource
[2018-08-26T15:01:01.290] [INFO] dao.baseDao - show-table-info:m_fields
[2018-08-26T15:01:01.292] [INFO] dao.baseDao - show-table-info:m_models
[2018-08-26T15:01:01.295] [INFO] dao.baseDao - show-table-info:m_page
[2018-08-26T15:01:01.297] [INFO] dao.baseDao - show-table-info:m_systems
[2018-08-26T15:01:01.298] [INFO] dao.baseDao - show-table-info:m_theme
[2018-08-26T15:01:01.301] [INFO] dao.baseDao - show-table-info:test2
[2018-08-26T15:01:01.309] [INFO] dao.baseDao - show-table-info:test3
[2018-08-26T15:01:01.313] [INFO] dao.baseDao - show-table-info:testTable
[2018-08-26T15:01:01.364] [INFO] dao.baseDao - query-all:m_systems
