[2018-09-03T18:39:44.761] [INFO] dao.baseDao - show-table-info:group_role_relation
[2018-09-03T18:39:44.770] [INFO] dao.baseDao - show-table-info:group_role_relation
[2018-09-03T18:39:44.798] [INFO] dao.baseDao - show-table-info:m_component_props
[2018-09-03T18:39:44.800] [INFO] dao.baseDao - show-table-info:m_component_props
[2018-09-03T18:39:44.804] [INFO] dao.baseDao - show-table-info:m_components
[2018-09-03T18:39:44.805] [INFO] dao.baseDao - show-table-info:m_components
[2018-09-03T18:39:44.809] [INFO] dao.baseDao - show-table-info:m_datasource
[2018-09-03T18:39:44.811] [INFO] dao.baseDao - show-table-info:m_datasource
[2018-09-03T18:39:44.818] [INFO] dao.baseDao - show-table-info:m_fields
[2018-09-03T18:39:44.821] [INFO] dao.baseDao - show-table-info:m_fields
[2018-09-03T18:39:44.822] [INFO] dao.baseDao - show-table-info:m_model_fields
[2018-09-03T18:39:44.826] [INFO] dao.baseDao - show-table-info:m_models
[2018-09-03T18:39:44.829] [INFO] dao.baseDao - show-table-info:m_model_fields
[2018-09-03T18:39:44.836] [INFO] dao.baseDao - show-table-info:m_page
[2018-09-03T18:39:44.838] [INFO] dao.baseDao - show-table-info:m_models
[2018-09-03T18:39:44.843] [INFO] dao.baseDao - show-table-info:m_page_actions
[2018-09-03T18:39:44.846] [INFO] dao.baseDao - show-table-info:m_page
[2018-09-03T18:39:44.848] [INFO] dao.baseDao - show-table-info:m_systems
[2018-09-03T18:39:44.853] [INFO] dao.baseDao - show-table-info:m_page_actions
[2018-09-03T18:39:44.855] [INFO] dao.baseDao - show-table-info:m_theme
[2018-09-03T18:39:44.858] [INFO] dao.baseDao - show-table-info:m_systems
[2018-09-03T18:39:44.862] [INFO] dao.baseDao - show-table-info:roles
[2018-09-03T18:39:44.864] [INFO] dao.baseDao - show-table-info:m_theme
[2018-09-03T18:39:44.867] [INFO] dao.baseDao - show-table-info:test2
[2018-09-03T18:39:44.869] [INFO] dao.baseDao - show-table-info:roles
[2018-09-03T18:39:44.872] [INFO] dao.baseDao - show-table-info:test3
[2018-09-03T18:39:44.875] [INFO] dao.baseDao - show-table-info:test2
[2018-09-03T18:39:44.876] [INFO] dao.baseDao - show-table-info:testTable
[2018-09-03T18:39:44.879] [INFO] dao.baseDao - show-table-info:test3
[2018-09-03T18:39:44.881] [INFO] dao.baseDao - show-table-info:user_group
[2018-09-03T18:39:44.883] [INFO] dao.baseDao - show-table-info:testTable
[2018-09-03T18:39:44.888] [INFO] dao.baseDao - show-table-info:user_group_relation
[2018-09-03T18:39:44.892] [INFO] dao.baseDao - show-table-info:user_group
[2018-09-03T18:39:44.894] [INFO] dao.baseDao - show-table-info:users
[2018-09-03T18:39:44.897] [INFO] dao.baseDao - show-table-info:user_group_relation
[2018-09-03T18:39:45.019] [INFO] dao.baseDao - query-all:m_theme
[2018-09-03T18:39:45.021] [INFO] dao.baseDao - show-table-info:users
[2018-09-03T18:39:45.053] [INFO] dao.baseDao - query-all:m_systems
[2018-09-03T18:39:47.736] [INFO] dao.baseDao - query-all:m_datasource
[2018-09-03T18:44:40.421] [INFO] dao.baseDao - query-all:m_datasource
[2018-09-03T18:45:37.745] [INFO] dao.baseDao - query-ById:m_datasource,id:12
[2018-09-03T18:50:05.540] [INFO] dao.baseDao - query-ById:m_datasource,id:13
[2018-09-03T18:50:19.989] [INFO] dao.baseDao - show-table-info:group_role_relation
[2018-09-03T18:50:19.995] [INFO] dao.baseDao - show-table-info:m_component_props
[2018-09-03T18:50:19.999] [INFO] dao.baseDao - show-table-info:m_components
[2018-09-03T18:50:20.003] [INFO] dao.baseDao - show-table-info:m_datasource
[2018-09-03T18:50:20.005] [INFO] dao.baseDao - show-table-info:m_fields
[2018-09-03T18:50:20.008] [INFO] dao.baseDao - show-table-info:m_model_fields
[2018-09-03T18:50:20.014] [INFO] dao.baseDao - show-table-info:m_models
[2018-09-03T18:50:20.017] [INFO] dao.baseDao - show-table-info:m_page
[2018-09-03T18:50:20.021] [INFO] dao.baseDao - show-table-info:m_page_actions
[2018-09-03T18:50:20.023] [INFO] dao.baseDao - show-table-info:m_systems
[2018-09-03T18:50:20.025] [INFO] dao.baseDao - show-table-info:m_theme
[2018-09-03T18:50:20.027] [INFO] dao.baseDao - show-table-info:roles
[2018-09-03T18:50:20.028] [INFO] dao.baseDao - show-table-info:test2
[2018-09-03T18:50:20.031] [INFO] dao.baseDao - show-table-info:test3
[2018-09-03T18:50:20.042] [INFO] dao.baseDao - show-table-info:testTable
[2018-09-03T18:50:20.044] [INFO] dao.baseDao - show-table-info:user_group
[2018-09-03T18:50:20.045] [INFO] dao.baseDao - show-table-info:user_group_relation
[2018-09-03T18:50:20.047] [INFO] dao.baseDao - show-table-info:users
[2018-09-03T18:50:20.119] [INFO] dao.baseDao - query-ById:m_datasource,id:14
[2018-09-03T18:50:56.468] [INFO] dao.baseDao - query-ById:m_datasource,id:15
[2018-09-03T18:52:51.943] [INFO] dao.baseDao - show-table-info:group_role_relation
[2018-09-03T18:52:52.007] [INFO] dao.baseDao - show-table-info:m_component_props
[2018-09-03T18:52:52.014] [INFO] dao.baseDao - show-table-info:m_components
[2018-09-03T18:52:52.017] [INFO] dao.baseDao - show-table-info:m_datasource
[2018-09-03T18:52:52.021] [INFO] dao.baseDao - show-table-info:m_fields
[2018-09-03T18:52:52.024] [INFO] dao.baseDao - show-table-info:m_model_fields
[2018-09-03T18:52:52.123] [INFO] dao.baseDao - show-table-info:m_models
[2018-09-03T18:52:52.199] [INFO] dao.baseDao - show-table-info:m_page
[2018-09-03T18:52:52.208] [INFO] dao.baseDao - show-table-info:m_page_actions
[2018-09-03T18:52:52.212] [INFO] dao.baseDao - show-table-info:m_systems
[2018-09-03T18:52:52.230] [INFO] dao.baseDao - show-table-info:m_theme
[2018-09-03T18:52:52.251] [INFO] dao.baseDao - show-table-info:roles
[2018-09-03T18:52:52.289] [INFO] dao.baseDao - show-table-info:test2
[2018-09-03T18:52:52.297] [INFO] dao.baseDao - show-table-info:test3
[2018-09-03T18:52:52.302] [INFO] dao.baseDao - show-table-info:testTable
[2018-09-03T18:52:52.309] [INFO] dao.baseDao - show-table-info:user_group
[2018-09-03T18:52:52.316] [INFO] dao.baseDao - show-table-info:user_group_relation
[2018-09-03T18:52:52.321] [INFO] dao.baseDao - show-table-info:users
[2018-09-03T18:52:52.450] [INFO] dao.baseDao - query-ById:m_datasource,id:16
[2018-09-03T18:58:22.184] [INFO] dao.baseDao - show-table-info:group_role_relation
[2018-09-03T18:58:22.191] [INFO] dao.baseDao - show-table-info:m_component_props
[2018-09-03T18:58:22.193] [INFO] dao.baseDao - show-table-info:m_components
[2018-09-03T18:58:22.195] [INFO] dao.baseDao - show-table-info:m_datasource
[2018-09-03T18:58:22.198] [INFO] dao.baseDao - show-table-info:m_fields
[2018-09-03T18:58:22.200] [INFO] dao.baseDao - show-table-info:m_model_fields
[2018-09-03T18:58:22.205] [INFO] dao.baseDao - show-table-info:m_models
[2018-09-03T18:58:22.212] [INFO] dao.baseDao - show-table-info:m_page
[2018-09-03T18:58:22.215] [INFO] dao.baseDao - show-table-info:m_page_actions
[2018-09-03T18:58:22.216] [INFO] dao.baseDao - show-table-info:m_systems
[2018-09-03T18:58:22.218] [INFO] dao.baseDao - show-table-info:m_theme
[2018-09-03T18:58:22.221] [INFO] dao.baseDao - show-table-info:roles
[2018-09-03T18:58:22.223] [INFO] dao.baseDao - show-table-info:test2
[2018-09-03T18:58:22.226] [INFO] dao.baseDao - show-table-info:test3
[2018-09-03T18:58:22.227] [INFO] dao.baseDao - show-table-info:testTable
[2018-09-03T18:58:22.229] [INFO] dao.baseDao - show-table-info:user_group
[2018-09-03T18:58:22.231] [INFO] dao.baseDao - show-table-info:user_group_relation
[2018-09-03T18:58:22.233] [INFO] dao.baseDao - show-table-info:users
[2018-09-03T18:58:22.304] [INFO] dao.baseDao - query-ById:m_datasource,id:17
[2018-09-03T18:58:22.313] [INFO] dao.baseDao - show-table-info:course
[2018-09-03T19:03:41.489] [INFO] dao.baseDao - show-table-info:group_role_relation
[2018-09-03T19:03:41.498] [INFO] dao.baseDao - show-table-info:m_component_props
[2018-09-03T19:03:41.505] [INFO] dao.baseDao - show-table-info:m_components
[2018-09-03T19:03:41.509] [INFO] dao.baseDao - show-table-info:m_datasource
[2018-09-03T19:03:41.515] [INFO] dao.baseDao - show-table-info:m_fields
[2018-09-03T19:03:41.517] [INFO] dao.baseDao - show-table-info:m_model_fields
[2018-09-03T19:03:41.520] [INFO] dao.baseDao - show-table-info:m_models
[2018-09-03T19:03:41.525] [INFO] dao.baseDao - show-table-info:m_page
[2018-09-03T19:03:41.532] [INFO] dao.baseDao - show-table-info:m_page_actions
[2018-09-03T19:03:41.535] [INFO] dao.baseDao - show-table-info:m_systems
[2018-09-03T19:03:41.537] [INFO] dao.baseDao - show-table-info:m_theme
[2018-09-03T19:03:41.539] [INFO] dao.baseDao - show-table-info:roles
[2018-09-03T19:03:41.541] [INFO] dao.baseDao - show-table-info:test2
[2018-09-03T19:03:41.543] [INFO] dao.baseDao - show-table-info:test3
[2018-09-03T19:03:41.545] [INFO] dao.baseDao - show-table-info:testTable
[2018-09-03T19:03:41.548] [INFO] dao.baseDao - show-table-info:user_group
[2018-09-03T19:03:41.551] [INFO] dao.baseDao - show-table-info:user_group_relation
[2018-09-03T19:03:41.553] [INFO] dao.baseDao - show-table-info:users
[2018-09-03T19:03:41.621] [INFO] dao.baseDao - query-ById:m_datasource,id:18
[2018-09-03T19:03:41.628] [INFO] dao.baseDao - show-table-info:course
[2018-09-03T19:05:57.095] [INFO] dao.baseDao - show-table-info:group_role_relation
[2018-09-03T19:05:57.100] [INFO] dao.baseDao - show-table-info:m_component_props
[2018-09-03T19:05:57.103] [INFO] dao.baseDao - show-table-info:m_components
[2018-09-03T19:05:57.104] [INFO] dao.baseDao - show-table-info:m_datasource
[2018-09-03T19:05:57.106] [INFO] dao.baseDao - show-table-info:m_fields
[2018-09-03T19:05:57.108] [INFO] dao.baseDao - show-table-info:m_model_fields
[2018-09-03T19:05:57.109] [INFO] dao.baseDao - show-table-info:m_models
[2018-09-03T19:05:57.111] [INFO] dao.baseDao - show-table-info:m_page
[2018-09-03T19:05:57.112] [INFO] dao.baseDao - show-table-info:m_page_actions
[2018-09-03T19:05:57.114] [INFO] dao.baseDao - show-table-info:m_systems
[2018-09-03T19:05:57.115] [INFO] dao.baseDao - show-table-info:m_theme
[2018-09-03T19:05:57.118] [INFO] dao.baseDao - show-table-info:roles
[2018-09-03T19:05:57.119] [INFO] dao.baseDao - show-table-info:test2
[2018-09-03T19:05:57.121] [INFO] dao.baseDao - show-table-info:test3
[2018-09-03T19:05:57.122] [INFO] dao.baseDao - show-table-info:testTable
[2018-09-03T19:05:57.123] [INFO] dao.baseDao - show-table-info:user_group
[2018-09-03T19:05:57.125] [INFO] dao.baseDao - show-table-info:user_group_relation
[2018-09-03T19:05:57.126] [INFO] dao.baseDao - show-table-info:users
[2018-09-03T19:05:57.199] [INFO] dao.baseDao - query-ById:m_datasource,id:19
[2018-09-03T19:05:57.208] [INFO] dao.baseDao - show-table-info:course
[2018-09-03T19:07:14.438] [INFO] dao.baseDao - show-table-info:group_role_relation
[2018-09-03T19:07:14.446] [INFO] dao.baseDao - show-table-info:m_component_props
[2018-09-03T19:07:14.449] [INFO] dao.baseDao - show-table-info:m_components
[2018-09-03T19:07:14.453] [INFO] dao.baseDao - show-table-info:m_datasource
[2018-09-03T19:07:14.454] [INFO] dao.baseDao - show-table-info:m_fields
[2018-09-03T19:07:14.457] [INFO] dao.baseDao - show-table-info:m_model_fields
[2018-09-03T19:07:14.460] [INFO] dao.baseDao - show-table-info:m_models
[2018-09-03T19:07:14.465] [INFO] dao.baseDao - show-table-info:m_page
[2018-09-03T19:07:14.472] [INFO] dao.baseDao - show-table-info:m_page_actions
[2018-09-03T19:07:14.479] [INFO] dao.baseDao - show-table-info:m_systems
[2018-09-03T19:07:14.483] [INFO] dao.baseDao - show-table-info:m_theme
[2018-09-03T19:07:14.485] [INFO] dao.baseDao - show-table-info:roles
[2018-09-03T19:07:14.488] [INFO] dao.baseDao - show-table-info:test2
[2018-09-03T19:07:14.490] [INFO] dao.baseDao - show-table-info:test3
[2018-09-03T19:07:14.493] [INFO] dao.baseDao - show-table-info:testTable
[2018-09-03T19:07:14.495] [INFO] dao.baseDao - show-table-info:user_group
[2018-09-03T19:07:14.498] [INFO] dao.baseDao - show-table-info:user_group_relation
[2018-09-03T19:07:14.503] [INFO] dao.baseDao - show-table-info:users
[2018-09-03T19:07:14.582] [INFO] dao.baseDao - query-ById:m_datasource,id:20
[2018-09-03T19:07:14.589] [INFO] dao.baseDao - show-table-info:course
[2018-09-03T19:10:53.869] [INFO] dao.baseDao - show-table-info:group_role_relation
[2018-09-03T19:10:53.874] [INFO] dao.baseDao - show-table-info:m_component_props
[2018-09-03T19:10:53.876] [INFO] dao.baseDao - show-table-info:m_components
[2018-09-03T19:10:53.877] [INFO] dao.baseDao - show-table-info:m_datasource
[2018-09-03T19:10:53.879] [INFO] dao.baseDao - show-table-info:m_fields
[2018-09-03T19:10:53.880] [INFO] dao.baseDao - show-table-info:m_model_fields
[2018-09-03T19:10:53.882] [INFO] dao.baseDao - show-table-info:m_models
[2018-09-03T19:10:53.884] [INFO] dao.baseDao - show-table-info:m_page
[2018-09-03T19:10:53.885] [INFO] dao.baseDao - show-table-info:m_page_actions
[2018-09-03T19:10:53.887] [INFO] dao.baseDao - show-table-info:m_systems
[2018-09-03T19:10:53.888] [INFO] dao.baseDao - show-table-info:m_theme
[2018-09-03T19:10:53.890] [INFO] dao.baseDao - show-table-info:roles
[2018-09-03T19:10:53.892] [INFO] dao.baseDao - show-table-info:test2
[2018-09-03T19:10:53.893] [INFO] dao.baseDao - show-table-info:test3
[2018-09-03T19:10:53.895] [INFO] dao.baseDao - show-table-info:testTable
[2018-09-03T19:10:53.897] [INFO] dao.baseDao - show-table-info:user_group
[2018-09-03T19:10:53.900] [INFO] dao.baseDao - show-table-info:user_group_relation
[2018-09-03T19:10:53.901] [INFO] dao.baseDao - show-table-info:users
[2018-09-03T19:10:53.975] [INFO] dao.baseDao - query-ById:m_datasource,id:21
[2018-09-03T19:10:53.982] [INFO] dao.baseDao - show-table-info:course
[2018-09-03T19:15:41.238] [INFO] dao.baseDao - show-table-info:group_role_relation
[2018-09-03T19:15:41.243] [INFO] dao.baseDao - show-table-info:m_component_props
[2018-09-03T19:15:41.245] [INFO] dao.baseDao - show-table-info:m_components
[2018-09-03T19:15:41.247] [INFO] dao.baseDao - show-table-info:m_datasource
[2018-09-03T19:15:41.248] [INFO] dao.baseDao - show-table-info:m_fields
[2018-09-03T19:15:41.249] [INFO] dao.baseDao - show-table-info:m_model_fields
[2018-09-03T19:15:41.251] [INFO] dao.baseDao - show-table-info:m_models
[2018-09-03T19:15:41.252] [INFO] dao.baseDao - show-table-info:m_page
[2018-09-03T19:15:41.253] [INFO] dao.baseDao - show-table-info:m_page_actions
[2018-09-03T19:15:41.255] [INFO] dao.baseDao - show-table-info:m_systems
[2018-09-03T19:15:41.256] [INFO] dao.baseDao - show-table-info:m_theme
[2018-09-03T19:15:41.259] [INFO] dao.baseDao - show-table-info:roles
[2018-09-03T19:15:41.260] [INFO] dao.baseDao - show-table-info:test2
[2018-09-03T19:15:41.262] [INFO] dao.baseDao - show-table-info:test3
[2018-09-03T19:15:41.263] [INFO] dao.baseDao - show-table-info:testTable
[2018-09-03T19:15:41.264] [INFO] dao.baseDao - show-table-info:user_group
[2018-09-03T19:15:41.266] [INFO] dao.baseDao - show-table-info:user_group_relation
[2018-09-03T19:15:41.267] [INFO] dao.baseDao - show-table-info:users
[2018-09-03T19:15:41.325] [INFO] dao.baseDao - query-ById:m_datasource,id:22
[2018-09-03T19:15:41.334] [INFO] dao.baseDao - show-table-info:course
[2018-09-03T19:16:30.575] [INFO] dao.baseDao - show-table-info:group_role_relation
[2018-09-03T19:16:30.579] [INFO] dao.baseDao - show-table-info:m_component_props
[2018-09-03T19:16:30.581] [INFO] dao.baseDao - show-table-info:m_components
[2018-09-03T19:16:30.584] [INFO] dao.baseDao - show-table-info:m_datasource
[2018-09-03T19:16:30.585] [INFO] dao.baseDao - show-table-info:m_fields
[2018-09-03T19:16:30.589] [INFO] dao.baseDao - show-table-info:m_model_fields
[2018-09-03T19:16:30.591] [INFO] dao.baseDao - show-table-info:m_models
[2018-09-03T19:16:30.598] [INFO] dao.baseDao - show-table-info:m_page
[2018-09-03T19:16:30.600] [INFO] dao.baseDao - show-table-info:m_page_actions
[2018-09-03T19:16:30.602] [INFO] dao.baseDao - show-table-info:m_systems
[2018-09-03T19:16:30.604] [INFO] dao.baseDao - show-table-info:m_theme
[2018-09-03T19:16:30.606] [INFO] dao.baseDao - show-table-info:roles
[2018-09-03T19:16:30.608] [INFO] dao.baseDao - show-table-info:test2
[2018-09-03T19:16:30.609] [INFO] dao.baseDao - show-table-info:test3
[2018-09-03T19:16:30.611] [INFO] dao.baseDao - show-table-info:testTable
[2018-09-03T19:16:30.612] [INFO] dao.baseDao - show-table-info:user_group
[2018-09-03T19:16:30.615] [INFO] dao.baseDao - show-table-info:user_group_relation
[2018-09-03T19:16:30.632] [INFO] dao.baseDao - show-table-info:users
[2018-09-03T19:16:30.712] [INFO] dao.baseDao - query-ById:m_datasource,id:23
[2018-09-03T19:16:30.723] [INFO] dao.baseDao - show-table-info:course
[2018-09-03T19:16:52.580] [INFO] dao.baseDao - query-ById:m_datasource,id:24
[2018-09-03T19:16:52.584] [INFO] dao.baseDao - show-table-info:course
[2018-09-03T19:16:52.593] [INFO] dao.baseDao - show-table-info:user
[2018-09-03T19:16:52.613] [INFO] dao.baseDao - show-table-info:userInfo
[2018-09-03T19:26:44.532] [INFO] dao.baseDao - query-all:m_datasource
[2018-09-03T19:27:31.062] [INFO] dao.baseDao - query-all:m_datasource
[2018-09-03T19:27:42.942] [INFO] dao.baseDao - query-ById:m_datasource,id:25
[2018-09-03T19:27:42.949] [INFO] dao.baseDao - show-table-info:course
[2018-09-03T19:27:42.959] [INFO] dao.baseDao - show-table-info:user
[2018-09-03T19:27:43.015] [INFO] dao.baseDao - show-table-info:userInfo
[2018-09-03T19:27:52.002] [INFO] dao.baseDao - query-all:m_datasource
[2018-09-03T19:29:26.653] [INFO] dao.baseDao - query-all:m_datasource
[2018-09-03T19:29:40.228] [INFO] dao.baseDao - query-all:m_datasource
[2018-09-03T19:40:28.294] [INFO] dao.baseDao - query-all:m_page
[2018-09-03T19:57:28.419] [INFO] dao.baseDao - query-all:m_datasource
[2018-09-03T19:58:20.297] [INFO] dao.baseDao - query-all:m_datasource
[2018-09-03T19:58:32.095] [INFO] dao.baseDao - query-all:m_datasource
[2018-09-03T19:59:45.439] [INFO] dao.baseDao - query-all:m_models
[2018-09-03T20:00:09.877] [INFO] dao.baseDao - query-all:m_datasource
[2018-09-03T20:00:12.285] [INFO] dao.baseDao - query-all:m_models
[2018-09-03T20:02:16.305] [INFO] dao.baseDao - query-all:m_datasource
[2018-09-03T20:02:17.651] [INFO] dao.baseDao - query-all:m_models
[2018-09-03T22:46:57.587] [INFO] dao.baseDao - query-all:m_datasource
[2018-09-03T22:46:59.935] [INFO] dao.baseDao - query-all:m_models
[2018-09-03T22:50:26.059] [INFO] dao.baseDao - query-all:m_datasource
[2018-09-03T22:50:27.428] [INFO] dao.baseDao - query-all:m_models
[2018-09-03T23:15:56.143] [INFO] dao.baseDao - show-table-info:group_role_relation
[2018-09-03T23:15:56.150] [INFO] dao.baseDao - show-table-info:m_component_props
[2018-09-03T23:15:56.152] [INFO] dao.baseDao - show-table-info:m_components
[2018-09-03T23:15:56.154] [INFO] dao.baseDao - show-table-info:m_datasource
[2018-09-03T23:15:56.156] [INFO] dao.baseDao - show-table-info:m_fields
[2018-09-03T23:15:56.157] [INFO] dao.baseDao - show-table-info:m_model_fields
[2018-09-03T23:15:56.159] [INFO] dao.baseDao - show-table-info:m_models
[2018-09-03T23:15:56.160] [INFO] dao.baseDao - show-table-info:m_page
[2018-09-03T23:15:56.162] [INFO] dao.baseDao - show-table-info:m_page_actions
[2018-09-03T23:15:56.165] [INFO] dao.baseDao - show-table-info:m_systems
[2018-09-03T23:15:56.168] [INFO] dao.baseDao - show-table-info:m_theme
[2018-09-03T23:15:56.170] [INFO] dao.baseDao - show-table-info:roles
[2018-09-03T23:15:56.173] [INFO] dao.baseDao - show-table-info:test2
[2018-09-03T23:15:56.177] [INFO] dao.baseDao - show-table-info:test3
[2018-09-03T23:15:56.180] [INFO] dao.baseDao - show-table-info:testTable
[2018-09-03T23:15:56.182] [INFO] dao.baseDao - show-table-info:user_group
[2018-09-03T23:15:56.184] [INFO] dao.baseDao - show-table-info:user_group_relation
[2018-09-03T23:15:56.187] [INFO] dao.baseDao - show-table-info:users
[2018-09-03T23:16:18.804] [INFO] dao.baseDao - show-table-info:group_role_relation
[2018-09-03T23:16:18.806] [INFO] dao.baseDao - show-table-info:m_component_props
[2018-09-03T23:16:18.808] [INFO] dao.baseDao - show-table-info:m_components
[2018-09-03T23:16:18.810] [INFO] dao.baseDao - show-table-info:m_datasource
[2018-09-03T23:16:18.812] [INFO] dao.baseDao - show-table-info:m_fields
[2018-09-03T23:16:18.814] [INFO] dao.baseDao - show-table-info:m_model_fields
[2018-09-03T23:16:18.816] [INFO] dao.baseDao - show-table-info:m_models
[2018-09-03T23:16:18.818] [INFO] dao.baseDao - show-table-info:m_page
[2018-09-03T23:16:18.821] [INFO] dao.baseDao - show-table-info:m_page_actions
[2018-09-03T23:16:18.823] [INFO] dao.baseDao - show-table-info:m_systems
[2018-09-03T23:16:18.825] [INFO] dao.baseDao - show-table-info:m_theme
[2018-09-03T23:16:49.052] [INFO] dao.baseDao - show-table-info:group_role_relation
[2018-09-03T23:16:49.058] [INFO] dao.baseDao - show-table-info:m_component_props
[2018-09-03T23:16:49.060] [INFO] dao.baseDao - show-table-info:m_components
[2018-09-03T23:16:49.062] [INFO] dao.baseDao - show-table-info:m_datasource
[2018-09-03T23:16:49.066] [INFO] dao.baseDao - show-table-info:m_fields
[2018-09-03T23:16:49.068] [INFO] dao.baseDao - show-table-info:m_model_fields
[2018-09-03T23:16:49.071] [INFO] dao.baseDao - show-table-info:m_models
[2018-09-03T23:16:49.074] [INFO] dao.baseDao - show-table-info:m_page
[2018-09-03T23:16:49.077] [INFO] dao.baseDao - show-table-info:m_page_actions
[2018-09-03T23:16:49.082] [INFO] dao.baseDao - show-table-info:m_systems
[2018-09-03T23:16:49.086] [INFO] dao.baseDao - show-table-info:m_theme
[2018-09-03T23:16:49.088] [INFO] dao.baseDao - show-table-info:roles
[2018-09-03T23:16:49.090] [INFO] dao.baseDao - show-table-info:test2
[2018-09-03T23:16:49.091] [INFO] dao.baseDao - show-table-info:test3
[2018-09-03T23:16:49.094] [INFO] dao.baseDao - show-table-info:testTable
[2018-09-03T23:16:49.097] [INFO] dao.baseDao - show-table-info:user_group
[2018-09-03T23:16:49.100] [INFO] dao.baseDao - show-table-info:user_group_relation
[2018-09-03T23:16:49.102] [INFO] dao.baseDao - show-table-info:users
[2018-09-03T23:16:49.166] [INFO] dao.baseDao - query-all:m_datasource
[2018-09-03T23:16:52.256] [INFO] dao.baseDao - query-all:m_models
[2018-09-03T23:16:52.264] [INFO] dao.baseDao - query-all:m_model_fields
[2018-09-03T23:16:52.265] [INFO] dao.baseDao - query-all:m_model_fields
[2018-09-03T23:16:52.266] [INFO] dao.baseDao - query-all:m_model_fields
[2018-09-03T23:18:53.927] [INFO] dao.baseDao - query-all:m_datasource
[2018-09-03T23:18:55.682] [INFO] dao.baseDao - query-all:m_models
[2018-09-03T23:18:55.690] [INFO] dao.baseDao - query-all:m_model_fields
[2018-09-03T23:18:55.690] [INFO] dao.baseDao - query-all:m_model_fields
[2018-09-03T23:18:55.691] [INFO] dao.baseDao - query-all:m_model_fields
[2018-09-03T23:20:15.041] [INFO] dao.baseDao - query-all:m_datasource
[2018-09-03T23:20:16.240] [INFO] dao.baseDao - query-all:m_models
[2018-09-03T23:20:16.242] [INFO] dao.baseDao - query-all:m_model_fields
[2018-09-03T23:20:16.242] [INFO] dao.baseDao - query-all:m_model_fields
[2018-09-03T23:20:16.243] [INFO] dao.baseDao - query-all:m_model_fields
[2018-09-03T23:21:44.207] [INFO] dao.baseDao - query-all:m_datasource
[2018-09-03T23:21:45.889] [INFO] dao.baseDao - query-all:m_models
[2018-09-03T23:21:45.891] [INFO] dao.baseDao - query-all:m_model_fields
[2018-09-03T23:21:45.891] [INFO] dao.baseDao - query-all:m_model_fields
[2018-09-03T23:21:45.892] [INFO] dao.baseDao - query-all:m_model_fields
[2018-09-03T23:25:09.406] [INFO] dao.baseDao - query-all:m_datasource
[2018-09-03T23:25:10.980] [INFO] dao.baseDao - query-all:m_models
[2018-09-03T23:25:10.987] [INFO] dao.baseDao - query-all:m_model_fields
[2018-09-03T23:25:10.988] [INFO] dao.baseDao - query-all:m_model_fields
[2018-09-03T23:25:10.989] [INFO] dao.baseDao - query-all:m_model_fields
[2018-09-03T23:26:07.098] [INFO] dao.baseDao - query-all:m_datasource
[2018-09-03T23:26:08.909] [INFO] dao.baseDao - query-all:m_models
[2018-09-03T23:26:08.912] [INFO] dao.baseDao - query-all:m_model_fields
[2018-09-03T23:26:08.913] [INFO] dao.baseDao - query-all:m_model_fields
[2018-09-03T23:26:08.913] [INFO] dao.baseDao - query-all:m_model_fields
