[2018-08-25T10:08:56.520] [INFO] dao.baseDao - show-table-info:m_component_props
[2018-08-25T10:08:56.566] [INFO] dao.baseDao - show-table-info:m_component_props
[2018-08-25T10:08:56.567] [INFO] dao.baseDao - show-table-info:m_component_props
[2018-08-25T10:08:56.571] [INFO] dao.baseDao - show-table-info:m_components
[2018-08-25T10:08:56.572] [INFO] dao.baseDao - show-table-info:m_components
[2018-08-25T10:08:56.574] [INFO] dao.baseDao - show-table-info:m_components
[2018-08-25T10:08:56.577] [INFO] dao.baseDao - show-table-info:m_fields
[2018-08-25T10:08:56.585] [INFO] dao.baseDao - show-table-info:m_fields
[2018-08-25T10:08:56.588] [INFO] dao.baseDao - show-table-info:m_models
[2018-08-25T10:08:56.592] [INFO] dao.baseDao - show-table-info:m_page
[2018-08-25T10:08:56.594] [INFO] dao.baseDao - show-table-info:m_fields
[2018-08-25T10:08:56.601] [INFO] dao.baseDao - show-table-info:m_systems
[2018-08-25T10:08:56.603] [INFO] dao.baseDao - show-table-info:m_theme
[2018-08-25T10:08:56.608] [INFO] dao.baseDao - show-table-info:m_models
[2018-08-25T10:08:56.612] [INFO] dao.baseDao - show-table-info:test2
[2018-08-25T10:08:56.618] [INFO] dao.baseDao - show-table-info:m_page
[2018-08-25T10:08:56.623] [INFO] dao.baseDao - show-table-info:m_models
[2018-08-25T10:08:56.624] [INFO] dao.baseDao - show-table-info:testTable
[2018-08-25T10:08:56.922] [INFO] dao.baseDao - query-page:m_components
[2018-08-25T10:08:56.924] [INFO] dao.baseDao - show-table-info:m_systems
[2018-08-25T10:08:56.925] [INFO] dao.baseDao - show-table-info:m_page
[2018-08-25T10:08:56.927] [INFO] dao.baseDao - show-table-info:m_theme
[2018-08-25T10:08:56.932] [INFO] dao.baseDao - show-table-info:test2
[2018-08-25T10:08:56.938] [INFO] dao.baseDao - show-table-info:testTable
[2018-08-25T10:08:56.949] [INFO] dao.baseDao - show-table-info:m_systems
[2018-08-25T10:08:57.019] [INFO] dao.baseDao - query-all:m_theme
[2018-08-25T10:08:57.020] [INFO] dao.baseDao - 3
[2018-08-25T10:08:57.020] [INFO] dao.baseDao - { page: 0,
  limit: 10,
  list: 
   [ RowDataPacket {
       id: 1,
       name: 'input',
       description: null,
       theme: 1,
       frontShow: null,
       backShow: null,
       createAt: 2018-08-20T14:07:29.000Z,
       createBy: 1,
       updateAt: 2018-08-20T14:07:29.000Z,
       isDeleted: 0,
       deletedAt: 2018-08-20T14:07:29.000Z },
     RowDataPacket {
       id: 2,
       name: 'select',
       description: null,
       theme: 1,
       frontShow: null,
       backShow: null,
       createAt: 2018-08-24T05:41:55.000Z,
       createBy: 1,
       updateAt: 2018-08-24T05:41:55.000Z,
       isDeleted: 0,
       deletedAt: 2018-08-24T05:41:55.000Z },
     RowDataPacket {
       id: 3,
       name: 'row',
       description: null,
       theme: 1,
       frontShow: null,
       backShow: null,
       createAt: 2018-08-24T13:17:11.000Z,
       createBy: 1,
       updateAt: 2018-08-24T13:17:11.000Z,
       isDeleted: 0,
       deletedAt: 2018-08-24T13:17:11.000Z } ],
  total: 3 }
[2018-08-25T10:08:57.024] [INFO] dao.baseDao - show-table-info:m_theme
[2018-08-25T10:08:57.031] [INFO] dao.baseDao - show-table-info:test2
[2018-08-25T10:08:57.044] [INFO] dao.baseDao - show-table-info:testTable
[2018-08-25T10:08:57.192] [INFO] dao.baseDao - query-all:m_component_props
[2018-08-25T10:08:57.983] [INFO] dao.baseDao - show-table-info:m_component_props
[2018-08-25T10:08:57.984] [INFO] dao.baseDao - show-table-info:m_components
[2018-08-25T10:08:57.986] [INFO] dao.baseDao - show-table-info:m_fields
[2018-08-25T10:08:57.988] [INFO] dao.baseDao - show-table-info:m_models
[2018-08-25T10:08:57.990] [INFO] dao.baseDao - show-table-info:m_page
[2018-08-25T10:08:57.992] [INFO] dao.baseDao - show-table-info:m_systems
[2018-08-25T10:08:57.995] [INFO] dao.baseDao - show-table-info:m_theme
[2018-08-25T10:08:57.998] [INFO] dao.baseDao - show-table-info:test2
[2018-08-25T10:08:58.001] [INFO] dao.baseDao - show-table-info:testTable
[2018-08-25T10:08:58.038] [INFO] dao.baseDao - query-all:m_component_props
[2018-08-25T10:09:31.710] [INFO] dao.baseDao - show-table-info:m_component_props
[2018-08-25T10:09:31.712] [INFO] dao.baseDao - show-table-info:m_components
[2018-08-25T10:09:31.714] [INFO] dao.baseDao - show-table-info:m_fields
[2018-08-25T10:09:31.718] [INFO] dao.baseDao - show-table-info:m_models
[2018-08-25T10:09:31.720] [INFO] dao.baseDao - show-table-info:m_page
[2018-08-25T10:09:31.723] [INFO] dao.baseDao - show-table-info:m_systems
[2018-08-25T10:09:31.727] [INFO] dao.baseDao - show-table-info:m_theme
[2018-08-25T10:09:31.730] [INFO] dao.baseDao - show-table-info:test2
[2018-08-25T10:09:31.736] [INFO] dao.baseDao - show-table-info:testTable
[2018-08-25T10:09:31.803] [INFO] dao.baseDao - query-ById:m_component_props,id:0
[2018-08-25T10:09:31.838] [INFO] dao.baseDao - show-table-info:m_component_props
[2018-08-25T10:09:31.840] [INFO] dao.baseDao - show-table-info:m_components
[2018-08-25T10:09:31.842] [INFO] dao.baseDao - show-table-info:m_fields
[2018-08-25T10:09:31.871] [INFO] dao.baseDao - show-table-info:m_models
[2018-08-25T10:09:31.874] [INFO] dao.baseDao - show-table-info:m_page
[2018-08-25T10:09:31.879] [INFO] dao.baseDao - show-table-info:m_systems
[2018-08-25T10:09:31.892] [INFO] dao.baseDao - show-table-info:m_theme
[2018-08-25T10:09:31.897] [INFO] dao.baseDao - show-table-info:test2
[2018-08-25T10:09:31.902] [INFO] dao.baseDao - show-table-info:testTable
[2018-08-25T10:09:31.977] [INFO] dao.baseDao - query-all:m_component_props
[2018-08-25T10:09:37.792] [INFO] dao.baseDao - show-table-info:m_component_props
[2018-08-25T10:09:37.794] [INFO] dao.baseDao - show-table-info:m_components
[2018-08-25T10:09:37.796] [INFO] dao.baseDao - show-table-info:m_fields
[2018-08-25T10:09:37.799] [INFO] dao.baseDao - show-table-info:m_models
[2018-08-25T10:09:37.800] [INFO] dao.baseDao - show-table-info:m_page
[2018-08-25T10:09:37.807] [INFO] dao.baseDao - show-table-info:m_systems
[2018-08-25T10:09:37.814] [INFO] dao.baseDao - show-table-info:m_theme
[2018-08-25T10:09:37.820] [INFO] dao.baseDao - show-table-info:test2
[2018-08-25T10:09:37.822] [INFO] dao.baseDao - show-table-info:testTable
[2018-08-25T10:09:37.889] [INFO] dao.baseDao - query-all:m_component_props
[2018-08-25T10:09:38.729] [INFO] dao.baseDao - show-table-info:m_component_props
[2018-08-25T10:09:38.731] [INFO] dao.baseDao - show-table-info:m_components
[2018-08-25T10:09:38.732] [INFO] dao.baseDao - show-table-info:m_fields
[2018-08-25T10:09:38.733] [INFO] dao.baseDao - show-table-info:m_models
[2018-08-25T10:09:38.736] [INFO] dao.baseDao - show-table-info:m_page
[2018-08-25T10:09:38.738] [INFO] dao.baseDao - show-table-info:m_systems
[2018-08-25T10:09:38.740] [INFO] dao.baseDao - show-table-info:m_theme
[2018-08-25T10:09:38.741] [INFO] dao.baseDao - show-table-info:test2
[2018-08-25T10:09:38.742] [INFO] dao.baseDao - show-table-info:testTable
[2018-08-25T10:09:38.793] [INFO] dao.baseDao - query-all:m_component_props
[2018-08-25T10:09:44.735] [INFO] dao.baseDao - show-table-info:m_component_props
[2018-08-25T10:09:44.736] [INFO] dao.baseDao - show-table-info:m_components
[2018-08-25T10:09:44.737] [INFO] dao.baseDao - show-table-info:m_fields
[2018-08-25T10:09:44.738] [INFO] dao.baseDao - show-table-info:m_models
[2018-08-25T10:09:44.740] [INFO] dao.baseDao - show-table-info:m_page
[2018-08-25T10:09:44.742] [INFO] dao.baseDao - show-table-info:m_systems
[2018-08-25T10:09:44.744] [INFO] dao.baseDao - show-table-info:m_theme
[2018-08-25T10:09:44.746] [INFO] dao.baseDao - show-table-info:test2
[2018-08-25T10:09:44.747] [INFO] dao.baseDao - show-table-info:testTable
[2018-08-25T10:09:44.801] [INFO] dao.baseDao - query-ById:m_component_props,id:0
[2018-08-25T10:09:44.814] [INFO] dao.baseDao - show-table-info:m_component_props
[2018-08-25T10:09:44.816] [INFO] dao.baseDao - show-table-info:m_components
[2018-08-25T10:09:44.817] [INFO] dao.baseDao - show-table-info:m_fields
[2018-08-25T10:09:44.819] [INFO] dao.baseDao - show-table-info:m_models
[2018-08-25T10:09:44.820] [INFO] dao.baseDao - show-table-info:m_page
[2018-08-25T10:09:44.825] [INFO] dao.baseDao - show-table-info:m_systems
[2018-08-25T10:09:44.827] [INFO] dao.baseDao - show-table-info:m_theme
[2018-08-25T10:09:44.829] [INFO] dao.baseDao - show-table-info:test2
[2018-08-25T10:09:44.831] [INFO] dao.baseDao - show-table-info:testTable
[2018-08-25T10:09:44.895] [INFO] dao.baseDao - query-all:m_component_props
[2018-08-25T10:09:47.134] [INFO] dao.baseDao - show-table-info:m_component_props
[2018-08-25T10:09:47.138] [INFO] dao.baseDao - show-table-info:m_components
[2018-08-25T10:09:47.140] [INFO] dao.baseDao - show-table-info:m_fields
[2018-08-25T10:09:47.141] [INFO] dao.baseDao - show-table-info:m_models
[2018-08-25T10:09:47.143] [INFO] dao.baseDao - show-table-info:m_page
[2018-08-25T10:09:47.145] [INFO] dao.baseDao - show-table-info:m_systems
[2018-08-25T10:09:47.146] [INFO] dao.baseDao - show-table-info:m_theme
[2018-08-25T10:09:47.149] [INFO] dao.baseDao - show-table-info:test2
[2018-08-25T10:09:47.151] [INFO] dao.baseDao - show-table-info:testTable
[2018-08-25T10:09:47.223] [INFO] dao.baseDao - query-all:m_component_props
[2018-08-25T10:09:47.623] [INFO] dao.baseDao - show-table-info:m_component_props
[2018-08-25T10:09:47.624] [INFO] dao.baseDao - show-table-info:m_components
[2018-08-25T10:09:47.625] [INFO] dao.baseDao - show-table-info:m_fields
[2018-08-25T10:09:47.626] [INFO] dao.baseDao - show-table-info:m_models
[2018-08-25T10:09:47.628] [INFO] dao.baseDao - show-table-info:m_page
[2018-08-25T10:09:47.629] [INFO] dao.baseDao - show-table-info:m_systems
[2018-08-25T10:09:47.630] [INFO] dao.baseDao - show-table-info:m_theme
[2018-08-25T10:09:47.631] [INFO] dao.baseDao - show-table-info:test2
[2018-08-25T10:09:47.632] [INFO] dao.baseDao - show-table-info:testTable
[2018-08-25T10:09:47.684] [INFO] dao.baseDao - query-all:m_component_props
[2018-08-25T10:11:03.468] [INFO] dao.baseDao - show-table-info:m_component_props
[2018-08-25T10:11:03.470] [INFO] dao.baseDao - show-table-info:m_components
[2018-08-25T10:11:03.472] [INFO] dao.baseDao - show-table-info:m_fields
[2018-08-25T10:11:03.474] [INFO] dao.baseDao - show-table-info:m_models
[2018-08-25T10:11:03.476] [INFO] dao.baseDao - show-table-info:m_page
[2018-08-25T10:11:03.477] [INFO] dao.baseDao - show-table-info:m_systems
[2018-08-25T10:11:03.479] [INFO] dao.baseDao - show-table-info:m_theme
[2018-08-25T10:11:03.482] [INFO] dao.baseDao - show-table-info:test2
[2018-08-25T10:11:03.485] [INFO] dao.baseDao - show-table-info:testTable
[2018-08-25T10:11:03.564] [INFO] dao.baseDao - query-ById:m_component_props,id:11
[2018-08-25T10:11:03.579] [INFO] dao.baseDao - show-table-info:m_component_props
[2018-08-25T10:11:03.580] [INFO] dao.baseDao - show-table-info:m_components
[2018-08-25T10:11:03.581] [INFO] dao.baseDao - show-table-info:m_fields
[2018-08-25T10:11:03.582] [INFO] dao.baseDao - show-table-info:m_models
[2018-08-25T10:11:03.584] [INFO] dao.baseDao - show-table-info:m_page
[2018-08-25T10:11:03.585] [INFO] dao.baseDao - show-table-info:m_systems
[2018-08-25T10:11:03.587] [INFO] dao.baseDao - show-table-info:m_theme
[2018-08-25T10:11:03.588] [INFO] dao.baseDao - show-table-info:test2
[2018-08-25T10:11:03.590] [INFO] dao.baseDao - show-table-info:testTable
[2018-08-25T10:11:03.678] [INFO] dao.baseDao - query-all:m_component_props
[2018-08-25T10:11:46.084] [INFO] dao.baseDao - show-table-info:m_component_props
[2018-08-25T10:11:46.085] [INFO] dao.baseDao - show-table-info:m_components
[2018-08-25T10:11:46.087] [INFO] dao.baseDao - show-table-info:m_fields
[2018-08-25T10:11:46.088] [INFO] dao.baseDao - show-table-info:m_models
[2018-08-25T10:11:46.090] [INFO] dao.baseDao - show-table-info:m_page
[2018-08-25T10:11:46.092] [INFO] dao.baseDao - show-table-info:m_systems
[2018-08-25T10:11:46.094] [INFO] dao.baseDao - show-table-info:m_theme
[2018-08-25T10:11:46.096] [INFO] dao.baseDao - show-table-info:test2
[2018-08-25T10:11:46.098] [INFO] dao.baseDao - show-table-info:testTable
[2018-08-25T10:11:46.165] [INFO] dao.baseDao - query-ById:m_component_props,id:12
[2018-08-25T10:11:46.176] [INFO] dao.baseDao - show-table-info:m_component_props
[2018-08-25T10:11:46.178] [INFO] dao.baseDao - show-table-info:m_components
[2018-08-25T10:11:46.179] [INFO] dao.baseDao - show-table-info:m_fields
[2018-08-25T10:11:46.180] [INFO] dao.baseDao - show-table-info:m_models
[2018-08-25T10:11:46.182] [INFO] dao.baseDao - show-table-info:m_page
[2018-08-25T10:11:46.183] [INFO] dao.baseDao - show-table-info:m_systems
[2018-08-25T10:11:46.184] [INFO] dao.baseDao - show-table-info:m_theme
[2018-08-25T10:11:46.185] [INFO] dao.baseDao - show-table-info:test2
[2018-08-25T10:11:46.186] [INFO] dao.baseDao - show-table-info:testTable
[2018-08-25T10:11:46.405] [INFO] dao.baseDao - query-all:m_component_props
[2018-08-25T10:12:18.326] [INFO] dao.baseDao - show-table-info:m_component_props
[2018-08-25T10:12:18.330] [INFO] dao.baseDao - show-table-info:m_components
[2018-08-25T10:12:18.333] [INFO] dao.baseDao - show-table-info:m_fields
[2018-08-25T10:12:18.334] [INFO] dao.baseDao - show-table-info:m_models
[2018-08-25T10:12:18.338] [INFO] dao.baseDao - show-table-info:m_page
[2018-08-25T10:12:18.339] [INFO] dao.baseDao - show-table-info:m_systems
[2018-08-25T10:12:18.341] [INFO] dao.baseDao - show-table-info:m_theme
[2018-08-25T10:12:18.343] [INFO] dao.baseDao - show-table-info:test2
[2018-08-25T10:12:18.347] [INFO] dao.baseDao - show-table-info:testTable
[2018-08-25T10:12:18.447] [INFO] dao.baseDao - query-ById:m_components,id:4
[2018-08-25T10:12:18.492] [INFO] dao.baseDao - show-table-info:m_component_props
[2018-08-25T10:12:18.494] [INFO] dao.baseDao - show-table-info:m_components
[2018-08-25T10:12:18.496] [INFO] dao.baseDao - show-table-info:m_fields
[2018-08-25T10:12:18.498] [INFO] dao.baseDao - show-table-info:m_models
[2018-08-25T10:12:18.500] [INFO] dao.baseDao - show-table-info:m_page
[2018-08-25T10:12:18.501] [INFO] dao.baseDao - show-table-info:m_systems
[2018-08-25T10:12:18.503] [INFO] dao.baseDao - show-table-info:m_theme
[2018-08-25T10:12:18.504] [INFO] dao.baseDao - show-table-info:test2
[2018-08-25T10:12:18.506] [INFO] dao.baseDao - show-table-info:testTable
[2018-08-25T10:12:18.580] [INFO] dao.baseDao - query-page:m_components
[2018-08-25T10:12:18.582] [INFO] dao.baseDao - 4
[2018-08-25T10:12:18.582] [INFO] dao.baseDao - { page: 0,
  limit: 10,
  list: 
   [ RowDataPacket {
       id: 1,
       name: 'input',
       description: null,
       theme: 1,
       frontShow: null,
       backShow: null,
       createAt: 2018-08-20T14:07:29.000Z,
       createBy: 1,
       updateAt: 2018-08-20T14:07:29.000Z,
       isDeleted: 0,
       deletedAt: 2018-08-20T14:07:29.000Z },
     RowDataPacket {
       id: 2,
       name: 'select',
       description: null,
       theme: 1,
       frontShow: null,
       backShow: null,
       createAt: 2018-08-24T05:41:55.000Z,
       createBy: 1,
       updateAt: 2018-08-24T05:41:55.000Z,
       isDeleted: 0,
       deletedAt: 2018-08-24T05:41:55.000Z },
     RowDataPacket {
       id: 3,
       name: 'row',
       description: null,
       theme: 1,
       frontShow: null,
       backShow: null,
       createAt: 2018-08-24T13:17:11.000Z,
       createBy: 1,
       updateAt: 2018-08-24T13:17:11.000Z,
       isDeleted: 0,
       deletedAt: 2018-08-24T13:17:11.000Z },
     RowDataPacket {
       id: 4,
       name: 'col',
       description: null,
       theme: 1,
       frontShow: null,
       backShow: null,
       createAt: 2018-08-25T02:12:18.000Z,
       createBy: 1,
       updateAt: 2018-08-25T02:12:18.000Z,
       isDeleted: 0,
       deletedAt: 2018-08-25T02:12:18.000Z } ],
  total: 4 }
[2018-08-25T10:12:19.707] [INFO] dao.baseDao - show-table-info:m_component_props
[2018-08-25T10:12:19.711] [INFO] dao.baseDao - show-table-info:m_components
[2018-08-25T10:12:19.718] [INFO] dao.baseDao - show-table-info:m_fields
[2018-08-25T10:12:19.720] [INFO] dao.baseDao - show-table-info:m_models
[2018-08-25T10:12:19.722] [INFO] dao.baseDao - show-table-info:m_page
[2018-08-25T10:12:19.724] [INFO] dao.baseDao - show-table-info:m_systems
[2018-08-25T10:12:19.726] [INFO] dao.baseDao - show-table-info:m_theme
[2018-08-25T10:12:19.727] [INFO] dao.baseDao - show-table-info:test2
[2018-08-25T10:12:19.728] [INFO] dao.baseDao - show-table-info:testTable
[2018-08-25T10:12:19.809] [INFO] dao.baseDao - query-all:m_component_props
[2018-08-25T10:14:38.722] [INFO] dao.baseDao - show-table-info:m_component_props
[2018-08-25T10:14:38.724] [INFO] dao.baseDao - show-table-info:m_components
[2018-08-25T10:14:38.726] [INFO] dao.baseDao - show-table-info:m_fields
[2018-08-25T10:14:38.728] [INFO] dao.baseDao - show-table-info:m_models
[2018-08-25T10:14:38.730] [INFO] dao.baseDao - show-table-info:m_page
[2018-08-25T10:14:38.731] [INFO] dao.baseDao - show-table-info:m_systems
[2018-08-25T10:14:38.734] [INFO] dao.baseDao - show-table-info:m_theme
[2018-08-25T10:14:38.735] [INFO] dao.baseDao - show-table-info:test2
[2018-08-25T10:14:38.736] [INFO] dao.baseDao - show-table-info:testTable
[2018-08-25T10:14:38.791] [INFO] dao.baseDao - query-ById:m_component_props,id:13
[2018-08-25T10:14:38.791] [INFO] dao.baseDao - query-ById:m_component_props,id:14
[2018-08-25T10:14:38.792] [INFO] dao.baseDao - query-ById:m_component_props,id:15
[2018-08-25T10:14:38.800] [INFO] dao.baseDao - show-table-info:m_component_props
[2018-08-25T10:14:38.802] [INFO] dao.baseDao - show-table-info:m_components
[2018-08-25T10:14:38.803] [INFO] dao.baseDao - show-table-info:m_fields
[2018-08-25T10:14:38.804] [INFO] dao.baseDao - show-table-info:m_models
[2018-08-25T10:14:38.805] [INFO] dao.baseDao - show-table-info:m_page
[2018-08-25T10:14:38.807] [INFO] dao.baseDao - show-table-info:m_systems
[2018-08-25T10:14:38.809] [INFO] dao.baseDao - show-table-info:m_theme
[2018-08-25T10:14:38.810] [INFO] dao.baseDao - show-table-info:test2
[2018-08-25T10:14:38.812] [INFO] dao.baseDao - show-table-info:testTable
[2018-08-25T10:14:38.862] [INFO] dao.baseDao - query-all:m_component_props
[2018-08-25T10:15:00.706] [INFO] dao.baseDao - show-table-info:m_component_props
[2018-08-25T10:15:00.708] [INFO] dao.baseDao - show-table-info:m_components
[2018-08-25T10:15:00.710] [INFO] dao.baseDao - show-table-info:m_fields
[2018-08-25T10:15:00.712] [INFO] dao.baseDao - show-table-info:m_models
[2018-08-25T10:15:00.713] [INFO] dao.baseDao - show-table-info:m_page
[2018-08-25T10:15:00.714] [INFO] dao.baseDao - show-table-info:m_systems
[2018-08-25T10:15:00.715] [INFO] dao.baseDao - show-table-info:m_theme
[2018-08-25T10:15:00.716] [INFO] dao.baseDao - show-table-info:test2
[2018-08-25T10:15:00.720] [INFO] dao.baseDao - show-table-info:testTable
[2018-08-25T10:15:00.769] [INFO] dao.baseDao - query-ById:m_component_props,id:0
[2018-08-25T10:15:00.781] [INFO] dao.baseDao - show-table-info:m_component_props
[2018-08-25T10:15:00.782] [INFO] dao.baseDao - show-table-info:m_components
[2018-08-25T10:15:00.784] [INFO] dao.baseDao - show-table-info:m_fields
[2018-08-25T10:15:00.786] [INFO] dao.baseDao - show-table-info:m_models
[2018-08-25T10:15:00.788] [INFO] dao.baseDao - show-table-info:m_page
[2018-08-25T10:15:00.789] [INFO] dao.baseDao - show-table-info:m_systems
[2018-08-25T10:15:00.791] [INFO] dao.baseDao - show-table-info:m_theme
[2018-08-25T10:15:00.795] [INFO] dao.baseDao - show-table-info:test2
[2018-08-25T10:15:00.796] [INFO] dao.baseDao - show-table-info:testTable
[2018-08-25T10:15:00.843] [INFO] dao.baseDao - query-all:m_component_props
[2018-08-25T10:20:35.255] [INFO] dao.baseDao - show-table-info:m_component_props
[2018-08-25T10:20:35.257] [INFO] dao.baseDao - show-table-info:m_components
[2018-08-25T10:20:35.258] [INFO] dao.baseDao - show-table-info:m_fields
[2018-08-25T10:20:35.259] [INFO] dao.baseDao - show-table-info:m_models
[2018-08-25T10:20:35.260] [INFO] dao.baseDao - show-table-info:m_page
[2018-08-25T10:20:35.262] [INFO] dao.baseDao - show-table-info:m_systems
[2018-08-25T10:20:35.264] [INFO] dao.baseDao - show-table-info:m_theme
[2018-08-25T10:20:35.266] [INFO] dao.baseDao - show-table-info:test2
[2018-08-25T10:20:35.267] [INFO] dao.baseDao - show-table-info:testTable
[2018-08-25T10:20:35.332] [INFO] dao.baseDao - show-table-info:m_component_props
[2018-08-25T10:20:35.334] [INFO] dao.baseDao - query-ById:m_component_props,id:16
[2018-08-25T10:20:35.336] [INFO] dao.baseDao - show-table-info:m_components
[2018-08-25T10:20:35.339] [INFO] dao.baseDao - show-table-info:m_fields
[2018-08-25T10:20:35.340] [INFO] dao.baseDao - show-table-info:m_models
[2018-08-25T10:20:35.341] [INFO] dao.baseDao - show-table-info:m_page
[2018-08-25T10:20:35.343] [INFO] dao.baseDao - show-table-info:m_systems
[2018-08-25T10:20:35.344] [INFO] dao.baseDao - show-table-info:m_theme
[2018-08-25T10:20:35.345] [INFO] dao.baseDao - show-table-info:test2
[2018-08-25T10:20:35.346] [INFO] dao.baseDao - show-table-info:testTable
[2018-08-25T10:20:35.383] [INFO] dao.baseDao - query-all:m_component_props
[2018-08-25T10:21:16.275] [INFO] dao.baseDao - show-table-info:m_component_props
[2018-08-25T10:21:16.276] [INFO] dao.baseDao - show-table-info:m_components
[2018-08-25T10:21:16.277] [INFO] dao.baseDao - show-table-info:m_fields
[2018-08-25T10:21:16.279] [INFO] dao.baseDao - show-table-info:m_models
[2018-08-25T10:21:16.280] [INFO] dao.baseDao - show-table-info:m_page
[2018-08-25T10:21:16.284] [INFO] dao.baseDao - show-table-info:m_systems
[2018-08-25T10:21:16.286] [INFO] dao.baseDao - show-table-info:m_theme
[2018-08-25T10:21:16.287] [INFO] dao.baseDao - show-table-info:test2
[2018-08-25T10:21:16.291] [INFO] dao.baseDao - show-table-info:testTable
[2018-08-25T10:21:16.332] [INFO] dao.baseDao - query-ById:m_component_props,id:17
[2018-08-25T10:21:16.344] [INFO] dao.baseDao - show-table-info:m_component_props
[2018-08-25T10:21:16.346] [INFO] dao.baseDao - show-table-info:m_components
[2018-08-25T10:21:16.347] [INFO] dao.baseDao - show-table-info:m_fields
[2018-08-25T10:21:16.350] [INFO] dao.baseDao - show-table-info:m_models
[2018-08-25T10:21:16.354] [INFO] dao.baseDao - show-table-info:m_page
[2018-08-25T10:21:16.356] [INFO] dao.baseDao - show-table-info:m_systems
[2018-08-25T10:21:16.358] [INFO] dao.baseDao - show-table-info:m_theme
[2018-08-25T10:21:16.359] [INFO] dao.baseDao - show-table-info:test2
[2018-08-25T10:21:16.360] [INFO] dao.baseDao - show-table-info:testTable
[2018-08-25T10:21:16.395] [INFO] dao.baseDao - query-all:m_component_props
[2018-08-25T10:22:57.141] [INFO] dao.baseDao - show-table-info:m_component_props
[2018-08-25T10:22:57.143] [INFO] dao.baseDao - show-table-info:m_components
[2018-08-25T10:22:57.146] [INFO] dao.baseDao - show-table-info:m_fields
[2018-08-25T10:22:57.148] [INFO] dao.baseDao - show-table-info:m_models
[2018-08-25T10:22:57.149] [INFO] dao.baseDao - show-table-info:m_page
[2018-08-25T10:22:57.151] [INFO] dao.baseDao - show-table-info:m_systems
[2018-08-25T10:22:57.152] [INFO] dao.baseDao - show-table-info:m_theme
[2018-08-25T10:22:57.154] [INFO] dao.baseDao - show-table-info:test2
[2018-08-25T10:22:57.155] [INFO] dao.baseDao - show-table-info:testTable
[2018-08-25T10:22:57.198] [INFO] dao.baseDao - query-ById:m_component_props,id:18
[2018-08-25T10:22:57.199] [INFO] dao.baseDao - query-ById:m_component_props,id:19
[2018-08-25T10:22:57.202] [INFO] dao.baseDao - query-ById:m_component_props,id:20
[2018-08-25T10:22:57.203] [INFO] dao.baseDao - query-ById:m_component_props,id:0
[2018-08-25T10:22:57.214] [INFO] dao.baseDao - show-table-info:m_component_props
[2018-08-25T10:22:57.218] [INFO] dao.baseDao - show-table-info:m_components
[2018-08-25T10:22:57.219] [INFO] dao.baseDao - show-table-info:m_fields
[2018-08-25T10:22:57.221] [INFO] dao.baseDao - show-table-info:m_models
[2018-08-25T10:22:57.222] [INFO] dao.baseDao - show-table-info:m_page
[2018-08-25T10:22:57.223] [INFO] dao.baseDao - show-table-info:m_systems
[2018-08-25T10:22:57.225] [INFO] dao.baseDao - show-table-info:m_theme
[2018-08-25T10:22:57.227] [INFO] dao.baseDao - show-table-info:test2
[2018-08-25T10:22:57.228] [INFO] dao.baseDao - show-table-info:testTable
[2018-08-25T10:22:57.261] [INFO] dao.baseDao - query-all:m_component_props
[2018-08-25T10:23:18.837] [INFO] dao.baseDao - show-table-info:m_component_props
[2018-08-25T10:23:18.839] [INFO] dao.baseDao - show-table-info:m_components
[2018-08-25T10:23:18.842] [INFO] dao.baseDao - show-table-info:m_fields
[2018-08-25T10:23:18.860] [INFO] dao.baseDao - show-table-info:m_models
[2018-08-25T10:23:18.861] [INFO] dao.baseDao - show-table-info:m_page
[2018-08-25T10:23:18.863] [INFO] dao.baseDao - show-table-info:m_systems
[2018-08-25T10:23:18.864] [INFO] dao.baseDao - show-table-info:m_theme
[2018-08-25T10:23:18.871] [INFO] dao.baseDao - show-table-info:test2
[2018-08-25T10:23:18.872] [INFO] dao.baseDao - show-table-info:testTable
[2018-08-25T10:23:18.911] [INFO] dao.baseDao - query-ById:m_component_props,id:21
[2018-08-25T10:23:18.924] [INFO] dao.baseDao - show-table-info:m_component_props
[2018-08-25T10:23:18.925] [INFO] dao.baseDao - show-table-info:m_components
[2018-08-25T10:23:18.927] [INFO] dao.baseDao - show-table-info:m_fields
[2018-08-25T10:23:18.928] [INFO] dao.baseDao - show-table-info:m_models
[2018-08-25T10:23:18.929] [INFO] dao.baseDao - show-table-info:m_page
[2018-08-25T10:23:18.930] [INFO] dao.baseDao - show-table-info:m_systems
[2018-08-25T10:23:18.932] [INFO] dao.baseDao - show-table-info:m_theme
[2018-08-25T10:23:18.934] [INFO] dao.baseDao - show-table-info:test2
[2018-08-25T10:23:18.937] [INFO] dao.baseDao - show-table-info:testTable
[2018-08-25T10:23:18.971] [INFO] dao.baseDao - query-all:m_component_props
[2018-08-25T11:37:04.833] [INFO] dao.baseDao - show-table-info:m_component_props
[2018-08-25T11:37:04.836] [INFO] dao.baseDao - show-table-info:m_components
[2018-08-25T11:37:04.840] [INFO] dao.baseDao - show-table-info:m_fields
[2018-08-25T11:37:04.841] [INFO] dao.baseDao - show-table-info:m_models
[2018-08-25T11:37:04.842] [INFO] dao.baseDao - show-table-info:m_page
[2018-08-25T11:37:04.843] [INFO] dao.baseDao - show-table-info:m_systems
[2018-08-25T11:37:04.845] [INFO] dao.baseDao - show-table-info:m_theme
[2018-08-25T11:37:04.846] [INFO] dao.baseDao - show-table-info:test2
[2018-08-25T11:37:04.859] [INFO] dao.baseDao - show-table-info:testTable
[2018-08-25T11:37:04.924] [INFO] dao.baseDao - query-ById:m_component_props,id:22
[2018-08-25T11:37:04.934] [INFO] dao.baseDao - show-table-info:m_component_props
[2018-08-25T11:37:04.937] [INFO] dao.baseDao - show-table-info:m_components
[2018-08-25T11:37:04.939] [INFO] dao.baseDao - show-table-info:m_fields
[2018-08-25T11:37:04.940] [INFO] dao.baseDao - show-table-info:m_models
[2018-08-25T11:37:04.941] [INFO] dao.baseDao - show-table-info:m_page
[2018-08-25T11:37:04.942] [INFO] dao.baseDao - show-table-info:m_systems
[2018-08-25T11:37:04.943] [INFO] dao.baseDao - show-table-info:m_theme
[2018-08-25T11:37:04.945] [INFO] dao.baseDao - show-table-info:test2
[2018-08-25T11:37:04.946] [INFO] dao.baseDao - show-table-info:testTable
[2018-08-25T11:37:05.022] [INFO] dao.baseDao - query-all:m_component_props
[2018-08-25T11:37:15.497] [INFO] dao.baseDao - show-table-info:m_component_props
[2018-08-25T11:37:15.498] [INFO] dao.baseDao - show-table-info:m_components
[2018-08-25T11:37:15.500] [INFO] dao.baseDao - show-table-info:m_fields
[2018-08-25T11:37:15.501] [INFO] dao.baseDao - show-table-info:m_models
[2018-08-25T11:37:15.503] [INFO] dao.baseDao - show-table-info:m_page
[2018-08-25T11:37:15.508] [INFO] dao.baseDao - show-table-info:m_systems
[2018-08-25T11:37:15.510] [INFO] dao.baseDao - show-table-info:m_theme
[2018-08-25T11:37:15.512] [INFO] dao.baseDao - show-table-info:test2
[2018-08-25T11:37:15.515] [INFO] dao.baseDao - show-table-info:testTable
[2018-08-25T11:37:15.573] [INFO] dao.baseDao - query-all:m_systems
[2018-08-25T12:15:10.911] [INFO] dao.baseDao - show-table-info:m_component_props
[2018-08-25T12:15:10.975] [INFO] dao.baseDao - show-table-info:m_components
[2018-08-25T12:15:10.985] [INFO] dao.baseDao - show-table-info:m_datasource
[2018-08-25T12:15:11.048] [INFO] dao.baseDao - show-table-info:m_fields
[2018-08-25T12:15:11.055] [INFO] dao.baseDao - show-table-info:m_models
[2018-08-25T12:15:11.060] [INFO] dao.baseDao - show-table-info:m_page
[2018-08-25T12:15:11.080] [INFO] dao.baseDao - show-table-info:m_systems
[2018-08-25T12:15:11.104] [INFO] dao.baseDao - show-table-info:m_theme
[2018-08-25T12:15:11.122] [INFO] dao.baseDao - show-table-info:test2
[2018-08-25T12:15:11.129] [INFO] dao.baseDao - show-table-info:testTable
[2018-08-25T12:17:53.733] [INFO] dao.baseDao - show-table-info:m_component_props
[2018-08-25T12:17:53.737] [INFO] dao.baseDao - show-table-info:m_components
[2018-08-25T12:17:53.741] [INFO] dao.baseDao - show-table-info:m_datasource
[2018-08-25T12:17:53.752] [INFO] dao.baseDao - show-table-info:m_fields
[2018-08-25T12:17:53.757] [INFO] dao.baseDao - show-table-info:m_models
[2018-08-25T12:17:53.771] [INFO] dao.baseDao - show-table-info:m_page
[2018-08-25T12:17:53.780] [INFO] dao.baseDao - show-table-info:m_systems
[2018-08-25T12:17:53.785] [INFO] dao.baseDao - show-table-info:m_theme
[2018-08-25T12:17:53.788] [INFO] dao.baseDao - show-table-info:test2
[2018-08-25T12:17:53.792] [INFO] dao.baseDao - show-table-info:testTable
[2018-08-25T12:24:59.379] [INFO] dao.baseDao - show-table-info:m_component_props
[2018-08-25T12:24:59.391] [INFO] dao.baseDao - show-table-info:m_components
[2018-08-25T12:24:59.400] [INFO] dao.baseDao - show-table-info:m_datasource
[2018-08-25T12:24:59.410] [INFO] dao.baseDao - show-table-info:m_fields
[2018-08-25T12:24:59.418] [INFO] dao.baseDao - show-table-info:m_models
[2018-08-25T12:24:59.426] [INFO] dao.baseDao - show-table-info:m_page
[2018-08-25T12:24:59.433] [INFO] dao.baseDao - show-table-info:m_systems
[2018-08-25T12:24:59.442] [INFO] dao.baseDao - show-table-info:m_theme
[2018-08-25T12:24:59.452] [INFO] dao.baseDao - show-table-info:test2
[2018-08-25T12:24:59.463] [INFO] dao.baseDao - show-table-info:testTable
[2018-08-25T12:29:00.140] [INFO] dao.baseDao - show-table-info:m_component_props
[2018-08-25T12:29:00.145] [INFO] dao.baseDao - show-table-info:m_components
[2018-08-25T12:29:00.162] [INFO] dao.baseDao - show-table-info:m_datasource
[2018-08-25T12:29:00.167] [INFO] dao.baseDao - show-table-info:m_fields
[2018-08-25T12:29:00.177] [INFO] dao.baseDao - show-table-info:m_models
[2018-08-25T12:29:00.187] [INFO] dao.baseDao - show-table-info:m_page
[2018-08-25T12:29:00.193] [INFO] dao.baseDao - show-table-info:m_systems
[2018-08-25T12:29:00.202] [INFO] dao.baseDao - show-table-info:m_theme
[2018-08-25T12:29:00.211] [INFO] dao.baseDao - show-table-info:test2
[2018-08-25T12:29:00.217] [INFO] dao.baseDao - show-table-info:testTable
[2018-08-25T16:14:59.675] [INFO] dao.baseDao - show-table-info:m_component_props
[2018-08-25T16:14:59.705] [INFO] dao.baseDao - show-table-info:m_components
[2018-08-25T16:14:59.708] [INFO] dao.baseDao - show-table-info:m_datasource
[2018-08-25T16:14:59.710] [INFO] dao.baseDao - show-table-info:m_fields
[2018-08-25T16:14:59.712] [INFO] dao.baseDao - show-table-info:m_models
[2018-08-25T16:14:59.713] [INFO] dao.baseDao - show-table-info:m_page
[2018-08-25T16:14:59.715] [INFO] dao.baseDao - show-table-info:m_systems
[2018-08-25T16:14:59.717] [INFO] dao.baseDao - show-table-info:m_theme
[2018-08-25T16:14:59.718] [INFO] dao.baseDao - show-table-info:test2
[2018-08-25T16:14:59.720] [INFO] dao.baseDao - show-table-info:testTable
[2018-08-25T16:15:00.941] [INFO] dao.baseDao - show-table-info:m_component_props
[2018-08-25T16:15:00.945] [INFO] dao.baseDao - show-table-info:m_components
[2018-08-25T16:15:00.947] [INFO] dao.baseDao - show-table-info:m_datasource
[2018-08-25T16:15:00.950] [INFO] dao.baseDao - show-table-info:m_fields
[2018-08-25T16:15:00.953] [INFO] dao.baseDao - show-table-info:m_models
[2018-08-25T16:15:00.956] [INFO] dao.baseDao - show-table-info:m_page
[2018-08-25T16:15:00.958] [INFO] dao.baseDao - show-table-info:m_systems
[2018-08-25T16:15:00.960] [INFO] dao.baseDao - show-table-info:m_theme
[2018-08-25T16:15:00.962] [INFO] dao.baseDao - show-table-info:test2
[2018-08-25T16:15:00.965] [INFO] dao.baseDao - show-table-info:testTable
[2018-08-25T16:17:45.608] [INFO] dao.baseDao - show-table-info:m_component_props
[2018-08-25T16:17:45.610] [INFO] dao.baseDao - show-table-info:m_components
[2018-08-25T16:17:45.611] [INFO] dao.baseDao - show-table-info:m_datasource
[2018-08-25T16:17:45.612] [INFO] dao.baseDao - show-table-info:m_fields
[2018-08-25T16:17:45.614] [INFO] dao.baseDao - show-table-info:m_models
[2018-08-25T16:17:45.615] [INFO] dao.baseDao - show-table-info:m_page
[2018-08-25T16:17:45.617] [INFO] dao.baseDao - show-table-info:m_systems
[2018-08-25T16:17:45.618] [INFO] dao.baseDao - show-table-info:m_theme
[2018-08-25T16:17:45.619] [INFO] dao.baseDao - show-table-info:test2
[2018-08-25T16:17:45.620] [INFO] dao.baseDao - show-table-info:testTable
[2018-08-25T16:23:18.855] [INFO] dao.baseDao - show-table-info:m_component_props
[2018-08-25T16:23:18.862] [INFO] dao.baseDao - show-table-info:m_components
[2018-08-25T16:23:18.866] [INFO] dao.baseDao - show-table-info:m_datasource
[2018-08-25T16:23:18.871] [INFO] dao.baseDao - show-table-info:m_fields
[2018-08-25T16:23:18.879] [INFO] dao.baseDao - show-table-info:m_models
[2018-08-25T16:23:18.882] [INFO] dao.baseDao - show-table-info:m_page
[2018-08-25T16:23:18.885] [INFO] dao.baseDao - show-table-info:m_systems
[2018-08-25T16:23:18.889] [INFO] dao.baseDao - show-table-info:m_theme
[2018-08-25T16:23:18.894] [INFO] dao.baseDao - show-table-info:test2
[2018-08-25T16:23:18.896] [INFO] dao.baseDao - show-table-info:testTable
[2018-08-25T16:28:34.435] [INFO] dao.baseDao - show-table-info:m_component_props
[2018-08-25T16:28:34.436] [INFO] dao.baseDao - show-table-info:m_components
[2018-08-25T16:28:34.438] [INFO] dao.baseDao - show-table-info:m_datasource
[2018-08-25T16:28:34.440] [INFO] dao.baseDao - show-table-info:m_fields
[2018-08-25T16:28:34.441] [INFO] dao.baseDao - show-table-info:m_models
[2018-08-25T16:28:34.442] [INFO] dao.baseDao - show-table-info:m_page
[2018-08-25T16:28:34.444] [INFO] dao.baseDao - show-table-info:m_systems
[2018-08-25T16:28:34.445] [INFO] dao.baseDao - show-table-info:m_theme
[2018-08-25T16:28:34.446] [INFO] dao.baseDao - show-table-info:test2
[2018-08-25T16:28:34.448] [INFO] dao.baseDao - show-table-info:testTable
[2018-08-25T16:33:44.879] [INFO] dao.baseDao - show-table-info:m_component_props
[2018-08-25T16:33:44.883] [INFO] dao.baseDao - show-table-info:m_components
[2018-08-25T16:33:44.885] [INFO] dao.baseDao - show-table-info:m_datasource
[2018-08-25T16:33:44.887] [INFO] dao.baseDao - show-table-info:m_fields
[2018-08-25T16:33:44.890] [INFO] dao.baseDao - show-table-info:m_models
[2018-08-25T16:33:44.891] [INFO] dao.baseDao - show-table-info:m_page
[2018-08-25T16:33:44.893] [INFO] dao.baseDao - show-table-info:m_systems
[2018-08-25T16:33:44.895] [INFO] dao.baseDao - show-table-info:m_theme
[2018-08-25T16:33:44.896] [INFO] dao.baseDao - show-table-info:test2
[2018-08-25T16:33:44.898] [INFO] dao.baseDao - show-table-info:testTable
[2018-08-25T16:35:58.405] [INFO] dao.baseDao - show-table-info:m_component_props
[2018-08-25T16:35:58.406] [INFO] dao.baseDao - show-table-info:m_components
[2018-08-25T16:35:58.408] [INFO] dao.baseDao - show-table-info:m_datasource
[2018-08-25T16:35:58.409] [INFO] dao.baseDao - show-table-info:m_fields
[2018-08-25T16:35:58.410] [INFO] dao.baseDao - show-table-info:m_models
[2018-08-25T16:35:58.411] [INFO] dao.baseDao - show-table-info:m_page
[2018-08-25T16:35:58.413] [INFO] dao.baseDao - show-table-info:m_systems
[2018-08-25T16:35:58.414] [INFO] dao.baseDao - show-table-info:m_theme
[2018-08-25T16:35:58.416] [INFO] dao.baseDao - show-table-info:test2
[2018-08-25T16:35:58.417] [INFO] dao.baseDao - show-table-info:testTable
[2018-08-25T16:36:53.098] [INFO] dao.baseDao - show-table-info:m_component_props
[2018-08-25T16:36:53.100] [INFO] dao.baseDao - show-table-info:m_components
[2018-08-25T16:36:53.101] [INFO] dao.baseDao - show-table-info:m_datasource
[2018-08-25T16:36:53.103] [INFO] dao.baseDao - show-table-info:m_fields
[2018-08-25T16:36:53.104] [INFO] dao.baseDao - show-table-info:m_models
[2018-08-25T16:36:53.106] [INFO] dao.baseDao - show-table-info:m_page
[2018-08-25T16:36:53.107] [INFO] dao.baseDao - show-table-info:m_systems
[2018-08-25T16:36:53.109] [INFO] dao.baseDao - show-table-info:m_theme
[2018-08-25T16:36:53.110] [INFO] dao.baseDao - show-table-info:test2
[2018-08-25T16:36:53.113] [INFO] dao.baseDao - show-table-info:testTable
[2018-08-25T16:39:47.753] [INFO] dao.baseDao - show-table-info:m_component_props
[2018-08-25T16:39:47.759] [INFO] dao.baseDao - show-table-info:m_components
[2018-08-25T16:39:47.765] [INFO] dao.baseDao - show-table-info:m_datasource
[2018-08-25T16:39:47.769] [INFO] dao.baseDao - show-table-info:m_fields
[2018-08-25T16:39:47.772] [INFO] dao.baseDao - show-table-info:m_models
[2018-08-25T16:39:47.776] [INFO] dao.baseDao - show-table-info:m_page
[2018-08-25T16:39:47.778] [INFO] dao.baseDao - show-table-info:m_systems
[2018-08-25T16:39:47.781] [INFO] dao.baseDao - show-table-info:m_theme
[2018-08-25T16:39:47.782] [INFO] dao.baseDao - show-table-info:test2
[2018-08-25T16:39:47.784] [INFO] dao.baseDao - show-table-info:testTable
[2018-08-25T16:39:47.820] [INFO] dao.baseDao - query-all:m_datasource
[2018-08-25T18:29:54.348] [INFO] dao.baseDao - show-table-info:m_component_props
[2018-08-25T18:29:54.358] [INFO] dao.baseDao - show-table-info:m_components
[2018-08-25T18:29:54.365] [INFO] dao.baseDao - show-table-info:m_datasource
[2018-08-25T18:29:54.373] [INFO] dao.baseDao - show-table-info:m_fields
[2018-08-25T18:29:54.377] [INFO] dao.baseDao - show-table-info:m_models
[2018-08-25T18:29:54.380] [INFO] dao.baseDao - show-table-info:m_page
[2018-08-25T18:29:54.383] [INFO] dao.baseDao - show-table-info:m_systems
[2018-08-25T18:29:54.387] [INFO] dao.baseDao - show-table-info:m_theme
[2018-08-25T18:29:54.389] [INFO] dao.baseDao - show-table-info:test2
[2018-08-25T18:29:54.393] [INFO] dao.baseDao - show-table-info:testTable
[2018-08-25T18:29:54.442] [INFO] dao.baseDao - query-all:m_datasource
[2018-08-25T18:38:00.274] [INFO] dao.baseDao - show-table-info:m_component_props
[2018-08-25T18:38:00.281] [INFO] dao.baseDao - show-table-info:m_components
[2018-08-25T18:38:00.286] [INFO] dao.baseDao - show-table-info:m_datasource
[2018-08-25T18:38:00.290] [INFO] dao.baseDao - show-table-info:m_fields
[2018-08-25T18:38:00.293] [INFO] dao.baseDao - show-table-info:m_models
[2018-08-25T18:38:00.303] [INFO] dao.baseDao - show-table-info:m_page
[2018-08-25T18:38:00.307] [INFO] dao.baseDao - show-table-info:m_systems
[2018-08-25T18:38:00.309] [INFO] dao.baseDao - show-table-info:m_theme
[2018-08-25T18:38:00.311] [INFO] dao.baseDao - show-table-info:test2
[2018-08-25T18:38:00.315] [INFO] dao.baseDao - show-table-info:testTable
[2018-08-25T18:38:00.383] [INFO] dao.baseDao - query-all:m_datasource
[2018-08-25T21:33:15.461] [INFO] dao.baseDao - show-table-info:m_component_props
[2018-08-25T21:33:15.470] [INFO] dao.baseDao - show-table-info:m_components
[2018-08-25T21:33:15.475] [INFO] dao.baseDao - show-table-info:m_datasource
[2018-08-25T21:33:15.498] [INFO] dao.baseDao - show-table-info:m_fields
[2018-08-25T21:33:15.506] [INFO] dao.baseDao - show-table-info:m_models
[2018-08-25T21:33:15.509] [INFO] dao.baseDao - show-table-info:m_page
[2018-08-25T21:33:15.529] [INFO] dao.baseDao - show-table-info:m_systems
[2018-08-25T21:33:15.536] [INFO] dao.baseDao - show-table-info:m_theme
[2018-08-25T21:33:15.538] [INFO] dao.baseDao - show-table-info:test2
[2018-08-25T21:33:15.544] [INFO] dao.baseDao - show-table-info:testTable
[2018-08-25T21:34:11.621] [INFO] dao.baseDao - show-table-info:m_component_props
[2018-08-25T21:34:11.626] [INFO] dao.baseDao - show-table-info:m_components
[2018-08-25T21:34:11.629] [INFO] dao.baseDao - show-table-info:m_datasource
[2018-08-25T21:34:11.633] [INFO] dao.baseDao - show-table-info:m_fields
[2018-08-25T21:34:11.637] [INFO] dao.baseDao - show-table-info:m_models
[2018-08-25T21:34:11.640] [INFO] dao.baseDao - show-table-info:m_page
[2018-08-25T21:34:11.647] [INFO] dao.baseDao - show-table-info:m_systems
[2018-08-25T21:34:11.650] [INFO] dao.baseDao - show-table-info:m_theme
[2018-08-25T21:34:11.652] [INFO] dao.baseDao - show-table-info:test2
[2018-08-25T21:34:11.654] [INFO] dao.baseDao - show-table-info:testTable
[2018-08-25T21:35:12.674] [INFO] dao.baseDao - show-table-info:m_component_props
[2018-08-25T21:35:12.685] [INFO] dao.baseDao - show-table-info:m_components
[2018-08-25T21:35:12.693] [INFO] dao.baseDao - show-table-info:m_datasource
[2018-08-25T21:35:12.697] [INFO] dao.baseDao - show-table-info:m_fields
[2018-08-25T21:35:12.703] [INFO] dao.baseDao - show-table-info:m_models
[2018-08-25T21:35:12.708] [INFO] dao.baseDao - show-table-info:m_page
[2018-08-25T21:35:12.711] [INFO] dao.baseDao - show-table-info:m_systems
[2018-08-25T21:35:12.717] [INFO] dao.baseDao - show-table-info:m_theme
[2018-08-25T21:35:12.723] [INFO] dao.baseDao - show-table-info:test2
[2018-08-25T21:35:12.728] [INFO] dao.baseDao - show-table-info:testTable
[2018-08-25T21:35:12.882] [INFO] dao.baseDao - query-ById:m_datasource,id:1
[2018-08-25T21:35:52.984] [INFO] dao.baseDao - show-table-info:m_component_props
[2018-08-25T21:35:52.986] [INFO] dao.baseDao - show-table-info:m_components
[2018-08-25T21:35:52.988] [INFO] dao.baseDao - show-table-info:m_datasource
[2018-08-25T21:35:52.990] [INFO] dao.baseDao - show-table-info:m_fields
[2018-08-25T21:35:52.992] [INFO] dao.baseDao - show-table-info:m_models
[2018-08-25T21:35:52.994] [INFO] dao.baseDao - show-table-info:m_page
[2018-08-25T21:35:52.997] [INFO] dao.baseDao - show-table-info:m_systems
[2018-08-25T21:35:52.999] [INFO] dao.baseDao - show-table-info:m_theme
[2018-08-25T21:35:53.001] [INFO] dao.baseDao - show-table-info:test2
[2018-08-25T21:35:53.004] [INFO] dao.baseDao - show-table-info:testTable
[2018-08-25T21:35:53.061] [INFO] dao.baseDao - query-all:m_datasource
[2018-08-25T21:40:32.845] [INFO] dao.baseDao - show-table-info:m_component_props
[2018-08-25T21:40:32.848] [INFO] dao.baseDao - show-table-info:m_components
[2018-08-25T21:40:32.850] [INFO] dao.baseDao - show-table-info:m_datasource
[2018-08-25T21:40:32.852] [INFO] dao.baseDao - show-table-info:m_fields
[2018-08-25T21:40:32.854] [INFO] dao.baseDao - show-table-info:m_models
[2018-08-25T21:40:32.856] [INFO] dao.baseDao - show-table-info:m_page
[2018-08-25T21:40:32.858] [INFO] dao.baseDao - show-table-info:m_systems
[2018-08-25T21:40:32.860] [INFO] dao.baseDao - show-table-info:m_theme
[2018-08-25T21:40:32.863] [INFO] dao.baseDao - show-table-info:test2
[2018-08-25T21:40:32.867] [INFO] dao.baseDao - show-table-info:testTable
[2018-08-25T21:42:00.782] [INFO] dao.baseDao - show-table-info:m_component_props
[2018-08-25T21:42:00.785] [INFO] dao.baseDao - show-table-info:m_components
[2018-08-25T21:42:00.787] [INFO] dao.baseDao - show-table-info:m_datasource
[2018-08-25T21:42:00.795] [INFO] dao.baseDao - show-table-info:m_fields
[2018-08-25T21:42:00.800] [INFO] dao.baseDao - show-table-info:m_models
[2018-08-25T21:42:00.802] [INFO] dao.baseDao - show-table-info:m_page
[2018-08-25T21:42:00.806] [INFO] dao.baseDao - show-table-info:m_systems
[2018-08-25T21:42:00.817] [INFO] dao.baseDao - show-table-info:m_theme
[2018-08-25T21:42:00.820] [INFO] dao.baseDao - show-table-info:test2
[2018-08-25T21:42:00.823] [INFO] dao.baseDao - show-table-info:testTable
[2018-08-25T21:44:15.360] [INFO] dao.baseDao - show-table-info:m_component_props
[2018-08-25T21:44:15.367] [INFO] dao.baseDao - show-table-info:m_components
[2018-08-25T21:44:15.369] [INFO] dao.baseDao - show-table-info:m_datasource
[2018-08-25T21:44:15.376] [INFO] dao.baseDao - show-table-info:m_fields
[2018-08-25T21:44:15.377] [INFO] dao.baseDao - show-table-info:m_models
[2018-08-25T21:44:15.379] [INFO] dao.baseDao - show-table-info:m_page
[2018-08-25T21:44:15.389] [INFO] dao.baseDao - show-table-info:m_systems
[2018-08-25T21:44:15.391] [INFO] dao.baseDao - show-table-info:m_theme
[2018-08-25T21:44:15.394] [INFO] dao.baseDao - show-table-info:test2
[2018-08-25T21:44:15.396] [INFO] dao.baseDao - show-table-info:testTable
[2018-08-25T22:21:21.962] [INFO] dao.baseDao - show-table-info:m_component_props
[2018-08-25T22:21:21.967] [INFO] dao.baseDao - show-table-info:m_components
[2018-08-25T22:21:21.971] [INFO] dao.baseDao - show-table-info:m_datasource
[2018-08-25T22:21:21.980] [INFO] dao.baseDao - show-table-info:m_fields
[2018-08-25T22:21:21.986] [INFO] dao.baseDao - show-table-info:m_models
[2018-08-25T22:21:21.995] [INFO] dao.baseDao - show-table-info:m_page
[2018-08-25T22:21:22.006] [INFO] dao.baseDao - show-table-info:m_systems
[2018-08-25T22:21:22.010] [INFO] dao.baseDao - show-table-info:m_theme
[2018-08-25T22:21:22.013] [INFO] dao.baseDao - show-table-info:test2
[2018-08-25T22:21:22.021] [INFO] dao.baseDao - show-table-info:testTable
[2018-08-25T22:21:22.092] [INFO] dao.baseDao - query-all:m_datasource
