[2018-08-16T18:14:20.917] [INFO] dao.baseDao - 
[2018-08-16T18:14:20.921] [INFO] dao.baseDao - 
[2018-08-16T18:14:20.923] [INFO] dao.baseDao - 
[2018-08-16T18:14:20.925] [INFO] dao.baseDao - 
[2018-08-16T18:14:20.927] [INFO] dao.baseDao - 
[2018-08-16T18:14:20.929] [INFO] dao.baseDao - 
[2018-08-16T18:21:46.525] [INFO] dao.baseDao - 
[2018-08-16T18:21:46.529] [INFO] dao.baseDao - 
[2018-08-16T18:21:46.530] [INFO] dao.baseDao - 
[2018-08-16T18:21:46.531] [INFO] dao.baseDao - 
[2018-08-16T18:21:46.532] [INFO] dao.baseDao - 
[2018-08-16T18:21:46.534] [INFO] dao.baseDao - 
[2018-08-16T18:54:23.442] [INFO] dao.baseDao - 
[2018-08-16T18:54:23.446] [INFO] dao.baseDao - 
[2018-08-16T18:54:23.449] [INFO] dao.baseDao - 
[2018-08-16T18:54:23.450] [INFO] dao.baseDao - 
[2018-08-16T18:54:23.453] [INFO] dao.baseDao - 
[2018-08-16T18:54:23.455] [INFO] dao.baseDao - 
[2018-08-16T18:54:29.179] [INFO] dao.baseDao - 
[2018-08-16T18:54:29.181] [INFO] dao.baseDao - 
[2018-08-16T18:54:29.189] [INFO] dao.baseDao - 
[2018-08-16T18:54:29.192] [INFO] dao.baseDao - 
[2018-08-16T18:54:29.193] [INFO] dao.baseDao - 
[2018-08-16T18:54:29.198] [INFO] dao.baseDao - 
[2018-08-16T18:54:31.761] [INFO] dao.baseDao - 
[2018-08-16T18:54:31.766] [INFO] dao.baseDao - 
[2018-08-16T18:54:31.768] [INFO] dao.baseDao - 
[2018-08-16T18:54:31.770] [INFO] dao.baseDao - 
[2018-08-16T18:54:31.773] [INFO] dao.baseDao - 
[2018-08-16T18:54:31.777] [INFO] dao.baseDao - 
[2018-08-16T18:56:31.851] [INFO] dao.baseDao - 
[2018-08-16T18:56:31.856] [INFO] dao.baseDao - 
[2018-08-16T18:56:31.862] [INFO] dao.baseDao - 
[2018-08-16T18:56:31.866] [INFO] dao.baseDao - 
[2018-08-16T18:56:31.872] [INFO] dao.baseDao - 
[2018-08-16T18:56:31.874] [INFO] dao.baseDao - 
[2018-08-16T18:57:15.101] [INFO] dao.baseDao - 
[2018-08-16T18:57:15.105] [INFO] dao.baseDao - 
[2018-08-16T18:57:15.107] [INFO] dao.baseDao - 
[2018-08-16T18:57:15.109] [INFO] dao.baseDao - 
[2018-08-16T18:57:15.111] [INFO] dao.baseDao - 
[2018-08-16T18:57:15.114] [INFO] dao.baseDao - 
[2018-08-16T18:57:15.354] [INFO] dao.baseDao - 
[2018-08-16T18:57:15.356] [INFO] dao.baseDao - 
[2018-08-16T18:57:15.358] [INFO] dao.baseDao - 
[2018-08-16T18:57:15.362] [INFO] dao.baseDao - 
[2018-08-16T18:57:15.364] [INFO] dao.baseDao - 
[2018-08-16T18:57:15.372] [INFO] dao.baseDao - 
[2018-08-16T18:57:32.438] [INFO] dao.baseDao - 
[2018-08-16T18:57:32.443] [INFO] dao.baseDao - 
[2018-08-16T18:57:32.452] [INFO] dao.baseDao - 
[2018-08-16T18:57:32.456] [INFO] dao.baseDao - 
[2018-08-16T18:57:32.465] [INFO] dao.baseDao - 
[2018-08-16T18:57:32.467] [INFO] dao.baseDao - 
[2018-08-16T18:57:32.495] [INFO] dao.baseDao - 
[2018-08-16T18:57:52.323] [INFO] dao.baseDao - 
[2018-08-16T18:57:52.327] [INFO] dao.baseDao - 
[2018-08-16T18:57:52.329] [INFO] dao.baseDao - 
[2018-08-16T18:57:52.331] [INFO] dao.baseDao - 
[2018-08-16T18:57:52.332] [INFO] dao.baseDao - 
[2018-08-16T18:57:52.333] [INFO] dao.baseDao - 
[2018-08-16T18:57:52.342] [INFO] dao.baseDao - 
[2018-08-16T18:57:52.479] [INFO] dao.baseDao - 
[2018-08-16T18:57:52.481] [INFO] dao.baseDao - 
[2018-08-16T18:57:52.483] [INFO] dao.baseDao - 
[2018-08-16T18:57:52.486] [INFO] dao.baseDao - 
[2018-08-16T18:57:52.488] [INFO] dao.baseDao - 
[2018-08-16T18:57:52.490] [INFO] dao.baseDao - 
[2018-08-16T18:59:41.455] [INFO] dao.baseDao - 
[2018-08-16T18:59:41.456] [INFO] dao.baseDao - 
[2018-08-16T18:59:41.458] [INFO] dao.baseDao - 
[2018-08-16T18:59:41.459] [INFO] dao.baseDao - 
[2018-08-16T18:59:41.461] [INFO] dao.baseDao - 
[2018-08-16T18:59:41.463] [INFO] dao.baseDao - 
[2018-08-16T18:59:41.483] [INFO] dao.baseDao - 
[2018-08-16T19:19:34.528] [INFO] dao.baseDao - 
[2018-08-16T19:19:34.534] [INFO] dao.baseDao - 
[2018-08-16T19:19:34.537] [INFO] dao.baseDao - 
[2018-08-16T19:19:34.539] [INFO] dao.baseDao - 
[2018-08-16T19:19:34.542] [INFO] dao.baseDao - 
[2018-08-16T19:19:34.545] [INFO] dao.baseDao - 
[2018-08-16T19:21:58.309] [INFO] dao.baseDao - 
[2018-08-16T19:21:58.313] [INFO] dao.baseDao - 
[2018-08-16T19:21:58.316] [INFO] dao.baseDao - 
[2018-08-16T19:21:58.317] [INFO] dao.baseDao - 
[2018-08-16T19:21:58.319] [INFO] dao.baseDao - 
[2018-08-16T19:21:58.320] [INFO] dao.baseDao - 
[2018-08-16T19:21:58.532] [INFO] dao.baseDao - 
[2018-08-16T19:21:58.537] [INFO] dao.baseDao - 
[2018-08-16T19:21:58.539] [INFO] dao.baseDao - 
[2018-08-16T19:21:58.541] [INFO] dao.baseDao - 
[2018-08-16T19:21:58.550] [INFO] dao.baseDao - 
[2018-08-16T19:21:58.556] [INFO] dao.baseDao - 
[2018-08-16T19:22:19.097] [INFO] dao.baseDao - 
[2018-08-16T19:22:19.099] [INFO] dao.baseDao - 
[2018-08-16T19:22:19.101] [INFO] dao.baseDao - 
[2018-08-16T19:22:19.102] [INFO] dao.baseDao - 
[2018-08-16T19:22:19.104] [INFO] dao.baseDao - 
[2018-08-16T19:22:19.106] [INFO] dao.baseDao - 
[2018-08-16T19:22:19.137] [ERROR] dao.baseDao - { Error: ER_BAD_FIELD_ERROR: Unknown column '333_2' in 'field list'
    at Query.Sequence._packetToError (/Users/yixin/Desktop/workshop/cms/node_modules/mysql/lib/protocol/sequences/Sequence.js:47:14)
    at Query.ErrorPacket (/Users/yixin/Desktop/workshop/cms/node_modules/mysql/lib/protocol/sequences/Query.js:77:18)
    at Protocol._parsePacket (/Users/yixin/Desktop/workshop/cms/node_modules/mysql/lib/protocol/Protocol.js:278:23)
    at Parser.write (/Users/yixin/Desktop/workshop/cms/node_modules/mysql/lib/protocol/Parser.js:76:12)
    at Protocol.write (/Users/yixin/Desktop/workshop/cms/node_modules/mysql/lib/protocol/Protocol.js:38:16)
    at Socket.<anonymous> (/Users/yixin/Desktop/workshop/cms/node_modules/mysql/lib/Connection.js:91:28)
    at Socket.<anonymous> (/Users/yixin/Desktop/workshop/cms/node_modules/mysql/lib/Connection.js:502:10)
    at Socket.emit (events.js:180:13)
    at addChunk (_stream_readable.js:274:12)
    at readableAddChunk (_stream_readable.js:261:11)
    --------------------
    at Protocol._enqueue (/Users/yixin/Desktop/workshop/cms/node_modules/mysql/lib/protocol/Protocol.js:144:48)
    at PoolConnection.query (/Users/yixin/Desktop/workshop/cms/node_modules/mysql/lib/Connection.js:200:25)
    at /Users/yixin/Desktop/workshop/cms/server/utils/DB.js:42:18
    at Ping.onOperationComplete (/Users/yixin/Desktop/workshop/cms/node_modules/mysql/lib/Pool.js:110:5)
    at Ping.<anonymous> (/Users/yixin/Desktop/workshop/cms/node_modules/mysql/lib/Connection.js:502:10)
    at Ping._callback (/Users/yixin/Desktop/workshop/cms/node_modules/mysql/lib/Connection.js:468:16)
    at Ping.Sequence.end (/Users/yixin/Desktop/workshop/cms/node_modules/mysql/lib/protocol/sequences/Sequence.js:83:24)
    at Ping.Sequence.OkPacket (/Users/yixin/Desktop/workshop/cms/node_modules/mysql/lib/protocol/sequences/Sequence.js:92:8)
    at Protocol._parsePacket (/Users/yixin/Desktop/workshop/cms/node_modules/mysql/lib/protocol/Protocol.js:278:23)
    at Parser.write (/Users/yixin/Desktop/workshop/cms/node_modules/mysql/lib/protocol/Parser.js:76:12)
  code: 'ER_BAD_FIELD_ERROR',
  errno: 1054,
  sqlMessage: 'Unknown column \'333_2\' in \'field list\'',
  sqlState: '42S22',
  index: 0,
  sql: 'insert into testTable(id,test1,test2) values (3,333,333_2)' }
[2018-08-16T19:27:25.211] [INFO] dao.baseDao - 
[2018-08-16T19:27:25.216] [INFO] dao.baseDao - 
[2018-08-16T19:27:25.217] [INFO] dao.baseDao - 
[2018-08-16T19:27:25.219] [INFO] dao.baseDao - 
[2018-08-16T19:27:25.220] [INFO] dao.baseDao - 
[2018-08-16T19:27:25.221] [INFO] dao.baseDao - 
[2018-08-16T19:27:25.249] [ERROR] dao.baseDao - { Error: ER_BAD_FIELD_ERROR: Unknown column '333_2' in 'field list'
    at Query.Sequence._packetToError (/Users/yixin/Desktop/workshop/cms/node_modules/mysql/lib/protocol/sequences/Sequence.js:47:14)
    at Query.ErrorPacket (/Users/yixin/Desktop/workshop/cms/node_modules/mysql/lib/protocol/sequences/Query.js:77:18)
    at Protocol._parsePacket (/Users/yixin/Desktop/workshop/cms/node_modules/mysql/lib/protocol/Protocol.js:278:23)
    at Parser.write (/Users/yixin/Desktop/workshop/cms/node_modules/mysql/lib/protocol/Parser.js:76:12)
    at Protocol.write (/Users/yixin/Desktop/workshop/cms/node_modules/mysql/lib/protocol/Protocol.js:38:16)
    at Socket.<anonymous> (/Users/yixin/Desktop/workshop/cms/node_modules/mysql/lib/Connection.js:91:28)
    at Socket.<anonymous> (/Users/yixin/Desktop/workshop/cms/node_modules/mysql/lib/Connection.js:502:10)
    at Socket.emit (events.js:180:13)
    at addChunk (_stream_readable.js:274:12)
    at readableAddChunk (_stream_readable.js:261:11)
    --------------------
    at Protocol._enqueue (/Users/yixin/Desktop/workshop/cms/node_modules/mysql/lib/protocol/Protocol.js:144:48)
    at PoolConnection.query (/Users/yixin/Desktop/workshop/cms/node_modules/mysql/lib/Connection.js:200:25)
    at /Users/yixin/Desktop/workshop/cms/server/utils/DB.js:42:18
    at Ping.onOperationComplete (/Users/yixin/Desktop/workshop/cms/node_modules/mysql/lib/Pool.js:110:5)
    at Ping.<anonymous> (/Users/yixin/Desktop/workshop/cms/node_modules/mysql/lib/Connection.js:502:10)
    at Ping._callback (/Users/yixin/Desktop/workshop/cms/node_modules/mysql/lib/Connection.js:468:16)
    at Ping.Sequence.end (/Users/yixin/Desktop/workshop/cms/node_modules/mysql/lib/protocol/sequences/Sequence.js:83:24)
    at Ping.Sequence.OkPacket (/Users/yixin/Desktop/workshop/cms/node_modules/mysql/lib/protocol/sequences/Sequence.js:92:8)
    at Protocol._parsePacket (/Users/yixin/Desktop/workshop/cms/node_modules/mysql/lib/protocol/Protocol.js:278:23)
    at Parser.write (/Users/yixin/Desktop/workshop/cms/node_modules/mysql/lib/protocol/Parser.js:76:12)
  code: 'ER_BAD_FIELD_ERROR',
  errno: 1054,
  sqlMessage: 'Unknown column \'333_2\' in \'field list\'',
  sqlState: '42S22',
  index: 0,
  sql: 'insert into testTable(id,test1,test2) values (3,333,333_2)' }
[2018-08-16T19:29:41.090] [INFO] dao.baseDao - 
[2018-08-16T19:29:41.092] [INFO] dao.baseDao - 
[2018-08-16T19:29:41.095] [INFO] dao.baseDao - 
[2018-08-16T19:29:41.097] [INFO] dao.baseDao - 
[2018-08-16T19:29:41.100] [INFO] dao.baseDao - 
[2018-08-16T19:29:41.103] [INFO] dao.baseDao - 
[2018-08-16T19:29:41.123] [ERROR] dao.baseDao - { Error: ER_BAD_FIELD_ERROR: Unknown column '333_2' in 'field list'
    at Query.Sequence._packetToError (/Users/yixin/Desktop/workshop/cms/node_modules/mysql/lib/protocol/sequences/Sequence.js:47:14)
    at Query.ErrorPacket (/Users/yixin/Desktop/workshop/cms/node_modules/mysql/lib/protocol/sequences/Query.js:77:18)
    at Protocol._parsePacket (/Users/yixin/Desktop/workshop/cms/node_modules/mysql/lib/protocol/Protocol.js:278:23)
    at Parser.write (/Users/yixin/Desktop/workshop/cms/node_modules/mysql/lib/protocol/Parser.js:76:12)
    at Protocol.write (/Users/yixin/Desktop/workshop/cms/node_modules/mysql/lib/protocol/Protocol.js:38:16)
    at Socket.<anonymous> (/Users/yixin/Desktop/workshop/cms/node_modules/mysql/lib/Connection.js:91:28)
    at Socket.<anonymous> (/Users/yixin/Desktop/workshop/cms/node_modules/mysql/lib/Connection.js:502:10)
    at Socket.emit (events.js:180:13)
    at addChunk (_stream_readable.js:274:12)
    at readableAddChunk (_stream_readable.js:261:11)
    --------------------
    at Protocol._enqueue (/Users/yixin/Desktop/workshop/cms/node_modules/mysql/lib/protocol/Protocol.js:144:48)
    at PoolConnection.query (/Users/yixin/Desktop/workshop/cms/node_modules/mysql/lib/Connection.js:200:25)
    at /Users/yixin/Desktop/workshop/cms/server/utils/DB.js:42:18
    at Ping.onOperationComplete (/Users/yixin/Desktop/workshop/cms/node_modules/mysql/lib/Pool.js:110:5)
    at Ping.<anonymous> (/Users/yixin/Desktop/workshop/cms/node_modules/mysql/lib/Connection.js:502:10)
    at Ping._callback (/Users/yixin/Desktop/workshop/cms/node_modules/mysql/lib/Connection.js:468:16)
    at Ping.Sequence.end (/Users/yixin/Desktop/workshop/cms/node_modules/mysql/lib/protocol/sequences/Sequence.js:83:24)
    at Ping.Sequence.OkPacket (/Users/yixin/Desktop/workshop/cms/node_modules/mysql/lib/protocol/sequences/Sequence.js:92:8)
    at Protocol._parsePacket (/Users/yixin/Desktop/workshop/cms/node_modules/mysql/lib/protocol/Protocol.js:278:23)
    at Parser.write (/Users/yixin/Desktop/workshop/cms/node_modules/mysql/lib/protocol/Parser.js:76:12)
  code: 'ER_BAD_FIELD_ERROR',
  errno: 1054,
  sqlMessage: 'Unknown column \'333_2\' in \'field list\'',
  sqlState: '42S22',
  index: 0,
  sql: 'insert into testTable(id,test1,test2) values (3,333,333_2)' }
[2018-08-16T19:29:52.578] [INFO] dao.baseDao - 
[2018-08-16T19:29:52.600] [INFO] dao.baseDao - 
[2018-08-16T19:29:52.602] [INFO] dao.baseDao - 
[2018-08-16T19:29:52.609] [INFO] dao.baseDao - 
[2018-08-16T19:29:52.610] [INFO] dao.baseDao - 
[2018-08-16T19:29:52.612] [INFO] dao.baseDao - 
[2018-08-16T19:29:52.832] [INFO] dao.baseDao - 
[2018-08-16T19:29:52.835] [INFO] dao.baseDao - 
[2018-08-16T19:29:52.839] [INFO] dao.baseDao - 
[2018-08-16T19:29:52.851] [INFO] dao.baseDao - 
[2018-08-16T19:29:52.857] [INFO] dao.baseDao - 
[2018-08-16T19:29:52.864] [INFO] dao.baseDao - 
[2018-08-16T19:29:54.142] [INFO] dao.baseDao - 
[2018-08-16T19:29:54.143] [INFO] dao.baseDao - 
[2018-08-16T19:29:54.145] [INFO] dao.baseDao - 
[2018-08-16T19:29:54.147] [INFO] dao.baseDao - 
[2018-08-16T19:29:54.149] [INFO] dao.baseDao - 
[2018-08-16T19:29:54.151] [INFO] dao.baseDao - 
[2018-08-16T19:29:54.172] [ERROR] dao.baseDao - { Error: ER_BAD_FIELD_ERROR: Unknown column '333_2' in 'field list'
    at Query.Sequence._packetToError (/Users/yixin/Desktop/workshop/cms/node_modules/mysql/lib/protocol/sequences/Sequence.js:47:14)
    at Query.ErrorPacket (/Users/yixin/Desktop/workshop/cms/node_modules/mysql/lib/protocol/sequences/Query.js:77:18)
    at Protocol._parsePacket (/Users/yixin/Desktop/workshop/cms/node_modules/mysql/lib/protocol/Protocol.js:278:23)
    at Parser.write (/Users/yixin/Desktop/workshop/cms/node_modules/mysql/lib/protocol/Parser.js:76:12)
    at Protocol.write (/Users/yixin/Desktop/workshop/cms/node_modules/mysql/lib/protocol/Protocol.js:38:16)
    at Socket.<anonymous> (/Users/yixin/Desktop/workshop/cms/node_modules/mysql/lib/Connection.js:91:28)
    at Socket.<anonymous> (/Users/yixin/Desktop/workshop/cms/node_modules/mysql/lib/Connection.js:502:10)
    at Socket.emit (events.js:180:13)
    at addChunk (_stream_readable.js:274:12)
    at readableAddChunk (_stream_readable.js:261:11)
    --------------------
    at Protocol._enqueue (/Users/yixin/Desktop/workshop/cms/node_modules/mysql/lib/protocol/Protocol.js:144:48)
    at PoolConnection.query (/Users/yixin/Desktop/workshop/cms/node_modules/mysql/lib/Connection.js:200:25)
    at /Users/yixin/Desktop/workshop/cms/server/utils/DB.js:42:18
    at Ping.onOperationComplete (/Users/yixin/Desktop/workshop/cms/node_modules/mysql/lib/Pool.js:110:5)
    at Ping.<anonymous> (/Users/yixin/Desktop/workshop/cms/node_modules/mysql/lib/Connection.js:502:10)
    at Ping._callback (/Users/yixin/Desktop/workshop/cms/node_modules/mysql/lib/Connection.js:468:16)
    at Ping.Sequence.end (/Users/yixin/Desktop/workshop/cms/node_modules/mysql/lib/protocol/sequences/Sequence.js:83:24)
    at Ping.Sequence.OkPacket (/Users/yixin/Desktop/workshop/cms/node_modules/mysql/lib/protocol/sequences/Sequence.js:92:8)
    at Protocol._parsePacket (/Users/yixin/Desktop/workshop/cms/node_modules/mysql/lib/protocol/Protocol.js:278:23)
    at Parser.write (/Users/yixin/Desktop/workshop/cms/node_modules/mysql/lib/protocol/Parser.js:76:12)
  code: 'ER_BAD_FIELD_ERROR',
  errno: 1054,
  sqlMessage: 'Unknown column \'333_2\' in \'field list\'',
  sqlState: '42S22',
  index: 0,
  sql: 'insert into testTable(id,test1,test2) values (3,333,333_2)' }
[2018-08-16T19:33:20.092] [INFO] dao.baseDao - 
[2018-08-16T19:33:20.098] [INFO] dao.baseDao - 
[2018-08-16T19:33:20.099] [INFO] dao.baseDao - 
[2018-08-16T19:33:20.101] [INFO] dao.baseDao - 
[2018-08-16T19:33:20.102] [INFO] dao.baseDao - 
[2018-08-16T19:33:20.104] [INFO] dao.baseDao - 
[2018-08-16T19:33:20.315] [INFO] dao.baseDao - 
[2018-08-16T19:33:20.323] [INFO] dao.baseDao - 
[2018-08-16T19:33:20.329] [INFO] dao.baseDao - 
[2018-08-16T19:33:20.334] [INFO] dao.baseDao - 
[2018-08-16T19:33:20.338] [INFO] dao.baseDao - 
[2018-08-16T19:33:20.343] [INFO] dao.baseDao - 
[2018-08-16T19:33:24.733] [INFO] dao.baseDao - 
[2018-08-16T19:33:24.734] [INFO] dao.baseDao - 
[2018-08-16T19:33:24.735] [INFO] dao.baseDao - 
[2018-08-16T19:33:24.737] [INFO] dao.baseDao - 
[2018-08-16T19:33:24.740] [INFO] dao.baseDao - 
[2018-08-16T19:33:24.741] [INFO] dao.baseDao - 
[2018-08-16T19:49:48.824] [INFO] dao.baseDao - 
[2018-08-16T19:49:48.830] [INFO] dao.baseDao - 
[2018-08-16T19:49:48.831] [INFO] dao.baseDao - 
[2018-08-16T19:49:48.833] [INFO] dao.baseDao - 
[2018-08-16T19:49:48.834] [INFO] dao.baseDao - 
[2018-08-16T19:49:48.836] [INFO] dao.baseDao - 
[2018-08-16T19:52:36.424] [INFO] dao.baseDao - 
[2018-08-16T19:52:36.428] [INFO] dao.baseDao - 
[2018-08-16T19:52:36.444] [INFO] dao.baseDao - 
[2018-08-16T19:52:36.446] [INFO] dao.baseDao - 
[2018-08-16T19:52:36.448] [INFO] dao.baseDao - 
[2018-08-16T19:52:36.450] [INFO] dao.baseDao - 
[2018-08-16T19:52:36.497] [INFO] dao.baseDao - 
[2018-08-16T20:02:40.233] [INFO] dao.baseDao - 
[2018-08-16T20:02:40.237] [INFO] dao.baseDao - 
[2018-08-16T20:02:40.239] [INFO] dao.baseDao - 
[2018-08-16T20:02:40.241] [INFO] dao.baseDao - 
[2018-08-16T20:02:40.243] [INFO] dao.baseDao - 
[2018-08-16T20:02:40.244] [INFO] dao.baseDao - 
[2018-08-16T20:02:40.458] [INFO] dao.baseDao - 
[2018-08-16T20:02:40.466] [INFO] dao.baseDao - 
[2018-08-16T20:02:40.477] [INFO] dao.baseDao - 
[2018-08-16T20:02:40.479] [INFO] dao.baseDao - 
[2018-08-16T20:02:40.484] [INFO] dao.baseDao - 
[2018-08-16T20:02:40.486] [INFO] dao.baseDao - 
[2018-08-16T20:03:43.483] [INFO] dao.baseDao - 
[2018-08-16T20:03:43.484] [INFO] dao.baseDao - 
[2018-08-16T20:03:43.486] [INFO] dao.baseDao - 
[2018-08-16T20:03:43.488] [INFO] dao.baseDao - 
[2018-08-16T20:03:43.490] [INFO] dao.baseDao - 
[2018-08-16T20:03:43.492] [INFO] dao.baseDao - 
[2018-08-16T20:03:43.511] [INFO] dao.baseDao - 
[2018-08-16T20:14:53.249] [INFO] dao.baseDao - 
[2018-08-16T20:14:53.250] [INFO] dao.baseDao - 
[2018-08-16T20:14:53.252] [INFO] dao.baseDao - 
[2018-08-16T20:14:53.254] [INFO] dao.baseDao - 
[2018-08-16T20:14:53.256] [INFO] dao.baseDao - 
[2018-08-16T20:14:53.258] [INFO] dao.baseDao - 
[2018-08-16T20:14:53.428] [INFO] dao.baseDao - 
[2018-08-16T20:14:53.429] [INFO] dao.baseDao - 
[2018-08-16T20:14:53.431] [INFO] dao.baseDao - 
[2018-08-16T20:14:53.433] [INFO] dao.baseDao - 
[2018-08-16T20:14:53.434] [INFO] dao.baseDao - 
[2018-08-16T20:14:53.435] [INFO] dao.baseDao - 
[2018-08-16T20:15:22.747] [INFO] dao.baseDao - 
[2018-08-16T20:15:22.748] [INFO] dao.baseDao - 
[2018-08-16T20:15:22.750] [INFO] dao.baseDao - 
[2018-08-16T20:15:22.752] [INFO] dao.baseDao - 
[2018-08-16T20:15:22.755] [INFO] dao.baseDao - 
[2018-08-16T20:15:22.758] [INFO] dao.baseDao - 
[2018-08-16T20:15:28.525] [INFO] dao.baseDao - 
[2018-08-16T20:15:28.526] [INFO] dao.baseDao - 
[2018-08-16T20:15:28.528] [INFO] dao.baseDao - 
[2018-08-16T20:15:28.532] [INFO] dao.baseDao - 
[2018-08-16T20:15:28.534] [INFO] dao.baseDao - 
[2018-08-16T20:15:28.535] [INFO] dao.baseDao - 
[2018-08-16T20:15:46.324] [INFO] dao.baseDao - 
[2018-08-16T20:15:46.325] [INFO] dao.baseDao - 
[2018-08-16T20:15:46.326] [INFO] dao.baseDao - 
[2018-08-16T20:15:46.328] [INFO] dao.baseDao - 
[2018-08-16T20:15:46.329] [INFO] dao.baseDao - 
[2018-08-16T20:15:46.331] [INFO] dao.baseDao - 
[2018-08-16T20:16:25.586] [INFO] dao.baseDao - 
[2018-08-16T20:16:25.589] [INFO] dao.baseDao - 
[2018-08-16T20:16:25.592] [INFO] dao.baseDao - 
[2018-08-16T20:16:25.597] [INFO] dao.baseDao - 
[2018-08-16T20:16:25.599] [INFO] dao.baseDao - 
[2018-08-16T20:16:25.602] [INFO] dao.baseDao - 
[2018-08-16T20:19:45.363] [INFO] dao.baseDao - 
[2018-08-16T20:19:45.365] [INFO] dao.baseDao - 
[2018-08-16T20:19:45.366] [INFO] dao.baseDao - 
[2018-08-16T20:19:45.368] [INFO] dao.baseDao - 
[2018-08-16T20:19:45.370] [INFO] dao.baseDao - 
[2018-08-16T20:19:45.372] [INFO] dao.baseDao - 
[2018-08-16T20:19:45.539] [INFO] dao.baseDao - 
[2018-08-16T20:19:45.541] [INFO] dao.baseDao - 
[2018-08-16T20:19:45.545] [INFO] dao.baseDao - 
[2018-08-16T20:19:45.547] [INFO] dao.baseDao - 
[2018-08-16T20:19:45.551] [INFO] dao.baseDao - 
[2018-08-16T20:19:45.553] [INFO] dao.baseDao - 
[2018-08-16T20:19:48.179] [INFO] dao.baseDao - 
[2018-08-16T20:19:48.180] [INFO] dao.baseDao - 
[2018-08-16T20:19:48.181] [INFO] dao.baseDao - 
[2018-08-16T20:19:48.183] [INFO] dao.baseDao - 
[2018-08-16T20:19:48.184] [INFO] dao.baseDao - 
[2018-08-16T20:19:48.185] [INFO] dao.baseDao - 
[2018-08-16T20:19:52.787] [INFO] dao.baseDao - 
[2018-08-16T20:19:52.789] [INFO] dao.baseDao - 
[2018-08-16T20:19:52.790] [INFO] dao.baseDao - 
[2018-08-16T20:19:52.791] [INFO] dao.baseDao - 
[2018-08-16T20:19:52.792] [INFO] dao.baseDao - 
[2018-08-16T20:19:52.794] [INFO] dao.baseDao - 
[2018-08-16T20:19:54.513] [INFO] dao.baseDao - 
[2018-08-16T20:19:54.515] [INFO] dao.baseDao - 
[2018-08-16T20:19:54.517] [INFO] dao.baseDao - 
[2018-08-16T20:19:54.518] [INFO] dao.baseDao - 
[2018-08-16T20:19:54.520] [INFO] dao.baseDao - 
[2018-08-16T20:19:54.521] [INFO] dao.baseDao - 
[2018-08-16T20:19:55.556] [INFO] dao.baseDao - 
[2018-08-16T20:19:55.558] [INFO] dao.baseDao - 
[2018-08-16T20:19:55.559] [INFO] dao.baseDao - 
[2018-08-16T20:19:55.564] [INFO] dao.baseDao - 
[2018-08-16T20:19:55.566] [INFO] dao.baseDao - 
[2018-08-16T20:19:55.568] [INFO] dao.baseDao - 
[2018-08-16T20:19:56.316] [INFO] dao.baseDao - 
[2018-08-16T20:19:56.319] [INFO] dao.baseDao - 
[2018-08-16T20:19:56.320] [INFO] dao.baseDao - 
[2018-08-16T20:19:56.322] [INFO] dao.baseDao - 
[2018-08-16T20:19:56.324] [INFO] dao.baseDao - 
[2018-08-16T20:19:56.326] [INFO] dao.baseDao - 
[2018-08-16T20:20:18.893] [INFO] dao.baseDao - 
[2018-08-16T20:20:18.895] [INFO] dao.baseDao - 
[2018-08-16T20:20:18.897] [INFO] dao.baseDao - 
[2018-08-16T20:20:18.898] [INFO] dao.baseDao - 
[2018-08-16T20:20:18.900] [INFO] dao.baseDao - 
[2018-08-16T20:20:18.901] [INFO] dao.baseDao - 
[2018-08-16T20:20:19.078] [INFO] dao.baseDao - 
[2018-08-16T20:20:19.081] [INFO] dao.baseDao - 
[2018-08-16T20:20:19.082] [INFO] dao.baseDao - 
[2018-08-16T20:20:19.085] [INFO] dao.baseDao - 
[2018-08-16T20:20:19.086] [INFO] dao.baseDao - 
[2018-08-16T20:20:19.088] [INFO] dao.baseDao - 
[2018-08-16T20:20:29.396] [INFO] dao.baseDao - 
[2018-08-16T20:20:29.398] [INFO] dao.baseDao - 
[2018-08-16T20:20:29.399] [INFO] dao.baseDao - 
[2018-08-16T20:20:29.401] [INFO] dao.baseDao - 
[2018-08-16T20:20:29.403] [INFO] dao.baseDao - 
[2018-08-16T20:20:29.405] [INFO] dao.baseDao - 
[2018-08-16T20:20:29.413] [INFO] dao.baseDao - 
[2018-08-16T20:20:38.928] [INFO] dao.baseDao - 
[2018-08-16T20:20:38.929] [INFO] dao.baseDao - 
[2018-08-16T20:20:38.930] [INFO] dao.baseDao - 
[2018-08-16T20:20:38.932] [INFO] dao.baseDao - 
[2018-08-16T20:20:38.933] [INFO] dao.baseDao - 
[2018-08-16T20:20:38.934] [INFO] dao.baseDao - 
[2018-08-16T20:23:13.347] [INFO] dao.baseDao - 
[2018-08-16T20:23:13.352] [INFO] dao.baseDao - 
[2018-08-16T20:23:13.353] [INFO] dao.baseDao - 
[2018-08-16T20:23:13.355] [INFO] dao.baseDao - 
[2018-08-16T20:23:13.356] [INFO] dao.baseDao - 
[2018-08-16T20:23:13.358] [INFO] dao.baseDao - 
[2018-08-16T20:23:13.548] [INFO] dao.baseDao - 
[2018-08-16T20:23:13.551] [INFO] dao.baseDao - 
[2018-08-16T20:23:13.554] [INFO] dao.baseDao - 
[2018-08-16T20:23:13.561] [INFO] dao.baseDao - 
[2018-08-16T20:23:13.564] [INFO] dao.baseDao - 
[2018-08-16T20:23:13.567] [INFO] dao.baseDao - 
[2018-08-16T20:23:16.647] [INFO] dao.baseDao - 
[2018-08-16T20:23:16.648] [INFO] dao.baseDao - 
[2018-08-16T20:23:16.650] [INFO] dao.baseDao - 
[2018-08-16T20:23:16.651] [INFO] dao.baseDao - 
[2018-08-16T20:23:16.653] [INFO] dao.baseDao - 
[2018-08-16T20:23:16.655] [INFO] dao.baseDao - 
[2018-08-16T20:23:18.341] [INFO] dao.baseDao - 
[2018-08-16T20:23:18.342] [INFO] dao.baseDao - 
[2018-08-16T20:23:18.344] [INFO] dao.baseDao - 
[2018-08-16T20:23:18.345] [INFO] dao.baseDao - 
[2018-08-16T20:23:18.347] [INFO] dao.baseDao - 
[2018-08-16T20:23:18.348] [INFO] dao.baseDao - 
[2018-08-16T20:23:19.367] [INFO] dao.baseDao - 
[2018-08-16T20:23:19.369] [INFO] dao.baseDao - 
[2018-08-16T20:23:19.371] [INFO] dao.baseDao - 
[2018-08-16T20:23:19.372] [INFO] dao.baseDao - 
[2018-08-16T20:23:19.373] [INFO] dao.baseDao - 
[2018-08-16T20:23:19.376] [INFO] dao.baseDao - 
[2018-08-16T23:03:05.036] [INFO] dao.baseDao - 
[2018-08-16T23:03:05.043] [ERROR] dao.baseDao - { Error: ER_NO_SUCH_TABLE: Table 'manage_config.mcomponentprops' doesn't exist
    at Query.Sequence._packetToError (/Users/yixin/Desktop/workshop/cms/node_modules/mysql/lib/protocol/sequences/Sequence.js:47:14)
    at Query.ErrorPacket (/Users/yixin/Desktop/workshop/cms/node_modules/mysql/lib/protocol/sequences/Query.js:77:18)
    at Protocol._parsePacket (/Users/yixin/Desktop/workshop/cms/node_modules/mysql/lib/protocol/Protocol.js:278:23)
    at Parser.write (/Users/yixin/Desktop/workshop/cms/node_modules/mysql/lib/protocol/Parser.js:76:12)
    at Protocol.write (/Users/yixin/Desktop/workshop/cms/node_modules/mysql/lib/protocol/Protocol.js:38:16)
    at Socket.<anonymous> (/Users/yixin/Desktop/workshop/cms/node_modules/mysql/lib/Connection.js:91:28)
    at Socket.<anonymous> (/Users/yixin/Desktop/workshop/cms/node_modules/mysql/lib/Connection.js:502:10)
    at Socket.emit (events.js:180:13)
    at addChunk (_stream_readable.js:274:12)
    at readableAddChunk (_stream_readable.js:261:11)
    --------------------
    at Protocol._enqueue (/Users/yixin/Desktop/workshop/cms/node_modules/mysql/lib/protocol/Protocol.js:144:48)
    at PoolConnection.query (/Users/yixin/Desktop/workshop/cms/node_modules/mysql/lib/Connection.js:200:25)
    at /Users/yixin/Desktop/workshop/cms/server/utils/DB.js:42:18
    at Ping.onOperationComplete (/Users/yixin/Desktop/workshop/cms/node_modules/mysql/lib/Pool.js:110:5)
    at Ping.<anonymous> (/Users/yixin/Desktop/workshop/cms/node_modules/mysql/lib/Connection.js:502:10)
    at Ping._callback (/Users/yixin/Desktop/workshop/cms/node_modules/mysql/lib/Connection.js:468:16)
    at Ping.Sequence.end (/Users/yixin/Desktop/workshop/cms/node_modules/mysql/lib/protocol/sequences/Sequence.js:83:24)
    at Ping.Sequence.OkPacket (/Users/yixin/Desktop/workshop/cms/node_modules/mysql/lib/protocol/sequences/Sequence.js:92:8)
    at Protocol._parsePacket (/Users/yixin/Desktop/workshop/cms/node_modules/mysql/lib/protocol/Protocol.js:278:23)
    at Parser.write (/Users/yixin/Desktop/workshop/cms/node_modules/mysql/lib/protocol/Parser.js:76:12)
  code: 'ER_NO_SUCH_TABLE',
  errno: 1146,
  sqlMessage: 'Table \'manage_config.mcomponentprops\' doesn\'t exist',
  sqlState: '42S02',
  index: 0,
  sql: 'desc mComponentProps' }
[2018-08-16T23:04:21.522] [INFO] dao.baseDao - 
[2018-08-16T23:04:21.526] [INFO] dao.baseDao - 
[2018-08-16T23:04:21.528] [INFO] dao.baseDao - 
[2018-08-16T23:04:21.529] [INFO] dao.baseDao - 
[2018-08-16T23:04:21.530] [INFO] dao.baseDao - 
[2018-08-16T23:04:21.531] [INFO] dao.baseDao - 
[2018-08-16T23:39:42.590] [INFO] dao.baseDao - 
[2018-08-16T23:39:42.591] [INFO] dao.baseDao - 
[2018-08-16T23:39:42.593] [INFO] dao.baseDao - 
[2018-08-16T23:39:42.595] [INFO] dao.baseDao - 
[2018-08-16T23:39:42.597] [INFO] dao.baseDao - 
[2018-08-16T23:39:42.600] [INFO] dao.baseDao - 
[2018-08-16T23:41:49.874] [INFO] dao.baseDao - 
[2018-08-16T23:41:49.879] [INFO] dao.baseDao - 
[2018-08-16T23:41:49.882] [INFO] dao.baseDao - 
[2018-08-16T23:41:49.884] [INFO] dao.baseDao - 
[2018-08-16T23:41:49.885] [INFO] dao.baseDao - 
[2018-08-16T23:41:49.888] [INFO] dao.baseDao - 
[2018-08-16T23:41:50.116] [INFO] dao.baseDao - 
[2018-08-16T23:41:50.119] [INFO] dao.baseDao - 
[2018-08-16T23:41:50.124] [INFO] dao.baseDao - 
[2018-08-16T23:41:50.127] [INFO] dao.baseDao - 
[2018-08-16T23:41:50.133] [INFO] dao.baseDao - 
[2018-08-16T23:41:50.136] [INFO] dao.baseDao - 
[2018-08-16T23:41:52.977] [INFO] dao.baseDao - 
[2018-08-16T23:41:52.979] [INFO] dao.baseDao - 
[2018-08-16T23:41:52.981] [INFO] dao.baseDao - 
[2018-08-16T23:41:52.983] [INFO] dao.baseDao - 
[2018-08-16T23:41:52.985] [INFO] dao.baseDao - 
[2018-08-16T23:41:52.987] [INFO] dao.baseDao - 
[2018-08-16T23:43:04.664] [INFO] dao.baseDao - 
[2018-08-16T23:43:04.666] [INFO] dao.baseDao - 
[2018-08-16T23:43:04.668] [INFO] dao.baseDao - 
[2018-08-16T23:43:04.670] [INFO] dao.baseDao - 
[2018-08-16T23:43:04.672] [INFO] dao.baseDao - 
[2018-08-16T23:43:04.674] [INFO] dao.baseDao - 
[2018-08-16T23:43:04.691] [INFO] dao.baseDao - 
[2018-08-16T23:44:22.118] [INFO] dao.baseDao - 
[2018-08-16T23:44:22.120] [INFO] dao.baseDao - 
[2018-08-16T23:44:22.122] [INFO] dao.baseDao - 
[2018-08-16T23:44:22.123] [INFO] dao.baseDao - 
[2018-08-16T23:44:22.125] [INFO] dao.baseDao - 
[2018-08-16T23:44:22.127] [INFO] dao.baseDao - 
[2018-08-16T23:45:03.712] [INFO] dao.baseDao - 
[2018-08-16T23:45:03.717] [ERROR] dao.baseDao - { Error: ER_NO_SUCH_TABLE: Table 'manage_config.mcomponentprops' doesn't exist
    at Query.Sequence._packetToError (/Users/yixin/Desktop/workshop/cms/node_modules/mysql/lib/protocol/sequences/Sequence.js:47:14)
    at Query.ErrorPacket (/Users/yixin/Desktop/workshop/cms/node_modules/mysql/lib/protocol/sequences/Query.js:77:18)
    at Protocol._parsePacket (/Users/yixin/Desktop/workshop/cms/node_modules/mysql/lib/protocol/Protocol.js:278:23)
    at Parser.write (/Users/yixin/Desktop/workshop/cms/node_modules/mysql/lib/protocol/Parser.js:76:12)
    at Protocol.write (/Users/yixin/Desktop/workshop/cms/node_modules/mysql/lib/protocol/Protocol.js:38:16)
    at Socket.<anonymous> (/Users/yixin/Desktop/workshop/cms/node_modules/mysql/lib/Connection.js:91:28)
    at Socket.<anonymous> (/Users/yixin/Desktop/workshop/cms/node_modules/mysql/lib/Connection.js:502:10)
    at Socket.emit (events.js:180:13)
    at addChunk (_stream_readable.js:274:12)
    at readableAddChunk (_stream_readable.js:261:11)
    --------------------
    at Protocol._enqueue (/Users/yixin/Desktop/workshop/cms/node_modules/mysql/lib/protocol/Protocol.js:144:48)
    at PoolConnection.query (/Users/yixin/Desktop/workshop/cms/node_modules/mysql/lib/Connection.js:200:25)
    at /Users/yixin/Desktop/workshop/cms/server/utils/DB.js:42:18
    at Ping.onOperationComplete (/Users/yixin/Desktop/workshop/cms/node_modules/mysql/lib/Pool.js:110:5)
    at Ping.<anonymous> (/Users/yixin/Desktop/workshop/cms/node_modules/mysql/lib/Connection.js:502:10)
    at Ping._callback (/Users/yixin/Desktop/workshop/cms/node_modules/mysql/lib/Connection.js:468:16)
    at Ping.Sequence.end (/Users/yixin/Desktop/workshop/cms/node_modules/mysql/lib/protocol/sequences/Sequence.js:83:24)
    at Ping.Sequence.OkPacket (/Users/yixin/Desktop/workshop/cms/node_modules/mysql/lib/protocol/sequences/Sequence.js:92:8)
    at Protocol._parsePacket (/Users/yixin/Desktop/workshop/cms/node_modules/mysql/lib/protocol/Protocol.js:278:23)
    at Parser.write (/Users/yixin/Desktop/workshop/cms/node_modules/mysql/lib/protocol/Parser.js:76:12)
  code: 'ER_NO_SUCH_TABLE',
  errno: 1146,
  sqlMessage: 'Table \'manage_config.mcomponentprops\' doesn\'t exist',
  sqlState: '42S02',
  index: 0,
  sql: 'desc mComponentProps' }
[2018-08-16T23:51:57.112] [INFO] dao.baseDao - 
[2018-08-16T23:51:57.117] [INFO] dao.baseDao - 
[2018-08-16T23:51:57.119] [INFO] dao.baseDao - 
[2018-08-16T23:51:57.120] [INFO] dao.baseDao - 
[2018-08-16T23:51:57.122] [INFO] dao.baseDao - 
[2018-08-16T23:51:57.123] [INFO] dao.baseDao - 
[2018-08-16T23:51:57.391] [INFO] dao.baseDao - 
[2018-08-16T23:51:57.392] [INFO] dao.baseDao - 
[2018-08-16T23:51:57.395] [INFO] dao.baseDao - 
[2018-08-16T23:51:57.397] [INFO] dao.baseDao - 
[2018-08-16T23:51:57.400] [INFO] dao.baseDao - 
[2018-08-16T23:51:57.406] [INFO] dao.baseDao - 
[2018-08-16T23:52:21.461] [INFO] dao.baseDao - 
[2018-08-16T23:52:21.462] [INFO] dao.baseDao - 
[2018-08-16T23:52:21.464] [INFO] dao.baseDao - 
[2018-08-16T23:52:21.468] [INFO] dao.baseDao - 
[2018-08-16T23:52:21.471] [INFO] dao.baseDao - 
[2018-08-16T23:52:21.476] [INFO] dao.baseDao - 
[2018-08-16T23:52:30.703] [INFO] dao.baseDao - 
[2018-08-16T23:52:30.706] [INFO] dao.baseDao - 
[2018-08-16T23:52:30.709] [INFO] dao.baseDao - 
[2018-08-16T23:52:30.712] [INFO] dao.baseDao - 
[2018-08-16T23:52:30.715] [INFO] dao.baseDao - 
[2018-08-16T23:52:30.720] [INFO] dao.baseDao - 
[2018-08-16T23:53:51.564] [INFO] dao.baseDao - 
[2018-08-16T23:53:51.568] [INFO] dao.baseDao - 
[2018-08-16T23:53:51.570] [INFO] dao.baseDao - 
[2018-08-16T23:53:51.574] [INFO] dao.baseDao - 
[2018-08-16T23:53:51.576] [INFO] dao.baseDao - 
[2018-08-16T23:53:51.579] [INFO] dao.baseDao - 
[2018-08-16T23:53:53.564] [INFO] dao.baseDao - 
[2018-08-16T23:53:53.567] [INFO] dao.baseDao - 
[2018-08-16T23:53:53.571] [INFO] dao.baseDao - 
[2018-08-16T23:53:53.574] [INFO] dao.baseDao - 
[2018-08-16T23:53:53.577] [INFO] dao.baseDao - 
[2018-08-16T23:53:53.582] [INFO] dao.baseDao - 
[2018-08-16T23:53:54.147] [INFO] dao.baseDao - 
[2018-08-16T23:53:54.151] [INFO] dao.baseDao - 
[2018-08-16T23:53:54.156] [INFO] dao.baseDao - 
[2018-08-16T23:53:54.164] [INFO] dao.baseDao - 
[2018-08-16T23:53:54.171] [INFO] dao.baseDao - 
[2018-08-16T23:53:54.175] [INFO] dao.baseDao - 
[2018-08-16T23:53:55.565] [INFO] dao.baseDao - 
[2018-08-16T23:53:55.567] [INFO] dao.baseDao - 
[2018-08-16T23:53:55.569] [INFO] dao.baseDao - 
[2018-08-16T23:53:55.570] [INFO] dao.baseDao - 
[2018-08-16T23:53:55.571] [INFO] dao.baseDao - 
[2018-08-16T23:53:55.573] [INFO] dao.baseDao - 
[2018-08-16T23:54:08.072] [INFO] dao.baseDao - 
[2018-08-16T23:54:08.075] [INFO] dao.baseDao - 
[2018-08-16T23:54:08.077] [INFO] dao.baseDao - 
[2018-08-16T23:54:08.079] [INFO] dao.baseDao - 
[2018-08-16T23:54:08.080] [INFO] dao.baseDao - 
[2018-08-16T23:54:08.082] [INFO] dao.baseDao - 
[2018-08-16T23:54:39.888] [INFO] dao.baseDao - 
[2018-08-16T23:54:39.890] [INFO] dao.baseDao - 
[2018-08-16T23:54:39.892] [INFO] dao.baseDao - 
[2018-08-16T23:54:39.893] [INFO] dao.baseDao - 
[2018-08-16T23:54:39.895] [INFO] dao.baseDao - 
[2018-08-16T23:54:39.897] [INFO] dao.baseDao - 
[2018-08-16T23:54:44.774] [INFO] dao.baseDao - 
[2018-08-16T23:54:44.777] [INFO] dao.baseDao - 
[2018-08-16T23:54:44.778] [INFO] dao.baseDao - 
[2018-08-16T23:54:44.780] [INFO] dao.baseDao - 
[2018-08-16T23:54:44.781] [INFO] dao.baseDao - 
[2018-08-16T23:54:44.783] [INFO] dao.baseDao - 
[2018-08-16T23:55:33.142] [INFO] dao.baseDao - 
[2018-08-16T23:55:33.167] [INFO] dao.baseDao - 
[2018-08-16T23:55:33.338] [INFO] dao.baseDao - 
[2018-08-16T23:56:36.790] [INFO] dao.baseDao - 
[2018-08-16T23:56:36.794] [INFO] dao.baseDao - 
[2018-08-16T23:56:36.996] [INFO] dao.baseDao - 
[2018-08-16T23:56:36.998] [INFO] dao.baseDao - 
[2018-08-16T23:57:38.796] [INFO] dao.baseDao - 
[2018-08-16T23:57:38.798] [INFO] dao.baseDao - 
[2018-08-16T23:57:38.808] [INFO] dao.baseDao - 
