[2018-09-13T16:37:54.100] [INFO] dao.baseDao - query-all:m_page
[2018-09-13T16:37:55.572] [INFO] dao.baseDao - query-ById:m_page,id:7
[2018-09-13T16:37:55.577] [INFO] dao.baseDao - query-ById:m_page,id:7
[2018-09-13T16:37:56.507] [INFO] dao.baseDao - query-all:user
[2018-09-13T21:53:36.943] [INFO] dao.baseDao - query-ById:m_page,id:7
[2018-09-13T21:53:37.228] [INFO] dao.baseDao - show-table-info:group_role_relation
[2018-09-13T21:53:37.329] [INFO] dao.baseDao - show-table-info:m_component_props
[2018-09-13T21:53:37.340] [INFO] dao.baseDao - show-table-info:m_components
[2018-09-13T21:53:37.344] [INFO] dao.baseDao - show-table-info:m_datasource
[2018-09-13T21:53:37.346] [INFO] dao.baseDao - show-table-info:m_fields
[2018-09-13T21:53:37.349] [INFO] dao.baseDao - show-table-info:m_model_fields
[2018-09-13T21:53:37.353] [INFO] dao.baseDao - show-table-info:m_models
[2018-09-13T21:53:37.356] [INFO] dao.baseDao - show-table-info:m_page
[2018-09-13T21:53:37.358] [INFO] dao.baseDao - show-table-info:m_page_actions
[2018-09-13T21:53:37.361] [INFO] dao.baseDao - show-table-info:m_systems
[2018-09-13T21:53:37.364] [INFO] dao.baseDao - show-table-info:m_theme
[2018-09-13T21:53:37.367] [INFO] dao.baseDao - show-table-info:m_theme_base_props
[2018-09-13T21:53:37.370] [INFO] dao.baseDao - show-table-info:roles
[2018-09-13T21:53:37.372] [INFO] dao.baseDao - show-table-info:test2
[2018-09-13T21:53:37.375] [INFO] dao.baseDao - show-table-info:test3
[2018-09-13T21:53:37.378] [INFO] dao.baseDao - show-table-info:testTable
[2018-09-13T21:53:37.381] [INFO] dao.baseDao - show-table-info:user_group
[2018-09-13T21:53:37.384] [INFO] dao.baseDao - show-table-info:user_group_relation
[2018-09-13T21:53:37.386] [INFO] dao.baseDao - show-table-info:users
[2018-09-13T21:53:37.440] [INFO] dao.baseDao - query-ById:m_page,id:7
[2018-09-13T21:53:39.541] [INFO] dao.baseDao - query-all:m_datasource
[2018-09-13T21:53:39.561] [INFO] dao.baseDao - show-table-info:course
[2018-09-13T21:53:39.566] [INFO] dao.baseDao - show-table-info:user
[2018-09-13T21:53:39.571] [INFO] dao.baseDao - show-table-info:userInfo
[2018-09-13T21:53:39.588] [INFO] dao.baseDao - query-all:user
[2018-09-13T21:57:05.637] [INFO] dao.baseDao - query-ById:m_page,id:7
[2018-09-13T21:57:05.780] [INFO] dao.baseDao - query-ById:m_page,id:7
[2018-09-13T21:57:06.591] [INFO] dao.baseDao - query-all:user
[2018-09-13T23:05:57.509] [INFO] dao.baseDao - query-ById:m_page,id:7
[2018-09-13T23:05:57.692] [INFO] dao.baseDao - query-ById:m_page,id:7
[2018-09-13T23:05:59.539] [INFO] dao.baseDao - query-all:user
[2018-09-13T23:07:12.851] [INFO] dao.baseDao - query-ById:m_page,id:7
[2018-09-13T23:07:12.914] [INFO] dao.baseDao - query-ById:m_page,id:7
[2018-09-13T23:07:13.498] [INFO] dao.baseDao - query-all:user
[2018-09-13T23:08:57.157] [INFO] dao.baseDao - query-ById:m_page,id:7
[2018-09-13T23:08:57.248] [INFO] dao.baseDao - query-ById:m_page,id:7
[2018-09-13T23:08:58.031] [INFO] dao.baseDao - query-all:user
[2018-09-13T23:09:25.903] [INFO] dao.baseDao - query-ById:m_page,id:7
[2018-09-13T23:09:26.183] [INFO] dao.baseDao - query-ById:m_page,id:7
[2018-09-13T23:09:26.940] [INFO] dao.baseDao - query-all:user
[2018-09-13T23:12:12.588] [INFO] dao.baseDao - query-ById:m_page,id:7
[2018-09-13T23:12:12.718] [INFO] dao.baseDao - query-ById:m_page,id:7
[2018-09-13T23:12:13.298] [INFO] dao.baseDao - query-all:user
[2018-09-13T23:16:02.839] [INFO] dao.baseDao - query-ById:m_page,id:7
[2018-09-13T23:16:02.898] [INFO] dao.baseDao - query-ById:m_page,id:7
[2018-09-13T23:16:03.716] [INFO] dao.baseDao - query-all:user
[2018-09-13T23:23:08.503] [INFO] dao.baseDao - query-all:m_theme
[2018-09-13T23:23:08.512] [INFO] dao.baseDao - query-all:m_component_props
[2018-09-13T23:23:08.524] [INFO] dao.baseDao - query-all:m_theme_base_props
[2018-09-13T23:23:11.508] [INFO] dao.baseDao - query-page:m_components
[2018-09-13T23:23:11.527] [INFO] dao.baseDao - 12
[2018-09-13T23:23:11.528] [INFO] dao.baseDao - { page: 0,
  limit: 10,
  list: 
   [ RowDataPacket {
       id: 1,
       name: 'input',
       description: null,
       themeId: 1,
       frontShow: null,
       backShow: null,
       createAt: 2018-08-20T14:07:29.000Z,
       createBy: 1,
       updateAt: 2018-08-20T14:07:29.000Z,
       isDeleted: 0,
       deletedAt: 2018-08-20T14:07:29.000Z },
     RowDataPacket {
       id: 2,
       name: 'select',
       description: null,
       themeId: 1,
       frontShow: null,
       backShow: null,
       createAt: 2018-08-24T05:41:55.000Z,
       createBy: 1,
       updateAt: 2018-08-24T05:41:55.000Z,
       isDeleted: 0,
       deletedAt: 2018-08-24T05:41:55.000Z },
     RowDataPacket {
       id: 3,
       name: 'row',
       description: null,
       themeId: 1,
       frontShow: null,
       backShow: null,
       createAt: 2018-08-24T13:17:11.000Z,
       createBy: 1,
       updateAt: 2018-08-24T13:17:11.000Z,
       isDeleted: 0,
       deletedAt: 2018-08-24T13:17:11.000Z },
     RowDataPacket {
       id: 4,
       name: 'col',
       description: null,
       themeId: 1,
       frontShow: null,
       backShow: null,
       createAt: 2018-08-25T02:12:18.000Z,
       createBy: 1,
       updateAt: 2018-08-25T02:12:18.000Z,
       isDeleted: 0,
       deletedAt: 2018-08-25T02:12:18.000Z },
     RowDataPacket {
       id: 5,
       name: 'table',
       description: null,
       themeId: 1,
       frontShow: null,
       backShow: null,
       createAt: 2018-09-04T08:18:21.000Z,
       createBy: 1,
       updateAt: 2018-09-04T08:18:21.000Z,
       isDeleted: 0,
       deletedAt: 2018-09-04T08:18:21.000Z },
     RowDataPacket {
       id: 6,
       name: 'tableCol',
       description: null,
       themeId: 1,
       frontShow: null,
       backShow: null,
       createAt: 2018-09-04T08:20:19.000Z,
       createBy: 1,
       updateAt: 2018-09-04T08:20:19.000Z,
       isDeleted: 0,
       deletedAt: 2018-09-04T08:20:19.000Z },
     RowDataPacket {
       id: 7,
       name: 'radio',
       description: null,
       themeId: 1,
       frontShow: null,
       backShow: null,
       createAt: 2018-09-04T08:22:14.000Z,
       createBy: 1,
       updateAt: 2018-09-04T08:22:14.000Z,
       isDeleted: 0,
       deletedAt: 2018-09-04T08:22:14.000Z },
     RowDataPacket {
       id: 8,
       name: 'switch',
       description: null,
       themeId: 1,
       frontShow: null,
       backShow: null,
       createAt: 2018-09-08T12:45:21.000Z,
       createBy: 1,
       updateAt: 2018-09-08T12:45:21.000Z,
       isDeleted: 0,
       deletedAt: 2018-09-08T12:45:21.000Z },
     RowDataPacket {
       id: 9,
       name: 'slider',
       description: null,
       themeId: 1,
       frontShow: null,
       backShow: null,
       createAt: 2018-09-08T12:47:35.000Z,
       createBy: 1,
       updateAt: 2018-09-08T12:47:35.000Z,
       isDeleted: 0,
       deletedAt: 2018-09-08T12:47:35.000Z },
     RowDataPacket {
       id: 10,
       name: 'timePicker',
       description: null,
       themeId: 1,
       frontShow: null,
       backShow: null,
       createAt: 2018-09-08T12:47:53.000Z,
       createBy: 1,
       updateAt: 2018-09-08T12:47:53.000Z,
       isDeleted: 0,
       deletedAt: 2018-09-08T12:47:53.000Z } ],
  total: 12 }
[2018-09-13T23:23:18.215] [INFO] dao.baseDao - query-all:m_theme
[2018-09-13T23:23:18.217] [INFO] dao.baseDao - query-all:m_component_props
[2018-09-13T23:23:18.222] [INFO] dao.baseDao - query-all:m_theme_base_props
[2018-09-13T23:23:19.546] [INFO] dao.baseDao - query-page:m_components
[2018-09-13T23:23:19.551] [INFO] dao.baseDao - query-all:m_theme_base_props
[2018-09-13T23:23:19.565] [INFO] dao.baseDao - 12
[2018-09-13T23:23:19.565] [INFO] dao.baseDao - { page: 0,
  limit: 10,
  list: 
   [ RowDataPacket {
       id: 1,
       name: 'input',
       description: null,
       themeId: 1,
       frontShow: null,
       backShow: null,
       createAt: 2018-08-20T14:07:29.000Z,
       createBy: 1,
       updateAt: 2018-08-20T14:07:29.000Z,
       isDeleted: 0,
       deletedAt: 2018-08-20T14:07:29.000Z },
     RowDataPacket {
       id: 2,
       name: 'select',
       description: null,
       themeId: 1,
       frontShow: null,
       backShow: null,
       createAt: 2018-08-24T05:41:55.000Z,
       createBy: 1,
       updateAt: 2018-08-24T05:41:55.000Z,
       isDeleted: 0,
       deletedAt: 2018-08-24T05:41:55.000Z },
     RowDataPacket {
       id: 3,
       name: 'row',
       description: null,
       themeId: 1,
       frontShow: null,
       backShow: null,
       createAt: 2018-08-24T13:17:11.000Z,
       createBy: 1,
       updateAt: 2018-08-24T13:17:11.000Z,
       isDeleted: 0,
       deletedAt: 2018-08-24T13:17:11.000Z },
     RowDataPacket {
       id: 4,
       name: 'col',
       description: null,
       themeId: 1,
       frontShow: null,
       backShow: null,
       createAt: 2018-08-25T02:12:18.000Z,
       createBy: 1,
       updateAt: 2018-08-25T02:12:18.000Z,
       isDeleted: 0,
       deletedAt: 2018-08-25T02:12:18.000Z },
     RowDataPacket {
       id: 5,
       name: 'table',
       description: null,
       themeId: 1,
       frontShow: null,
       backShow: null,
       createAt: 2018-09-04T08:18:21.000Z,
       createBy: 1,
       updateAt: 2018-09-04T08:18:21.000Z,
       isDeleted: 0,
       deletedAt: 2018-09-04T08:18:21.000Z },
     RowDataPacket {
       id: 6,
       name: 'tableCol',
       description: null,
       themeId: 1,
       frontShow: null,
       backShow: null,
       createAt: 2018-09-04T08:20:19.000Z,
       createBy: 1,
       updateAt: 2018-09-04T08:20:19.000Z,
       isDeleted: 0,
       deletedAt: 2018-09-04T08:20:19.000Z },
     RowDataPacket {
       id: 7,
       name: 'radio',
       description: null,
       themeId: 1,
       frontShow: null,
       backShow: null,
       createAt: 2018-09-04T08:22:14.000Z,
       createBy: 1,
       updateAt: 2018-09-04T08:22:14.000Z,
       isDeleted: 0,
       deletedAt: 2018-09-04T08:22:14.000Z },
     RowDataPacket {
       id: 8,
       name: 'switch',
       description: null,
       themeId: 1,
       frontShow: null,
       backShow: null,
       createAt: 2018-09-08T12:45:21.000Z,
       createBy: 1,
       updateAt: 2018-09-08T12:45:21.000Z,
       isDeleted: 0,
       deletedAt: 2018-09-08T12:45:21.000Z },
     RowDataPacket {
       id: 9,
       name: 'slider',
       description: null,
       themeId: 1,
       frontShow: null,
       backShow: null,
       createAt: 2018-09-08T12:47:35.000Z,
       createBy: 1,
       updateAt: 2018-09-08T12:47:35.000Z,
       isDeleted: 0,
       deletedAt: 2018-09-08T12:47:35.000Z },
     RowDataPacket {
       id: 10,
       name: 'timePicker',
       description: null,
       themeId: 1,
       frontShow: null,
       backShow: null,
       createAt: 2018-09-08T12:47:53.000Z,
       createBy: 1,
       updateAt: 2018-09-08T12:47:53.000Z,
       isDeleted: 0,
       deletedAt: 2018-09-08T12:47:53.000Z } ],
  total: 12 }
[2018-09-13T23:26:02.625] [INFO] dao.baseDao - query-page:m_components
[2018-09-13T23:26:02.627] [INFO] dao.baseDao - 12
[2018-09-13T23:26:02.627] [INFO] dao.baseDao - { page: 1,
  limit: 10,
  list: 
   [ RowDataPacket {
       id: 11,
       name: 'datePicker',
       description: null,
       themeId: 1,
       frontShow: null,
       backShow: null,
       createAt: 2018-09-08T12:48:05.000Z,
       createBy: 1,
       updateAt: 2018-09-08T12:48:05.000Z,
       isDeleted: 0,
       deletedAt: 2018-09-08T12:48:05.000Z },
     RowDataPacket {
       id: 12,
       name: 'upload',
       description: null,
       themeId: 1,
       frontShow: null,
       backShow: null,
       createAt: 2018-09-08T13:25:51.000Z,
       createBy: 1,
       updateAt: 2018-09-08T13:25:51.000Z,
       isDeleted: 0,
       deletedAt: 2018-09-08T13:25:51.000Z } ],
  total: 12 }
[2018-09-13T23:26:03.812] [INFO] dao.baseDao - query-all:m_component_props
[2018-09-13T23:26:30.629] [INFO] dao.baseDao - query-ById:m_component_props,id:37
[2018-09-13T23:26:30.685] [INFO] dao.baseDao - query-all:m_component_props
[2018-09-13T23:27:49.731] [INFO] dao.baseDao - query-ById:m_component_props,id:38
[2018-09-13T23:27:49.732] [INFO] dao.baseDao - query-ById:m_component_props,id:39
[2018-09-13T23:27:49.746] [INFO] dao.baseDao - query-all:m_component_props
[2018-09-13T23:29:05.668] [INFO] dao.baseDao - query-ById:m_component_props,id:40
[2018-09-13T23:29:05.700] [INFO] dao.baseDao - query-all:m_component_props
[2018-09-13T23:29:31.649] [INFO] dao.baseDao - query-ById:m_component_props,id:41
[2018-09-13T23:29:31.666] [INFO] dao.baseDao - query-all:m_component_props
[2018-09-13T23:30:20.374] [INFO] dao.baseDao - query-ById:m_component_props,id:42
[2018-09-13T23:30:20.382] [INFO] dao.baseDao - query-all:m_component_props
[2018-09-13T23:31:05.178] [INFO] dao.baseDao - query-ById:m_component_props,id:43
[2018-09-13T23:31:05.198] [INFO] dao.baseDao - query-all:m_component_props
[2018-09-13T23:31:10.964] [INFO] dao.baseDao - query-all:m_systems
[2018-09-13T23:31:16.971] [INFO] dao.baseDao - query-all:m_page
[2018-09-13T23:31:16.973] [INFO] dao.baseDao - query-all:m_datasource
[2018-09-13T23:31:18.820] [INFO] dao.baseDao - query-ById:m_page,id:7
[2018-09-13T23:31:18.923] [INFO] dao.baseDao - query-ById:m_page,id:7
[2018-09-13T23:31:18.927] [INFO] dao.baseDao - query-ById:m_systems,id:1
[2018-09-13T23:31:19.023] [INFO] dao.baseDao - query-all:m_components
[2018-09-13T23:31:19.063] [INFO] dao.baseDao - query-all:m_component_props
[2018-09-13T23:31:19.064] [INFO] dao.baseDao - query-all:m_component_props
[2018-09-13T23:31:19.064] [INFO] dao.baseDao - query-all:m_component_props
[2018-09-13T23:31:19.066] [INFO] dao.baseDao - query-all:m_component_props
[2018-09-13T23:31:19.068] [INFO] dao.baseDao - query-all:m_component_props
[2018-09-13T23:31:19.069] [INFO] dao.baseDao - query-all:m_component_props
[2018-09-13T23:31:19.072] [INFO] dao.baseDao - query-all:m_component_props
[2018-09-13T23:31:19.073] [INFO] dao.baseDao - query-all:m_component_props
[2018-09-13T23:31:19.076] [INFO] dao.baseDao - query-all:m_component_props
[2018-09-13T23:31:19.077] [INFO] dao.baseDao - query-all:m_component_props
[2018-09-13T23:31:19.077] [INFO] dao.baseDao - query-all:m_component_props
[2018-09-13T23:31:19.078] [INFO] dao.baseDao - query-all:m_component_props
[2018-09-13T23:31:19.081] [INFO] dao.baseDao - query-all:m_theme_base_props
[2018-09-13T23:31:20.315] [INFO] dao.baseDao - query-all:user
[2018-09-13T23:32:02.290] [INFO] dao.baseDao - update-table-info:7
[2018-09-13T23:32:02.321] [INFO] dao.baseDao - query-ById:m_page,id:7
[2018-09-13T23:32:04.092] [INFO] dao.baseDao - query-ById:m_page,id:7
[2018-09-13T23:32:04.358] [INFO] dao.baseDao - query-all:user
[2018-09-13T23:32:16.847] [INFO] dao.baseDao - query-ById:m_page,id:7
[2018-09-13T23:32:17.487] [INFO] dao.baseDao - query-all:m_datasource
[2018-09-13T23:32:17.530] [INFO] dao.baseDao - show-table-info:course
[2018-09-13T23:32:17.536] [INFO] dao.baseDao - show-table-info:user
[2018-09-13T23:32:17.539] [INFO] dao.baseDao - show-table-info:userInfo
[2018-09-13T23:32:17.574] [INFO] dao.baseDao - query-all:user
[2018-09-13T23:33:24.364] [INFO] dao.baseDao - show-table-info:group_role_relation
[2018-09-13T23:33:24.369] [INFO] dao.baseDao - show-table-info:group_role_relation
[2018-09-13T23:33:24.375] [INFO] dao.baseDao - show-table-info:m_component_props
[2018-09-13T23:33:24.381] [INFO] dao.baseDao - show-table-info:m_component_props
[2018-09-13T23:33:24.386] [INFO] dao.baseDao - show-table-info:m_components
[2018-09-13T23:33:24.389] [INFO] dao.baseDao - show-table-info:m_components
[2018-09-13T23:33:24.395] [INFO] dao.baseDao - show-table-info:m_datasource
[2018-09-13T23:33:24.397] [INFO] dao.baseDao - show-table-info:m_datasource
[2018-09-13T23:33:24.400] [INFO] dao.baseDao - show-table-info:m_fields
[2018-09-13T23:33:24.423] [INFO] dao.baseDao - show-table-info:m_fields
[2018-09-13T23:33:24.425] [INFO] dao.baseDao - show-table-info:m_model_fields
[2018-09-13T23:33:24.436] [INFO] dao.baseDao - show-table-info:m_models
[2018-09-13T23:33:24.440] [INFO] dao.baseDao - show-table-info:m_model_fields
[2018-09-13T23:33:24.466] [INFO] dao.baseDao - show-table-info:m_page
[2018-09-13T23:33:24.468] [INFO] dao.baseDao - show-table-info:m_models
[2018-09-13T23:33:24.472] [INFO] dao.baseDao - show-table-info:m_page_actions
[2018-09-13T23:33:24.492] [INFO] dao.baseDao - show-table-info:m_systems
[2018-09-13T23:33:24.494] [INFO] dao.baseDao - show-table-info:m_page
[2018-09-13T23:33:24.498] [INFO] dao.baseDao - show-table-info:m_page_actions
[2018-09-13T23:33:24.501] [INFO] dao.baseDao - show-table-info:m_systems
[2018-09-13T23:33:24.516] [INFO] dao.baseDao - show-table-info:m_theme
[2018-09-13T23:33:24.518] [INFO] dao.baseDao - show-table-info:m_theme
[2018-09-13T23:33:24.520] [INFO] dao.baseDao - show-table-info:m_theme_base_props
[2018-09-13T23:33:24.522] [INFO] dao.baseDao - show-table-info:roles
[2018-09-13T23:33:24.523] [INFO] dao.baseDao - show-table-info:m_theme_base_props
[2018-09-13T23:33:24.525] [INFO] dao.baseDao - show-table-info:roles
[2018-09-13T23:33:24.527] [INFO] dao.baseDao - show-table-info:test2
[2018-09-13T23:33:24.528] [INFO] dao.baseDao - show-table-info:test2
[2018-09-13T23:33:24.535] [INFO] dao.baseDao - show-table-info:test3
[2018-09-13T23:33:24.536] [INFO] dao.baseDao - show-table-info:test3
[2018-09-13T23:33:24.538] [INFO] dao.baseDao - show-table-info:testTable
[2018-09-13T23:33:24.540] [INFO] dao.baseDao - show-table-info:testTable
[2018-09-13T23:33:24.542] [INFO] dao.baseDao - show-table-info:user_group
[2018-09-13T23:33:24.543] [INFO] dao.baseDao - show-table-info:user_group
[2018-09-13T23:33:24.548] [INFO] dao.baseDao - show-table-info:user_group_relation
[2018-09-13T23:33:24.549] [INFO] dao.baseDao - show-table-info:user_group_relation
[2018-09-13T23:33:24.555] [INFO] dao.baseDao - show-table-info:users
[2018-09-13T23:33:24.556] [INFO] dao.baseDao - show-table-info:users
[2018-09-13T23:33:24.692] [INFO] dao.baseDao - query-all:m_theme
[2018-09-13T23:33:24.780] [INFO] dao.baseDao - query-all:m_component_props
[2018-09-13T23:33:24.782] [INFO] dao.baseDao - query-all:m_theme_base_props
[2018-09-13T23:33:26.715] [INFO] dao.baseDao - query-page:m_components
[2018-09-13T23:33:26.718] [INFO] dao.baseDao - 12
[2018-09-13T23:33:26.718] [INFO] dao.baseDao - { page: 0,
  limit: 10,
  list: 
   [ RowDataPacket {
       id: 1,
       name: 'input',
       description: null,
       themeId: 1,
       frontShow: null,
       backShow: null,
       createAt: 2018-08-20T14:07:29.000Z,
       createBy: 1,
       updateAt: 2018-08-20T14:07:29.000Z,
       isDeleted: 0,
       deletedAt: 2018-08-20T14:07:29.000Z },
     RowDataPacket {
       id: 2,
       name: 'select',
       description: null,
       themeId: 1,
       frontShow: null,
       backShow: null,
       createAt: 2018-08-24T05:41:55.000Z,
       createBy: 1,
       updateAt: 2018-08-24T05:41:55.000Z,
       isDeleted: 0,
       deletedAt: 2018-08-24T05:41:55.000Z },
     RowDataPacket {
       id: 3,
       name: 'row',
       description: null,
       themeId: 1,
       frontShow: null,
       backShow: null,
       createAt: 2018-08-24T13:17:11.000Z,
       createBy: 1,
       updateAt: 2018-08-24T13:17:11.000Z,
       isDeleted: 0,
       deletedAt: 2018-08-24T13:17:11.000Z },
     RowDataPacket {
       id: 4,
       name: 'col',
       description: null,
       themeId: 1,
       frontShow: null,
       backShow: null,
       createAt: 2018-08-25T02:12:18.000Z,
       createBy: 1,
       updateAt: 2018-08-25T02:12:18.000Z,
       isDeleted: 0,
       deletedAt: 2018-08-25T02:12:18.000Z },
     RowDataPacket {
       id: 5,
       name: 'table',
       description: null,
       themeId: 1,
       frontShow: null,
       backShow: null,
       createAt: 2018-09-04T08:18:21.000Z,
       createBy: 1,
       updateAt: 2018-09-04T08:18:21.000Z,
       isDeleted: 0,
       deletedAt: 2018-09-04T08:18:21.000Z },
     RowDataPacket {
       id: 6,
       name: 'tableCol',
       description: null,
       themeId: 1,
       frontShow: null,
       backShow: null,
       createAt: 2018-09-04T08:20:19.000Z,
       createBy: 1,
       updateAt: 2018-09-04T08:20:19.000Z,
       isDeleted: 0,
       deletedAt: 2018-09-04T08:20:19.000Z },
     RowDataPacket {
       id: 7,
       name: 'radio',
       description: null,
       themeId: 1,
       frontShow: null,
       backShow: null,
       createAt: 2018-09-04T08:22:14.000Z,
       createBy: 1,
       updateAt: 2018-09-04T08:22:14.000Z,
       isDeleted: 0,
       deletedAt: 2018-09-04T08:22:14.000Z },
     RowDataPacket {
       id: 8,
       name: 'switch',
       description: null,
       themeId: 1,
       frontShow: null,
       backShow: null,
       createAt: 2018-09-08T12:45:21.000Z,
       createBy: 1,
       updateAt: 2018-09-08T12:45:21.000Z,
       isDeleted: 0,
       deletedAt: 2018-09-08T12:45:21.000Z },
     RowDataPacket {
       id: 9,
       name: 'slider',
       description: null,
       themeId: 1,
       frontShow: null,
       backShow: null,
       createAt: 2018-09-08T12:47:35.000Z,
       createBy: 1,
       updateAt: 2018-09-08T12:47:35.000Z,
       isDeleted: 0,
       deletedAt: 2018-09-08T12:47:35.000Z },
     RowDataPacket {
       id: 10,
       name: 'timePicker',
       description: null,
       themeId: 1,
       frontShow: null,
       backShow: null,
       createAt: 2018-09-08T12:47:53.000Z,
       createBy: 1,
       updateAt: 2018-09-08T12:47:53.000Z,
       isDeleted: 0,
       deletedAt: 2018-09-08T12:47:53.000Z } ],
  total: 12 }
[2018-09-13T23:33:28.714] [INFO] dao.baseDao - query-page:m_components
[2018-09-13T23:33:28.720] [INFO] dao.baseDao - 12
[2018-09-13T23:33:28.720] [INFO] dao.baseDao - { page: 1,
  limit: 10,
  list: 
   [ RowDataPacket {
       id: 11,
       name: 'datePicker',
       description: null,
       themeId: 1,
       frontShow: null,
       backShow: null,
       createAt: 2018-09-08T12:48:05.000Z,
       createBy: 1,
       updateAt: 2018-09-08T12:48:05.000Z,
       isDeleted: 0,
       deletedAt: 2018-09-08T12:48:05.000Z },
     RowDataPacket {
       id: 12,
       name: 'upload',
       description: null,
       themeId: 1,
       frontShow: null,
       backShow: null,
       createAt: 2018-09-08T13:25:51.000Z,
       createBy: 1,
       updateAt: 2018-09-08T13:25:51.000Z,
       isDeleted: 0,
       deletedAt: 2018-09-08T13:25:51.000Z } ],
  total: 12 }
[2018-09-13T23:33:29.542] [INFO] dao.baseDao - query-all:m_component_props
[2018-09-13T23:33:35.892] [INFO] dao.baseDao - update-table-info:43
[2018-09-13T23:33:35.922] [INFO] dao.baseDao - query-all:m_component_props
[2018-09-13T23:33:35.923] [INFO] dao.baseDao - query-ById:m_component_props,id:43
[2018-09-13T23:33:42.867] [INFO] dao.baseDao - query-all:m_systems
[2018-09-13T23:33:45.187] [INFO] dao.baseDao - query-all:m_page
[2018-09-13T23:33:48.507] [INFO] dao.baseDao - query-all:m_page
[2018-09-13T23:33:48.510] [INFO] dao.baseDao - query-all:m_datasource
[2018-09-13T23:33:49.232] [INFO] dao.baseDao - query-ById:m_page,id:7
[2018-09-13T23:33:49.301] [INFO] dao.baseDao - query-ById:m_page,id:7
[2018-09-13T23:33:49.304] [INFO] dao.baseDao - query-ById:m_systems,id:1
[2018-09-13T23:33:49.498] [INFO] dao.baseDao - query-all:m_components
[2018-09-13T23:33:49.513] [INFO] dao.baseDao - query-all:m_component_props
[2018-09-13T23:33:49.514] [INFO] dao.baseDao - query-all:m_component_props
[2018-09-13T23:33:49.514] [INFO] dao.baseDao - query-all:m_component_props
[2018-09-13T23:33:49.515] [INFO] dao.baseDao - query-all:m_component_props
[2018-09-13T23:33:49.515] [INFO] dao.baseDao - query-all:m_component_props
[2018-09-13T23:33:49.516] [INFO] dao.baseDao - query-all:m_component_props
[2018-09-13T23:33:49.516] [INFO] dao.baseDao - query-all:m_component_props
[2018-09-13T23:33:49.516] [INFO] dao.baseDao - query-all:m_component_props
[2018-09-13T23:33:49.517] [INFO] dao.baseDao - query-all:m_component_props
[2018-09-13T23:33:49.517] [INFO] dao.baseDao - query-all:m_component_props
[2018-09-13T23:33:49.517] [INFO] dao.baseDao - query-all:m_component_props
[2018-09-13T23:33:49.518] [INFO] dao.baseDao - query-all:m_component_props
[2018-09-13T23:33:49.522] [INFO] dao.baseDao - query-all:m_theme_base_props
[2018-09-13T23:33:50.313] [INFO] dao.baseDao - query-all:user
[2018-09-13T23:33:58.978] [INFO] dao.baseDao - update-table-info:7
[2018-09-13T23:33:58.986] [INFO] dao.baseDao - query-ById:m_page,id:7
[2018-09-13T23:35:52.261] [INFO] dao.baseDao - query-all:m_theme
[2018-09-13T23:35:52.263] [INFO] dao.baseDao - query-all:m_component_props
[2018-09-13T23:35:52.266] [INFO] dao.baseDao - query-all:m_theme_base_props
[2018-09-13T23:35:57.212] [INFO] dao.baseDao - query-page:m_components
[2018-09-13T23:35:57.223] [INFO] dao.baseDao - 12
[2018-09-13T23:35:57.223] [INFO] dao.baseDao - { page: 0,
  limit: 10,
  list: 
   [ RowDataPacket {
       id: 1,
       name: 'input',
       description: null,
       themeId: 1,
       frontShow: null,
       backShow: null,
       createAt: 2018-08-20T14:07:29.000Z,
       createBy: 1,
       updateAt: 2018-08-20T14:07:29.000Z,
       isDeleted: 0,
       deletedAt: 2018-08-20T14:07:29.000Z },
     RowDataPacket {
       id: 2,
       name: 'select',
       description: null,
       themeId: 1,
       frontShow: null,
       backShow: null,
       createAt: 2018-08-24T05:41:55.000Z,
       createBy: 1,
       updateAt: 2018-08-24T05:41:55.000Z,
       isDeleted: 0,
       deletedAt: 2018-08-24T05:41:55.000Z },
     RowDataPacket {
       id: 3,
       name: 'row',
       description: null,
       themeId: 1,
       frontShow: null,
       backShow: null,
       createAt: 2018-08-24T13:17:11.000Z,
       createBy: 1,
       updateAt: 2018-08-24T13:17:11.000Z,
       isDeleted: 0,
       deletedAt: 2018-08-24T13:17:11.000Z },
     RowDataPacket {
       id: 4,
       name: 'col',
       description: null,
       themeId: 1,
       frontShow: null,
       backShow: null,
       createAt: 2018-08-25T02:12:18.000Z,
       createBy: 1,
       updateAt: 2018-08-25T02:12:18.000Z,
       isDeleted: 0,
       deletedAt: 2018-08-25T02:12:18.000Z },
     RowDataPacket {
       id: 5,
       name: 'table',
       description: null,
       themeId: 1,
       frontShow: null,
       backShow: null,
       createAt: 2018-09-04T08:18:21.000Z,
       createBy: 1,
       updateAt: 2018-09-04T08:18:21.000Z,
       isDeleted: 0,
       deletedAt: 2018-09-04T08:18:21.000Z },
     RowDataPacket {
       id: 6,
       name: 'tableCol',
       description: null,
       themeId: 1,
       frontShow: null,
       backShow: null,
       createAt: 2018-09-04T08:20:19.000Z,
       createBy: 1,
       updateAt: 2018-09-04T08:20:19.000Z,
       isDeleted: 0,
       deletedAt: 2018-09-04T08:20:19.000Z },
     RowDataPacket {
       id: 7,
       name: 'radio',
       description: null,
       themeId: 1,
       frontShow: null,
       backShow: null,
       createAt: 2018-09-04T08:22:14.000Z,
       createBy: 1,
       updateAt: 2018-09-04T08:22:14.000Z,
       isDeleted: 0,
       deletedAt: 2018-09-04T08:22:14.000Z },
     RowDataPacket {
       id: 8,
       name: 'switch',
       description: null,
       themeId: 1,
       frontShow: null,
       backShow: null,
       createAt: 2018-09-08T12:45:21.000Z,
       createBy: 1,
       updateAt: 2018-09-08T12:45:21.000Z,
       isDeleted: 0,
       deletedAt: 2018-09-08T12:45:21.000Z },
     RowDataPacket {
       id: 9,
       name: 'slider',
       description: null,
       themeId: 1,
       frontShow: null,
       backShow: null,
       createAt: 2018-09-08T12:47:35.000Z,
       createBy: 1,
       updateAt: 2018-09-08T12:47:35.000Z,
       isDeleted: 0,
       deletedAt: 2018-09-08T12:47:35.000Z },
     RowDataPacket {
       id: 10,
       name: 'timePicker',
       description: null,
       themeId: 1,
       frontShow: null,
       backShow: null,
       createAt: 2018-09-08T12:47:53.000Z,
       createBy: 1,
       updateAt: 2018-09-08T12:47:53.000Z,
       isDeleted: 0,
       deletedAt: 2018-09-08T12:47:53.000Z } ],
  total: 12 }
[2018-09-13T23:36:01.358] [INFO] dao.baseDao - query-page:m_components
[2018-09-13T23:36:01.379] [INFO] dao.baseDao - 12
[2018-09-13T23:36:01.379] [INFO] dao.baseDao - { page: 1,
  limit: 10,
  list: 
   [ RowDataPacket {
       id: 11,
       name: 'datePicker',
       description: null,
       themeId: 1,
       frontShow: null,
       backShow: null,
       createAt: 2018-09-08T12:48:05.000Z,
       createBy: 1,
       updateAt: 2018-09-08T12:48:05.000Z,
       isDeleted: 0,
       deletedAt: 2018-09-08T12:48:05.000Z },
     RowDataPacket {
       id: 12,
       name: 'upload',
       description: null,
       themeId: 1,
       frontShow: null,
       backShow: null,
       createAt: 2018-09-08T13:25:51.000Z,
       createBy: 1,
       updateAt: 2018-09-08T13:25:51.000Z,
       isDeleted: 0,
       deletedAt: 2018-09-08T13:25:51.000Z } ],
  total: 12 }
[2018-09-13T23:36:03.686] [INFO] dao.baseDao - query-page:m_components
[2018-09-13T23:36:03.690] [INFO] dao.baseDao - 12
[2018-09-13T23:36:03.690] [INFO] dao.baseDao - { page: 0,
  limit: 10,
  list: 
   [ RowDataPacket {
       id: 1,
       name: 'input',
       description: null,
       themeId: 1,
       frontShow: null,
       backShow: null,
       createAt: 2018-08-20T14:07:29.000Z,
       createBy: 1,
       updateAt: 2018-08-20T14:07:29.000Z,
       isDeleted: 0,
       deletedAt: 2018-08-20T14:07:29.000Z },
     RowDataPacket {
       id: 2,
       name: 'select',
       description: null,
       themeId: 1,
       frontShow: null,
       backShow: null,
       createAt: 2018-08-24T05:41:55.000Z,
       createBy: 1,
       updateAt: 2018-08-24T05:41:55.000Z,
       isDeleted: 0,
       deletedAt: 2018-08-24T05:41:55.000Z },
     RowDataPacket {
       id: 3,
       name: 'row',
       description: null,
       themeId: 1,
       frontShow: null,
       backShow: null,
       createAt: 2018-08-24T13:17:11.000Z,
       createBy: 1,
       updateAt: 2018-08-24T13:17:11.000Z,
       isDeleted: 0,
       deletedAt: 2018-08-24T13:17:11.000Z },
     RowDataPacket {
       id: 4,
       name: 'col',
       description: null,
       themeId: 1,
       frontShow: null,
       backShow: null,
       createAt: 2018-08-25T02:12:18.000Z,
       createBy: 1,
       updateAt: 2018-08-25T02:12:18.000Z,
       isDeleted: 0,
       deletedAt: 2018-08-25T02:12:18.000Z },
     RowDataPacket {
       id: 5,
       name: 'table',
       description: null,
       themeId: 1,
       frontShow: null,
       backShow: null,
       createAt: 2018-09-04T08:18:21.000Z,
       createBy: 1,
       updateAt: 2018-09-04T08:18:21.000Z,
       isDeleted: 0,
       deletedAt: 2018-09-04T08:18:21.000Z },
     RowDataPacket {
       id: 6,
       name: 'tableCol',
       description: null,
       themeId: 1,
       frontShow: null,
       backShow: null,
       createAt: 2018-09-04T08:20:19.000Z,
       createBy: 1,
       updateAt: 2018-09-04T08:20:19.000Z,
       isDeleted: 0,
       deletedAt: 2018-09-04T08:20:19.000Z },
     RowDataPacket {
       id: 7,
       name: 'radio',
       description: null,
       themeId: 1,
       frontShow: null,
       backShow: null,
       createAt: 2018-09-04T08:22:14.000Z,
       createBy: 1,
       updateAt: 2018-09-04T08:22:14.000Z,
       isDeleted: 0,
       deletedAt: 2018-09-04T08:22:14.000Z },
     RowDataPacket {
       id: 8,
       name: 'switch',
       description: null,
       themeId: 1,
       frontShow: null,
       backShow: null,
       createAt: 2018-09-08T12:45:21.000Z,
       createBy: 1,
       updateAt: 2018-09-08T12:45:21.000Z,
       isDeleted: 0,
       deletedAt: 2018-09-08T12:45:21.000Z },
     RowDataPacket {
       id: 9,
       name: 'slider',
       description: null,
       themeId: 1,
       frontShow: null,
       backShow: null,
       createAt: 2018-09-08T12:47:35.000Z,
       createBy: 1,
       updateAt: 2018-09-08T12:47:35.000Z,
       isDeleted: 0,
       deletedAt: 2018-09-08T12:47:35.000Z },
     RowDataPacket {
       id: 10,
       name: 'timePicker',
       description: null,
       themeId: 1,
       frontShow: null,
       backShow: null,
       createAt: 2018-09-08T12:47:53.000Z,
       createBy: 1,
       updateAt: 2018-09-08T12:47:53.000Z,
       isDeleted: 0,
       deletedAt: 2018-09-08T12:47:53.000Z } ],
  total: 12 }
[2018-09-13T23:36:12.470] [INFO] dao.baseDao - query-ById:m_components,id:13
[2018-09-13T23:36:12.591] [INFO] dao.baseDao - query-page:m_components
[2018-09-13T23:36:12.606] [INFO] dao.baseDao - 13
[2018-09-13T23:36:12.606] [INFO] dao.baseDao - { page: 0,
  limit: 10,
  list: 
   [ RowDataPacket {
       id: 1,
       name: 'input',
       description: null,
       themeId: 1,
       frontShow: null,
       backShow: null,
       createAt: 2018-08-20T14:07:29.000Z,
       createBy: 1,
       updateAt: 2018-08-20T14:07:29.000Z,
       isDeleted: 0,
       deletedAt: 2018-08-20T14:07:29.000Z },
     RowDataPacket {
       id: 2,
       name: 'select',
       description: null,
       themeId: 1,
       frontShow: null,
       backShow: null,
       createAt: 2018-08-24T05:41:55.000Z,
       createBy: 1,
       updateAt: 2018-08-24T05:41:55.000Z,
       isDeleted: 0,
       deletedAt: 2018-08-24T05:41:55.000Z },
     RowDataPacket {
       id: 3,
       name: 'row',
       description: null,
       themeId: 1,
       frontShow: null,
       backShow: null,
       createAt: 2018-08-24T13:17:11.000Z,
       createBy: 1,
       updateAt: 2018-08-24T13:17:11.000Z,
       isDeleted: 0,
       deletedAt: 2018-08-24T13:17:11.000Z },
     RowDataPacket {
       id: 4,
       name: 'col',
       description: null,
       themeId: 1,
       frontShow: null,
       backShow: null,
       createAt: 2018-08-25T02:12:18.000Z,
       createBy: 1,
       updateAt: 2018-08-25T02:12:18.000Z,
       isDeleted: 0,
       deletedAt: 2018-08-25T02:12:18.000Z },
     RowDataPacket {
       id: 5,
       name: 'table',
       description: null,
       themeId: 1,
       frontShow: null,
       backShow: null,
       createAt: 2018-09-04T08:18:21.000Z,
       createBy: 1,
       updateAt: 2018-09-04T08:18:21.000Z,
       isDeleted: 0,
       deletedAt: 2018-09-04T08:18:21.000Z },
     RowDataPacket {
       id: 6,
       name: 'tableCol',
       description: null,
       themeId: 1,
       frontShow: null,
       backShow: null,
       createAt: 2018-09-04T08:20:19.000Z,
       createBy: 1,
       updateAt: 2018-09-04T08:20:19.000Z,
       isDeleted: 0,
       deletedAt: 2018-09-04T08:20:19.000Z },
     RowDataPacket {
       id: 7,
       name: 'radio',
       description: null,
       themeId: 1,
       frontShow: null,
       backShow: null,
       createAt: 2018-09-04T08:22:14.000Z,
       createBy: 1,
       updateAt: 2018-09-04T08:22:14.000Z,
       isDeleted: 0,
       deletedAt: 2018-09-04T08:22:14.000Z },
     RowDataPacket {
       id: 8,
       name: 'switch',
       description: null,
       themeId: 1,
       frontShow: null,
       backShow: null,
       createAt: 2018-09-08T12:45:21.000Z,
       createBy: 1,
       updateAt: 2018-09-08T12:45:21.000Z,
       isDeleted: 0,
       deletedAt: 2018-09-08T12:45:21.000Z },
     RowDataPacket {
       id: 9,
       name: 'slider',
       description: null,
       themeId: 1,
       frontShow: null,
       backShow: null,
       createAt: 2018-09-08T12:47:35.000Z,
       createBy: 1,
       updateAt: 2018-09-08T12:47:35.000Z,
       isDeleted: 0,
       deletedAt: 2018-09-08T12:47:35.000Z },
     RowDataPacket {
       id: 10,
       name: 'timePicker',
       description: null,
       themeId: 1,
       frontShow: null,
       backShow: null,
       createAt: 2018-09-08T12:47:53.000Z,
       createBy: 1,
       updateAt: 2018-09-08T12:47:53.000Z,
       isDeleted: 0,
       deletedAt: 2018-09-08T12:47:53.000Z } ],
  total: 13 }
[2018-09-13T23:36:15.320] [INFO] dao.baseDao - query-page:m_components
[2018-09-13T23:36:15.333] [INFO] dao.baseDao - 13
[2018-09-13T23:36:15.333] [INFO] dao.baseDao - { page: 1,
  limit: 10,
  list: 
   [ RowDataPacket {
       id: 11,
       name: 'datePicker',
       description: null,
       themeId: 1,
       frontShow: null,
       backShow: null,
       createAt: 2018-09-08T12:48:05.000Z,
       createBy: 1,
       updateAt: 2018-09-08T12:48:05.000Z,
       isDeleted: 0,
       deletedAt: 2018-09-08T12:48:05.000Z },
     RowDataPacket {
       id: 12,
       name: 'upload',
       description: null,
       themeId: 1,
       frontShow: null,
       backShow: null,
       createAt: 2018-09-08T13:25:51.000Z,
       createBy: 1,
       updateAt: 2018-09-08T13:25:51.000Z,
       isDeleted: 0,
       deletedAt: 2018-09-08T13:25:51.000Z },
     RowDataPacket {
       id: 13,
       name: 'button',
       description: null,
       themeId: 1,
       frontShow: null,
       backShow: null,
       createAt: 2018-09-13T15:36:12.000Z,
       createBy: 1,
       updateAt: 2018-09-13T15:36:12.000Z,
       isDeleted: 0,
       deletedAt: 2018-09-13T15:36:12.000Z } ],
  total: 13 }
[2018-09-13T23:36:16.081] [INFO] dao.baseDao - query-all:m_component_props
[2018-09-13T23:37:13.928] [INFO] dao.baseDao - query-ById:m_component_props,id:44
[2018-09-13T23:37:13.963] [INFO] dao.baseDao - query-all:m_component_props
[2018-09-13T23:38:08.168] [INFO] dao.baseDao - query-ById:m_component_props,id:45
[2018-09-13T23:38:08.191] [INFO] dao.baseDao - query-all:m_component_props
[2018-09-13T23:38:52.900] [INFO] dao.baseDao - query-all:m_component_props
[2018-09-13T23:38:52.901] [INFO] dao.baseDao - query-ById:m_component_props,id:46
[2018-09-13T23:39:26.968] [INFO] dao.baseDao - query-ById:m_component_props,id:47
[2018-09-13T23:39:27.005] [INFO] dao.baseDao - query-all:m_component_props
[2018-09-13T23:41:54.549] [INFO] dao.baseDao - query-ById:m_components,id:14
[2018-09-13T23:41:54.607] [INFO] dao.baseDao - query-page:m_components
[2018-09-13T23:41:54.614] [INFO] dao.baseDao - 14
[2018-09-13T23:41:54.614] [INFO] dao.baseDao - { page: 1,
  limit: 10,
  list: 
   [ RowDataPacket {
       id: 11,
       name: 'datePicker',
       description: null,
       themeId: 1,
       frontShow: null,
       backShow: null,
       createAt: 2018-09-08T12:48:05.000Z,
       createBy: 1,
       updateAt: 2018-09-08T12:48:05.000Z,
       isDeleted: 0,
       deletedAt: 2018-09-08T12:48:05.000Z },
     RowDataPacket {
       id: 12,
       name: 'upload',
       description: null,
       themeId: 1,
       frontShow: null,
       backShow: null,
       createAt: 2018-09-08T13:25:51.000Z,
       createBy: 1,
       updateAt: 2018-09-08T13:25:51.000Z,
       isDeleted: 0,
       deletedAt: 2018-09-08T13:25:51.000Z },
     RowDataPacket {
       id: 13,
       name: 'button',
       description: null,
       themeId: 1,
       frontShow: null,
       backShow: null,
       createAt: 2018-09-13T15:36:12.000Z,
       createBy: 1,
       updateAt: 2018-09-13T15:36:12.000Z,
       isDeleted: 0,
       deletedAt: 2018-09-13T15:36:12.000Z },
     RowDataPacket {
       id: 14,
       name: 'text',
       description: null,
       themeId: 1,
       frontShow: null,
       backShow: null,
       createAt: 2018-09-13T15:41:54.000Z,
       createBy: 1,
       updateAt: 2018-09-13T15:41:54.000Z,
       isDeleted: 0,
       deletedAt: 2018-09-13T15:41:54.000Z } ],
  total: 14 }
[2018-09-13T23:41:57.039] [INFO] dao.baseDao - query-all:m_component_props
[2018-09-13T23:42:22.364] [INFO] dao.baseDao - query-ById:m_component_props,id:48
[2018-09-13T23:42:22.397] [INFO] dao.baseDao - query-all:m_component_props
[2018-09-13T23:42:41.133] [INFO] dao.baseDao - show-table-info:group_role_relation
[2018-09-13T23:42:41.161] [INFO] dao.baseDao - show-table-info:m_component_props
[2018-09-13T23:42:41.185] [INFO] dao.baseDao - show-table-info:m_components
[2018-09-13T23:42:41.194] [INFO] dao.baseDao - show-table-info:m_datasource
[2018-09-13T23:42:41.203] [INFO] dao.baseDao - show-table-info:m_fields
[2018-09-13T23:42:41.210] [INFO] dao.baseDao - show-table-info:m_model_fields
[2018-09-13T23:42:41.215] [INFO] dao.baseDao - show-table-info:m_models
[2018-09-13T23:42:41.219] [INFO] dao.baseDao - show-table-info:m_page
[2018-09-13T23:42:41.252] [INFO] dao.baseDao - show-table-info:m_page_actions
[2018-09-13T23:42:41.260] [INFO] dao.baseDao - show-table-info:m_systems
[2018-09-13T23:42:41.306] [INFO] dao.baseDao - show-table-info:m_theme
[2018-09-13T23:42:41.338] [INFO] dao.baseDao - show-table-info:m_theme_base_props
[2018-09-13T23:42:41.358] [INFO] dao.baseDao - show-table-info:roles
[2018-09-13T23:42:41.379] [INFO] dao.baseDao - show-table-info:test2
[2018-09-13T23:42:41.389] [INFO] dao.baseDao - show-table-info:test3
[2018-09-13T23:42:41.404] [INFO] dao.baseDao - show-table-info:testTable
[2018-09-13T23:42:41.412] [INFO] dao.baseDao - show-table-info:user_group
[2018-09-13T23:42:41.416] [INFO] dao.baseDao - show-table-info:user_group_relation
[2018-09-13T23:42:41.419] [INFO] dao.baseDao - show-table-info:users
[2018-09-13T23:42:41.553] [INFO] dao.baseDao - query-all:m_systems
[2018-09-13T23:42:44.354] [INFO] dao.baseDao - query-all:m_page
[2018-09-13T23:42:45.329] [INFO] dao.baseDao - query-ById:m_page,id:7
[2018-09-13T23:42:45.390] [INFO] dao.baseDao - query-ById:m_page,id:7
[2018-09-13T23:42:46.663] [INFO] dao.baseDao - query-all:m_datasource
[2018-09-13T23:42:46.673] [INFO] dao.baseDao - show-table-info:course
[2018-09-13T23:42:46.676] [INFO] dao.baseDao - show-table-info:user
[2018-09-13T23:42:46.680] [INFO] dao.baseDao - show-table-info:userInfo
[2018-09-13T23:42:46.708] [INFO] dao.baseDao - query-all:user
[2018-09-13T23:42:57.781] [INFO] dao.baseDao - query-ById:m_page,id:7
[2018-09-13T23:42:57.938] [INFO] dao.baseDao - query-ById:m_page,id:7
[2018-09-13T23:42:57.953] [INFO] dao.baseDao - query-ById:m_systems,id:1
[2018-09-13T23:42:58.073] [INFO] dao.baseDao - query-all:m_components
[2018-09-13T23:42:58.076] [INFO] dao.baseDao - query-all:m_theme_base_props
[2018-09-13T23:42:58.089] [INFO] dao.baseDao - query-all:m_component_props
[2018-09-13T23:42:58.090] [INFO] dao.baseDao - query-all:m_component_props
[2018-09-13T23:42:58.091] [INFO] dao.baseDao - query-all:m_component_props
[2018-09-13T23:42:58.092] [INFO] dao.baseDao - query-all:m_component_props
[2018-09-13T23:42:58.093] [INFO] dao.baseDao - query-all:m_component_props
[2018-09-13T23:42:58.094] [INFO] dao.baseDao - query-all:m_component_props
[2018-09-13T23:42:58.096] [INFO] dao.baseDao - query-all:m_component_props
[2018-09-13T23:42:58.096] [INFO] dao.baseDao - query-all:m_component_props
[2018-09-13T23:42:58.097] [INFO] dao.baseDao - query-all:m_component_props
[2018-09-13T23:42:58.098] [INFO] dao.baseDao - query-all:m_component_props
[2018-09-13T23:42:58.098] [INFO] dao.baseDao - query-all:m_component_props
[2018-09-13T23:42:58.099] [INFO] dao.baseDao - query-all:m_component_props
[2018-09-13T23:42:58.099] [INFO] dao.baseDao - query-all:m_component_props
[2018-09-13T23:42:58.099] [INFO] dao.baseDao - query-all:m_component_props
[2018-09-13T23:42:58.435] [INFO] dao.baseDao - query-all:user
[2018-09-13T23:43:29.166] [INFO] dao.baseDao - update-table-info:7
[2018-09-13T23:43:29.193] [INFO] dao.baseDao - query-ById:m_page,id:7
[2018-09-13T23:43:30.245] [INFO] dao.baseDao - query-ById:m_page,id:7
[2018-09-13T23:43:30.543] [INFO] dao.baseDao - query-all:user
[2018-09-13T23:44:16.621] [INFO] dao.baseDao - query-ById:m_page,id:7
[2018-09-13T23:44:16.974] [INFO] dao.baseDao - query-ById:m_page,id:7
[2018-09-13T23:44:17.020] [INFO] dao.baseDao - query-ById:m_systems,id:1
[2018-09-13T23:44:17.255] [INFO] dao.baseDao - query-all:m_components
[2018-09-13T23:44:17.269] [INFO] dao.baseDao - query-all:m_component_props
[2018-09-13T23:44:17.270] [INFO] dao.baseDao - query-all:m_component_props
[2018-09-13T23:44:17.270] [INFO] dao.baseDao - query-all:m_component_props
[2018-09-13T23:44:17.271] [INFO] dao.baseDao - query-all:m_component_props
[2018-09-13T23:44:17.272] [INFO] dao.baseDao - query-all:m_component_props
[2018-09-13T23:44:17.272] [INFO] dao.baseDao - query-all:m_component_props
[2018-09-13T23:44:17.274] [INFO] dao.baseDao - query-all:m_component_props
[2018-09-13T23:44:17.276] [INFO] dao.baseDao - query-all:m_component_props
[2018-09-13T23:44:17.276] [INFO] dao.baseDao - query-all:m_component_props
[2018-09-13T23:44:17.277] [INFO] dao.baseDao - query-all:m_component_props
[2018-09-13T23:44:17.278] [INFO] dao.baseDao - query-all:m_component_props
[2018-09-13T23:44:17.279] [INFO] dao.baseDao - query-all:m_component_props
[2018-09-13T23:44:17.280] [INFO] dao.baseDao - query-all:m_component_props
[2018-09-13T23:44:17.281] [INFO] dao.baseDao - query-all:m_component_props
[2018-09-13T23:44:17.371] [INFO] dao.baseDao - query-all:m_theme_base_props
[2018-09-13T23:44:17.633] [INFO] dao.baseDao - query-all:user
[2018-09-13T23:44:31.954] [INFO] dao.baseDao - query-all:m_systems
[2018-09-13T23:44:31.957] [INFO] dao.baseDao - query-all:m_theme
[2018-09-13T23:44:35.151] [INFO] dao.baseDao - query-all:m_page
[2018-09-13T23:44:35.154] [INFO] dao.baseDao - query-all:m_datasource
[2018-09-13T23:44:37.257] [INFO] dao.baseDao - query-ById:m_page,id:6
[2018-09-13T23:44:37.331] [INFO] dao.baseDao - query-ById:m_page,id:6
[2018-09-13T23:44:37.432] [INFO] dao.baseDao - query-all:course
