[2018-09-10T11:29:33.716] [INFO] dao.baseDao - query-all:m_systems
[2018-09-10T11:29:33.727] [INFO] dao.baseDao - query-all:m_theme
[2018-09-10T11:29:36.368] [INFO] dao.baseDao - query-all:roles
[2018-09-10T11:29:37.286] [INFO] dao.baseDao - query-all:m_datasource
[2018-09-10T11:29:52.834] [INFO] dao.baseDao - query-all:m_models
[2018-09-10T11:29:52.868] [INFO] dao.baseDao - query-all:m_model_fields
[2018-09-10T11:29:52.874] [INFO] dao.baseDao - query-all:m_model_fields
[2018-09-10T11:29:52.874] [INFO] dao.baseDao - query-all:m_model_fields
[2018-09-10T11:30:16.233] [INFO] dao.baseDao - query-all:m_page
[2018-09-10T11:30:17.840] [INFO] dao.baseDao - query-ById:m_page,id:6
[2018-09-10T11:30:17.860] [INFO] dao.baseDao - query-all:m_components
[2018-09-10T11:30:17.865] [INFO] dao.baseDao - query-ById:m_page,id:6
[2018-09-10T11:30:17.963] [INFO] dao.baseDao - query-all:m_component_props
[2018-09-10T11:30:17.963] [INFO] dao.baseDao - query-all:m_component_props
[2018-09-10T11:30:17.964] [INFO] dao.baseDao - query-all:m_component_props
[2018-09-10T11:30:17.965] [INFO] dao.baseDao - query-all:m_component_props
[2018-09-10T11:30:17.965] [INFO] dao.baseDao - query-all:m_component_props
[2018-09-10T11:30:17.966] [INFO] dao.baseDao - query-all:m_component_props
[2018-09-10T11:30:17.966] [INFO] dao.baseDao - query-all:m_component_props
[2018-09-10T11:30:17.967] [INFO] dao.baseDao - query-all:m_component_props
[2018-09-10T11:30:17.967] [INFO] dao.baseDao - query-all:m_component_props
[2018-09-10T11:30:17.968] [INFO] dao.baseDao - query-all:m_component_props
[2018-09-10T11:30:17.968] [INFO] dao.baseDao - query-all:m_component_props
[2018-09-10T11:30:17.968] [INFO] dao.baseDao - query-all:m_component_props
[2018-09-10T11:30:18.802] [INFO] dao.baseDao - query-all:course
[2018-09-10T16:14:59.432] [INFO] dao.baseDao - show-table-info:group_role_relation
[2018-09-10T16:14:59.435] [INFO] dao.baseDao - show-table-info:group_role_relation
[2018-09-10T16:14:59.510] [INFO] dao.baseDao - show-table-info:m_component_props
[2018-09-10T16:14:59.511] [INFO] dao.baseDao - show-table-info:m_component_props
[2018-09-10T16:14:59.515] [INFO] dao.baseDao - show-table-info:m_components
[2018-09-10T16:14:59.516] [INFO] dao.baseDao - show-table-info:m_components
[2018-09-10T16:14:59.522] [INFO] dao.baseDao - show-table-info:m_datasource
[2018-09-10T16:14:59.523] [INFO] dao.baseDao - show-table-info:m_datasource
[2018-09-10T16:14:59.526] [INFO] dao.baseDao - show-table-info:m_fields
[2018-09-10T16:14:59.527] [INFO] dao.baseDao - show-table-info:m_fields
[2018-09-10T16:14:59.532] [INFO] dao.baseDao - show-table-info:m_model_fields
[2018-09-10T16:14:59.533] [INFO] dao.baseDao - show-table-info:m_model_fields
[2018-09-10T16:14:59.535] [INFO] dao.baseDao - show-table-info:m_models
[2018-09-10T16:14:59.537] [INFO] dao.baseDao - show-table-info:m_models
[2018-09-10T16:14:59.542] [INFO] dao.baseDao - show-table-info:m_page
[2018-09-10T16:14:59.543] [INFO] dao.baseDao - show-table-info:m_page
[2018-09-10T16:14:59.545] [INFO] dao.baseDao - show-table-info:m_page_actions
[2018-09-10T16:14:59.546] [INFO] dao.baseDao - show-table-info:m_page_actions
[2018-09-10T16:14:59.549] [INFO] dao.baseDao - show-table-info:m_systems
[2018-09-10T16:14:59.550] [INFO] dao.baseDao - show-table-info:m_systems
[2018-09-10T16:14:59.553] [INFO] dao.baseDao - show-table-info:m_theme
[2018-09-10T16:14:59.555] [INFO] dao.baseDao - show-table-info:m_theme
[2018-09-10T16:14:59.559] [INFO] dao.baseDao - show-table-info:m_theme_base_props
[2018-09-10T16:14:59.559] [INFO] dao.baseDao - show-table-info:m_theme_base_props
[2018-09-10T16:14:59.563] [INFO] dao.baseDao - show-table-info:roles
[2018-09-10T16:14:59.564] [INFO] dao.baseDao - show-table-info:roles
[2018-09-10T16:14:59.569] [INFO] dao.baseDao - show-table-info:test2
[2018-09-10T16:14:59.572] [INFO] dao.baseDao - show-table-info:test2
[2018-09-10T16:14:59.575] [INFO] dao.baseDao - show-table-info:test3
[2018-09-10T16:14:59.576] [INFO] dao.baseDao - show-table-info:test3
[2018-09-10T16:14:59.579] [INFO] dao.baseDao - show-table-info:testTable
[2018-09-10T16:14:59.580] [INFO] dao.baseDao - show-table-info:testTable
[2018-09-10T16:14:59.584] [INFO] dao.baseDao - show-table-info:user_group
[2018-09-10T16:14:59.585] [INFO] dao.baseDao - show-table-info:user_group
[2018-09-10T16:14:59.590] [INFO] dao.baseDao - show-table-info:user_group_relation
[2018-09-10T16:14:59.590] [INFO] dao.baseDao - show-table-info:user_group_relation
[2018-09-10T16:14:59.594] [INFO] dao.baseDao - show-table-info:users
[2018-09-10T16:14:59.594] [INFO] dao.baseDao - show-table-info:users
[2018-09-10T16:14:59.662] [INFO] dao.baseDao - query-all:m_component_props
[2018-09-10T16:14:59.695] [INFO] dao.baseDao - query-all:m_theme
[2018-09-10T16:14:59.700] [INFO] dao.baseDao - query-all:m_theme_base_props
[2018-09-10T16:15:03.958] [INFO] dao.baseDao - query-page:m_components
[2018-09-10T16:15:03.960] [INFO] dao.baseDao - query-all:m_theme_base_props
[2018-09-10T16:15:03.981] [INFO] dao.baseDao - 12
[2018-09-10T16:15:03.981] [INFO] dao.baseDao - { page: 0,
  limit: 10,
  list: 
   [ RowDataPacket {
       id: 1,
       name: 'input',
       description: null,
       themeId: 1,
       frontShow: null,
       backShow: null,
       createAt: 2018-08-20T14:07:29.000Z,
       createBy: 1,
       updateAt: 2018-08-20T14:07:29.000Z,
       isDeleted: 0,
       deletedAt: 2018-08-20T14:07:29.000Z },
     RowDataPacket {
       id: 2,
       name: 'select',
       description: null,
       themeId: 1,
       frontShow: null,
       backShow: null,
       createAt: 2018-08-24T05:41:55.000Z,
       createBy: 1,
       updateAt: 2018-08-24T05:41:55.000Z,
       isDeleted: 0,
       deletedAt: 2018-08-24T05:41:55.000Z },
     RowDataPacket {
       id: 3,
       name: 'row',
       description: null,
       themeId: 1,
       frontShow: null,
       backShow: null,
       createAt: 2018-08-24T13:17:11.000Z,
       createBy: 1,
       updateAt: 2018-08-24T13:17:11.000Z,
       isDeleted: 0,
       deletedAt: 2018-08-24T13:17:11.000Z },
     RowDataPacket {
       id: 4,
       name: 'col',
       description: null,
       themeId: 1,
       frontShow: null,
       backShow: null,
       createAt: 2018-08-25T02:12:18.000Z,
       createBy: 1,
       updateAt: 2018-08-25T02:12:18.000Z,
       isDeleted: 0,
       deletedAt: 2018-08-25T02:12:18.000Z },
     RowDataPacket {
       id: 5,
       name: 'table',
       description: null,
       themeId: 1,
       frontShow: null,
       backShow: null,
       createAt: 2018-09-04T08:18:21.000Z,
       createBy: 1,
       updateAt: 2018-09-04T08:18:21.000Z,
       isDeleted: 0,
       deletedAt: 2018-09-04T08:18:21.000Z },
     RowDataPacket {
       id: 6,
       name: 'tableCol',
       description: null,
       themeId: 1,
       frontShow: null,
       backShow: null,
       createAt: 2018-09-04T08:20:19.000Z,
       createBy: 1,
       updateAt: 2018-09-04T08:20:19.000Z,
       isDeleted: 0,
       deletedAt: 2018-09-04T08:20:19.000Z },
     RowDataPacket {
       id: 7,
       name: 'radio',
       description: null,
       themeId: 1,
       frontShow: null,
       backShow: null,
       createAt: 2018-09-04T08:22:14.000Z,
       createBy: 1,
       updateAt: 2018-09-04T08:22:14.000Z,
       isDeleted: 0,
       deletedAt: 2018-09-04T08:22:14.000Z },
     RowDataPacket {
       id: 8,
       name: 'switch',
       description: null,
       themeId: 1,
       frontShow: null,
       backShow: null,
       createAt: 2018-09-08T12:45:21.000Z,
       createBy: 1,
       updateAt: 2018-09-08T12:45:21.000Z,
       isDeleted: 0,
       deletedAt: 2018-09-08T12:45:21.000Z },
     RowDataPacket {
       id: 9,
       name: 'slider',
       description: null,
       themeId: 1,
       frontShow: null,
       backShow: null,
       createAt: 2018-09-08T12:47:35.000Z,
       createBy: 1,
       updateAt: 2018-09-08T12:47:35.000Z,
       isDeleted: 0,
       deletedAt: 2018-09-08T12:47:35.000Z },
     RowDataPacket {
       id: 10,
       name: 'timePicker',
       description: null,
       themeId: 1,
       frontShow: null,
       backShow: null,
       createAt: 2018-09-08T12:47:53.000Z,
       createBy: 1,
       updateAt: 2018-09-08T12:47:53.000Z,
       isDeleted: 0,
       deletedAt: 2018-09-08T12:47:53.000Z } ],
  total: 12 }
[2018-09-10T16:15:41.433] [INFO] dao.baseDao - query-page:m_components
[2018-09-10T16:15:41.436] [INFO] dao.baseDao - 12
[2018-09-10T16:15:41.436] [INFO] dao.baseDao - { page: 1,
  limit: 10,
  list: 
   [ RowDataPacket {
       id: 11,
       name: 'datePicker',
       description: null,
       themeId: 1,
       frontShow: null,
       backShow: null,
       createAt: 2018-09-08T12:48:05.000Z,
       createBy: 1,
       updateAt: 2018-09-08T12:48:05.000Z,
       isDeleted: 0,
       deletedAt: 2018-09-08T12:48:05.000Z },
     RowDataPacket {
       id: 12,
       name: 'upload',
       description: null,
       themeId: 1,
       frontShow: null,
       backShow: null,
       createAt: 2018-09-08T13:25:51.000Z,
       createBy: 1,
       updateAt: 2018-09-08T13:25:51.000Z,
       isDeleted: 0,
       deletedAt: 2018-09-08T13:25:51.000Z } ],
  total: 12 }
[2018-09-10T16:15:43.308] [INFO] dao.baseDao - query-page:m_components
[2018-09-10T16:15:43.310] [INFO] dao.baseDao - 12
[2018-09-10T16:15:43.310] [INFO] dao.baseDao - { page: 0,
  limit: 10,
  list: 
   [ RowDataPacket {
       id: 1,
       name: 'input',
       description: null,
       themeId: 1,
       frontShow: null,
       backShow: null,
       createAt: 2018-08-20T14:07:29.000Z,
       createBy: 1,
       updateAt: 2018-08-20T14:07:29.000Z,
       isDeleted: 0,
       deletedAt: 2018-08-20T14:07:29.000Z },
     RowDataPacket {
       id: 2,
       name: 'select',
       description: null,
       themeId: 1,
       frontShow: null,
       backShow: null,
       createAt: 2018-08-24T05:41:55.000Z,
       createBy: 1,
       updateAt: 2018-08-24T05:41:55.000Z,
       isDeleted: 0,
       deletedAt: 2018-08-24T05:41:55.000Z },
     RowDataPacket {
       id: 3,
       name: 'row',
       description: null,
       themeId: 1,
       frontShow: null,
       backShow: null,
       createAt: 2018-08-24T13:17:11.000Z,
       createBy: 1,
       updateAt: 2018-08-24T13:17:11.000Z,
       isDeleted: 0,
       deletedAt: 2018-08-24T13:17:11.000Z },
     RowDataPacket {
       id: 4,
       name: 'col',
       description: null,
       themeId: 1,
       frontShow: null,
       backShow: null,
       createAt: 2018-08-25T02:12:18.000Z,
       createBy: 1,
       updateAt: 2018-08-25T02:12:18.000Z,
       isDeleted: 0,
       deletedAt: 2018-08-25T02:12:18.000Z },
     RowDataPacket {
       id: 5,
       name: 'table',
       description: null,
       themeId: 1,
       frontShow: null,
       backShow: null,
       createAt: 2018-09-04T08:18:21.000Z,
       createBy: 1,
       updateAt: 2018-09-04T08:18:21.000Z,
       isDeleted: 0,
       deletedAt: 2018-09-04T08:18:21.000Z },
     RowDataPacket {
       id: 6,
       name: 'tableCol',
       description: null,
       themeId: 1,
       frontShow: null,
       backShow: null,
       createAt: 2018-09-04T08:20:19.000Z,
       createBy: 1,
       updateAt: 2018-09-04T08:20:19.000Z,
       isDeleted: 0,
       deletedAt: 2018-09-04T08:20:19.000Z },
     RowDataPacket {
       id: 7,
       name: 'radio',
       description: null,
       themeId: 1,
       frontShow: null,
       backShow: null,
       createAt: 2018-09-04T08:22:14.000Z,
       createBy: 1,
       updateAt: 2018-09-04T08:22:14.000Z,
       isDeleted: 0,
       deletedAt: 2018-09-04T08:22:14.000Z },
     RowDataPacket {
       id: 8,
       name: 'switch',
       description: null,
       themeId: 1,
       frontShow: null,
       backShow: null,
       createAt: 2018-09-08T12:45:21.000Z,
       createBy: 1,
       updateAt: 2018-09-08T12:45:21.000Z,
       isDeleted: 0,
       deletedAt: 2018-09-08T12:45:21.000Z },
     RowDataPacket {
       id: 9,
       name: 'slider',
       description: null,
       themeId: 1,
       frontShow: null,
       backShow: null,
       createAt: 2018-09-08T12:47:35.000Z,
       createBy: 1,
       updateAt: 2018-09-08T12:47:35.000Z,
       isDeleted: 0,
       deletedAt: 2018-09-08T12:47:35.000Z },
     RowDataPacket {
       id: 10,
       name: 'timePicker',
       description: null,
       themeId: 1,
       frontShow: null,
       backShow: null,
       createAt: 2018-09-08T12:47:53.000Z,
       createBy: 1,
       updateAt: 2018-09-08T12:47:53.000Z,
       isDeleted: 0,
       deletedAt: 2018-09-08T12:47:53.000Z } ],
  total: 12 }
[2018-09-10T16:15:46.726] [INFO] dao.baseDao - query-all:m_systems
[2018-09-10T16:15:48.678] [INFO] dao.baseDao - query-all:roles
[2018-09-10T16:15:50.003] [INFO] dao.baseDao - query-all:m_datasource
[2018-09-10T16:16:52.917] [INFO] dao.baseDao - query-all:m_models
[2018-09-10T16:16:52.924] [INFO] dao.baseDao - query-all:m_model_fields
[2018-09-10T16:16:52.924] [INFO] dao.baseDao - query-all:m_model_fields
[2018-09-10T16:16:52.925] [INFO] dao.baseDao - query-all:m_model_fields
[2018-09-10T16:16:57.302] [INFO] dao.baseDao - query-all:m_page
[2018-09-10T16:16:59.008] [INFO] dao.baseDao - query-ById:m_page,id:6
[2018-09-10T16:16:59.072] [INFO] dao.baseDao - query-all:m_components
[2018-09-10T16:16:59.087] [INFO] dao.baseDao - query-all:m_component_props
[2018-09-10T16:16:59.088] [INFO] dao.baseDao - query-all:m_component_props
[2018-09-10T16:16:59.088] [INFO] dao.baseDao - query-all:m_component_props
[2018-09-10T16:16:59.089] [INFO] dao.baseDao - query-all:m_component_props
[2018-09-10T16:16:59.090] [INFO] dao.baseDao - query-all:m_component_props
[2018-09-10T16:16:59.090] [INFO] dao.baseDao - query-all:m_component_props
[2018-09-10T16:16:59.091] [INFO] dao.baseDao - query-all:m_component_props
[2018-09-10T16:16:59.091] [INFO] dao.baseDao - query-all:m_component_props
[2018-09-10T16:16:59.091] [INFO] dao.baseDao - query-all:m_component_props
[2018-09-10T16:16:59.092] [INFO] dao.baseDao - query-all:m_component_props
[2018-09-10T16:16:59.092] [INFO] dao.baseDao - query-all:m_component_props
[2018-09-10T16:16:59.092] [INFO] dao.baseDao - query-all:m_component_props
[2018-09-10T16:16:59.096] [INFO] dao.baseDao - query-ById:m_page,id:6
[2018-09-10T16:17:00.396] [INFO] dao.baseDao - query-all:m_datasource
[2018-09-10T16:17:00.403] [INFO] dao.baseDao - show-table-info:course
[2018-09-10T16:17:00.410] [INFO] dao.baseDao - show-table-info:user
[2018-09-10T16:17:00.414] [INFO] dao.baseDao - show-table-info:userInfo
[2018-09-10T16:17:00.426] [INFO] dao.baseDao - query-all:course
[2018-09-10T18:41:36.600] [INFO] dao.baseDao - query-ById:m_page,id:6
[2018-09-10T18:41:37.408] [INFO] dao.baseDao - query-all:course
[2018-09-10T18:45:43.367] [INFO] dao.baseDao - query-ById:m_page,id:6
[2018-09-10T18:45:43.708] [INFO] dao.baseDao - query-all:course
[2018-09-10T18:46:14.930] [INFO] dao.baseDao - query-ById:m_page,id:6
[2018-09-10T18:46:15.176] [INFO] dao.baseDao - query-all:course
[2018-09-10T18:47:39.140] [INFO] dao.baseDao - query-ById:m_page,id:6
[2018-09-10T18:47:39.356] [INFO] dao.baseDao - query-all:m_components
[2018-09-10T18:47:39.363] [INFO] dao.baseDao - query-ById:m_page,id:6
[2018-09-10T18:47:39.412] [INFO] dao.baseDao - query-all:m_component_props
[2018-09-10T18:47:39.415] [INFO] dao.baseDao - query-all:m_component_props
[2018-09-10T18:47:39.416] [INFO] dao.baseDao - query-all:m_component_props
[2018-09-10T18:47:39.418] [INFO] dao.baseDao - query-all:m_component_props
[2018-09-10T18:47:39.418] [INFO] dao.baseDao - query-all:m_component_props
[2018-09-10T18:47:39.419] [INFO] dao.baseDao - query-all:m_component_props
[2018-09-10T18:47:39.420] [INFO] dao.baseDao - query-all:m_component_props
[2018-09-10T18:47:39.421] [INFO] dao.baseDao - query-all:m_component_props
[2018-09-10T18:47:39.421] [INFO] dao.baseDao - query-all:m_component_props
[2018-09-10T18:47:39.422] [INFO] dao.baseDao - query-all:m_component_props
[2018-09-10T18:47:39.424] [INFO] dao.baseDao - query-all:m_component_props
[2018-09-10T18:47:39.424] [INFO] dao.baseDao - query-all:m_component_props
[2018-09-10T18:47:40.031] [INFO] dao.baseDao - query-all:course
[2018-09-10T18:51:03.803] [INFO] dao.baseDao - query-ById:m_page,id:6
[2018-09-10T18:51:04.158] [INFO] dao.baseDao - query-all:course
[2018-09-10T18:54:41.590] [INFO] dao.baseDao - query-ById:m_page,id:6
[2018-09-10T18:54:42.401] [INFO] dao.baseDao - query-all:course
[2018-09-10T18:57:17.217] [INFO] dao.baseDao - query-ById:m_page,id:6
[2018-09-10T18:57:17.829] [INFO] dao.baseDao - query-all:course
[2018-09-10T19:06:18.130] [INFO] dao.baseDao - query-ById:m_page,id:6
[2018-09-10T19:06:18.651] [INFO] dao.baseDao - query-all:course
[2018-09-10T19:06:55.364] [INFO] dao.baseDao - query-ById:m_page,id:6
[2018-09-10T19:06:55.597] [INFO] dao.baseDao - query-all:course
[2018-09-10T19:08:40.742] [INFO] dao.baseDao - query-ById:m_page,id:6
[2018-09-10T19:08:40.832] [INFO] dao.baseDao - query-ById:m_systems,id:1
[2018-09-10T19:08:41.452] [INFO] dao.baseDao - query-all:course
[2018-09-10T19:11:15.756] [INFO] dao.baseDao - query-ById:m_page,id:6
[2018-09-10T19:11:15.816] [INFO] dao.baseDao - query-all:m_theme_base_props
[2018-09-10T19:11:16.112] [INFO] dao.baseDao - query-all:course
[2018-09-10T19:12:23.199] [INFO] dao.baseDao - query-ById:m_page,id:6
[2018-09-10T19:12:23.836] [INFO] dao.baseDao - query-all:course
[2018-09-10T19:15:03.222] [INFO] dao.baseDao - query-ById:m_page,id:6
[2018-09-10T19:15:03.555] [INFO] dao.baseDao - query-all:course
[2018-09-10T19:15:17.331] [INFO] dao.baseDao - query-ById:m_page,id:6
[2018-09-10T19:15:17.541] [INFO] dao.baseDao - query-ById:m_page,id:6
[2018-09-10T19:15:17.877] [INFO] dao.baseDao - query-all:course
[2018-09-10T19:15:45.716] [INFO] dao.baseDao - query-ById:m_page,id:6
[2018-09-10T19:15:46.006] [INFO] dao.baseDao - query-all:course
[2018-09-10T19:17:52.072] [INFO] dao.baseDao - query-ById:m_page,id:6
[2018-09-10T19:17:52.441] [INFO] dao.baseDao - query-all:course
[2018-09-10T19:19:14.465] [INFO] dao.baseDao - query-ById:m_page,id:6
[2018-09-10T19:19:14.521] [INFO] dao.baseDao - query-ById:m_systems,id:1
[2018-09-10T19:19:14.557] [INFO] dao.baseDao - query-all:m_theme_base_props
[2018-09-10T19:19:14.791] [INFO] dao.baseDao - query-all:course
[2018-09-10T19:19:29.071] [INFO] dao.baseDao - query-ById:m_page,id:6
[2018-09-10T19:19:29.140] [INFO] dao.baseDao - query-all:m_components
[2018-09-10T19:19:29.155] [INFO] dao.baseDao - query-all:m_component_props
[2018-09-10T19:19:29.155] [INFO] dao.baseDao - query-all:m_component_props
[2018-09-10T19:19:29.156] [INFO] dao.baseDao - query-all:m_component_props
[2018-09-10T19:19:29.156] [INFO] dao.baseDao - query-all:m_component_props
[2018-09-10T19:19:29.156] [INFO] dao.baseDao - query-all:m_component_props
[2018-09-10T19:19:29.157] [INFO] dao.baseDao - query-all:m_component_props
[2018-09-10T19:19:29.158] [INFO] dao.baseDao - query-all:m_component_props
[2018-09-10T19:19:29.158] [INFO] dao.baseDao - query-all:m_component_props
[2018-09-10T19:19:29.159] [INFO] dao.baseDao - query-all:m_component_props
[2018-09-10T19:19:29.159] [INFO] dao.baseDao - query-all:m_component_props
[2018-09-10T19:19:29.161] [INFO] dao.baseDao - query-all:m_component_props
[2018-09-10T19:19:29.161] [INFO] dao.baseDao - query-all:m_component_props
[2018-09-10T19:19:29.521] [INFO] dao.baseDao - query-all:course
[2018-09-10T19:31:44.420] [INFO] dao.baseDao - query-ById:m_page,id:6
[2018-09-10T19:31:45.198] [INFO] dao.baseDao - query-all:course
[2018-09-10T19:34:35.142] [INFO] dao.baseDao - query-ById:m_page,id:6
[2018-09-10T19:34:35.569] [INFO] dao.baseDao - query-all:course
[2018-09-10T19:35:17.082] [INFO] dao.baseDao - query-ById:m_page,id:6
[2018-09-10T19:35:17.607] [INFO] dao.baseDao - query-all:course
[2018-09-10T19:36:39.089] [INFO] dao.baseDao - query-ById:m_page,id:6
[2018-09-10T19:36:39.663] [INFO] dao.baseDao - query-all:course
[2018-09-10T19:36:48.130] [INFO] dao.baseDao - query-ById:m_page,id:6
[2018-09-10T19:36:48.544] [INFO] dao.baseDao - query-all:course
[2018-09-10T19:38:20.939] [INFO] dao.baseDao - query-ById:m_page,id:6
[2018-09-10T19:38:21.379] [INFO] dao.baseDao - query-all:course
[2018-09-10T19:40:19.215] [INFO] dao.baseDao - query-ById:m_page,id:6
[2018-09-10T19:40:19.621] [INFO] dao.baseDao - query-all:course
[2018-09-10T19:40:48.548] [INFO] dao.baseDao - query-ById:m_page,id:6
[2018-09-10T19:40:48.914] [INFO] dao.baseDao - query-all:course
[2018-09-10T19:40:51.964] [INFO] dao.baseDao - query-ById:m_page,id:6
[2018-09-10T19:40:52.199] [INFO] dao.baseDao - query-all:course
[2018-09-10T19:45:56.489] [INFO] dao.baseDao - query-ById:m_page,id:6
[2018-09-10T19:45:56.492] [INFO] dao.baseDao - query-ById:m_systems,id:1
[2018-09-10T19:45:56.564] [INFO] dao.baseDao - query-all:m_components
[2018-09-10T19:45:56.572] [INFO] dao.baseDao - query-all:m_component_props
[2018-09-10T19:45:56.573] [INFO] dao.baseDao - query-all:m_component_props
[2018-09-10T19:45:56.574] [INFO] dao.baseDao - query-all:m_component_props
[2018-09-10T19:45:56.574] [INFO] dao.baseDao - query-all:m_component_props
[2018-09-10T19:45:56.575] [INFO] dao.baseDao - query-all:m_component_props
[2018-09-10T19:45:56.576] [INFO] dao.baseDao - query-all:m_component_props
[2018-09-10T19:45:56.577] [INFO] dao.baseDao - query-all:m_component_props
[2018-09-10T19:45:56.578] [INFO] dao.baseDao - query-all:m_component_props
[2018-09-10T19:45:56.579] [INFO] dao.baseDao - query-all:m_component_props
[2018-09-10T19:45:56.579] [INFO] dao.baseDao - query-all:m_component_props
[2018-09-10T19:45:56.580] [INFO] dao.baseDao - query-all:m_component_props
[2018-09-10T19:45:56.580] [INFO] dao.baseDao - query-all:m_component_props
[2018-09-10T19:45:56.583] [INFO] dao.baseDao - query-all:m_theme_base_props
[2018-09-10T19:45:57.747] [INFO] dao.baseDao - query-all:roles
[2018-09-10T19:46:00.444] [INFO] dao.baseDao - query-all:m_page
[2018-09-10T19:46:00.450] [INFO] dao.baseDao - query-all:m_datasource
[2018-09-10T19:46:01.639] [INFO] dao.baseDao - query-ById:m_page,id:6
[2018-09-10T19:46:13.049] [INFO] dao.baseDao - query-ById:m_page,id:6
[2018-09-10T19:46:13.684] [INFO] dao.baseDao - query-all:course
[2018-09-10T19:49:07.923] [INFO] dao.baseDao - query-ById:m_page,id:6
[2018-09-10T19:49:08.318] [INFO] dao.baseDao - query-all:course
[2018-09-10T19:49:34.682] [INFO] dao.baseDao - query-ById:m_page,id:6
[2018-09-10T19:49:34.775] [INFO] dao.baseDao - query-ById:m_page,id:6
[2018-09-10T19:49:34.777] [INFO] dao.baseDao - query-ById:m_systems,id:1
[2018-09-10T19:49:34.849] [INFO] dao.baseDao - query-all:m_components
[2018-09-10T19:49:34.852] [INFO] dao.baseDao - query-all:m_theme_base_props
[2018-09-10T19:49:34.882] [INFO] dao.baseDao - query-all:m_component_props
[2018-09-10T19:49:34.883] [INFO] dao.baseDao - query-all:m_component_props
[2018-09-10T19:49:34.883] [INFO] dao.baseDao - query-all:m_component_props
[2018-09-10T19:49:34.883] [INFO] dao.baseDao - query-all:m_component_props
[2018-09-10T19:49:34.884] [INFO] dao.baseDao - query-all:m_component_props
[2018-09-10T19:49:34.885] [INFO] dao.baseDao - query-all:m_component_props
[2018-09-10T19:49:34.886] [INFO] dao.baseDao - query-all:m_component_props
[2018-09-10T19:49:34.887] [INFO] dao.baseDao - query-all:m_component_props
[2018-09-10T19:49:34.887] [INFO] dao.baseDao - query-all:m_component_props
[2018-09-10T19:49:34.888] [INFO] dao.baseDao - query-all:m_component_props
[2018-09-10T19:49:34.888] [INFO] dao.baseDao - query-all:m_component_props
[2018-09-10T19:49:34.888] [INFO] dao.baseDao - query-all:m_component_props
[2018-09-10T19:49:35.034] [INFO] dao.baseDao - query-all:course
[2018-09-10T19:51:15.876] [INFO] dao.baseDao - query-all:m_theme
[2018-09-10T19:51:15.880] [INFO] dao.baseDao - query-all:m_component_props
[2018-09-10T19:51:15.883] [INFO] dao.baseDao - query-all:m_theme_base_props
[2018-09-10T19:51:18.956] [INFO] dao.baseDao - query-page:m_components
[2018-09-10T19:51:18.960] [INFO] dao.baseDao - 12
[2018-09-10T19:51:18.960] [INFO] dao.baseDao - { page: 0,
  limit: 10,
  list: 
   [ RowDataPacket {
       id: 1,
       name: 'input',
       description: null,
       themeId: 1,
       frontShow: null,
       backShow: null,
       createAt: 2018-08-20T14:07:29.000Z,
       createBy: 1,
       updateAt: 2018-08-20T14:07:29.000Z,
       isDeleted: 0,
       deletedAt: 2018-08-20T14:07:29.000Z },
     RowDataPacket {
       id: 2,
       name: 'select',
       description: null,
       themeId: 1,
       frontShow: null,
       backShow: null,
       createAt: 2018-08-24T05:41:55.000Z,
       createBy: 1,
       updateAt: 2018-08-24T05:41:55.000Z,
       isDeleted: 0,
       deletedAt: 2018-08-24T05:41:55.000Z },
     RowDataPacket {
       id: 3,
       name: 'row',
       description: null,
       themeId: 1,
       frontShow: null,
       backShow: null,
       createAt: 2018-08-24T13:17:11.000Z,
       createBy: 1,
       updateAt: 2018-08-24T13:17:11.000Z,
       isDeleted: 0,
       deletedAt: 2018-08-24T13:17:11.000Z },
     RowDataPacket {
       id: 4,
       name: 'col',
       description: null,
       themeId: 1,
       frontShow: null,
       backShow: null,
       createAt: 2018-08-25T02:12:18.000Z,
       createBy: 1,
       updateAt: 2018-08-25T02:12:18.000Z,
       isDeleted: 0,
       deletedAt: 2018-08-25T02:12:18.000Z },
     RowDataPacket {
       id: 5,
       name: 'table',
       description: null,
       themeId: 1,
       frontShow: null,
       backShow: null,
       createAt: 2018-09-04T08:18:21.000Z,
       createBy: 1,
       updateAt: 2018-09-04T08:18:21.000Z,
       isDeleted: 0,
       deletedAt: 2018-09-04T08:18:21.000Z },
     RowDataPacket {
       id: 6,
       name: 'tableCol',
       description: null,
       themeId: 1,
       frontShow: null,
       backShow: null,
       createAt: 2018-09-04T08:20:19.000Z,
       createBy: 1,
       updateAt: 2018-09-04T08:20:19.000Z,
       isDeleted: 0,
       deletedAt: 2018-09-04T08:20:19.000Z },
     RowDataPacket {
       id: 7,
       name: 'radio',
       description: null,
       themeId: 1,
       frontShow: null,
       backShow: null,
       createAt: 2018-09-04T08:22:14.000Z,
       createBy: 1,
       updateAt: 2018-09-04T08:22:14.000Z,
       isDeleted: 0,
       deletedAt: 2018-09-04T08:22:14.000Z },
     RowDataPacket {
       id: 8,
       name: 'switch',
       description: null,
       themeId: 1,
       frontShow: null,
       backShow: null,
       createAt: 2018-09-08T12:45:21.000Z,
       createBy: 1,
       updateAt: 2018-09-08T12:45:21.000Z,
       isDeleted: 0,
       deletedAt: 2018-09-08T12:45:21.000Z },
     RowDataPacket {
       id: 9,
       name: 'slider',
       description: null,
       themeId: 1,
       frontShow: null,
       backShow: null,
       createAt: 2018-09-08T12:47:35.000Z,
       createBy: 1,
       updateAt: 2018-09-08T12:47:35.000Z,
       isDeleted: 0,
       deletedAt: 2018-09-08T12:47:35.000Z },
     RowDataPacket {
       id: 10,
       name: 'timePicker',
       description: null,
       themeId: 1,
       frontShow: null,
       backShow: null,
       createAt: 2018-09-08T12:47:53.000Z,
       createBy: 1,
       updateAt: 2018-09-08T12:47:53.000Z,
       isDeleted: 0,
       deletedAt: 2018-09-08T12:47:53.000Z } ],
  total: 12 }
[2018-09-10T19:51:21.308] [INFO] dao.baseDao - query-all:m_component_props
[2018-09-10T19:51:51.111] [INFO] dao.baseDao - query-all:m_component_props
[2018-09-10T19:51:51.142] [INFO] dao.baseDao - query-ById:m_component_props,id:32
[2018-09-10T19:51:54.144] [INFO] dao.baseDao - query-all:m_component_props
[2018-09-10T19:51:54.772] [INFO] dao.baseDao - query-all:m_component_props
[2018-09-10T19:52:00.889] [INFO] dao.baseDao - query-all:m_systems
[2018-09-10T19:52:05.599] [INFO] dao.baseDao - query-all:m_datasource
[2018-09-10T19:52:06.736] [INFO] dao.baseDao - query-all:m_page
[2018-09-10T19:52:07.756] [INFO] dao.baseDao - query-ById:m_page,id:6
[2018-09-10T19:52:07.779] [INFO] dao.baseDao - query-ById:m_page,id:6
[2018-09-10T19:52:07.781] [INFO] dao.baseDao - query-ById:m_systems,id:1
[2018-09-10T19:52:07.829] [INFO] dao.baseDao - query-all:m_components
[2018-09-10T19:52:07.833] [INFO] dao.baseDao - query-all:m_component_props
[2018-09-10T19:52:07.834] [INFO] dao.baseDao - query-all:m_component_props
[2018-09-10T19:52:07.834] [INFO] dao.baseDao - query-all:m_component_props
[2018-09-10T19:52:07.835] [INFO] dao.baseDao - query-all:m_component_props
[2018-09-10T19:52:07.835] [INFO] dao.baseDao - query-all:m_component_props
[2018-09-10T19:52:07.835] [INFO] dao.baseDao - query-all:m_component_props
[2018-09-10T19:52:07.836] [INFO] dao.baseDao - query-all:m_component_props
[2018-09-10T19:52:07.836] [INFO] dao.baseDao - query-all:m_component_props
[2018-09-10T19:52:07.837] [INFO] dao.baseDao - query-all:m_component_props
[2018-09-10T19:52:07.837] [INFO] dao.baseDao - query-all:m_component_props
[2018-09-10T19:52:07.839] [INFO] dao.baseDao - query-all:m_component_props
[2018-09-10T19:52:07.840] [INFO] dao.baseDao - query-all:m_component_props
[2018-09-10T19:52:07.845] [INFO] dao.baseDao - query-all:m_theme_base_props
[2018-09-10T19:52:07.997] [INFO] dao.baseDao - query-all:course
[2018-09-10T19:52:26.181] [INFO] dao.baseDao - query-ById:m_page,id:6
[2018-09-10T19:52:26.316] [INFO] dao.baseDao - query-ById:m_page,id:6
[2018-09-10T19:52:26.318] [INFO] dao.baseDao - query-ById:m_systems,id:1
[2018-09-10T19:52:26.403] [INFO] dao.baseDao - query-all:m_components
[2018-09-10T19:52:26.408] [INFO] dao.baseDao - query-all:m_component_props
[2018-09-10T19:52:26.408] [INFO] dao.baseDao - query-all:m_component_props
[2018-09-10T19:52:26.409] [INFO] dao.baseDao - query-all:m_component_props
[2018-09-10T19:52:26.409] [INFO] dao.baseDao - query-all:m_component_props
[2018-09-10T19:52:26.411] [INFO] dao.baseDao - query-all:m_component_props
[2018-09-10T19:52:26.412] [INFO] dao.baseDao - query-all:m_component_props
[2018-09-10T19:52:26.412] [INFO] dao.baseDao - query-all:m_component_props
[2018-09-10T19:52:26.413] [INFO] dao.baseDao - query-all:m_component_props
[2018-09-10T19:52:26.413] [INFO] dao.baseDao - query-all:m_component_props
[2018-09-10T19:52:26.413] [INFO] dao.baseDao - query-all:m_component_props
[2018-09-10T19:52:26.414] [INFO] dao.baseDao - query-all:m_component_props
[2018-09-10T19:52:26.414] [INFO] dao.baseDao - query-all:m_component_props
[2018-09-10T19:52:26.438] [INFO] dao.baseDao - query-all:m_theme_base_props
[2018-09-10T19:52:26.776] [INFO] dao.baseDao - query-all:course
[2018-09-10T19:53:33.768] [INFO] dao.baseDao - query-ById:m_page,id:6
[2018-09-10T19:53:34.161] [INFO] dao.baseDao - query-all:course
[2018-09-10T19:54:00.641] [INFO] dao.baseDao - query-ById:m_page,id:6
[2018-09-10T19:54:00.937] [INFO] dao.baseDao - query-all:course
[2018-09-10T19:54:38.868] [INFO] dao.baseDao - query-ById:m_page,id:6
[2018-09-10T19:54:38.949] [INFO] dao.baseDao - query-ById:m_page,id:6
[2018-09-10T19:54:38.951] [INFO] dao.baseDao - query-ById:m_systems,id:1
[2018-09-10T19:54:39.012] [INFO] dao.baseDao - query-all:m_components
[2018-09-10T19:54:39.014] [INFO] dao.baseDao - query-all:m_theme_base_props
[2018-09-10T19:54:39.024] [INFO] dao.baseDao - query-all:m_component_props
[2018-09-10T19:54:39.025] [INFO] dao.baseDao - query-all:m_component_props
[2018-09-10T19:54:39.026] [INFO] dao.baseDao - query-all:m_component_props
[2018-09-10T19:54:39.027] [INFO] dao.baseDao - query-all:m_component_props
[2018-09-10T19:54:39.027] [INFO] dao.baseDao - query-all:m_component_props
[2018-09-10T19:54:39.028] [INFO] dao.baseDao - query-all:m_component_props
[2018-09-10T19:54:39.028] [INFO] dao.baseDao - query-all:m_component_props
[2018-09-10T19:54:39.028] [INFO] dao.baseDao - query-all:m_component_props
[2018-09-10T19:54:39.029] [INFO] dao.baseDao - query-all:m_component_props
[2018-09-10T19:54:39.029] [INFO] dao.baseDao - query-all:m_component_props
[2018-09-10T19:54:39.029] [INFO] dao.baseDao - query-all:m_component_props
[2018-09-10T19:54:39.029] [INFO] dao.baseDao - query-all:m_component_props
[2018-09-10T19:54:39.344] [INFO] dao.baseDao - query-all:course
[2018-09-10T21:49:31.488] [INFO] dao.baseDao - query-all:m_page
[2018-09-10T21:49:31.492] [INFO] dao.baseDao - query-all:m_datasource
[2018-09-10T21:49:32.640] [INFO] dao.baseDao - query-ById:m_page,id:6
[2018-09-10T21:49:33.639] [INFO] dao.baseDao - query-all:course
[2018-09-10T21:50:57.247] [INFO] dao.baseDao - query-all:m_theme
[2018-09-10T21:50:57.251] [INFO] dao.baseDao - query-all:m_component_props
[2018-09-10T21:50:57.254] [INFO] dao.baseDao - query-all:m_theme_base_props
[2018-09-10T21:50:59.381] [INFO] dao.baseDao - query-page:m_components
[2018-09-10T21:50:59.386] [INFO] dao.baseDao - 12
[2018-09-10T21:50:59.386] [INFO] dao.baseDao - { page: 0,
  limit: 10,
  list: 
   [ RowDataPacket {
       id: 1,
       name: 'input',
       description: null,
       themeId: 1,
       frontShow: null,
       backShow: null,
       createAt: 2018-08-20T14:07:29.000Z,
       createBy: 1,
       updateAt: 2018-08-20T14:07:29.000Z,
       isDeleted: 0,
       deletedAt: 2018-08-20T14:07:29.000Z },
     RowDataPacket {
       id: 2,
       name: 'select',
       description: null,
       themeId: 1,
       frontShow: null,
       backShow: null,
       createAt: 2018-08-24T05:41:55.000Z,
       createBy: 1,
       updateAt: 2018-08-24T05:41:55.000Z,
       isDeleted: 0,
       deletedAt: 2018-08-24T05:41:55.000Z },
     RowDataPacket {
       id: 3,
       name: 'row',
       description: null,
       themeId: 1,
       frontShow: null,
       backShow: null,
       createAt: 2018-08-24T13:17:11.000Z,
       createBy: 1,
       updateAt: 2018-08-24T13:17:11.000Z,
       isDeleted: 0,
       deletedAt: 2018-08-24T13:17:11.000Z },
     RowDataPacket {
       id: 4,
       name: 'col',
       description: null,
       themeId: 1,
       frontShow: null,
       backShow: null,
       createAt: 2018-08-25T02:12:18.000Z,
       createBy: 1,
       updateAt: 2018-08-25T02:12:18.000Z,
       isDeleted: 0,
       deletedAt: 2018-08-25T02:12:18.000Z },
     RowDataPacket {
       id: 5,
       name: 'table',
       description: null,
       themeId: 1,
       frontShow: null,
       backShow: null,
       createAt: 2018-09-04T08:18:21.000Z,
       createBy: 1,
       updateAt: 2018-09-04T08:18:21.000Z,
       isDeleted: 0,
       deletedAt: 2018-09-04T08:18:21.000Z },
     RowDataPacket {
       id: 6,
       name: 'tableCol',
       description: null,
       themeId: 1,
       frontShow: null,
       backShow: null,
       createAt: 2018-09-04T08:20:19.000Z,
       createBy: 1,
       updateAt: 2018-09-04T08:20:19.000Z,
       isDeleted: 0,
       deletedAt: 2018-09-04T08:20:19.000Z },
     RowDataPacket {
       id: 7,
       name: 'radio',
       description: null,
       themeId: 1,
       frontShow: null,
       backShow: null,
       createAt: 2018-09-04T08:22:14.000Z,
       createBy: 1,
       updateAt: 2018-09-04T08:22:14.000Z,
       isDeleted: 0,
       deletedAt: 2018-09-04T08:22:14.000Z },
     RowDataPacket {
       id: 8,
       name: 'switch',
       description: null,
       themeId: 1,
       frontShow: null,
       backShow: null,
       createAt: 2018-09-08T12:45:21.000Z,
       createBy: 1,
       updateAt: 2018-09-08T12:45:21.000Z,
       isDeleted: 0,
       deletedAt: 2018-09-08T12:45:21.000Z },
     RowDataPacket {
       id: 9,
       name: 'slider',
       description: null,
       themeId: 1,
       frontShow: null,
       backShow: null,
       createAt: 2018-09-08T12:47:35.000Z,
       createBy: 1,
       updateAt: 2018-09-08T12:47:35.000Z,
       isDeleted: 0,
       deletedAt: 2018-09-08T12:47:35.000Z },
     RowDataPacket {
       id: 10,
       name: 'timePicker',
       description: null,
       themeId: 1,
       frontShow: null,
       backShow: null,
       createAt: 2018-09-08T12:47:53.000Z,
       createBy: 1,
       updateAt: 2018-09-08T12:47:53.000Z,
       isDeleted: 0,
       deletedAt: 2018-09-08T12:47:53.000Z } ],
  total: 12 }
[2018-09-10T21:51:01.603] [INFO] dao.baseDao - query-all:m_component_props
[2018-09-10T21:51:09.464] [INFO] dao.baseDao - update-table-info:24
[2018-09-10T21:51:09.472] [INFO] dao.baseDao - query-ById:m_component_props,id:24
[2018-09-10T21:51:09.487] [INFO] dao.baseDao - query-all:m_component_props
[2018-09-10T21:51:14.236] [INFO] dao.baseDao - query-all:m_systems
[2018-09-10T21:51:16.382] [INFO] dao.baseDao - query-all:roles
[2018-09-10T21:51:18.898] [INFO] dao.baseDao - query-ById:m_page,id:6
[2018-09-10T21:51:18.940] [INFO] dao.baseDao - query-ById:m_page,id:6
[2018-09-10T21:51:19.415] [INFO] dao.baseDao - query-all:course
[2018-09-10T21:51:25.316] [INFO] dao.baseDao - query-ById:m_page,id:6
[2018-09-10T21:51:25.523] [INFO] dao.baseDao - query-ById:m_page,id:6
[2018-09-10T21:51:25.525] [INFO] dao.baseDao - query-ById:m_systems,id:1
[2018-09-10T21:51:25.607] [INFO] dao.baseDao - query-all:m_components
[2018-09-10T21:51:25.609] [INFO] dao.baseDao - query-all:m_theme_base_props
[2018-09-10T21:51:25.625] [INFO] dao.baseDao - query-all:m_component_props
[2018-09-10T21:51:25.627] [INFO] dao.baseDao - query-all:m_component_props
[2018-09-10T21:51:25.628] [INFO] dao.baseDao - query-all:m_component_props
[2018-09-10T21:51:25.628] [INFO] dao.baseDao - query-all:m_component_props
[2018-09-10T21:51:25.629] [INFO] dao.baseDao - query-all:m_component_props
[2018-09-10T21:51:25.629] [INFO] dao.baseDao - query-all:m_component_props
[2018-09-10T21:51:25.634] [INFO] dao.baseDao - query-all:m_component_props
[2018-09-10T21:51:25.635] [INFO] dao.baseDao - query-all:m_component_props
[2018-09-10T21:51:25.635] [INFO] dao.baseDao - query-all:m_component_props
[2018-09-10T21:51:25.635] [INFO] dao.baseDao - query-all:m_component_props
[2018-09-10T21:51:25.635] [INFO] dao.baseDao - query-all:m_component_props
[2018-09-10T21:51:25.636] [INFO] dao.baseDao - query-all:m_component_props
[2018-09-10T21:51:25.765] [INFO] dao.baseDao - query-all:course
[2018-09-10T21:58:06.228] [INFO] dao.baseDao - query-ById:m_page,id:6
[2018-09-10T21:58:07.255] [INFO] dao.baseDao - query-all:course
[2018-09-10T22:00:06.410] [INFO] dao.baseDao - query-ById:m_page,id:6
[2018-09-10T22:00:07.200] [INFO] dao.baseDao - query-all:course
[2018-09-10T22:00:56.321] [INFO] dao.baseDao - query-ById:m_page,id:6
[2018-09-10T22:00:56.475] [INFO] dao.baseDao - query-all:course
[2018-09-10T22:01:33.118] [INFO] dao.baseDao - query-ById:m_page,id:6
[2018-09-10T22:01:33.843] [INFO] dao.baseDao - query-all:course
[2018-09-10T22:02:46.624] [INFO] dao.baseDao - update-table-info:6
[2018-09-10T22:02:46.644] [INFO] dao.baseDao - query-ById:m_page,id:6
[2018-09-10T22:03:30.094] [INFO] dao.baseDao - update-table-info:6
[2018-09-10T22:03:30.097] [INFO] dao.baseDao - query-ById:m_page,id:6
[2018-09-10T22:06:02.874] [INFO] dao.baseDao - query-ById:m_page,id:6
[2018-09-10T22:06:03.606] [INFO] dao.baseDao - query-all:course
[2018-09-10T22:07:05.631] [INFO] dao.baseDao - query-ById:m_page,id:6
[2018-09-10T22:07:08.561] [INFO] dao.baseDao - query-all:course
