[2018-09-07T14:14:40.195] [INFO] dao.baseDao - show-table-info:group_role_relation
[2018-09-07T14:14:40.243] [INFO] dao.baseDao - show-table-info:m_component_props
[2018-09-07T14:14:40.254] [INFO] dao.baseDao - show-table-info:m_components
[2018-09-07T14:14:40.262] [INFO] dao.baseDao - show-table-info:m_datasource
[2018-09-07T14:14:40.266] [INFO] dao.baseDao - show-table-info:m_fields
[2018-09-07T14:14:40.269] [INFO] dao.baseDao - show-table-info:m_model_fields
[2018-09-07T14:14:40.274] [INFO] dao.baseDao - show-table-info:m_models
[2018-09-07T14:14:40.277] [INFO] dao.baseDao - show-table-info:m_page
[2018-09-07T14:14:40.280] [INFO] dao.baseDao - show-table-info:m_page_actions
[2018-09-07T14:14:40.287] [INFO] dao.baseDao - show-table-info:m_systems
[2018-09-07T14:14:40.289] [INFO] dao.baseDao - show-table-info:m_theme
[2018-09-07T14:14:40.296] [INFO] dao.baseDao - show-table-info:roles
[2018-09-07T14:14:40.301] [INFO] dao.baseDao - show-table-info:test2
[2018-09-07T14:14:40.307] [INFO] dao.baseDao - show-table-info:test3
[2018-09-07T14:14:40.316] [INFO] dao.baseDao - show-table-info:testTable
[2018-09-07T14:14:40.321] [INFO] dao.baseDao - show-table-info:user_group
[2018-09-07T14:14:40.327] [INFO] dao.baseDao - show-table-info:user_group_relation
[2018-09-07T14:14:40.332] [INFO] dao.baseDao - show-table-info:users
[2018-09-07T14:16:16.824] [INFO] dao.baseDao - query-all:m_datasource
[2018-09-07T14:16:17.130] [INFO] dao.baseDao - show-table-info:course
[2018-09-07T14:16:17.155] [INFO] dao.baseDao - show-table-info:user
[2018-09-07T14:16:17.218] [INFO] dao.baseDao - show-table-info:userInfo
[2018-09-07T14:17:26.556] [INFO] dao.baseDao - query-all:m_datasource
[2018-09-07T14:17:26.779] [INFO] dao.baseDao - show-table-info:course
[2018-09-07T14:17:26.783] [INFO] dao.baseDao - show-table-info:user
[2018-09-07T14:17:26.786] [INFO] dao.baseDao - show-table-info:userInfo
[2018-09-07T14:18:19.885] [INFO] dao.baseDao - query-all:m_datasource
[2018-09-07T14:18:20.039] [INFO] dao.baseDao - show-table-info:course
[2018-09-07T14:18:20.043] [INFO] dao.baseDao - show-table-info:user
[2018-09-07T14:18:20.045] [INFO] dao.baseDao - show-table-info:userInfo
[2018-09-07T14:24:52.507] [INFO] dao.baseDao - query-all:m_datasource
[2018-09-07T14:24:52.806] [INFO] dao.baseDao - show-table-info:course
[2018-09-07T14:24:52.840] [INFO] dao.baseDao - show-table-info:user
[2018-09-07T14:24:52.847] [INFO] dao.baseDao - show-table-info:userInfo
[2018-09-07T14:24:52.937] [INFO] dao.baseDao - query-all:course
[2018-09-07T14:25:56.521] [INFO] dao.baseDao - query-all:course
[2018-09-07T14:33:25.227] [INFO] dao.baseDao - show-table-info:group_role_relation
[2018-09-07T14:33:25.230] [INFO] dao.baseDao - show-table-info:group_role_relation
[2018-09-07T14:33:25.231] [INFO] dao.baseDao - show-table-info:group_role_relation
[2018-09-07T14:33:25.233] [INFO] dao.baseDao - show-table-info:m_component_props
[2018-09-07T14:33:25.235] [INFO] dao.baseDao - show-table-info:m_component_props
[2018-09-07T14:33:25.237] [INFO] dao.baseDao - show-table-info:m_components
[2018-09-07T14:33:25.239] [INFO] dao.baseDao - show-table-info:m_components
[2018-09-07T14:33:25.242] [INFO] dao.baseDao - show-table-info:m_component_props
[2018-09-07T14:33:25.251] [INFO] dao.baseDao - show-table-info:m_datasource
[2018-09-07T14:33:25.256] [INFO] dao.baseDao - show-table-info:m_datasource
[2018-09-07T14:33:25.258] [INFO] dao.baseDao - show-table-info:m_components
[2018-09-07T14:33:25.259] [INFO] dao.baseDao - show-table-info:m_fields
[2018-09-07T14:33:25.260] [INFO] dao.baseDao - show-table-info:m_fields
[2018-09-07T14:33:25.263] [INFO] dao.baseDao - show-table-info:m_model_fields
[2018-09-07T14:33:25.264] [INFO] dao.baseDao - show-table-info:m_datasource
[2018-09-07T14:33:25.265] [INFO] dao.baseDao - show-table-info:m_model_fields
[2018-09-07T14:33:25.267] [INFO] dao.baseDao - show-table-info:m_models
[2018-09-07T14:33:25.269] [INFO] dao.baseDao - show-table-info:m_models
[2018-09-07T14:33:25.273] [INFO] dao.baseDao - show-table-info:m_page
[2018-09-07T14:33:25.274] [INFO] dao.baseDao - show-table-info:m_fields
[2018-09-07T14:33:25.276] [INFO] dao.baseDao - show-table-info:m_page
[2018-09-07T14:33:25.279] [INFO] dao.baseDao - show-table-info:m_page_actions
[2018-09-07T14:33:25.280] [INFO] dao.baseDao - show-table-info:m_model_fields
[2018-09-07T14:33:25.281] [INFO] dao.baseDao - show-table-info:m_page_actions
[2018-09-07T14:33:25.282] [INFO] dao.baseDao - show-table-info:m_systems
[2018-09-07T14:33:25.285] [INFO] dao.baseDao - show-table-info:m_models
[2018-09-07T14:33:25.286] [INFO] dao.baseDao - show-table-info:m_systems
[2018-09-07T14:33:25.287] [INFO] dao.baseDao - show-table-info:m_theme
[2018-09-07T14:33:25.290] [INFO] dao.baseDao - show-table-info:m_theme
[2018-09-07T14:33:25.292] [INFO] dao.baseDao - show-table-info:roles
[2018-09-07T14:33:25.293] [INFO] dao.baseDao - show-table-info:m_page
[2018-09-07T14:33:25.293] [INFO] dao.baseDao - show-table-info:roles
[2018-09-07T14:33:25.295] [INFO] dao.baseDao - show-table-info:test2
[2018-09-07T14:33:25.295] [INFO] dao.baseDao - show-table-info:m_page_actions
[2018-09-07T14:33:25.296] [INFO] dao.baseDao - show-table-info:test2
[2018-09-07T14:33:25.298] [INFO] dao.baseDao - show-table-info:m_systems
[2018-09-07T14:33:25.299] [INFO] dao.baseDao - show-table-info:test3
[2018-09-07T14:33:25.300] [INFO] dao.baseDao - show-table-info:test3
[2018-09-07T14:33:25.303] [INFO] dao.baseDao - show-table-info:testTable
[2018-09-07T14:33:25.306] [INFO] dao.baseDao - show-table-info:testTable
[2018-09-07T14:33:25.308] [INFO] dao.baseDao - show-table-info:m_theme
[2018-09-07T14:33:25.309] [INFO] dao.baseDao - show-table-info:user_group
[2018-09-07T14:33:25.310] [INFO] dao.baseDao - show-table-info:user_group
[2018-09-07T14:33:25.311] [INFO] dao.baseDao - show-table-info:user_group_relation
[2018-09-07T14:33:25.313] [INFO] dao.baseDao - show-table-info:user_group_relation
[2018-09-07T14:33:25.314] [INFO] dao.baseDao - show-table-info:roles
[2018-09-07T14:33:25.315] [INFO] dao.baseDao - show-table-info:users
[2018-09-07T14:33:25.322] [INFO] dao.baseDao - show-table-info:test2
[2018-09-07T14:33:25.324] [INFO] dao.baseDao - show-table-info:users
[2018-09-07T14:33:25.399] [INFO] dao.baseDao - query-all:m_theme
[2018-09-07T14:33:25.400] [INFO] dao.baseDao - show-table-info:test3
[2018-09-07T14:33:25.445] [INFO] dao.baseDao - query-page:m_components
[2018-09-07T14:33:25.449] [INFO] dao.baseDao - show-table-info:testTable
[2018-09-07T14:33:25.451] [INFO] dao.baseDao - show-table-info:user_group
[2018-09-07T14:33:25.454] [INFO] dao.baseDao - show-table-info:user_group_relation
[2018-09-07T14:33:25.456] [INFO] dao.baseDao - show-table-info:users
[2018-09-07T14:33:25.498] [INFO] dao.baseDao - query-all:m_component_props
[2018-09-07T14:33:25.499] [INFO] dao.baseDao - 7
[2018-09-07T14:33:25.499] [INFO] dao.baseDao - { page: 0,
  limit: 10,
  list: 
   [ RowDataPacket {
       id: 1,
       name: 'input',
       description: null,
       theme: 1,
       frontShow: null,
       backShow: null,
       createAt: 2018-08-20T14:07:29.000Z,
       createBy: 1,
       updateAt: 2018-08-20T14:07:29.000Z,
       isDeleted: 0,
       deletedAt: 2018-08-20T14:07:29.000Z },
     RowDataPacket {
       id: 2,
       name: 'select',
       description: null,
       theme: 1,
       frontShow: null,
       backShow: null,
       createAt: 2018-08-24T05:41:55.000Z,
       createBy: 1,
       updateAt: 2018-08-24T05:41:55.000Z,
       isDeleted: 0,
       deletedAt: 2018-08-24T05:41:55.000Z },
     RowDataPacket {
       id: 3,
       name: 'row',
       description: null,
       theme: 1,
       frontShow: null,
       backShow: null,
       createAt: 2018-08-24T13:17:11.000Z,
       createBy: 1,
       updateAt: 2018-08-24T13:17:11.000Z,
       isDeleted: 0,
       deletedAt: 2018-08-24T13:17:11.000Z },
     RowDataPacket {
       id: 4,
       name: 'col',
       description: null,
       theme: 1,
       frontShow: null,
       backShow: null,
       createAt: 2018-08-25T02:12:18.000Z,
       createBy: 1,
       updateAt: 2018-08-25T02:12:18.000Z,
       isDeleted: 0,
       deletedAt: 2018-08-25T02:12:18.000Z },
     RowDataPacket {
       id: 5,
       name: 'table',
       description: null,
       theme: 1,
       frontShow: null,
       backShow: null,
       createAt: 2018-09-04T08:18:21.000Z,
       createBy: 1,
       updateAt: 2018-09-04T08:18:21.000Z,
       isDeleted: 0,
       deletedAt: 2018-09-04T08:18:21.000Z },
     RowDataPacket {
       id: 6,
       name: 'tableCol',
       description: null,
       theme: 1,
       frontShow: null,
       backShow: null,
       createAt: 2018-09-04T08:20:19.000Z,
       createBy: 1,
       updateAt: 2018-09-04T08:20:19.000Z,
       isDeleted: 0,
       deletedAt: 2018-09-04T08:20:19.000Z },
     RowDataPacket {
       id: 7,
       name: 'radio',
       description: null,
       theme: 1,
       frontShow: null,
       backShow: null,
       createAt: 2018-09-04T08:22:14.000Z,
       createBy: 1,
       updateAt: 2018-09-04T08:22:14.000Z,
       isDeleted: 0,
       deletedAt: 2018-09-04T08:22:14.000Z } ],
  total: 7 }
[2018-09-07T14:33:32.690] [INFO] dao.baseDao - query-all:m_systems
[2018-09-07T14:33:35.333] [INFO] dao.baseDao - query-all:m_page
[2018-09-07T14:33:35.337] [INFO] dao.baseDao - query-all:m_datasource
[2018-09-07T14:33:36.784] [INFO] dao.baseDao - query-ById:m_page,id:6
[2018-09-07T14:40:22.720] [INFO] dao.baseDao - query-all:m_datasource
[2018-09-07T14:40:22.831] [INFO] dao.baseDao - show-table-info:course
[2018-09-07T14:40:22.835] [INFO] dao.baseDao - show-table-info:user
[2018-09-07T14:40:22.837] [INFO] dao.baseDao - show-table-info:userInfo
[2018-09-07T14:40:22.874] [INFO] dao.baseDao - query-all:course
[2018-09-07T14:40:24.364] [INFO] dao.baseDao - query-all:course
[2018-09-07T14:41:33.115] [INFO] dao.baseDao - query-all:course
[2018-09-07T14:42:42.222] [INFO] dao.baseDao - show-table-info:group_role_relation
[2018-09-07T14:42:42.225] [INFO] dao.baseDao - show-table-info:m_component_props
[2018-09-07T14:42:42.228] [INFO] dao.baseDao - show-table-info:group_role_relation
[2018-09-07T14:42:42.230] [INFO] dao.baseDao - show-table-info:m_components
[2018-09-07T14:42:42.231] [INFO] dao.baseDao - show-table-info:m_component_props
[2018-09-07T14:42:42.235] [INFO] dao.baseDao - show-table-info:m_datasource
[2018-09-07T14:42:42.237] [INFO] dao.baseDao - show-table-info:m_components
[2018-09-07T14:42:42.242] [INFO] dao.baseDao - show-table-info:m_fields
[2018-09-07T14:42:42.244] [INFO] dao.baseDao - show-table-info:m_datasource
[2018-09-07T14:42:42.247] [INFO] dao.baseDao - show-table-info:m_model_fields
[2018-09-07T14:42:42.251] [INFO] dao.baseDao - show-table-info:m_models
[2018-09-07T14:42:42.255] [INFO] dao.baseDao - show-table-info:m_page
[2018-09-07T14:42:42.260] [INFO] dao.baseDao - show-table-info:m_fields
[2018-09-07T14:42:42.269] [INFO] dao.baseDao - show-table-info:m_page_actions
[2018-09-07T14:42:42.273] [INFO] dao.baseDao - show-table-info:m_model_fields
[2018-09-07T14:42:42.279] [INFO] dao.baseDao - show-table-info:m_systems
[2018-09-07T14:42:42.280] [INFO] dao.baseDao - show-table-info:m_models
[2018-09-07T14:42:42.283] [INFO] dao.baseDao - show-table-info:m_theme
[2018-09-07T14:42:42.284] [INFO] dao.baseDao - show-table-info:m_page
[2018-09-07T14:42:42.289] [INFO] dao.baseDao - show-table-info:roles
[2018-09-07T14:42:42.292] [INFO] dao.baseDao - show-table-info:m_page_actions
[2018-09-07T14:42:42.295] [INFO] dao.baseDao - show-table-info:m_systems
[2018-09-07T14:42:42.297] [INFO] dao.baseDao - show-table-info:test2
[2018-09-07T14:42:42.299] [INFO] dao.baseDao - show-table-info:test3
[2018-09-07T14:42:42.300] [INFO] dao.baseDao - show-table-info:m_theme
[2018-09-07T14:42:42.304] [INFO] dao.baseDao - show-table-info:testTable
[2018-09-07T14:42:42.307] [INFO] dao.baseDao - show-table-info:roles
[2018-09-07T14:42:42.313] [INFO] dao.baseDao - show-table-info:user_group
[2018-09-07T14:42:42.314] [INFO] dao.baseDao - show-table-info:test2
[2018-09-07T14:42:42.317] [INFO] dao.baseDao - show-table-info:user_group_relation
[2018-09-07T14:42:42.320] [INFO] dao.baseDao - show-table-info:test3
[2018-09-07T14:42:42.325] [INFO] dao.baseDao - show-table-info:users
[2018-09-07T14:42:42.326] [INFO] dao.baseDao - show-table-info:testTable
[2018-09-07T14:42:42.464] [INFO] dao.baseDao - query-all:m_systems
[2018-09-07T14:42:42.466] [INFO] dao.baseDao - show-table-info:user_group
[2018-09-07T14:42:42.470] [INFO] dao.baseDao - show-table-info:user_group_relation
[2018-09-07T14:42:42.473] [INFO] dao.baseDao - show-table-info:users
[2018-09-07T14:42:42.543] [INFO] dao.baseDao - query-all:m_theme
[2018-09-07T14:42:45.706] [INFO] dao.baseDao - query-all:m_page
[2018-09-07T14:42:45.721] [INFO] dao.baseDao - query-all:m_datasource
[2018-09-07T14:42:46.596] [INFO] dao.baseDao - query-ById:m_page,id:6
[2018-09-07T14:42:46.914] [INFO] dao.baseDao - query-all:course
[2018-09-07T14:48:32.576] [INFO] dao.baseDao - query-all:m_components
[2018-09-07T14:50:51.891] [INFO] dao.baseDao - query-ById:m_page,id:6
[2018-09-07T14:50:52.439] [INFO] dao.baseDao - query-all:course
[2018-09-07T14:51:14.021] [INFO] dao.baseDao - query-all:m_components
[2018-09-07T14:51:14.027] [INFO] dao.baseDao - query-all:m_component_props
[2018-09-07T14:51:14.028] [INFO] dao.baseDao - query-all:m_component_props
[2018-09-07T14:51:14.029] [INFO] dao.baseDao - query-all:m_component_props
[2018-09-07T14:51:14.030] [INFO] dao.baseDao - query-all:m_component_props
[2018-09-07T14:51:14.031] [INFO] dao.baseDao - query-all:m_component_props
[2018-09-07T14:51:14.032] [INFO] dao.baseDao - query-all:m_component_props
[2018-09-07T14:51:14.032] [INFO] dao.baseDao - query-all:m_component_props
[2018-09-07T14:51:14.365] [INFO] dao.baseDao - query-all:course
[2018-09-07T14:52:02.704] [INFO] dao.baseDao - query-all:course
[2018-09-07T14:56:01.087] [INFO] dao.baseDao - query-all:m_components
[2018-09-07T14:56:01.093] [INFO] dao.baseDao - query-ById:m_page,id:6
[2018-09-07T14:56:01.221] [INFO] dao.baseDao - query-all:m_component_props
[2018-09-07T14:56:01.224] [INFO] dao.baseDao - query-all:m_component_props
[2018-09-07T14:56:01.226] [INFO] dao.baseDao - query-all:m_component_props
[2018-09-07T14:56:01.227] [INFO] dao.baseDao - query-all:m_component_props
[2018-09-07T14:56:01.229] [INFO] dao.baseDao - query-all:m_component_props
[2018-09-07T14:56:01.230] [INFO] dao.baseDao - query-all:m_component_props
[2018-09-07T14:56:01.230] [INFO] dao.baseDao - query-all:m_component_props
[2018-09-07T14:56:01.823] [INFO] dao.baseDao - query-all:course
[2018-09-07T14:56:07.262] [INFO] dao.baseDao - query-all:course
[2018-09-07T15:50:58.323] [INFO] dao.baseDao - query-all:course
[2018-09-07T15:52:07.625] [INFO] dao.baseDao - query-all:course
[2018-09-07T15:54:37.987] [INFO] dao.baseDao - query-ById:m_page,id:undefined
[2018-09-07T15:54:38.195] [ERROR] dao.baseDao - { Error: ER_BAD_FIELD_ERROR: Unknown column 'undefined' in 'where clause'
    at Query.Sequence._packetToError (/Users/yixin/Desktop/workshop/cms/node_modules/mysql/lib/protocol/sequences/Sequence.js:47:14)
    at Query.ErrorPacket (/Users/yixin/Desktop/workshop/cms/node_modules/mysql/lib/protocol/sequences/Query.js:77:18)
    at Protocol._parsePacket (/Users/yixin/Desktop/workshop/cms/node_modules/mysql/lib/protocol/Protocol.js:278:23)
    at Parser.write (/Users/yixin/Desktop/workshop/cms/node_modules/mysql/lib/protocol/Parser.js:76:12)
    at Protocol.write (/Users/yixin/Desktop/workshop/cms/node_modules/mysql/lib/protocol/Protocol.js:38:16)
    at Socket.<anonymous> (/Users/yixin/Desktop/workshop/cms/node_modules/mysql/lib/Connection.js:91:28)
    at Socket.<anonymous> (/Users/yixin/Desktop/workshop/cms/node_modules/mysql/lib/Connection.js:502:10)
    at Socket.emit (events.js:180:13)
    at addChunk (_stream_readable.js:274:12)
    at readableAddChunk (_stream_readable.js:261:11)
    --------------------
    at Protocol._enqueue (/Users/yixin/Desktop/workshop/cms/node_modules/mysql/lib/protocol/Protocol.js:144:48)
    at PoolConnection.query (/Users/yixin/Desktop/workshop/cms/node_modules/mysql/lib/Connection.js:200:25)
    at /Users/yixin/Desktop/workshop/cms/server/utils/DB.js:43:18
    at Handshake.onConnect (/Users/yixin/Desktop/workshop/cms/node_modules/mysql/lib/Pool.js:64:7)
    at Handshake.<anonymous> (/Users/yixin/Desktop/workshop/cms/node_modules/mysql/lib/Connection.js:502:10)
    at Handshake._callback (/Users/yixin/Desktop/workshop/cms/node_modules/mysql/lib/Connection.js:468:16)
    at Handshake.Sequence.end (/Users/yixin/Desktop/workshop/cms/node_modules/mysql/lib/protocol/sequences/Sequence.js:83:24)
    at Handshake.Sequence.OkPacket (/Users/yixin/Desktop/workshop/cms/node_modules/mysql/lib/protocol/sequences/Sequence.js:92:8)
    at Protocol._parsePacket (/Users/yixin/Desktop/workshop/cms/node_modules/mysql/lib/protocol/Protocol.js:278:23)
    at Parser.write (/Users/yixin/Desktop/workshop/cms/node_modules/mysql/lib/protocol/Parser.js:76:12)
  code: 'ER_BAD_FIELD_ERROR',
  errno: 1054,
  sqlMessage: 'Unknown column \'undefined\' in \'where clause\'',
  sqlState: '42S22',
  index: 0,
  sql: 'select * from m_page where id = undefined' }
[2018-09-07T15:54:57.826] [INFO] dao.baseDao - query-ById:m_page,id:undefined
[2018-09-07T15:54:57.829] [ERROR] dao.baseDao - { Error: ER_BAD_FIELD_ERROR: Unknown column 'undefined' in 'where clause'
    at Query.Sequence._packetToError (/Users/yixin/Desktop/workshop/cms/node_modules/mysql/lib/protocol/sequences/Sequence.js:47:14)
    at Query.ErrorPacket (/Users/yixin/Desktop/workshop/cms/node_modules/mysql/lib/protocol/sequences/Query.js:77:18)
    at Protocol._parsePacket (/Users/yixin/Desktop/workshop/cms/node_modules/mysql/lib/protocol/Protocol.js:278:23)
    at Parser.write (/Users/yixin/Desktop/workshop/cms/node_modules/mysql/lib/protocol/Parser.js:76:12)
    at Protocol.write (/Users/yixin/Desktop/workshop/cms/node_modules/mysql/lib/protocol/Protocol.js:38:16)
    at Socket.<anonymous> (/Users/yixin/Desktop/workshop/cms/node_modules/mysql/lib/Connection.js:91:28)
    at Socket.<anonymous> (/Users/yixin/Desktop/workshop/cms/node_modules/mysql/lib/Connection.js:502:10)
    at Socket.emit (events.js:180:13)
    at addChunk (_stream_readable.js:274:12)
    at readableAddChunk (_stream_readable.js:261:11)
    --------------------
    at Protocol._enqueue (/Users/yixin/Desktop/workshop/cms/node_modules/mysql/lib/protocol/Protocol.js:144:48)
    at PoolConnection.query (/Users/yixin/Desktop/workshop/cms/node_modules/mysql/lib/Connection.js:200:25)
    at /Users/yixin/Desktop/workshop/cms/server/utils/DB.js:43:18
    at Ping.onOperationComplete (/Users/yixin/Desktop/workshop/cms/node_modules/mysql/lib/Pool.js:110:5)
    at Ping.<anonymous> (/Users/yixin/Desktop/workshop/cms/node_modules/mysql/lib/Connection.js:502:10)
    at Ping._callback (/Users/yixin/Desktop/workshop/cms/node_modules/mysql/lib/Connection.js:468:16)
    at Ping.Sequence.end (/Users/yixin/Desktop/workshop/cms/node_modules/mysql/lib/protocol/sequences/Sequence.js:83:24)
    at Ping.Sequence.OkPacket (/Users/yixin/Desktop/workshop/cms/node_modules/mysql/lib/protocol/sequences/Sequence.js:92:8)
    at Protocol._parsePacket (/Users/yixin/Desktop/workshop/cms/node_modules/mysql/lib/protocol/Protocol.js:278:23)
    at Parser.write (/Users/yixin/Desktop/workshop/cms/node_modules/mysql/lib/protocol/Parser.js:76:12)
  code: 'ER_BAD_FIELD_ERROR',
  errno: 1054,
  sqlMessage: 'Unknown column \'undefined\' in \'where clause\'',
  sqlState: '42S22',
  index: 0,
  sql: 'select * from m_page where id = undefined' }
[2018-09-07T15:56:57.839] [INFO] dao.baseDao - query-ById:m_page,id:undefined
[2018-09-07T15:56:57.846] [ERROR] dao.baseDao - { Error: ER_BAD_FIELD_ERROR: Unknown column 'undefined' in 'where clause'
    at Query.Sequence._packetToError (/Users/yixin/Desktop/workshop/cms/node_modules/mysql/lib/protocol/sequences/Sequence.js:47:14)
    at Query.ErrorPacket (/Users/yixin/Desktop/workshop/cms/node_modules/mysql/lib/protocol/sequences/Query.js:77:18)
    at Protocol._parsePacket (/Users/yixin/Desktop/workshop/cms/node_modules/mysql/lib/protocol/Protocol.js:278:23)
    at Parser.write (/Users/yixin/Desktop/workshop/cms/node_modules/mysql/lib/protocol/Parser.js:76:12)
    at Protocol.write (/Users/yixin/Desktop/workshop/cms/node_modules/mysql/lib/protocol/Protocol.js:38:16)
    at Socket.<anonymous> (/Users/yixin/Desktop/workshop/cms/node_modules/mysql/lib/Connection.js:91:28)
    at Socket.<anonymous> (/Users/yixin/Desktop/workshop/cms/node_modules/mysql/lib/Connection.js:502:10)
    at Socket.emit (events.js:180:13)
    at addChunk (_stream_readable.js:274:12)
    at readableAddChunk (_stream_readable.js:261:11)
    --------------------
    at Protocol._enqueue (/Users/yixin/Desktop/workshop/cms/node_modules/mysql/lib/protocol/Protocol.js:144:48)
    at PoolConnection.query (/Users/yixin/Desktop/workshop/cms/node_modules/mysql/lib/Connection.js:200:25)
    at /Users/yixin/Desktop/workshop/cms/server/utils/DB.js:43:18
    at Ping.onOperationComplete (/Users/yixin/Desktop/workshop/cms/node_modules/mysql/lib/Pool.js:110:5)
    at Ping.<anonymous> (/Users/yixin/Desktop/workshop/cms/node_modules/mysql/lib/Connection.js:502:10)
    at Ping._callback (/Users/yixin/Desktop/workshop/cms/node_modules/mysql/lib/Connection.js:468:16)
    at Ping.Sequence.end (/Users/yixin/Desktop/workshop/cms/node_modules/mysql/lib/protocol/sequences/Sequence.js:83:24)
    at Ping.Sequence.OkPacket (/Users/yixin/Desktop/workshop/cms/node_modules/mysql/lib/protocol/sequences/Sequence.js:92:8)
    at Protocol._parsePacket (/Users/yixin/Desktop/workshop/cms/node_modules/mysql/lib/protocol/Protocol.js:278:23)
    at Parser.write (/Users/yixin/Desktop/workshop/cms/node_modules/mysql/lib/protocol/Parser.js:76:12)
  code: 'ER_BAD_FIELD_ERROR',
  errno: 1054,
  sqlMessage: 'Unknown column \'undefined\' in \'where clause\'',
  sqlState: '42S22',
  index: 0,
  sql: 'select * from m_page where id = undefined' }
[2018-09-07T15:58:58.000] [INFO] dao.baseDao - query-ById:m_page,id:undefined
[2018-09-07T15:58:58.020] [ERROR] dao.baseDao - { Error: ER_BAD_FIELD_ERROR: Unknown column 'undefined' in 'where clause'
    at Query.Sequence._packetToError (/Users/yixin/Desktop/workshop/cms/node_modules/mysql/lib/protocol/sequences/Sequence.js:47:14)
    at Query.ErrorPacket (/Users/yixin/Desktop/workshop/cms/node_modules/mysql/lib/protocol/sequences/Query.js:77:18)
    at Protocol._parsePacket (/Users/yixin/Desktop/workshop/cms/node_modules/mysql/lib/protocol/Protocol.js:278:23)
    at Parser.write (/Users/yixin/Desktop/workshop/cms/node_modules/mysql/lib/protocol/Parser.js:76:12)
    at Protocol.write (/Users/yixin/Desktop/workshop/cms/node_modules/mysql/lib/protocol/Protocol.js:38:16)
    at Socket.<anonymous> (/Users/yixin/Desktop/workshop/cms/node_modules/mysql/lib/Connection.js:91:28)
    at Socket.<anonymous> (/Users/yixin/Desktop/workshop/cms/node_modules/mysql/lib/Connection.js:502:10)
    at Socket.emit (events.js:180:13)
    at addChunk (_stream_readable.js:274:12)
    at readableAddChunk (_stream_readable.js:261:11)
    --------------------
    at Protocol._enqueue (/Users/yixin/Desktop/workshop/cms/node_modules/mysql/lib/protocol/Protocol.js:144:48)
    at PoolConnection.query (/Users/yixin/Desktop/workshop/cms/node_modules/mysql/lib/Connection.js:200:25)
    at /Users/yixin/Desktop/workshop/cms/server/utils/DB.js:43:18
    at Ping.onOperationComplete (/Users/yixin/Desktop/workshop/cms/node_modules/mysql/lib/Pool.js:110:5)
    at Ping.<anonymous> (/Users/yixin/Desktop/workshop/cms/node_modules/mysql/lib/Connection.js:502:10)
    at Ping._callback (/Users/yixin/Desktop/workshop/cms/node_modules/mysql/lib/Connection.js:468:16)
    at Ping.Sequence.end (/Users/yixin/Desktop/workshop/cms/node_modules/mysql/lib/protocol/sequences/Sequence.js:83:24)
    at Ping.Sequence.OkPacket (/Users/yixin/Desktop/workshop/cms/node_modules/mysql/lib/protocol/sequences/Sequence.js:92:8)
    at Protocol._parsePacket (/Users/yixin/Desktop/workshop/cms/node_modules/mysql/lib/protocol/Protocol.js:278:23)
    at Parser.write (/Users/yixin/Desktop/workshop/cms/node_modules/mysql/lib/protocol/Parser.js:76:12)
  code: 'ER_BAD_FIELD_ERROR',
  errno: 1054,
  sqlMessage: 'Unknown column \'undefined\' in \'where clause\'',
  sqlState: '42S22',
  index: 0,
  sql: 'select * from m_page where id = undefined' }
[2018-09-07T16:00:58.016] [INFO] dao.baseDao - query-ById:m_page,id:undefined
[2018-09-07T16:00:58.018] [ERROR] dao.baseDao - { Error: ER_BAD_FIELD_ERROR: Unknown column 'undefined' in 'where clause'
    at Query.Sequence._packetToError (/Users/yixin/Desktop/workshop/cms/node_modules/mysql/lib/protocol/sequences/Sequence.js:47:14)
    at Query.ErrorPacket (/Users/yixin/Desktop/workshop/cms/node_modules/mysql/lib/protocol/sequences/Query.js:77:18)
    at Protocol._parsePacket (/Users/yixin/Desktop/workshop/cms/node_modules/mysql/lib/protocol/Protocol.js:278:23)
    at Parser.write (/Users/yixin/Desktop/workshop/cms/node_modules/mysql/lib/protocol/Parser.js:76:12)
    at Protocol.write (/Users/yixin/Desktop/workshop/cms/node_modules/mysql/lib/protocol/Protocol.js:38:16)
    at Socket.<anonymous> (/Users/yixin/Desktop/workshop/cms/node_modules/mysql/lib/Connection.js:91:28)
    at Socket.<anonymous> (/Users/yixin/Desktop/workshop/cms/node_modules/mysql/lib/Connection.js:502:10)
    at Socket.emit (events.js:180:13)
    at addChunk (_stream_readable.js:274:12)
    at readableAddChunk (_stream_readable.js:261:11)
    --------------------
    at Protocol._enqueue (/Users/yixin/Desktop/workshop/cms/node_modules/mysql/lib/protocol/Protocol.js:144:48)
    at PoolConnection.query (/Users/yixin/Desktop/workshop/cms/node_modules/mysql/lib/Connection.js:200:25)
    at /Users/yixin/Desktop/workshop/cms/server/utils/DB.js:43:18
    at Ping.onOperationComplete (/Users/yixin/Desktop/workshop/cms/node_modules/mysql/lib/Pool.js:110:5)
    at Ping.<anonymous> (/Users/yixin/Desktop/workshop/cms/node_modules/mysql/lib/Connection.js:502:10)
    at Ping._callback (/Users/yixin/Desktop/workshop/cms/node_modules/mysql/lib/Connection.js:468:16)
    at Ping.Sequence.end (/Users/yixin/Desktop/workshop/cms/node_modules/mysql/lib/protocol/sequences/Sequence.js:83:24)
    at Ping.Sequence.OkPacket (/Users/yixin/Desktop/workshop/cms/node_modules/mysql/lib/protocol/sequences/Sequence.js:92:8)
    at Protocol._parsePacket (/Users/yixin/Desktop/workshop/cms/node_modules/mysql/lib/protocol/Protocol.js:278:23)
    at Parser.write (/Users/yixin/Desktop/workshop/cms/node_modules/mysql/lib/protocol/Parser.js:76:12)
  code: 'ER_BAD_FIELD_ERROR',
  errno: 1054,
  sqlMessage: 'Unknown column \'undefined\' in \'where clause\'',
  sqlState: '42S22',
  index: 0,
  sql: 'select * from m_page where id = undefined' }
[2018-09-07T16:04:22.105] [INFO] dao.baseDao - query-ById:m_page,id:undefined
[2018-09-07T16:04:22.116] [ERROR] dao.baseDao - { Error: ER_BAD_FIELD_ERROR: Unknown column 'undefined' in 'where clause'
    at Query.Sequence._packetToError (/Users/yixin/Desktop/workshop/cms/node_modules/mysql/lib/protocol/sequences/Sequence.js:47:14)
    at Query.ErrorPacket (/Users/yixin/Desktop/workshop/cms/node_modules/mysql/lib/protocol/sequences/Query.js:77:18)
    at Protocol._parsePacket (/Users/yixin/Desktop/workshop/cms/node_modules/mysql/lib/protocol/Protocol.js:278:23)
    at Parser.write (/Users/yixin/Desktop/workshop/cms/node_modules/mysql/lib/protocol/Parser.js:76:12)
    at Protocol.write (/Users/yixin/Desktop/workshop/cms/node_modules/mysql/lib/protocol/Protocol.js:38:16)
    at Socket.<anonymous> (/Users/yixin/Desktop/workshop/cms/node_modules/mysql/lib/Connection.js:91:28)
    at Socket.<anonymous> (/Users/yixin/Desktop/workshop/cms/node_modules/mysql/lib/Connection.js:502:10)
    at Socket.emit (events.js:180:13)
    at addChunk (_stream_readable.js:274:12)
    at readableAddChunk (_stream_readable.js:261:11)
    --------------------
    at Protocol._enqueue (/Users/yixin/Desktop/workshop/cms/node_modules/mysql/lib/protocol/Protocol.js:144:48)
    at PoolConnection.query (/Users/yixin/Desktop/workshop/cms/node_modules/mysql/lib/Connection.js:200:25)
    at /Users/yixin/Desktop/workshop/cms/server/utils/DB.js:43:18
    at Ping.onOperationComplete (/Users/yixin/Desktop/workshop/cms/node_modules/mysql/lib/Pool.js:110:5)
    at Ping.<anonymous> (/Users/yixin/Desktop/workshop/cms/node_modules/mysql/lib/Connection.js:502:10)
    at Ping._callback (/Users/yixin/Desktop/workshop/cms/node_modules/mysql/lib/Connection.js:468:16)
    at Ping.Sequence.end (/Users/yixin/Desktop/workshop/cms/node_modules/mysql/lib/protocol/sequences/Sequence.js:83:24)
    at Ping.Sequence.OkPacket (/Users/yixin/Desktop/workshop/cms/node_modules/mysql/lib/protocol/sequences/Sequence.js:92:8)
    at Protocol._parsePacket (/Users/yixin/Desktop/workshop/cms/node_modules/mysql/lib/protocol/Protocol.js:278:23)
    at Parser.write (/Users/yixin/Desktop/workshop/cms/node_modules/mysql/lib/protocol/Parser.js:76:12)
  code: 'ER_BAD_FIELD_ERROR',
  errno: 1054,
  sqlMessage: 'Unknown column \'undefined\' in \'where clause\'',
  sqlState: '42S22',
  index: 0,
  sql: 'select * from m_page where id = undefined' }
[2018-09-07T16:04:41.476] [INFO] dao.baseDao - query-ById:m_page,id:undefined
[2018-09-07T16:04:41.692] [ERROR] dao.baseDao - { Error: ER_BAD_FIELD_ERROR: Unknown column 'undefined' in 'where clause'
    at Query.Sequence._packetToError (/Users/yixin/Desktop/workshop/cms/node_modules/mysql/lib/protocol/sequences/Sequence.js:47:14)
    at Query.ErrorPacket (/Users/yixin/Desktop/workshop/cms/node_modules/mysql/lib/protocol/sequences/Query.js:77:18)
    at Protocol._parsePacket (/Users/yixin/Desktop/workshop/cms/node_modules/mysql/lib/protocol/Protocol.js:278:23)
    at Parser.write (/Users/yixin/Desktop/workshop/cms/node_modules/mysql/lib/protocol/Parser.js:76:12)
    at Protocol.write (/Users/yixin/Desktop/workshop/cms/node_modules/mysql/lib/protocol/Protocol.js:38:16)
    at Socket.<anonymous> (/Users/yixin/Desktop/workshop/cms/node_modules/mysql/lib/Connection.js:91:28)
    at Socket.<anonymous> (/Users/yixin/Desktop/workshop/cms/node_modules/mysql/lib/Connection.js:502:10)
    at Socket.emit (events.js:180:13)
    at addChunk (_stream_readable.js:274:12)
    at readableAddChunk (_stream_readable.js:261:11)
    --------------------
    at Protocol._enqueue (/Users/yixin/Desktop/workshop/cms/node_modules/mysql/lib/protocol/Protocol.js:144:48)
    at PoolConnection.query (/Users/yixin/Desktop/workshop/cms/node_modules/mysql/lib/Connection.js:200:25)
    at /Users/yixin/Desktop/workshop/cms/server/utils/DB.js:43:18
    at Handshake.onConnect (/Users/yixin/Desktop/workshop/cms/node_modules/mysql/lib/Pool.js:64:7)
    at Handshake.<anonymous> (/Users/yixin/Desktop/workshop/cms/node_modules/mysql/lib/Connection.js:502:10)
    at Handshake._callback (/Users/yixin/Desktop/workshop/cms/node_modules/mysql/lib/Connection.js:468:16)
    at Handshake.Sequence.end (/Users/yixin/Desktop/workshop/cms/node_modules/mysql/lib/protocol/sequences/Sequence.js:83:24)
    at Handshake.Sequence.OkPacket (/Users/yixin/Desktop/workshop/cms/node_modules/mysql/lib/protocol/sequences/Sequence.js:92:8)
    at Protocol._parsePacket (/Users/yixin/Desktop/workshop/cms/node_modules/mysql/lib/protocol/Protocol.js:278:23)
    at Parser.write (/Users/yixin/Desktop/workshop/cms/node_modules/mysql/lib/protocol/Parser.js:76:12)
  code: 'ER_BAD_FIELD_ERROR',
  errno: 1054,
  sqlMessage: 'Unknown column \'undefined\' in \'where clause\'',
  sqlState: '42S22',
  index: 0,
  sql: 'select * from m_page where id = undefined' }
[2018-09-07T16:05:16.038] [INFO] dao.baseDao - query-ById:m_page,id:undefined
[2018-09-07T16:05:16.218] [ERROR] dao.baseDao - { Error: ER_BAD_FIELD_ERROR: Unknown column 'undefined' in 'where clause'
    at Query.Sequence._packetToError (/Users/yixin/Desktop/workshop/cms/node_modules/mysql/lib/protocol/sequences/Sequence.js:47:14)
    at Query.ErrorPacket (/Users/yixin/Desktop/workshop/cms/node_modules/mysql/lib/protocol/sequences/Query.js:77:18)
    at Protocol._parsePacket (/Users/yixin/Desktop/workshop/cms/node_modules/mysql/lib/protocol/Protocol.js:278:23)
    at Parser.write (/Users/yixin/Desktop/workshop/cms/node_modules/mysql/lib/protocol/Parser.js:76:12)
    at Protocol.write (/Users/yixin/Desktop/workshop/cms/node_modules/mysql/lib/protocol/Protocol.js:38:16)
    at Socket.<anonymous> (/Users/yixin/Desktop/workshop/cms/node_modules/mysql/lib/Connection.js:91:28)
    at Socket.<anonymous> (/Users/yixin/Desktop/workshop/cms/node_modules/mysql/lib/Connection.js:502:10)
    at Socket.emit (events.js:180:13)
    at addChunk (_stream_readable.js:274:12)
    at readableAddChunk (_stream_readable.js:261:11)
    --------------------
    at Protocol._enqueue (/Users/yixin/Desktop/workshop/cms/node_modules/mysql/lib/protocol/Protocol.js:144:48)
    at PoolConnection.query (/Users/yixin/Desktop/workshop/cms/node_modules/mysql/lib/Connection.js:200:25)
    at /Users/yixin/Desktop/workshop/cms/server/utils/DB.js:43:18
    at Handshake.onConnect (/Users/yixin/Desktop/workshop/cms/node_modules/mysql/lib/Pool.js:64:7)
    at Handshake.<anonymous> (/Users/yixin/Desktop/workshop/cms/node_modules/mysql/lib/Connection.js:502:10)
    at Handshake._callback (/Users/yixin/Desktop/workshop/cms/node_modules/mysql/lib/Connection.js:468:16)
    at Handshake.Sequence.end (/Users/yixin/Desktop/workshop/cms/node_modules/mysql/lib/protocol/sequences/Sequence.js:83:24)
    at Handshake.Sequence.OkPacket (/Users/yixin/Desktop/workshop/cms/node_modules/mysql/lib/protocol/sequences/Sequence.js:92:8)
    at Protocol._parsePacket (/Users/yixin/Desktop/workshop/cms/node_modules/mysql/lib/protocol/Protocol.js:278:23)
    at Parser.write (/Users/yixin/Desktop/workshop/cms/node_modules/mysql/lib/protocol/Parser.js:76:12)
  code: 'ER_BAD_FIELD_ERROR',
  errno: 1054,
  sqlMessage: 'Unknown column \'undefined\' in \'where clause\'',
  sqlState: '42S22',
  index: 0,
  sql: 'select * from m_page where id = undefined' }
[2018-09-07T16:07:38.684] [INFO] dao.baseDao - query-ById:m_page,id:undefined
[2018-09-07T16:07:38.859] [ERROR] dao.baseDao - { Error: ER_BAD_FIELD_ERROR: Unknown column 'undefined' in 'where clause'
    at Query.Sequence._packetToError (/Users/yixin/Desktop/workshop/cms/node_modules/mysql/lib/protocol/sequences/Sequence.js:47:14)
    at Query.ErrorPacket (/Users/yixin/Desktop/workshop/cms/node_modules/mysql/lib/protocol/sequences/Query.js:77:18)
    at Protocol._parsePacket (/Users/yixin/Desktop/workshop/cms/node_modules/mysql/lib/protocol/Protocol.js:278:23)
    at Parser.write (/Users/yixin/Desktop/workshop/cms/node_modules/mysql/lib/protocol/Parser.js:76:12)
    at Protocol.write (/Users/yixin/Desktop/workshop/cms/node_modules/mysql/lib/protocol/Protocol.js:38:16)
    at Socket.<anonymous> (/Users/yixin/Desktop/workshop/cms/node_modules/mysql/lib/Connection.js:91:28)
    at Socket.<anonymous> (/Users/yixin/Desktop/workshop/cms/node_modules/mysql/lib/Connection.js:502:10)
    at Socket.emit (events.js:180:13)
    at addChunk (_stream_readable.js:274:12)
    at readableAddChunk (_stream_readable.js:261:11)
    --------------------
    at Protocol._enqueue (/Users/yixin/Desktop/workshop/cms/node_modules/mysql/lib/protocol/Protocol.js:144:48)
    at PoolConnection.query (/Users/yixin/Desktop/workshop/cms/node_modules/mysql/lib/Connection.js:200:25)
    at /Users/yixin/Desktop/workshop/cms/server/utils/DB.js:43:18
    at Handshake.onConnect (/Users/yixin/Desktop/workshop/cms/node_modules/mysql/lib/Pool.js:64:7)
    at Handshake.<anonymous> (/Users/yixin/Desktop/workshop/cms/node_modules/mysql/lib/Connection.js:502:10)
    at Handshake._callback (/Users/yixin/Desktop/workshop/cms/node_modules/mysql/lib/Connection.js:468:16)
    at Handshake.Sequence.end (/Users/yixin/Desktop/workshop/cms/node_modules/mysql/lib/protocol/sequences/Sequence.js:83:24)
    at Handshake.Sequence.OkPacket (/Users/yixin/Desktop/workshop/cms/node_modules/mysql/lib/protocol/sequences/Sequence.js:92:8)
    at Protocol._parsePacket (/Users/yixin/Desktop/workshop/cms/node_modules/mysql/lib/protocol/Protocol.js:278:23)
    at Parser.write (/Users/yixin/Desktop/workshop/cms/node_modules/mysql/lib/protocol/Parser.js:76:12)
  code: 'ER_BAD_FIELD_ERROR',
  errno: 1054,
  sqlMessage: 'Unknown column \'undefined\' in \'where clause\'',
  sqlState: '42S22',
  index: 0,
  sql: 'select * from m_page where id = undefined' }
[2018-09-07T16:09:38.820] [INFO] dao.baseDao - query-ById:m_page,id:undefined
[2018-09-07T16:09:38.835] [ERROR] dao.baseDao - { Error: ER_BAD_FIELD_ERROR: Unknown column 'undefined' in 'where clause'
    at Query.Sequence._packetToError (/Users/yixin/Desktop/workshop/cms/node_modules/mysql/lib/protocol/sequences/Sequence.js:47:14)
    at Query.ErrorPacket (/Users/yixin/Desktop/workshop/cms/node_modules/mysql/lib/protocol/sequences/Query.js:77:18)
    at Protocol._parsePacket (/Users/yixin/Desktop/workshop/cms/node_modules/mysql/lib/protocol/Protocol.js:278:23)
    at Parser.write (/Users/yixin/Desktop/workshop/cms/node_modules/mysql/lib/protocol/Parser.js:76:12)
    at Protocol.write (/Users/yixin/Desktop/workshop/cms/node_modules/mysql/lib/protocol/Protocol.js:38:16)
    at Socket.<anonymous> (/Users/yixin/Desktop/workshop/cms/node_modules/mysql/lib/Connection.js:91:28)
    at Socket.<anonymous> (/Users/yixin/Desktop/workshop/cms/node_modules/mysql/lib/Connection.js:502:10)
    at Socket.emit (events.js:180:13)
    at addChunk (_stream_readable.js:274:12)
    at readableAddChunk (_stream_readable.js:261:11)
    --------------------
    at Protocol._enqueue (/Users/yixin/Desktop/workshop/cms/node_modules/mysql/lib/protocol/Protocol.js:144:48)
    at PoolConnection.query (/Users/yixin/Desktop/workshop/cms/node_modules/mysql/lib/Connection.js:200:25)
    at /Users/yixin/Desktop/workshop/cms/server/utils/DB.js:43:18
    at Ping.onOperationComplete (/Users/yixin/Desktop/workshop/cms/node_modules/mysql/lib/Pool.js:110:5)
    at Ping.<anonymous> (/Users/yixin/Desktop/workshop/cms/node_modules/mysql/lib/Connection.js:502:10)
    at Ping._callback (/Users/yixin/Desktop/workshop/cms/node_modules/mysql/lib/Connection.js:468:16)
    at Ping.Sequence.end (/Users/yixin/Desktop/workshop/cms/node_modules/mysql/lib/protocol/sequences/Sequence.js:83:24)
    at Ping.Sequence.OkPacket (/Users/yixin/Desktop/workshop/cms/node_modules/mysql/lib/protocol/sequences/Sequence.js:92:8)
    at Protocol._parsePacket (/Users/yixin/Desktop/workshop/cms/node_modules/mysql/lib/protocol/Protocol.js:278:23)
    at Parser.write (/Users/yixin/Desktop/workshop/cms/node_modules/mysql/lib/protocol/Parser.js:76:12)
  code: 'ER_BAD_FIELD_ERROR',
  errno: 1054,
  sqlMessage: 'Unknown column \'undefined\' in \'where clause\'',
  sqlState: '42S22',
  index: 0,
  sql: 'select * from m_page where id = undefined' }
[2018-09-07T16:16:07.931] [INFO] dao.baseDao - query-ById:m_page,id:undefined
[2018-09-07T16:16:07.942] [ERROR] dao.baseDao - { Error: ER_BAD_FIELD_ERROR: Unknown column 'undefined' in 'where clause'
    at Query.Sequence._packetToError (/Users/yixin/Desktop/workshop/cms/node_modules/mysql/lib/protocol/sequences/Sequence.js:47:14)
    at Query.ErrorPacket (/Users/yixin/Desktop/workshop/cms/node_modules/mysql/lib/protocol/sequences/Query.js:77:18)
    at Protocol._parsePacket (/Users/yixin/Desktop/workshop/cms/node_modules/mysql/lib/protocol/Protocol.js:278:23)
    at Parser.write (/Users/yixin/Desktop/workshop/cms/node_modules/mysql/lib/protocol/Parser.js:76:12)
    at Protocol.write (/Users/yixin/Desktop/workshop/cms/node_modules/mysql/lib/protocol/Protocol.js:38:16)
    at Socket.<anonymous> (/Users/yixin/Desktop/workshop/cms/node_modules/mysql/lib/Connection.js:91:28)
    at Socket.<anonymous> (/Users/yixin/Desktop/workshop/cms/node_modules/mysql/lib/Connection.js:502:10)
    at Socket.emit (events.js:180:13)
    at addChunk (_stream_readable.js:274:12)
    at readableAddChunk (_stream_readable.js:261:11)
    --------------------
    at Protocol._enqueue (/Users/yixin/Desktop/workshop/cms/node_modules/mysql/lib/protocol/Protocol.js:144:48)
    at PoolConnection.query (/Users/yixin/Desktop/workshop/cms/node_modules/mysql/lib/Connection.js:200:25)
    at /Users/yixin/Desktop/workshop/cms/server/utils/DB.js:43:18
    at Ping.onOperationComplete (/Users/yixin/Desktop/workshop/cms/node_modules/mysql/lib/Pool.js:110:5)
    at Ping.<anonymous> (/Users/yixin/Desktop/workshop/cms/node_modules/mysql/lib/Connection.js:502:10)
    at Ping._callback (/Users/yixin/Desktop/workshop/cms/node_modules/mysql/lib/Connection.js:468:16)
    at Ping.Sequence.end (/Users/yixin/Desktop/workshop/cms/node_modules/mysql/lib/protocol/sequences/Sequence.js:83:24)
    at Ping.Sequence.OkPacket (/Users/yixin/Desktop/workshop/cms/node_modules/mysql/lib/protocol/sequences/Sequence.js:92:8)
    at Protocol._parsePacket (/Users/yixin/Desktop/workshop/cms/node_modules/mysql/lib/protocol/Protocol.js:278:23)
    at Parser.write (/Users/yixin/Desktop/workshop/cms/node_modules/mysql/lib/protocol/Parser.js:76:12)
  code: 'ER_BAD_FIELD_ERROR',
  errno: 1054,
  sqlMessage: 'Unknown column \'undefined\' in \'where clause\'',
  sqlState: '42S22',
  index: 0,
  sql: 'select * from m_page where id = undefined' }
[2018-09-07T16:18:07.920] [INFO] dao.baseDao - query-all:m_datasource
[2018-09-07T16:18:08.124] [INFO] dao.baseDao - show-table-info:course
[2018-09-07T16:18:08.142] [INFO] dao.baseDao - show-table-info:user
[2018-09-07T16:18:08.154] [INFO] dao.baseDao - show-table-info:userInfo
[2018-09-07T16:18:08.253] [INFO] dao.baseDao - query-all:course
[2018-09-07T16:18:22.068] [INFO] dao.baseDao - query-all:course
[2018-09-07T16:19:29.071] [INFO] dao.baseDao - query-all:course
[2018-09-07T16:20:55.392] [INFO] dao.baseDao - query-ById:m_page,id:6
[2018-09-07T16:21:24.030] [INFO] dao.baseDao - query-ById:m_page,id:6
[2018-09-07T16:24:16.879] [INFO] dao.baseDao - query-ById:m_page,id:6
[2018-09-07T16:24:48.188] [INFO] dao.baseDao - query-ById:m_page,id:6
[2018-09-07T16:24:49.155] [INFO] dao.baseDao - query-all:m_datasource
[2018-09-07T16:24:49.188] [INFO] dao.baseDao - show-table-info:course
[2018-09-07T16:24:49.194] [INFO] dao.baseDao - show-table-info:user
[2018-09-07T16:24:49.209] [INFO] dao.baseDao - show-table-info:userInfo
[2018-09-07T16:24:49.267] [INFO] dao.baseDao - query-all:course
[2018-09-07T16:24:53.003] [INFO] dao.baseDao - query-ById:m_page,id:6
[2018-09-07T16:24:53.341] [INFO] dao.baseDao - query-all:course
[2018-09-07T18:54:47.136] [INFO] dao.baseDao - show-table-info:group_role_relation
[2018-09-07T18:54:47.141] [INFO] dao.baseDao - show-table-info:group_role_relation
[2018-09-07T18:54:47.177] [INFO] dao.baseDao - show-table-info:m_component_props
[2018-09-07T18:54:47.187] [INFO] dao.baseDao - show-table-info:m_component_props
[2018-09-07T18:54:47.193] [INFO] dao.baseDao - show-table-info:m_components
[2018-09-07T18:54:47.209] [INFO] dao.baseDao - show-table-info:m_datasource
[2018-09-07T18:54:47.211] [INFO] dao.baseDao - show-table-info:m_components
[2018-09-07T18:54:47.219] [INFO] dao.baseDao - show-table-info:m_datasource
[2018-09-07T18:54:47.236] [INFO] dao.baseDao - show-table-info:m_fields
[2018-09-07T18:54:47.278] [INFO] dao.baseDao - show-table-info:m_fields
[2018-09-07T18:54:47.296] [INFO] dao.baseDao - show-table-info:m_model_fields
[2018-09-07T18:54:47.300] [INFO] dao.baseDao - show-table-info:m_model_fields
[2018-09-07T18:54:47.308] [INFO] dao.baseDao - show-table-info:m_models
[2018-09-07T18:54:47.311] [INFO] dao.baseDao - show-table-info:m_page
[2018-09-07T18:54:47.314] [INFO] dao.baseDao - show-table-info:m_models
[2018-09-07T18:54:47.392] [INFO] dao.baseDao - show-table-info:m_page
[2018-09-07T18:54:47.419] [INFO] dao.baseDao - show-table-info:m_page_actions
[2018-09-07T18:54:47.446] [INFO] dao.baseDao - show-table-info:m_page_actions
[2018-09-07T18:54:47.452] [INFO] dao.baseDao - show-table-info:m_systems
[2018-09-07T18:54:47.453] [INFO] dao.baseDao - show-table-info:m_systems
[2018-09-07T18:54:47.460] [INFO] dao.baseDao - show-table-info:m_theme
[2018-09-07T18:54:47.489] [INFO] dao.baseDao - show-table-info:m_theme
[2018-09-07T18:54:47.492] [INFO] dao.baseDao - show-table-info:roles
[2018-09-07T18:54:47.566] [INFO] dao.baseDao - show-table-info:test2
[2018-09-07T18:54:47.572] [INFO] dao.baseDao - show-table-info:roles
[2018-09-07T18:54:47.576] [INFO] dao.baseDao - show-table-info:test3
[2018-09-07T18:54:47.577] [INFO] dao.baseDao - show-table-info:test2
[2018-09-07T18:54:47.581] [INFO] dao.baseDao - show-table-info:test3
[2018-09-07T18:54:47.582] [INFO] dao.baseDao - show-table-info:testTable
[2018-09-07T18:54:47.584] [INFO] dao.baseDao - show-table-info:user_group
[2018-09-07T18:54:47.585] [INFO] dao.baseDao - show-table-info:testTable
[2018-09-07T18:54:47.588] [INFO] dao.baseDao - show-table-info:user_group_relation
[2018-09-07T18:54:47.591] [INFO] dao.baseDao - show-table-info:user_group
[2018-09-07T18:54:47.593] [INFO] dao.baseDao - show-table-info:user_group_relation
[2018-09-07T18:54:47.594] [INFO] dao.baseDao - show-table-info:users
[2018-09-07T18:54:47.597] [INFO] dao.baseDao - show-table-info:users
[2018-09-07T18:54:47.825] [INFO] dao.baseDao - query-all:m_components
[2018-09-07T18:54:47.883] [INFO] dao.baseDao - query-all:m_component_props
[2018-09-07T18:54:47.902] [INFO] dao.baseDao - query-all:m_component_props
[2018-09-07T18:54:47.905] [INFO] dao.baseDao - query-all:m_component_props
[2018-09-07T18:54:47.905] [INFO] dao.baseDao - query-all:m_component_props
[2018-09-07T18:54:47.906] [INFO] dao.baseDao - query-all:m_component_props
[2018-09-07T18:54:47.909] [INFO] dao.baseDao - query-all:m_component_props
[2018-09-07T18:54:47.910] [INFO] dao.baseDao - query-all:m_component_props
[2018-09-07T18:54:48.171] [INFO] dao.baseDao - query-ById:m_page,id:6
[2018-09-07T18:54:48.406] [INFO] dao.baseDao - query-all:m_datasource
[2018-09-07T18:54:48.415] [INFO] dao.baseDao - show-table-info:course
[2018-09-07T18:54:48.418] [INFO] dao.baseDao - show-table-info:user
[2018-09-07T18:54:48.421] [INFO] dao.baseDao - show-table-info:userInfo
[2018-09-07T18:54:48.443] [INFO] dao.baseDao - query-all:course
[2018-09-07T18:55:45.607] [INFO] dao.baseDao - query-all:m_components
[2018-09-07T18:55:45.621] [INFO] dao.baseDao - query-ById:m_page,id:6
[2018-09-07T18:55:45.639] [INFO] dao.baseDao - query-all:m_component_props
[2018-09-07T18:55:45.642] [INFO] dao.baseDao - query-all:m_component_props
[2018-09-07T18:55:45.643] [INFO] dao.baseDao - query-all:m_component_props
[2018-09-07T18:55:45.644] [INFO] dao.baseDao - query-all:m_component_props
[2018-09-07T18:55:45.650] [INFO] dao.baseDao - query-all:m_component_props
[2018-09-07T18:55:45.651] [INFO] dao.baseDao - query-all:m_component_props
[2018-09-07T18:55:45.651] [INFO] dao.baseDao - query-all:m_component_props
[2018-09-07T18:55:46.739] [INFO] dao.baseDao - query-all:course
[2018-09-07T18:56:56.406] [INFO] dao.baseDao - query-all:m_components
[2018-09-07T18:56:56.414] [INFO] dao.baseDao - query-ById:m_page,id:6
[2018-09-07T18:56:56.450] [INFO] dao.baseDao - query-all:m_component_props
[2018-09-07T18:56:56.451] [INFO] dao.baseDao - query-all:m_component_props
[2018-09-07T18:56:56.452] [INFO] dao.baseDao - query-all:m_component_props
[2018-09-07T18:56:56.452] [INFO] dao.baseDao - query-all:m_component_props
[2018-09-07T18:56:56.453] [INFO] dao.baseDao - query-all:m_component_props
[2018-09-07T18:56:56.453] [INFO] dao.baseDao - query-all:m_component_props
[2018-09-07T18:56:56.453] [INFO] dao.baseDao - query-all:m_component_props
[2018-09-07T18:56:57.500] [INFO] dao.baseDao - query-all:course
[2018-09-07T18:57:03.380] [INFO] dao.baseDao - query-all:m_components
[2018-09-07T18:57:03.384] [INFO] dao.baseDao - query-ById:m_page,id:6
[2018-09-07T18:57:03.388] [INFO] dao.baseDao - query-all:m_component_props
[2018-09-07T18:57:03.389] [INFO] dao.baseDao - query-all:m_component_props
[2018-09-07T18:57:03.389] [INFO] dao.baseDao - query-all:m_component_props
[2018-09-07T18:57:03.390] [INFO] dao.baseDao - query-all:m_component_props
[2018-09-07T18:57:03.390] [INFO] dao.baseDao - query-all:m_component_props
[2018-09-07T18:57:03.391] [INFO] dao.baseDao - query-all:m_component_props
[2018-09-07T18:57:03.391] [INFO] dao.baseDao - query-all:m_component_props
[2018-09-07T18:57:04.117] [INFO] dao.baseDao - query-all:course
[2018-09-07T18:57:55.820] [INFO] dao.baseDao - query-all:course
[2018-09-07T19:06:18.883] [INFO] dao.baseDao - query-all:course
[2018-09-07T19:38:01.081] [INFO] dao.baseDao - query-all:course
[2018-09-07T19:45:20.327] [INFO] dao.baseDao - query-all:course
[2018-09-07T22:22:23.636] [INFO] dao.baseDao - show-table-info:group_role_relation
[2018-09-07T22:22:23.670] [INFO] dao.baseDao - show-table-info:m_component_props
[2018-09-07T22:22:23.676] [INFO] dao.baseDao - show-table-info:m_components
[2018-09-07T22:22:23.678] [INFO] dao.baseDao - show-table-info:m_datasource
[2018-09-07T22:22:23.681] [INFO] dao.baseDao - show-table-info:m_fields
[2018-09-07T22:22:23.686] [INFO] dao.baseDao - show-table-info:m_model_fields
[2018-09-07T22:22:23.689] [INFO] dao.baseDao - show-table-info:m_models
[2018-09-07T22:22:23.691] [INFO] dao.baseDao - show-table-info:m_page
[2018-09-07T22:22:23.695] [INFO] dao.baseDao - show-table-info:m_page_actions
[2018-09-07T22:22:23.697] [INFO] dao.baseDao - show-table-info:m_systems
[2018-09-07T22:22:23.699] [INFO] dao.baseDao - show-table-info:m_theme
[2018-09-07T22:22:23.702] [INFO] dao.baseDao - show-table-info:roles
[2018-09-07T22:22:23.706] [INFO] dao.baseDao - show-table-info:test2
[2018-09-07T22:22:23.707] [INFO] dao.baseDao - show-table-info:test3
[2018-09-07T22:22:23.709] [INFO] dao.baseDao - show-table-info:testTable
[2018-09-07T22:22:23.712] [INFO] dao.baseDao - show-table-info:user_group
[2018-09-07T22:22:23.713] [INFO] dao.baseDao - show-table-info:user_group_relation
[2018-09-07T22:22:23.715] [INFO] dao.baseDao - show-table-info:users
[2018-09-07T22:23:47.429] [INFO] dao.baseDao - query-all:m_datasource
[2018-09-07T22:23:47.471] [INFO] dao.baseDao - show-table-info:course
[2018-09-07T22:23:47.520] [INFO] dao.baseDao - show-table-info:user
[2018-09-07T22:23:47.527] [INFO] dao.baseDao - show-table-info:userInfo
[2018-09-07T22:23:58.111] [INFO] dao.baseDao - show-table-info:group_role_relation
[2018-09-07T22:23:58.114] [INFO] dao.baseDao - show-table-info:m_component_props
[2018-09-07T22:23:58.128] [INFO] dao.baseDao - show-table-info:m_components
[2018-09-07T22:23:58.135] [INFO] dao.baseDao - show-table-info:m_datasource
[2018-09-07T22:23:58.144] [INFO] dao.baseDao - show-table-info:m_fields
[2018-09-07T22:23:58.156] [INFO] dao.baseDao - show-table-info:m_model_fields
[2018-09-07T22:23:58.166] [INFO] dao.baseDao - show-table-info:m_models
[2018-09-07T22:23:58.178] [INFO] dao.baseDao - show-table-info:m_page
[2018-09-07T22:23:58.182] [INFO] dao.baseDao - show-table-info:m_page_actions
[2018-09-07T22:23:58.191] [INFO] dao.baseDao - show-table-info:m_systems
[2018-09-07T22:23:58.194] [INFO] dao.baseDao - show-table-info:m_theme
[2018-09-07T22:23:58.200] [INFO] dao.baseDao - show-table-info:roles
[2018-09-07T22:23:58.205] [INFO] dao.baseDao - show-table-info:test2
[2018-09-07T22:23:58.207] [INFO] dao.baseDao - show-table-info:test3
[2018-09-07T22:23:58.209] [INFO] dao.baseDao - show-table-info:testTable
[2018-09-07T22:23:58.212] [INFO] dao.baseDao - show-table-info:user_group
[2018-09-07T22:23:58.216] [INFO] dao.baseDao - show-table-info:user_group_relation
[2018-09-07T22:23:58.222] [INFO] dao.baseDao - show-table-info:users
[2018-09-07T22:30:49.297] [INFO] dao.baseDao - query-all:m_datasource
[2018-09-07T22:30:49.319] [INFO] dao.baseDao - show-table-info:course
[2018-09-07T22:30:49.329] [INFO] dao.baseDao - show-table-info:user
[2018-09-07T22:30:49.337] [INFO] dao.baseDao - show-table-info:userInfo
[2018-09-07T22:31:07.982] [INFO] dao.baseDao - show-table-info:group_role_relation
[2018-09-07T22:31:07.985] [INFO] dao.baseDao - show-table-info:m_component_props
[2018-09-07T22:31:07.990] [INFO] dao.baseDao - show-table-info:m_components
[2018-09-07T22:31:08.003] [INFO] dao.baseDao - show-table-info:m_datasource
[2018-09-07T22:31:08.013] [INFO] dao.baseDao - show-table-info:m_fields
[2018-09-07T22:31:08.029] [INFO] dao.baseDao - show-table-info:m_model_fields
[2018-09-07T22:31:08.039] [INFO] dao.baseDao - show-table-info:m_models
[2018-09-07T22:31:08.041] [INFO] dao.baseDao - show-table-info:m_page
[2018-09-07T22:31:08.042] [INFO] dao.baseDao - show-table-info:group_role_relation
[2018-09-07T22:31:08.045] [INFO] dao.baseDao - show-table-info:m_page_actions
[2018-09-07T22:31:08.049] [INFO] dao.baseDao - show-table-info:m_component_props
[2018-09-07T22:31:08.051] [INFO] dao.baseDao - show-table-info:m_systems
[2018-09-07T22:31:08.053] [INFO] dao.baseDao - show-table-info:m_theme
[2018-09-07T22:31:08.055] [INFO] dao.baseDao - show-table-info:m_components
[2018-09-07T22:31:08.063] [INFO] dao.baseDao - show-table-info:m_datasource
[2018-09-07T22:31:08.064] [INFO] dao.baseDao - show-table-info:roles
[2018-09-07T22:31:08.067] [INFO] dao.baseDao - show-table-info:m_fields
[2018-09-07T22:31:08.069] [INFO] dao.baseDao - show-table-info:test2
[2018-09-07T22:31:08.073] [INFO] dao.baseDao - show-table-info:m_model_fields
[2018-09-07T22:31:08.083] [INFO] dao.baseDao - show-table-info:test3
[2018-09-07T22:31:08.086] [INFO] dao.baseDao - show-table-info:m_models
[2018-09-07T22:31:08.093] [INFO] dao.baseDao - show-table-info:testTable
[2018-09-07T22:31:08.109] [INFO] dao.baseDao - show-table-info:user_group
[2018-09-07T22:31:08.122] [INFO] dao.baseDao - show-table-info:m_page
[2018-09-07T22:31:08.125] [INFO] dao.baseDao - show-table-info:user_group_relation
[2018-09-07T22:31:08.136] [INFO] dao.baseDao - show-table-info:m_page_actions
[2018-09-07T22:31:08.147] [INFO] dao.baseDao - show-table-info:users
[2018-09-07T22:31:08.163] [INFO] dao.baseDao - show-table-info:m_systems
[2018-09-07T22:31:08.246] [INFO] dao.baseDao - show-table-info:m_theme
[2018-09-07T22:31:08.292] [INFO] dao.baseDao - show-table-info:roles
[2018-09-07T22:31:08.294] [INFO] dao.baseDao - show-table-info:test2
[2018-09-07T22:31:08.297] [INFO] dao.baseDao - show-table-info:test3
[2018-09-07T22:31:08.299] [INFO] dao.baseDao - show-table-info:testTable
[2018-09-07T22:31:08.302] [INFO] dao.baseDao - show-table-info:user_group
[2018-09-07T22:31:08.305] [INFO] dao.baseDao - show-table-info:user_group_relation
[2018-09-07T22:31:08.307] [INFO] dao.baseDao - show-table-info:users
[2018-09-07T22:31:09.040] [INFO] dao.baseDao - query-all:m_datasource
[2018-09-07T22:31:09.050] [INFO] dao.baseDao - show-table-info:course
[2018-09-07T22:31:09.059] [INFO] dao.baseDao - show-table-info:user
[2018-09-07T22:31:09.061] [INFO] dao.baseDao - show-table-info:userInfo
[2018-09-07T22:31:39.499] [INFO] dao.baseDao - show-table-info:group_role_relation
[2018-09-07T22:31:39.501] [INFO] dao.baseDao - show-table-info:m_component_props
[2018-09-07T22:31:39.507] [INFO] dao.baseDao - show-table-info:m_components
[2018-09-07T22:31:39.510] [INFO] dao.baseDao - show-table-info:m_datasource
[2018-09-07T22:31:39.512] [INFO] dao.baseDao - show-table-info:m_fields
[2018-09-07T22:31:39.514] [INFO] dao.baseDao - show-table-info:m_model_fields
[2018-09-07T22:31:39.516] [INFO] dao.baseDao - show-table-info:m_models
[2018-09-07T22:31:39.519] [INFO] dao.baseDao - show-table-info:m_page
[2018-09-07T22:31:39.521] [INFO] dao.baseDao - show-table-info:m_page_actions
[2018-09-07T22:31:39.525] [INFO] dao.baseDao - show-table-info:m_systems
[2018-09-07T22:31:39.550] [INFO] dao.baseDao - show-table-info:m_theme
[2018-09-07T22:31:39.574] [INFO] dao.baseDao - show-table-info:group_role_relation
[2018-09-07T22:31:39.590] [INFO] dao.baseDao - show-table-info:roles
[2018-09-07T22:31:39.598] [INFO] dao.baseDao - show-table-info:m_component_props
[2018-09-07T22:31:39.608] [INFO] dao.baseDao - show-table-info:test2
[2018-09-07T22:31:39.617] [INFO] dao.baseDao - show-table-info:m_components
[2018-09-07T22:31:39.620] [INFO] dao.baseDao - show-table-info:test3
[2018-09-07T22:31:39.623] [INFO] dao.baseDao - show-table-info:m_datasource
[2018-09-07T22:31:39.626] [INFO] dao.baseDao - show-table-info:testTable
[2018-09-07T22:31:39.627] [INFO] dao.baseDao - show-table-info:m_fields
[2018-09-07T22:31:39.629] [INFO] dao.baseDao - show-table-info:user_group
[2018-09-07T22:31:39.630] [INFO] dao.baseDao - show-table-info:m_model_fields
[2018-09-07T22:31:39.632] [INFO] dao.baseDao - show-table-info:m_models
[2018-09-07T22:31:39.636] [INFO] dao.baseDao - show-table-info:user_group_relation
[2018-09-07T22:31:39.637] [INFO] dao.baseDao - show-table-info:m_page
[2018-09-07T22:31:39.639] [INFO] dao.baseDao - show-table-info:users
[2018-09-07T22:31:39.640] [INFO] dao.baseDao - show-table-info:m_page_actions
[2018-09-07T22:31:39.642] [INFO] dao.baseDao - show-table-info:m_systems
[2018-09-07T22:31:39.679] [INFO] dao.baseDao - show-table-info:m_theme
[2018-09-07T22:31:39.685] [INFO] dao.baseDao - show-table-info:roles
[2018-09-07T22:31:39.694] [INFO] dao.baseDao - show-table-info:test2
[2018-09-07T22:31:39.709] [INFO] dao.baseDao - show-table-info:test3
[2018-09-07T22:31:39.713] [INFO] dao.baseDao - show-table-info:testTable
[2018-09-07T22:31:39.715] [INFO] dao.baseDao - show-table-info:user_group
[2018-09-07T22:31:39.717] [INFO] dao.baseDao - show-table-info:user_group_relation
[2018-09-07T22:31:39.719] [INFO] dao.baseDao - show-table-info:users
[2018-09-07T22:31:40.505] [INFO] dao.baseDao - query-all:m_datasource
[2018-09-07T22:31:40.508] [INFO] dao.baseDao - show-table-info:course
[2018-09-07T22:31:40.510] [INFO] dao.baseDao - show-table-info:user
[2018-09-07T22:31:40.512] [INFO] dao.baseDao - show-table-info:userInfo
[2018-09-07T22:32:15.622] [INFO] dao.baseDao - show-table-info:group_role_relation
[2018-09-07T22:32:15.624] [INFO] dao.baseDao - show-table-info:m_component_props
[2018-09-07T22:32:15.626] [INFO] dao.baseDao - show-table-info:m_components
[2018-09-07T22:32:15.631] [INFO] dao.baseDao - show-table-info:m_datasource
[2018-09-07T22:32:15.636] [INFO] dao.baseDao - show-table-info:m_fields
[2018-09-07T22:32:15.640] [INFO] dao.baseDao - show-table-info:m_model_fields
[2018-09-07T22:32:15.643] [INFO] dao.baseDao - show-table-info:m_models
[2018-09-07T22:32:15.651] [INFO] dao.baseDao - show-table-info:m_page
[2018-09-07T22:32:15.653] [INFO] dao.baseDao - show-table-info:m_page_actions
[2018-09-07T22:32:15.655] [INFO] dao.baseDao - show-table-info:m_systems
[2018-09-07T22:32:15.657] [INFO] dao.baseDao - show-table-info:m_theme
[2018-09-07T22:32:15.661] [INFO] dao.baseDao - show-table-info:roles
[2018-09-07T22:32:15.665] [INFO] dao.baseDao - show-table-info:test2
[2018-09-07T22:32:15.668] [INFO] dao.baseDao - show-table-info:test3
[2018-09-07T22:32:15.672] [INFO] dao.baseDao - show-table-info:testTable
[2018-09-07T22:32:15.676] [INFO] dao.baseDao - show-table-info:user_group
[2018-09-07T22:32:15.677] [INFO] dao.baseDao - show-table-info:user_group_relation
[2018-09-07T22:32:15.682] [INFO] dao.baseDao - show-table-info:users
[2018-09-07T22:32:26.461] [INFO] dao.baseDao - show-table-info:group_role_relation
[2018-09-07T22:32:26.473] [INFO] dao.baseDao - show-table-info:m_component_props
[2018-09-07T22:32:26.487] [INFO] dao.baseDao - show-table-info:m_components
[2018-09-07T22:32:26.490] [INFO] dao.baseDao - show-table-info:m_datasource
[2018-09-07T22:32:26.499] [INFO] dao.baseDao - show-table-info:m_fields
[2018-09-07T22:32:26.504] [INFO] dao.baseDao - show-table-info:m_model_fields
[2018-09-07T22:32:26.512] [INFO] dao.baseDao - show-table-info:m_models
[2018-09-07T22:32:26.516] [INFO] dao.baseDao - show-table-info:m_page
[2018-09-07T22:32:26.521] [INFO] dao.baseDao - show-table-info:m_page_actions
[2018-09-07T22:32:26.527] [INFO] dao.baseDao - show-table-info:m_systems
[2018-09-07T22:32:26.531] [INFO] dao.baseDao - show-table-info:m_theme
[2018-09-07T22:32:26.534] [INFO] dao.baseDao - show-table-info:roles
[2018-09-07T22:32:26.537] [INFO] dao.baseDao - show-table-info:test2
[2018-09-07T22:32:26.540] [INFO] dao.baseDao - show-table-info:test3
[2018-09-07T22:32:26.543] [INFO] dao.baseDao - show-table-info:testTable
[2018-09-07T22:32:26.545] [INFO] dao.baseDao - show-table-info:user_group
[2018-09-07T22:32:26.551] [INFO] dao.baseDao - show-table-info:user_group_relation
[2018-09-07T22:32:26.554] [INFO] dao.baseDao - show-table-info:users
[2018-09-07T22:32:49.667] [INFO] dao.baseDao - show-table-info:group_role_relation
[2018-09-07T22:32:49.676] [INFO] dao.baseDao - show-table-info:m_component_props
[2018-09-07T22:32:49.680] [INFO] dao.baseDao - show-table-info:m_components
[2018-09-07T22:32:49.682] [INFO] dao.baseDao - show-table-info:m_datasource
[2018-09-07T22:32:49.685] [INFO] dao.baseDao - show-table-info:m_fields
[2018-09-07T22:32:49.688] [INFO] dao.baseDao - show-table-info:m_model_fields
[2018-09-07T22:32:49.691] [INFO] dao.baseDao - show-table-info:m_models
[2018-09-07T22:32:49.696] [INFO] dao.baseDao - show-table-info:m_page
[2018-09-07T22:32:49.708] [INFO] dao.baseDao - show-table-info:m_page_actions
[2018-09-07T22:32:49.710] [INFO] dao.baseDao - show-table-info:m_systems
[2018-09-07T22:32:49.713] [INFO] dao.baseDao - show-table-info:m_theme
[2018-09-07T22:32:49.717] [INFO] dao.baseDao - show-table-info:roles
[2018-09-07T22:32:49.719] [INFO] dao.baseDao - show-table-info:test2
[2018-09-07T22:32:49.724] [INFO] dao.baseDao - show-table-info:test3
[2018-09-07T22:32:49.727] [INFO] dao.baseDao - show-table-info:testTable
[2018-09-07T22:32:49.730] [INFO] dao.baseDao - show-table-info:user_group
[2018-09-07T22:32:49.733] [INFO] dao.baseDao - show-table-info:user_group_relation
[2018-09-07T22:32:49.737] [INFO] dao.baseDao - show-table-info:users
[2018-09-07T22:34:32.676] [INFO] dao.baseDao - query-all:m_datasource
[2018-09-07T22:34:32.780] [INFO] dao.baseDao - show-table-info:course
[2018-09-07T22:34:32.784] [INFO] dao.baseDao - show-table-info:user
[2018-09-07T22:34:32.785] [INFO] dao.baseDao - show-table-info:userInfo
[2018-09-07T22:34:37.988] [INFO] dao.baseDao - show-table-info:group_role_relation
[2018-09-07T22:34:37.993] [INFO] dao.baseDao - show-table-info:m_component_props
[2018-09-07T22:34:38.007] [INFO] dao.baseDao - show-table-info:m_components
[2018-09-07T22:34:38.011] [INFO] dao.baseDao - show-table-info:m_datasource
[2018-09-07T22:34:38.027] [INFO] dao.baseDao - show-table-info:m_fields
[2018-09-07T22:34:38.030] [INFO] dao.baseDao - show-table-info:m_model_fields
[2018-09-07T22:34:38.035] [INFO] dao.baseDao - show-table-info:m_models
[2018-09-07T22:34:38.049] [INFO] dao.baseDao - show-table-info:m_page
[2018-09-07T22:34:38.057] [INFO] dao.baseDao - show-table-info:m_page_actions
[2018-09-07T22:34:38.076] [INFO] dao.baseDao - show-table-info:m_systems
[2018-09-07T22:34:38.081] [INFO] dao.baseDao - show-table-info:m_theme
[2018-09-07T22:34:38.085] [INFO] dao.baseDao - show-table-info:roles
[2018-09-07T22:34:38.087] [INFO] dao.baseDao - show-table-info:test2
[2018-09-07T22:34:38.092] [INFO] dao.baseDao - show-table-info:test3
[2018-09-07T22:34:38.094] [INFO] dao.baseDao - show-table-info:testTable
[2018-09-07T22:34:38.096] [INFO] dao.baseDao - show-table-info:user_group
[2018-09-07T22:34:38.099] [INFO] dao.baseDao - show-table-info:user_group_relation
[2018-09-07T22:34:38.103] [INFO] dao.baseDao - show-table-info:users
[2018-09-07T22:34:38.212] [INFO] dao.baseDao - query-all:m_datasource
[2018-09-07T22:34:41.284] [INFO] dao.baseDao - query-all:m_models
[2018-09-07T22:34:41.301] [INFO] dao.baseDao - query-all:m_model_fields
[2018-09-07T22:34:41.302] [INFO] dao.baseDao - query-all:m_model_fields
[2018-09-07T22:34:41.304] [INFO] dao.baseDao - query-all:m_model_fields
[2018-09-07T22:34:42.956] [INFO] dao.baseDao - query-all:m_page
[2018-09-07T22:34:44.962] [INFO] dao.baseDao - query-all:m_components
[2018-09-07T22:34:44.969] [INFO] dao.baseDao - query-all:m_component_props
[2018-09-07T22:34:44.970] [INFO] dao.baseDao - query-all:m_component_props
[2018-09-07T22:34:44.971] [INFO] dao.baseDao - query-all:m_component_props
[2018-09-07T22:34:44.972] [INFO] dao.baseDao - query-all:m_component_props
[2018-09-07T22:34:44.972] [INFO] dao.baseDao - query-all:m_component_props
[2018-09-07T22:34:44.974] [INFO] dao.baseDao - query-all:m_component_props
[2018-09-07T22:34:44.974] [INFO] dao.baseDao - query-all:m_component_props
[2018-09-07T22:34:45.018] [INFO] dao.baseDao - query-ById:m_page,id:6
[2018-09-07T22:34:46.470] [INFO] dao.baseDao - query-all:course
[2018-09-07T22:35:02.577] [INFO] dao.baseDao - query-ById:m_page,id:0
[2018-09-07T22:40:50.514] [INFO] dao.baseDao - show-table-info:group_role_relation
[2018-09-07T22:40:50.525] [INFO] dao.baseDao - show-table-info:m_component_props
[2018-09-07T22:40:50.528] [INFO] dao.baseDao - show-table-info:m_components
[2018-09-07T22:40:50.533] [INFO] dao.baseDao - show-table-info:m_datasource
[2018-09-07T22:40:50.535] [INFO] dao.baseDao - show-table-info:m_fields
[2018-09-07T22:40:50.538] [INFO] dao.baseDao - show-table-info:m_model_fields
[2018-09-07T22:40:50.540] [INFO] dao.baseDao - show-table-info:m_models
[2018-09-07T22:40:50.543] [INFO] dao.baseDao - show-table-info:m_page
[2018-09-07T22:40:50.550] [INFO] dao.baseDao - show-table-info:m_page_actions
[2018-09-07T22:40:50.552] [INFO] dao.baseDao - show-table-info:m_systems
[2018-09-07T22:40:50.554] [INFO] dao.baseDao - show-table-info:m_theme
[2018-09-07T22:40:50.557] [INFO] dao.baseDao - show-table-info:roles
[2018-09-07T22:40:50.561] [INFO] dao.baseDao - show-table-info:test2
[2018-09-07T22:40:50.564] [INFO] dao.baseDao - show-table-info:test3
[2018-09-07T22:40:50.565] [INFO] dao.baseDao - show-table-info:testTable
[2018-09-07T22:40:50.568] [INFO] dao.baseDao - show-table-info:user_group
[2018-09-07T22:40:50.570] [INFO] dao.baseDao - show-table-info:user_group_relation
[2018-09-07T22:40:50.572] [INFO] dao.baseDao - show-table-info:users
[2018-09-07T22:40:50.675] [INFO] dao.baseDao - update-table-info:6
[2018-09-07T22:40:50.706] [INFO] dao.baseDao - query-ById:m_page,id:0
[2018-09-07T22:43:05.250] [INFO] dao.baseDao - show-table-info:group_role_relation
[2018-09-07T22:43:05.264] [INFO] dao.baseDao - show-table-info:m_component_props
[2018-09-07T22:43:05.267] [INFO] dao.baseDao - show-table-info:m_components
[2018-09-07T22:43:05.271] [INFO] dao.baseDao - show-table-info:m_datasource
[2018-09-07T22:43:05.281] [INFO] dao.baseDao - show-table-info:m_fields
[2018-09-07T22:43:05.285] [INFO] dao.baseDao - show-table-info:m_model_fields
[2018-09-07T22:43:05.288] [INFO] dao.baseDao - show-table-info:m_models
[2018-09-07T22:43:05.294] [INFO] dao.baseDao - show-table-info:m_page
[2018-09-07T22:43:05.297] [INFO] dao.baseDao - show-table-info:m_page_actions
[2018-09-07T22:43:05.298] [INFO] dao.baseDao - show-table-info:m_systems
[2018-09-07T22:43:05.301] [INFO] dao.baseDao - show-table-info:m_theme
[2018-09-07T22:43:05.303] [INFO] dao.baseDao - show-table-info:roles
[2018-09-07T22:43:05.304] [INFO] dao.baseDao - show-table-info:test2
[2018-09-07T22:43:05.306] [INFO] dao.baseDao - show-table-info:test3
[2018-09-07T22:43:05.308] [INFO] dao.baseDao - show-table-info:testTable
[2018-09-07T22:43:05.309] [INFO] dao.baseDao - show-table-info:user_group
[2018-09-07T22:43:05.317] [INFO] dao.baseDao - show-table-info:user_group_relation
[2018-09-07T22:43:05.319] [INFO] dao.baseDao - show-table-info:users
[2018-09-07T22:43:05.400] [INFO] dao.baseDao - update-table-info:6
[2018-09-07T22:43:05.417] [INFO] dao.baseDao - query-ById:m_page,id:0
[2018-09-07T22:43:42.667] [INFO] dao.baseDao - query-all:m_components
[2018-09-07T22:43:42.672] [INFO] dao.baseDao - query-ById:m_page,id:6
[2018-09-07T22:43:42.686] [INFO] dao.baseDao - query-all:m_component_props
[2018-09-07T22:43:42.687] [INFO] dao.baseDao - query-all:m_component_props
[2018-09-07T22:43:42.688] [INFO] dao.baseDao - query-all:m_component_props
[2018-09-07T22:43:42.688] [INFO] dao.baseDao - query-all:m_component_props
[2018-09-07T22:43:42.689] [INFO] dao.baseDao - query-all:m_component_props
[2018-09-07T22:43:42.689] [INFO] dao.baseDao - query-all:m_component_props
[2018-09-07T22:43:42.689] [INFO] dao.baseDao - query-all:m_component_props
[2018-09-07T22:43:44.346] [INFO] dao.baseDao - query-all:m_datasource
[2018-09-07T22:43:44.369] [INFO] dao.baseDao - show-table-info:course
[2018-09-07T22:43:44.372] [INFO] dao.baseDao - show-table-info:user
[2018-09-07T22:43:44.375] [INFO] dao.baseDao - show-table-info:userInfo
[2018-09-07T22:43:44.395] [INFO] dao.baseDao - query-all:course
[2018-09-07T22:49:07.573] [INFO] dao.baseDao - query-all:course
[2018-09-07T22:53:22.070] [INFO] dao.baseDao - query-ById:m_page,id:6
[2018-09-07T22:53:59.219] [INFO] dao.baseDao - query-ById:m_page,id:6
[2018-09-07T22:53:59.528] [INFO] dao.baseDao - query-all:m_components
[2018-09-07T22:53:59.533] [INFO] dao.baseDao - query-ById:m_page,id:6
[2018-09-07T22:53:59.554] [INFO] dao.baseDao - query-all:m_component_props
[2018-09-07T22:53:59.559] [INFO] dao.baseDao - query-all:m_component_props
[2018-09-07T22:53:59.559] [INFO] dao.baseDao - query-all:m_component_props
[2018-09-07T22:53:59.560] [INFO] dao.baseDao - query-all:m_component_props
[2018-09-07T22:53:59.561] [INFO] dao.baseDao - query-all:m_component_props
[2018-09-07T22:53:59.562] [INFO] dao.baseDao - query-all:m_component_props
[2018-09-07T22:53:59.564] [INFO] dao.baseDao - query-all:m_component_props
[2018-09-07T22:54:02.623] [INFO] dao.baseDao - query-all:course
[2018-09-07T23:16:26.552] [INFO] dao.baseDao - update-table-info:6
[2018-09-07T23:16:26.627] [INFO] dao.baseDao - query-ById:m_page,id:0
[2018-09-07T23:16:30.775] [INFO] dao.baseDao - update-table-info:6
[2018-09-07T23:16:30.828] [INFO] dao.baseDao - query-ById:m_page,id:0
[2018-09-07T23:17:55.804] [INFO] dao.baseDao - query-ById:m_page,id:6
[2018-09-07T23:17:57.102] [INFO] dao.baseDao - query-all:course
[2018-09-07T23:18:10.660] [INFO] dao.baseDao - update-table-info:6
[2018-09-07T23:18:10.688] [INFO] dao.baseDao - query-ById:m_page,id:0
[2018-09-07T23:18:19.720] [INFO] dao.baseDao - query-ById:m_page,id:6
[2018-09-07T23:18:19.895] [INFO] dao.baseDao - query-all:course
[2018-09-07T23:18:34.360] [INFO] dao.baseDao - query-ById:m_page,id:6
[2018-09-07T23:18:34.523] [INFO] dao.baseDao - query-all:course
[2018-09-07T23:18:36.538] [INFO] dao.baseDao - update-table-info:6
[2018-09-07T23:18:36.547] [INFO] dao.baseDao - query-ById:m_page,id:0
[2018-09-07T23:18:37.177] [INFO] dao.baseDao - query-ById:m_page,id:6
[2018-09-07T23:18:37.313] [INFO] dao.baseDao - query-all:course
[2018-09-07T23:30:10.706] [INFO] dao.baseDao - query-ById:m_page,id:6
[2018-09-07T23:30:11.927] [INFO] dao.baseDao - query-all:course
[2018-09-07T23:30:15.069] [INFO] dao.baseDao - query-ById:m_page,id:6
[2018-09-07T23:30:15.402] [INFO] dao.baseDao - query-all:m_components
[2018-09-07T23:30:15.408] [INFO] dao.baseDao - query-ById:m_page,id:6
[2018-09-07T23:30:15.419] [INFO] dao.baseDao - query-all:m_component_props
[2018-09-07T23:30:15.422] [INFO] dao.baseDao - query-all:m_component_props
[2018-09-07T23:30:15.424] [INFO] dao.baseDao - query-all:m_component_props
[2018-09-07T23:30:15.426] [INFO] dao.baseDao - query-all:m_component_props
[2018-09-07T23:30:15.428] [INFO] dao.baseDao - query-all:m_component_props
[2018-09-07T23:30:15.429] [INFO] dao.baseDao - query-all:m_component_props
[2018-09-07T23:30:15.430] [INFO] dao.baseDao - query-all:m_component_props
[2018-09-07T23:30:16.063] [INFO] dao.baseDao - query-all:course
[2018-09-07T23:30:38.410] [INFO] dao.baseDao - update-table-info:6
[2018-09-07T23:30:38.419] [INFO] dao.baseDao - query-ById:m_page,id:0
[2018-09-07T23:30:39.262] [INFO] dao.baseDao - query-ById:m_page,id:6
[2018-09-07T23:30:39.613] [INFO] dao.baseDao - query-all:course
[2018-09-07T23:35:41.355] [INFO] dao.baseDao - query-ById:m_page,id:6
[2018-09-07T23:35:41.840] [INFO] dao.baseDao - query-all:course
[2018-09-07T23:36:09.387] [INFO] dao.baseDao - query-ById:m_page,id:6
[2018-09-07T23:36:09.567] [INFO] dao.baseDao - query-all:course
[2018-09-07T23:36:15.541] [INFO] dao.baseDao - query-ById:m_page,id:6
[2018-09-07T23:36:15.690] [INFO] dao.baseDao - query-all:course
[2018-09-07T23:38:18.784] [INFO] dao.baseDao - query-ById:m_page,id:6
[2018-09-07T23:38:19.601] [INFO] dao.baseDao - query-all:course
[2018-09-07T23:54:55.505] [INFO] dao.baseDao - query-ById:m_page,id:6
[2018-09-07T23:54:56.624] [INFO] dao.baseDao - query-all:course
