[2018-09-09T16:52:39.603] [INFO] dao.baseDao - query-page:m_components
[2018-09-09T16:52:39.615] [INFO] dao.baseDao - query-all:m_component_props
[2018-09-09T16:52:39.686] [INFO] dao.baseDao - 0
[2018-09-09T16:52:39.687] [INFO] dao.baseDao - { page: 0, limit: 10, list: [], total: 0 }
[2018-09-09T16:52:41.448] [INFO] dao.baseDao - query-page:m_components
[2018-09-09T16:52:41.454] [INFO] dao.baseDao - query-all:m_component_props
[2018-09-09T16:52:41.458] [INFO] dao.baseDao - 0
[2018-09-09T16:52:41.458] [INFO] dao.baseDao - { page: 0, limit: 10, list: [], total: 0 }
[2018-09-09T16:52:44.913] [INFO] dao.baseDao - query-page:m_components
[2018-09-09T16:52:44.920] [INFO] dao.baseDao - 0
[2018-09-09T16:52:44.920] [INFO] dao.baseDao - { page: 0, limit: 10, list: [], total: 0 }
[2018-09-09T16:52:44.932] [INFO] dao.baseDao - query-all:m_component_props
[2018-09-09T16:54:36.235] [INFO] dao.baseDao - query-page:m_components
[2018-09-09T16:54:36.246] [INFO] dao.baseDao - query-all:m_theme
[2018-09-09T16:54:36.249] [INFO] dao.baseDao - query-all:m_component_props
[2018-09-09T16:54:36.270] [INFO] dao.baseDao - 0
[2018-09-09T16:54:36.271] [INFO] dao.baseDao - { page: 0, limit: 10, list: [], total: 0 }
[2018-09-09T16:54:36.289] [INFO] dao.baseDao - query-all:m_theme_base_props
[2018-09-09T16:54:39.067] [INFO] dao.baseDao - query-page:m_components
[2018-09-09T16:54:39.073] [INFO] dao.baseDao - 12
[2018-09-09T16:54:39.073] [INFO] dao.baseDao - { page: 0,
  limit: 10,
  list: 
   [ RowDataPacket {
       id: 1,
       name: 'input',
       description: null,
       themeId: 1,
       frontShow: null,
       backShow: null,
       createAt: 2018-08-20T14:07:29.000Z,
       createBy: 1,
       updateAt: 2018-08-20T14:07:29.000Z,
       isDeleted: 0,
       deletedAt: 2018-08-20T14:07:29.000Z },
     RowDataPacket {
       id: 2,
       name: 'select',
       description: null,
       themeId: 1,
       frontShow: null,
       backShow: null,
       createAt: 2018-08-24T05:41:55.000Z,
       createBy: 1,
       updateAt: 2018-08-24T05:41:55.000Z,
       isDeleted: 0,
       deletedAt: 2018-08-24T05:41:55.000Z },
     RowDataPacket {
       id: 3,
       name: 'row',
       description: null,
       themeId: 1,
       frontShow: null,
       backShow: null,
       createAt: 2018-08-24T13:17:11.000Z,
       createBy: 1,
       updateAt: 2018-08-24T13:17:11.000Z,
       isDeleted: 0,
       deletedAt: 2018-08-24T13:17:11.000Z },
     RowDataPacket {
       id: 4,
       name: 'col',
       description: null,
       themeId: 1,
       frontShow: null,
       backShow: null,
       createAt: 2018-08-25T02:12:18.000Z,
       createBy: 1,
       updateAt: 2018-08-25T02:12:18.000Z,
       isDeleted: 0,
       deletedAt: 2018-08-25T02:12:18.000Z },
     RowDataPacket {
       id: 5,
       name: 'table',
       description: null,
       themeId: 1,
       frontShow: null,
       backShow: null,
       createAt: 2018-09-04T08:18:21.000Z,
       createBy: 1,
       updateAt: 2018-09-04T08:18:21.000Z,
       isDeleted: 0,
       deletedAt: 2018-09-04T08:18:21.000Z },
     RowDataPacket {
       id: 6,
       name: 'tableCol',
       description: null,
       themeId: 1,
       frontShow: null,
       backShow: null,
       createAt: 2018-09-04T08:20:19.000Z,
       createBy: 1,
       updateAt: 2018-09-04T08:20:19.000Z,
       isDeleted: 0,
       deletedAt: 2018-09-04T08:20:19.000Z },
     RowDataPacket {
       id: 7,
       name: 'radio',
       description: null,
       themeId: 1,
       frontShow: null,
       backShow: null,
       createAt: 2018-09-04T08:22:14.000Z,
       createBy: 1,
       updateAt: 2018-09-04T08:22:14.000Z,
       isDeleted: 0,
       deletedAt: 2018-09-04T08:22:14.000Z },
     RowDataPacket {
       id: 8,
       name: 'switch',
       description: null,
       themeId: 1,
       frontShow: null,
       backShow: null,
       createAt: 2018-09-08T12:45:21.000Z,
       createBy: 1,
       updateAt: 2018-09-08T12:45:21.000Z,
       isDeleted: 0,
       deletedAt: 2018-09-08T12:45:21.000Z },
     RowDataPacket {
       id: 9,
       name: 'slider',
       description: null,
       themeId: 1,
       frontShow: null,
       backShow: null,
       createAt: 2018-09-08T12:47:35.000Z,
       createBy: 1,
       updateAt: 2018-09-08T12:47:35.000Z,
       isDeleted: 0,
       deletedAt: 2018-09-08T12:47:35.000Z },
     RowDataPacket {
       id: 10,
       name: 'timePicker',
       description: null,
       themeId: 1,
       frontShow: null,
       backShow: null,
       createAt: 2018-09-08T12:47:53.000Z,
       createBy: 1,
       updateAt: 2018-09-08T12:47:53.000Z,
       isDeleted: 0,
       deletedAt: 2018-09-08T12:47:53.000Z } ],
  total: 12 }
[2018-09-09T16:56:06.553] [INFO] dao.baseDao - query-page:m_components
[2018-09-09T16:56:06.557] [INFO] dao.baseDao - 0
[2018-09-09T16:56:06.557] [INFO] dao.baseDao - { page: 0, limit: 10, list: [], total: 0 }
[2018-09-09T16:56:06.566] [INFO] dao.baseDao - query-all:m_theme
[2018-09-09T16:56:06.569] [INFO] dao.baseDao - query-all:m_theme_base_props
[2018-09-09T16:56:06.587] [INFO] dao.baseDao - query-all:m_component_props
[2018-09-09T16:56:08.602] [INFO] dao.baseDao - query-page:m_components
[2018-09-09T16:56:08.609] [INFO] dao.baseDao - 12
[2018-09-09T16:56:08.609] [INFO] dao.baseDao - { page: 0,
  limit: 10,
  list: 
   [ RowDataPacket {
       id: 1,
       name: 'input',
       description: null,
       themeId: 1,
       frontShow: null,
       backShow: null,
       createAt: 2018-08-20T14:07:29.000Z,
       createBy: 1,
       updateAt: 2018-08-20T14:07:29.000Z,
       isDeleted: 0,
       deletedAt: 2018-08-20T14:07:29.000Z },
     RowDataPacket {
       id: 2,
       name: 'select',
       description: null,
       themeId: 1,
       frontShow: null,
       backShow: null,
       createAt: 2018-08-24T05:41:55.000Z,
       createBy: 1,
       updateAt: 2018-08-24T05:41:55.000Z,
       isDeleted: 0,
       deletedAt: 2018-08-24T05:41:55.000Z },
     RowDataPacket {
       id: 3,
       name: 'row',
       description: null,
       themeId: 1,
       frontShow: null,
       backShow: null,
       createAt: 2018-08-24T13:17:11.000Z,
       createBy: 1,
       updateAt: 2018-08-24T13:17:11.000Z,
       isDeleted: 0,
       deletedAt: 2018-08-24T13:17:11.000Z },
     RowDataPacket {
       id: 4,
       name: 'col',
       description: null,
       themeId: 1,
       frontShow: null,
       backShow: null,
       createAt: 2018-08-25T02:12:18.000Z,
       createBy: 1,
       updateAt: 2018-08-25T02:12:18.000Z,
       isDeleted: 0,
       deletedAt: 2018-08-25T02:12:18.000Z },
     RowDataPacket {
       id: 5,
       name: 'table',
       description: null,
       themeId: 1,
       frontShow: null,
       backShow: null,
       createAt: 2018-09-04T08:18:21.000Z,
       createBy: 1,
       updateAt: 2018-09-04T08:18:21.000Z,
       isDeleted: 0,
       deletedAt: 2018-09-04T08:18:21.000Z },
     RowDataPacket {
       id: 6,
       name: 'tableCol',
       description: null,
       themeId: 1,
       frontShow: null,
       backShow: null,
       createAt: 2018-09-04T08:20:19.000Z,
       createBy: 1,
       updateAt: 2018-09-04T08:20:19.000Z,
       isDeleted: 0,
       deletedAt: 2018-09-04T08:20:19.000Z },
     RowDataPacket {
       id: 7,
       name: 'radio',
       description: null,
       themeId: 1,
       frontShow: null,
       backShow: null,
       createAt: 2018-09-04T08:22:14.000Z,
       createBy: 1,
       updateAt: 2018-09-04T08:22:14.000Z,
       isDeleted: 0,
       deletedAt: 2018-09-04T08:22:14.000Z },
     RowDataPacket {
       id: 8,
       name: 'switch',
       description: null,
       themeId: 1,
       frontShow: null,
       backShow: null,
       createAt: 2018-09-08T12:45:21.000Z,
       createBy: 1,
       updateAt: 2018-09-08T12:45:21.000Z,
       isDeleted: 0,
       deletedAt: 2018-09-08T12:45:21.000Z },
     RowDataPacket {
       id: 9,
       name: 'slider',
       description: null,
       themeId: 1,
       frontShow: null,
       backShow: null,
       createAt: 2018-09-08T12:47:35.000Z,
       createBy: 1,
       updateAt: 2018-09-08T12:47:35.000Z,
       isDeleted: 0,
       deletedAt: 2018-09-08T12:47:35.000Z },
     RowDataPacket {
       id: 10,
       name: 'timePicker',
       description: null,
       themeId: 1,
       frontShow: null,
       backShow: null,
       createAt: 2018-09-08T12:47:53.000Z,
       createBy: 1,
       updateAt: 2018-09-08T12:47:53.000Z,
       isDeleted: 0,
       deletedAt: 2018-09-08T12:47:53.000Z } ],
  total: 12 }
[2018-09-09T17:01:40.165] [INFO] dao.baseDao - query-page:m_components
[2018-09-09T17:01:40.181] [INFO] dao.baseDao - query-all:m_component_props
[2018-09-09T17:01:40.183] [INFO] dao.baseDao - 0
[2018-09-09T17:01:40.184] [INFO] dao.baseDao - { page: 0, limit: 10, list: [], total: 0 }
[2018-09-09T17:03:46.752] [INFO] dao.baseDao - query-page:m_components
[2018-09-09T17:03:46.757] [INFO] dao.baseDao - 0
[2018-09-09T17:03:46.758] [INFO] dao.baseDao - { page: 0, limit: 10, list: [], total: 0 }
[2018-09-09T17:03:46.772] [INFO] dao.baseDao - query-all:m_component_props
[2018-09-09T17:04:50.870] [INFO] dao.baseDao - query-all:m_component_props
[2018-09-09T17:04:58.706] [INFO] dao.baseDao - query-all:m_theme
[2018-09-09T17:04:58.713] [INFO] dao.baseDao - query-all:m_component_props
[2018-09-09T17:04:58.714] [INFO] dao.baseDao - query-all:m_theme_base_props
[2018-09-09T17:05:04.334] [INFO] dao.baseDao - query-page:m_components
[2018-09-09T17:05:04.344] [INFO] dao.baseDao - 12
[2018-09-09T17:05:04.344] [INFO] dao.baseDao - { page: 0,
  limit: 10,
  list: 
   [ RowDataPacket {
       id: 1,
       name: 'input',
       description: null,
       themeId: 1,
       frontShow: null,
       backShow: null,
       createAt: 2018-08-20T14:07:29.000Z,
       createBy: 1,
       updateAt: 2018-08-20T14:07:29.000Z,
       isDeleted: 0,
       deletedAt: 2018-08-20T14:07:29.000Z },
     RowDataPacket {
       id: 2,
       name: 'select',
       description: null,
       themeId: 1,
       frontShow: null,
       backShow: null,
       createAt: 2018-08-24T05:41:55.000Z,
       createBy: 1,
       updateAt: 2018-08-24T05:41:55.000Z,
       isDeleted: 0,
       deletedAt: 2018-08-24T05:41:55.000Z },
     RowDataPacket {
       id: 3,
       name: 'row',
       description: null,
       themeId: 1,
       frontShow: null,
       backShow: null,
       createAt: 2018-08-24T13:17:11.000Z,
       createBy: 1,
       updateAt: 2018-08-24T13:17:11.000Z,
       isDeleted: 0,
       deletedAt: 2018-08-24T13:17:11.000Z },
     RowDataPacket {
       id: 4,
       name: 'col',
       description: null,
       themeId: 1,
       frontShow: null,
       backShow: null,
       createAt: 2018-08-25T02:12:18.000Z,
       createBy: 1,
       updateAt: 2018-08-25T02:12:18.000Z,
       isDeleted: 0,
       deletedAt: 2018-08-25T02:12:18.000Z },
     RowDataPacket {
       id: 5,
       name: 'table',
       description: null,
       themeId: 1,
       frontShow: null,
       backShow: null,
       createAt: 2018-09-04T08:18:21.000Z,
       createBy: 1,
       updateAt: 2018-09-04T08:18:21.000Z,
       isDeleted: 0,
       deletedAt: 2018-09-04T08:18:21.000Z },
     RowDataPacket {
       id: 6,
       name: 'tableCol',
       description: null,
       themeId: 1,
       frontShow: null,
       backShow: null,
       createAt: 2018-09-04T08:20:19.000Z,
       createBy: 1,
       updateAt: 2018-09-04T08:20:19.000Z,
       isDeleted: 0,
       deletedAt: 2018-09-04T08:20:19.000Z },
     RowDataPacket {
       id: 7,
       name: 'radio',
       description: null,
       themeId: 1,
       frontShow: null,
       backShow: null,
       createAt: 2018-09-04T08:22:14.000Z,
       createBy: 1,
       updateAt: 2018-09-04T08:22:14.000Z,
       isDeleted: 0,
       deletedAt: 2018-09-04T08:22:14.000Z },
     RowDataPacket {
       id: 8,
       name: 'switch',
       description: null,
       themeId: 1,
       frontShow: null,
       backShow: null,
       createAt: 2018-09-08T12:45:21.000Z,
       createBy: 1,
       updateAt: 2018-09-08T12:45:21.000Z,
       isDeleted: 0,
       deletedAt: 2018-09-08T12:45:21.000Z },
     RowDataPacket {
       id: 9,
       name: 'slider',
       description: null,
       themeId: 1,
       frontShow: null,
       backShow: null,
       createAt: 2018-09-08T12:47:35.000Z,
       createBy: 1,
       updateAt: 2018-09-08T12:47:35.000Z,
       isDeleted: 0,
       deletedAt: 2018-09-08T12:47:35.000Z },
     RowDataPacket {
       id: 10,
       name: 'timePicker',
       description: null,
       themeId: 1,
       frontShow: null,
       backShow: null,
       createAt: 2018-09-08T12:47:53.000Z,
       createBy: 1,
       updateAt: 2018-09-08T12:47:53.000Z,
       isDeleted: 0,
       deletedAt: 2018-09-08T12:47:53.000Z } ],
  total: 12 }
[2018-09-09T17:05:47.519] [INFO] dao.baseDao - query-all:m_component_props
[2018-09-09T17:05:49.924] [INFO] dao.baseDao - query-page:m_components
[2018-09-09T17:05:49.928] [INFO] dao.baseDao - 12
[2018-09-09T17:05:49.928] [INFO] dao.baseDao - { page: 0,
  limit: 10,
  list: 
   [ RowDataPacket {
       id: 1,
       name: 'input',
       description: null,
       themeId: 1,
       frontShow: null,
       backShow: null,
       createAt: 2018-08-20T14:07:29.000Z,
       createBy: 1,
       updateAt: 2018-08-20T14:07:29.000Z,
       isDeleted: 0,
       deletedAt: 2018-08-20T14:07:29.000Z },
     RowDataPacket {
       id: 2,
       name: 'select',
       description: null,
       themeId: 1,
       frontShow: null,
       backShow: null,
       createAt: 2018-08-24T05:41:55.000Z,
       createBy: 1,
       updateAt: 2018-08-24T05:41:55.000Z,
       isDeleted: 0,
       deletedAt: 2018-08-24T05:41:55.000Z },
     RowDataPacket {
       id: 3,
       name: 'row',
       description: null,
       themeId: 1,
       frontShow: null,
       backShow: null,
       createAt: 2018-08-24T13:17:11.000Z,
       createBy: 1,
       updateAt: 2018-08-24T13:17:11.000Z,
       isDeleted: 0,
       deletedAt: 2018-08-24T13:17:11.000Z },
     RowDataPacket {
       id: 4,
       name: 'col',
       description: null,
       themeId: 1,
       frontShow: null,
       backShow: null,
       createAt: 2018-08-25T02:12:18.000Z,
       createBy: 1,
       updateAt: 2018-08-25T02:12:18.000Z,
       isDeleted: 0,
       deletedAt: 2018-08-25T02:12:18.000Z },
     RowDataPacket {
       id: 5,
       name: 'table',
       description: null,
       themeId: 1,
       frontShow: null,
       backShow: null,
       createAt: 2018-09-04T08:18:21.000Z,
       createBy: 1,
       updateAt: 2018-09-04T08:18:21.000Z,
       isDeleted: 0,
       deletedAt: 2018-09-04T08:18:21.000Z },
     RowDataPacket {
       id: 6,
       name: 'tableCol',
       description: null,
       themeId: 1,
       frontShow: null,
       backShow: null,
       createAt: 2018-09-04T08:20:19.000Z,
       createBy: 1,
       updateAt: 2018-09-04T08:20:19.000Z,
       isDeleted: 0,
       deletedAt: 2018-09-04T08:20:19.000Z },
     RowDataPacket {
       id: 7,
       name: 'radio',
       description: null,
       themeId: 1,
       frontShow: null,
       backShow: null,
       createAt: 2018-09-04T08:22:14.000Z,
       createBy: 1,
       updateAt: 2018-09-04T08:22:14.000Z,
       isDeleted: 0,
       deletedAt: 2018-09-04T08:22:14.000Z },
     RowDataPacket {
       id: 8,
       name: 'switch',
       description: null,
       themeId: 1,
       frontShow: null,
       backShow: null,
       createAt: 2018-09-08T12:45:21.000Z,
       createBy: 1,
       updateAt: 2018-09-08T12:45:21.000Z,
       isDeleted: 0,
       deletedAt: 2018-09-08T12:45:21.000Z },
     RowDataPacket {
       id: 9,
       name: 'slider',
       description: null,
       themeId: 1,
       frontShow: null,
       backShow: null,
       createAt: 2018-09-08T12:47:35.000Z,
       createBy: 1,
       updateAt: 2018-09-08T12:47:35.000Z,
       isDeleted: 0,
       deletedAt: 2018-09-08T12:47:35.000Z },
     RowDataPacket {
       id: 10,
       name: 'timePicker',
       description: null,
       themeId: 1,
       frontShow: null,
       backShow: null,
       createAt: 2018-09-08T12:47:53.000Z,
       createBy: 1,
       updateAt: 2018-09-08T12:47:53.000Z,
       isDeleted: 0,
       deletedAt: 2018-09-08T12:47:53.000Z } ],
  total: 12 }
[2018-09-09T17:05:49.944] [INFO] dao.baseDao - query-all:m_theme_base_props
[2018-09-09T17:07:54.777] [INFO] dao.baseDao - query-all:m_theme
[2018-09-09T17:07:54.780] [INFO] dao.baseDao - query-all:m_theme_base_props
[2018-09-09T17:07:54.783] [INFO] dao.baseDao - query-all:m_component_props
[2018-09-09T17:07:57.349] [INFO] dao.baseDao - query-page:m_components
[2018-09-09T17:07:57.352] [INFO] dao.baseDao - query-all:m_theme_base_props
[2018-09-09T17:07:57.355] [INFO] dao.baseDao - 12
[2018-09-09T17:07:57.355] [INFO] dao.baseDao - { page: 0,
  limit: 10,
  list: 
   [ RowDataPacket {
       id: 1,
       name: 'input',
       description: null,
       themeId: 1,
       frontShow: null,
       backShow: null,
       createAt: 2018-08-20T14:07:29.000Z,
       createBy: 1,
       updateAt: 2018-08-20T14:07:29.000Z,
       isDeleted: 0,
       deletedAt: 2018-08-20T14:07:29.000Z },
     RowDataPacket {
       id: 2,
       name: 'select',
       description: null,
       themeId: 1,
       frontShow: null,
       backShow: null,
       createAt: 2018-08-24T05:41:55.000Z,
       createBy: 1,
       updateAt: 2018-08-24T05:41:55.000Z,
       isDeleted: 0,
       deletedAt: 2018-08-24T05:41:55.000Z },
     RowDataPacket {
       id: 3,
       name: 'row',
       description: null,
       themeId: 1,
       frontShow: null,
       backShow: null,
       createAt: 2018-08-24T13:17:11.000Z,
       createBy: 1,
       updateAt: 2018-08-24T13:17:11.000Z,
       isDeleted: 0,
       deletedAt: 2018-08-24T13:17:11.000Z },
     RowDataPacket {
       id: 4,
       name: 'col',
       description: null,
       themeId: 1,
       frontShow: null,
       backShow: null,
       createAt: 2018-08-25T02:12:18.000Z,
       createBy: 1,
       updateAt: 2018-08-25T02:12:18.000Z,
       isDeleted: 0,
       deletedAt: 2018-08-25T02:12:18.000Z },
     RowDataPacket {
       id: 5,
       name: 'table',
       description: null,
       themeId: 1,
       frontShow: null,
       backShow: null,
       createAt: 2018-09-04T08:18:21.000Z,
       createBy: 1,
       updateAt: 2018-09-04T08:18:21.000Z,
       isDeleted: 0,
       deletedAt: 2018-09-04T08:18:21.000Z },
     RowDataPacket {
       id: 6,
       name: 'tableCol',
       description: null,
       themeId: 1,
       frontShow: null,
       backShow: null,
       createAt: 2018-09-04T08:20:19.000Z,
       createBy: 1,
       updateAt: 2018-09-04T08:20:19.000Z,
       isDeleted: 0,
       deletedAt: 2018-09-04T08:20:19.000Z },
     RowDataPacket {
       id: 7,
       name: 'radio',
       description: null,
       themeId: 1,
       frontShow: null,
       backShow: null,
       createAt: 2018-09-04T08:22:14.000Z,
       createBy: 1,
       updateAt: 2018-09-04T08:22:14.000Z,
       isDeleted: 0,
       deletedAt: 2018-09-04T08:22:14.000Z },
     RowDataPacket {
       id: 8,
       name: 'switch',
       description: null,
       themeId: 1,
       frontShow: null,
       backShow: null,
       createAt: 2018-09-08T12:45:21.000Z,
       createBy: 1,
       updateAt: 2018-09-08T12:45:21.000Z,
       isDeleted: 0,
       deletedAt: 2018-09-08T12:45:21.000Z },
     RowDataPacket {
       id: 9,
       name: 'slider',
       description: null,
       themeId: 1,
       frontShow: null,
       backShow: null,
       createAt: 2018-09-08T12:47:35.000Z,
       createBy: 1,
       updateAt: 2018-09-08T12:47:35.000Z,
       isDeleted: 0,
       deletedAt: 2018-09-08T12:47:35.000Z },
     RowDataPacket {
       id: 10,
       name: 'timePicker',
       description: null,
       themeId: 1,
       frontShow: null,
       backShow: null,
       createAt: 2018-09-08T12:47:53.000Z,
       createBy: 1,
       updateAt: 2018-09-08T12:47:53.000Z,
       isDeleted: 0,
       deletedAt: 2018-09-08T12:47:53.000Z } ],
  total: 12 }
[2018-09-09T17:14:13.070] [INFO] dao.baseDao - query-all:m_systems
[2018-09-09T17:14:14.181] [INFO] dao.baseDao - query-all:m_component_props
[2018-09-09T17:15:56.538] [INFO] dao.baseDao - query-all:roles
[2018-09-09T17:15:57.796] [INFO] dao.baseDao - query-all:m_datasource
[2018-09-09T17:20:25.899] [INFO] dao.baseDao - query-all:m_page
[2018-09-09T17:20:27.190] [INFO] dao.baseDao - query-ById:m_page,id:6
[2018-09-09T17:20:27.316] [INFO] dao.baseDao - query-all:m_components
[2018-09-09T17:20:27.318] [INFO] dao.baseDao - query-ById:m_page,id:6
[2018-09-09T17:20:27.322] [INFO] dao.baseDao - query-all:m_component_props
[2018-09-09T17:20:27.323] [INFO] dao.baseDao - query-all:m_component_props
[2018-09-09T17:20:27.323] [INFO] dao.baseDao - query-all:m_component_props
[2018-09-09T17:20:27.325] [INFO] dao.baseDao - query-all:m_component_props
[2018-09-09T17:20:27.325] [INFO] dao.baseDao - query-all:m_component_props
[2018-09-09T17:20:27.326] [INFO] dao.baseDao - query-all:m_component_props
[2018-09-09T17:20:27.326] [INFO] dao.baseDao - query-all:m_component_props
[2018-09-09T17:20:27.327] [INFO] dao.baseDao - query-all:m_component_props
[2018-09-09T17:20:27.328] [INFO] dao.baseDao - query-all:m_component_props
[2018-09-09T17:20:27.328] [INFO] dao.baseDao - query-all:m_component_props
[2018-09-09T17:20:27.329] [INFO] dao.baseDao - query-all:m_component_props
[2018-09-09T17:20:27.329] [INFO] dao.baseDao - query-all:m_component_props
[2018-09-09T17:20:28.495] [INFO] dao.baseDao - query-all:m_datasource
[2018-09-09T17:20:28.526] [INFO] dao.baseDao - show-table-info:course
[2018-09-09T17:20:28.619] [INFO] dao.baseDao - show-table-info:user
[2018-09-09T17:20:28.628] [INFO] dao.baseDao - show-table-info:userInfo
[2018-09-09T17:20:28.662] [INFO] dao.baseDao - query-all:course
[2018-09-09T17:22:00.084] [INFO] dao.baseDao - query-ById:m_page,id:6
[2018-09-09T17:22:00.700] [INFO] dao.baseDao - query-all:course
[2018-09-09T17:22:02.217] [INFO] dao.baseDao - query-ById:m_page,id:6
[2018-09-09T17:22:02.389] [INFO] dao.baseDao - query-all:course
[2018-09-09T17:24:31.784] [INFO] dao.baseDao - query-ById:m_page,id:6
[2018-09-09T17:24:32.345] [INFO] dao.baseDao - query-all:course
[2018-09-09T17:26:09.156] [INFO] dao.baseDao - query-ById:m_page,id:6
[2018-09-09T17:26:09.641] [INFO] dao.baseDao - query-all:course
[2018-09-09T17:26:15.455] [INFO] dao.baseDao - update-table-info:6
[2018-09-09T17:26:15.501] [INFO] dao.baseDao - query-ById:m_page,id:6
[2018-09-09T17:26:16.004] [INFO] dao.baseDao - query-ById:m_page,id:6
[2018-09-09T17:26:16.154] [INFO] dao.baseDao - query-all:course
[2018-09-09T17:37:33.058] [INFO] dao.baseDao - query-ById:m_page,id:6
[2018-09-09T17:37:34.978] [INFO] dao.baseDao - query-all:course
[2018-09-09T17:39:35.569] [INFO] dao.baseDao - query-ById:m_page,id:6
[2018-09-09T17:39:36.112] [INFO] dao.baseDao - query-all:course
[2018-09-09T17:40:53.378] [INFO] dao.baseDao - query-ById:m_page,id:6
[2018-09-09T17:40:53.845] [INFO] dao.baseDao - query-all:course
[2018-09-09T17:41:08.336] [INFO] dao.baseDao - query-ById:m_page,id:6
[2018-09-09T17:41:08.498] [INFO] dao.baseDao - query-all:course
[2018-09-09T17:41:18.015] [INFO] dao.baseDao - query-ById:m_page,id:6
[2018-09-09T17:41:18.166] [INFO] dao.baseDao - query-all:course
[2018-09-09T17:42:41.767] [INFO] dao.baseDao - query-ById:m_page,id:6
[2018-09-09T17:42:42.397] [INFO] dao.baseDao - query-all:course
