[2018-09-14T10:22:34.860] [INFO] dao.baseDao - query-all:m_theme
[2018-09-14T10:22:34.887] [INFO] dao.baseDao - query-all:m_component_props
[2018-09-14T10:22:34.971] [INFO] dao.baseDao - query-all:m_theme_base_props
[2018-09-14T10:22:55.487] [INFO] dao.baseDao - query-page:m_components
[2018-09-14T10:22:55.549] [INFO] dao.baseDao - 14
[2018-09-14T10:22:55.549] [INFO] dao.baseDao - { page: 0,
  limit: 10,
  list: 
   [ RowDataPacket {
       id: 1,
       name: 'input',
       description: null,
       themeId: 1,
       frontShow: null,
       backShow: null,
       createAt: 2018-08-20T14:07:29.000Z,
       createBy: 1,
       updateAt: 2018-08-20T14:07:29.000Z,
       isDeleted: 0,
       deletedAt: 2018-08-20T14:07:29.000Z },
     RowDataPacket {
       id: 2,
       name: 'select',
       description: null,
       themeId: 1,
       frontShow: null,
       backShow: null,
       createAt: 2018-08-24T05:41:55.000Z,
       createBy: 1,
       updateAt: 2018-08-24T05:41:55.000Z,
       isDeleted: 0,
       deletedAt: 2018-08-24T05:41:55.000Z },
     RowDataPacket {
       id: 3,
       name: 'row',
       description: null,
       themeId: 1,
       frontShow: null,
       backShow: null,
       createAt: 2018-08-24T13:17:11.000Z,
       createBy: 1,
       updateAt: 2018-08-24T13:17:11.000Z,
       isDeleted: 0,
       deletedAt: 2018-08-24T13:17:11.000Z },
     RowDataPacket {
       id: 4,
       name: 'col',
       description: null,
       themeId: 1,
       frontShow: null,
       backShow: null,
       createAt: 2018-08-25T02:12:18.000Z,
       createBy: 1,
       updateAt: 2018-08-25T02:12:18.000Z,
       isDeleted: 0,
       deletedAt: 2018-08-25T02:12:18.000Z },
     RowDataPacket {
       id: 5,
       name: 'table',
       description: null,
       themeId: 1,
       frontShow: null,
       backShow: null,
       createAt: 2018-09-04T08:18:21.000Z,
       createBy: 1,
       updateAt: 2018-09-04T08:18:21.000Z,
       isDeleted: 0,
       deletedAt: 2018-09-04T08:18:21.000Z },
     RowDataPacket {
       id: 6,
       name: 'tableCol',
       description: null,
       themeId: 1,
       frontShow: null,
       backShow: null,
       createAt: 2018-09-04T08:20:19.000Z,
       createBy: 1,
       updateAt: 2018-09-04T08:20:19.000Z,
       isDeleted: 0,
       deletedAt: 2018-09-04T08:20:19.000Z },
     RowDataPacket {
       id: 7,
       name: 'radio',
       description: null,
       themeId: 1,
       frontShow: null,
       backShow: null,
       createAt: 2018-09-04T08:22:14.000Z,
       createBy: 1,
       updateAt: 2018-09-04T08:22:14.000Z,
       isDeleted: 0,
       deletedAt: 2018-09-04T08:22:14.000Z },
     RowDataPacket {
       id: 8,
       name: 'switch',
       description: null,
       themeId: 1,
       frontShow: null,
       backShow: null,
       createAt: 2018-09-08T12:45:21.000Z,
       createBy: 1,
       updateAt: 2018-09-08T12:45:21.000Z,
       isDeleted: 0,
       deletedAt: 2018-09-08T12:45:21.000Z },
     RowDataPacket {
       id: 9,
       name: 'slider',
       description: null,
       themeId: 1,
       frontShow: null,
       backShow: null,
       createAt: 2018-09-08T12:47:35.000Z,
       createBy: 1,
       updateAt: 2018-09-08T12:47:35.000Z,
       isDeleted: 0,
       deletedAt: 2018-09-08T12:47:35.000Z },
     RowDataPacket {
       id: 10,
       name: 'timePicker',
       description: null,
       themeId: 1,
       frontShow: null,
       backShow: null,
       createAt: 2018-09-08T12:47:53.000Z,
       createBy: 1,
       updateAt: 2018-09-08T12:47:53.000Z,
       isDeleted: 0,
       deletedAt: 2018-09-08T12:47:53.000Z } ],
  total: 14 }
[2018-09-14T10:22:58.651] [INFO] dao.baseDao - query-all:m_component_props
[2018-09-14T10:24:13.563] [INFO] dao.baseDao - update-table-info:13
[2018-09-14T10:24:13.566] [INFO] dao.baseDao - update-table-info:14
[2018-09-14T10:24:13.566] [INFO] dao.baseDao - update-table-info:15
[2018-09-14T10:24:13.567] [INFO] dao.baseDao - update-table-info:16
[2018-09-14T10:24:13.605] [INFO] dao.baseDao - query-all:m_component_props
[2018-09-14T10:24:13.703] [INFO] dao.baseDao - query-ById:m_component_props,id:14
[2018-09-14T10:24:13.706] [INFO] dao.baseDao - query-ById:m_component_props,id:13
[2018-09-14T10:24:13.709] [INFO] dao.baseDao - query-ById:m_component_props,id:16
[2018-09-14T10:24:13.715] [INFO] dao.baseDao - query-ById:m_component_props,id:15
[2018-09-14T10:24:19.012] [INFO] dao.baseDao - query-all:m_component_props
[2018-09-14T10:24:21.368] [INFO] dao.baseDao - query-all:m_component_props
[2018-09-14T10:24:36.046] [INFO] dao.baseDao - query-all:m_systems
[2018-09-14T10:24:36.051] [INFO] dao.baseDao - query-all:m_theme
[2018-09-14T10:24:38.487] [INFO] dao.baseDao - query-all:m_page
[2018-09-14T10:24:38.495] [INFO] dao.baseDao - query-all:m_datasource
[2018-09-14T10:24:39.479] [INFO] dao.baseDao - query-ById:m_page,id:7
[2018-09-14T10:24:39.538] [INFO] dao.baseDao - query-ById:m_page,id:7
[2018-09-14T10:24:39.541] [INFO] dao.baseDao - query-ById:m_systems,id:1
[2018-09-14T10:24:39.689] [INFO] dao.baseDao - query-all:m_components
[2018-09-14T10:24:39.697] [INFO] dao.baseDao - query-all:m_theme_base_props
[2018-09-14T10:24:39.706] [INFO] dao.baseDao - query-all:m_component_props
[2018-09-14T10:24:39.708] [INFO] dao.baseDao - query-all:m_component_props
[2018-09-14T10:24:39.709] [INFO] dao.baseDao - query-all:m_component_props
[2018-09-14T10:24:39.709] [INFO] dao.baseDao - query-all:m_component_props
[2018-09-14T10:24:39.710] [INFO] dao.baseDao - query-all:m_component_props
[2018-09-14T10:24:39.711] [INFO] dao.baseDao - query-all:m_component_props
[2018-09-14T10:24:39.711] [INFO] dao.baseDao - query-all:m_component_props
[2018-09-14T10:24:39.712] [INFO] dao.baseDao - query-all:m_component_props
[2018-09-14T10:24:39.713] [INFO] dao.baseDao - query-all:m_component_props
[2018-09-14T10:24:39.714] [INFO] dao.baseDao - query-all:m_component_props
[2018-09-14T10:24:39.714] [INFO] dao.baseDao - query-all:m_component_props
[2018-09-14T10:24:39.714] [INFO] dao.baseDao - query-all:m_component_props
[2018-09-14T10:24:39.715] [INFO] dao.baseDao - query-all:m_component_props
[2018-09-14T10:24:39.715] [INFO] dao.baseDao - query-all:m_component_props
[2018-09-14T10:24:40.250] [INFO] dao.baseDao - query-all:user
[2018-09-14T10:24:44.987] [INFO] dao.baseDao - query-all:m_page
[2018-09-14T10:24:46.016] [INFO] dao.baseDao - query-ById:m_page,id:6
[2018-09-14T10:24:46.089] [INFO] dao.baseDao - query-ById:m_page,id:6
[2018-09-14T10:24:46.300] [INFO] dao.baseDao - query-all:course
[2018-09-14T10:25:33.764] [INFO] dao.baseDao - update-table-info:6
[2018-09-14T10:25:33.802] [INFO] dao.baseDao - query-ById:m_page,id:6
[2018-09-14T10:25:55.748] [INFO] dao.baseDao - update-table-info:6
[2018-09-14T10:25:55.754] [INFO] dao.baseDao - query-ById:m_page,id:6
[2018-09-14T10:25:57.601] [INFO] dao.baseDao - query-ById:m_page,id:6
[2018-09-14T10:25:58.042] [INFO] dao.baseDao - query-all:course
[2018-09-14T10:27:02.113] [INFO] dao.baseDao - query-ById:m_page,id:6
[2018-09-14T10:27:03.006] [INFO] dao.baseDao - query-ById:m_page,id:6
[2018-09-14T10:27:03.023] [INFO] dao.baseDao - query-ById:m_systems,id:1
[2018-09-14T10:27:03.293] [INFO] dao.baseDao - query-all:m_components
[2018-09-14T10:27:03.300] [INFO] dao.baseDao - query-all:m_theme_base_props
[2018-09-14T10:27:03.342] [INFO] dao.baseDao - query-all:m_component_props
[2018-09-14T10:27:03.342] [INFO] dao.baseDao - query-all:m_component_props
[2018-09-14T10:27:03.343] [INFO] dao.baseDao - query-all:m_component_props
[2018-09-14T10:27:03.343] [INFO] dao.baseDao - query-all:m_component_props
[2018-09-14T10:27:03.343] [INFO] dao.baseDao - query-all:m_component_props
[2018-09-14T10:27:03.344] [INFO] dao.baseDao - query-all:m_component_props
[2018-09-14T10:27:03.344] [INFO] dao.baseDao - query-all:m_component_props
[2018-09-14T10:27:03.344] [INFO] dao.baseDao - query-all:m_component_props
[2018-09-14T10:27:03.346] [INFO] dao.baseDao - query-all:m_component_props
[2018-09-14T10:27:03.347] [INFO] dao.baseDao - query-all:m_component_props
[2018-09-14T10:27:03.347] [INFO] dao.baseDao - query-all:m_component_props
[2018-09-14T10:27:03.348] [INFO] dao.baseDao - query-all:m_component_props
[2018-09-14T10:27:03.348] [INFO] dao.baseDao - query-all:m_component_props
[2018-09-14T10:27:03.348] [INFO] dao.baseDao - query-all:m_component_props
[2018-09-14T10:27:04.126] [INFO] dao.baseDao - query-all:course
[2018-09-14T10:27:12.677] [INFO] dao.baseDao - query-ById:m_page,id:6
[2018-09-14T10:27:12.839] [INFO] dao.baseDao - query-ById:m_page,id:6
[2018-09-14T10:27:12.845] [INFO] dao.baseDao - query-ById:m_systems,id:1
[2018-09-14T10:27:13.060] [INFO] dao.baseDao - query-all:m_components
[2018-09-14T10:27:13.063] [INFO] dao.baseDao - query-all:m_theme_base_props
[2018-09-14T10:27:13.069] [INFO] dao.baseDao - query-all:m_component_props
[2018-09-14T10:27:13.070] [INFO] dao.baseDao - query-all:m_component_props
[2018-09-14T10:27:13.071] [INFO] dao.baseDao - query-all:m_component_props
[2018-09-14T10:27:13.071] [INFO] dao.baseDao - query-all:m_component_props
[2018-09-14T10:27:13.072] [INFO] dao.baseDao - query-all:m_component_props
[2018-09-14T10:27:13.072] [INFO] dao.baseDao - query-all:m_component_props
[2018-09-14T10:27:13.072] [INFO] dao.baseDao - query-all:m_component_props
[2018-09-14T10:27:13.073] [INFO] dao.baseDao - query-all:m_component_props
[2018-09-14T10:27:13.073] [INFO] dao.baseDao - query-all:m_component_props
[2018-09-14T10:27:13.074] [INFO] dao.baseDao - query-all:m_component_props
[2018-09-14T10:27:13.074] [INFO] dao.baseDao - query-all:m_component_props
[2018-09-14T10:27:13.074] [INFO] dao.baseDao - query-all:m_component_props
[2018-09-14T10:27:13.075] [INFO] dao.baseDao - query-all:m_component_props
[2018-09-14T10:27:13.075] [INFO] dao.baseDao - query-all:m_component_props
[2018-09-14T10:27:13.328] [INFO] dao.baseDao - query-all:course
[2018-09-14T10:27:15.133] [INFO] dao.baseDao - query-ById:m_page,id:6
[2018-09-14T10:27:15.322] [INFO] dao.baseDao - query-all:course
[2018-09-14T10:27:28.150] [INFO] dao.baseDao - query-ById:m_page,id:6
[2018-09-14T10:27:28.573] [INFO] dao.baseDao - show-table-info:group_role_relation
[2018-09-14T10:27:28.618] [INFO] dao.baseDao - show-table-info:group_role_relation
[2018-09-14T10:27:28.641] [INFO] dao.baseDao - show-table-info:m_component_props
[2018-09-14T10:27:28.643] [INFO] dao.baseDao - show-table-info:m_component_props
[2018-09-14T10:27:28.655] [INFO] dao.baseDao - show-table-info:m_components
[2018-09-14T10:27:28.659] [INFO] dao.baseDao - show-table-info:m_components
[2018-09-14T10:27:28.685] [INFO] dao.baseDao - show-table-info:m_datasource
[2018-09-14T10:27:28.689] [INFO] dao.baseDao - show-table-info:m_datasource
[2018-09-14T10:27:28.697] [INFO] dao.baseDao - show-table-info:m_fields
[2018-09-14T10:27:28.700] [INFO] dao.baseDao - show-table-info:m_fields
[2018-09-14T10:27:28.711] [INFO] dao.baseDao - show-table-info:m_model_fields
[2018-09-14T10:27:28.712] [INFO] dao.baseDao - show-table-info:m_model_fields
[2018-09-14T10:27:28.719] [INFO] dao.baseDao - show-table-info:m_models
[2018-09-14T10:27:28.722] [INFO] dao.baseDao - show-table-info:m_models
[2018-09-14T10:27:28.727] [INFO] dao.baseDao - query-all:m_datasource
[2018-09-14T10:27:28.729] [INFO] dao.baseDao - show-table-info:m_page
[2018-09-14T10:27:28.730] [INFO] dao.baseDao - show-table-info:m_page
[2018-09-14T10:27:28.740] [INFO] dao.baseDao - show-table-info:m_page_actions
[2018-09-14T10:27:28.747] [INFO] dao.baseDao - show-table-info:m_page_actions
[2018-09-14T10:27:28.810] [INFO] dao.baseDao - show-table-info:m_systems
[2018-09-14T10:27:28.811] [INFO] dao.baseDao - show-table-info:m_systems
[2018-09-14T10:27:28.812] [INFO] dao.baseDao - show-table-info:course
[2018-09-14T10:27:28.821] [INFO] dao.baseDao - show-table-info:m_theme
[2018-09-14T10:27:28.826] [INFO] dao.baseDao - show-table-info:user
[2018-09-14T10:27:28.827] [INFO] dao.baseDao - show-table-info:m_theme
[2018-09-14T10:27:28.832] [INFO] dao.baseDao - show-table-info:userInfo
[2018-09-14T10:27:28.838] [INFO] dao.baseDao - show-table-info:m_theme_base_props
[2018-09-14T10:27:28.895] [INFO] dao.baseDao - query-all:course
[2018-09-14T10:27:28.930] [INFO] dao.baseDao - show-table-info:m_theme_base_props
[2018-09-14T10:27:28.975] [INFO] dao.baseDao - show-table-info:roles
[2018-09-14T10:27:28.977] [INFO] dao.baseDao - show-table-info:roles
[2018-09-14T10:27:28.982] [INFO] dao.baseDao - show-table-info:test2
[2018-09-14T10:27:28.984] [INFO] dao.baseDao - show-table-info:test2
[2018-09-14T10:27:28.988] [INFO] dao.baseDao - show-table-info:test3
[2018-09-14T10:27:28.990] [INFO] dao.baseDao - show-table-info:test3
[2018-09-14T10:27:28.992] [INFO] dao.baseDao - show-table-info:testTable
[2018-09-14T10:27:29.000] [INFO] dao.baseDao - show-table-info:testTable
[2018-09-14T10:27:29.009] [INFO] dao.baseDao - show-table-info:user_group
[2018-09-14T10:27:29.039] [INFO] dao.baseDao - show-table-info:user_group
[2018-09-14T10:27:29.053] [INFO] dao.baseDao - show-table-info:user_group_relation
[2018-09-14T10:27:29.058] [INFO] dao.baseDao - show-table-info:user_group_relation
[2018-09-14T10:27:29.071] [INFO] dao.baseDao - show-table-info:users
[2018-09-14T10:27:29.077] [INFO] dao.baseDao - show-table-info:users
[2018-09-14T10:27:29.183] [INFO] dao.baseDao - query-ById:m_systems,id:1
[2018-09-14T10:27:29.278] [INFO] dao.baseDao - query-ById:m_page,id:6
[2018-09-14T10:27:29.694] [INFO] dao.baseDao - query-all:m_components
[2018-09-14T10:27:29.698] [INFO] dao.baseDao - query-all:m_theme_base_props
[2018-09-14T10:27:29.742] [INFO] dao.baseDao - query-all:m_component_props
[2018-09-14T10:27:29.752] [INFO] dao.baseDao - query-all:m_component_props
[2018-09-14T10:27:29.758] [INFO] dao.baseDao - query-all:m_component_props
[2018-09-14T10:27:29.761] [INFO] dao.baseDao - query-all:m_component_props
[2018-09-14T10:27:29.776] [INFO] dao.baseDao - query-all:m_component_props
[2018-09-14T10:27:29.778] [INFO] dao.baseDao - query-all:m_component_props
[2018-09-14T10:27:29.780] [INFO] dao.baseDao - query-all:m_component_props
[2018-09-14T10:27:29.787] [INFO] dao.baseDao - query-all:m_component_props
[2018-09-14T10:27:29.803] [INFO] dao.baseDao - query-all:m_component_props
[2018-09-14T10:27:29.804] [INFO] dao.baseDao - query-all:m_component_props
[2018-09-14T10:27:29.804] [INFO] dao.baseDao - query-all:m_component_props
[2018-09-14T10:27:29.806] [INFO] dao.baseDao - query-all:m_component_props
[2018-09-14T10:27:29.807] [INFO] dao.baseDao - query-all:m_component_props
[2018-09-14T10:27:29.808] [INFO] dao.baseDao - query-all:m_component_props
[2018-09-14T10:30:06.156] [INFO] dao.baseDao - update-table-info:6
[2018-09-14T10:30:06.242] [INFO] dao.baseDao - query-ById:m_page,id:6
[2018-09-14T10:30:07.384] [INFO] dao.baseDao - query-ById:m_page,id:6
[2018-09-14T10:30:08.276] [INFO] dao.baseDao - query-all:course
[2018-09-14T10:32:40.257] [INFO] dao.baseDao - query-ById:m_page,id:6
[2018-09-14T10:32:40.709] [INFO] dao.baseDao - show-table-info:group_role_relation
[2018-09-14T10:32:40.768] [INFO] dao.baseDao - show-table-info:m_component_props
[2018-09-14T10:32:40.779] [INFO] dao.baseDao - show-table-info:group_role_relation
[2018-09-14T10:32:40.786] [INFO] dao.baseDao - show-table-info:m_components
[2018-09-14T10:32:40.792] [INFO] dao.baseDao - show-table-info:m_component_props
[2018-09-14T10:32:40.798] [INFO] dao.baseDao - show-table-info:m_datasource
[2018-09-14T10:32:40.801] [INFO] dao.baseDao - show-table-info:m_components
[2018-09-14T10:32:40.803] [INFO] dao.baseDao - show-table-info:m_fields
[2018-09-14T10:32:40.804] [INFO] dao.baseDao - show-table-info:m_datasource
[2018-09-14T10:32:40.807] [INFO] dao.baseDao - show-table-info:m_model_fields
[2018-09-14T10:32:40.810] [INFO] dao.baseDao - show-table-info:m_fields
[2018-09-14T10:32:40.838] [INFO] dao.baseDao - show-table-info:m_models
[2018-09-14T10:32:40.841] [INFO] dao.baseDao - show-table-info:m_page
[2018-09-14T10:32:40.844] [INFO] dao.baseDao - show-table-info:m_page_actions
[2018-09-14T10:32:40.847] [INFO] dao.baseDao - show-table-info:m_systems
[2018-09-14T10:32:40.848] [INFO] dao.baseDao - show-table-info:m_model_fields
[2018-09-14T10:32:40.850] [INFO] dao.baseDao - show-table-info:m_theme
[2018-09-14T10:32:40.863] [INFO] dao.baseDao - show-table-info:m_theme_base_props
[2018-09-14T10:32:40.866] [INFO] dao.baseDao - show-table-info:roles
[2018-09-14T10:32:40.870] [INFO] dao.baseDao - show-table-info:m_models
[2018-09-14T10:32:40.873] [INFO] dao.baseDao - show-table-info:test2
[2018-09-14T10:32:40.882] [INFO] dao.baseDao - show-table-info:m_page
[2018-09-14T10:32:40.886] [INFO] dao.baseDao - show-table-info:m_page_actions
[2018-09-14T10:32:40.889] [INFO] dao.baseDao - show-table-info:m_systems
[2018-09-14T10:32:40.891] [INFO] dao.baseDao - show-table-info:test3
[2018-09-14T10:32:40.892] [INFO] dao.baseDao - show-table-info:m_theme
[2018-09-14T10:32:40.895] [INFO] dao.baseDao - show-table-info:testTable
[2018-09-14T10:32:40.906] [INFO] dao.baseDao - show-table-info:m_theme_base_props
[2018-09-14T10:32:40.907] [INFO] dao.baseDao - show-table-info:user_group
[2018-09-14T10:32:40.912] [INFO] dao.baseDao - show-table-info:roles
[2018-09-14T10:32:40.914] [INFO] dao.baseDao - show-table-info:user_group_relation
[2018-09-14T10:32:40.917] [INFO] dao.baseDao - show-table-info:test2
[2018-09-14T10:32:40.919] [INFO] dao.baseDao - show-table-info:users
[2018-09-14T10:32:40.920] [INFO] dao.baseDao - show-table-info:test3
[2018-09-14T10:32:40.923] [INFO] dao.baseDao - show-table-info:testTable
[2018-09-14T10:32:41.195] [INFO] dao.baseDao - query-ById:m_page,id:6
[2018-09-14T10:32:41.248] [INFO] dao.baseDao - show-table-info:user_group
[2018-09-14T10:32:41.256] [INFO] dao.baseDao - show-table-info:user_group_relation
[2018-09-14T10:32:41.259] [INFO] dao.baseDao - show-table-info:users
[2018-09-14T10:32:41.406] [INFO] dao.baseDao - query-ById:m_systems,id:1
[2018-09-14T10:32:42.454] [INFO] dao.baseDao - query-all:m_datasource
[2018-09-14T10:32:42.461] [INFO] dao.baseDao - show-table-info:course
[2018-09-14T10:32:42.464] [INFO] dao.baseDao - show-table-info:user
[2018-09-14T10:32:42.470] [INFO] dao.baseDao - show-table-info:userInfo
[2018-09-14T10:32:42.484] [INFO] dao.baseDao - query-all:course
[2018-09-14T10:32:42.783] [INFO] dao.baseDao - query-all:m_components
[2018-09-14T10:32:42.786] [INFO] dao.baseDao - query-all:m_theme_base_props
[2018-09-14T10:32:42.799] [INFO] dao.baseDao - query-all:m_component_props
[2018-09-14T10:32:42.802] [INFO] dao.baseDao - query-all:m_component_props
[2018-09-14T10:32:42.804] [INFO] dao.baseDao - query-all:m_component_props
[2018-09-14T10:32:42.804] [INFO] dao.baseDao - query-all:m_component_props
[2018-09-14T10:32:42.805] [INFO] dao.baseDao - query-all:m_component_props
[2018-09-14T10:32:42.805] [INFO] dao.baseDao - query-all:m_component_props
[2018-09-14T10:32:42.806] [INFO] dao.baseDao - query-all:m_component_props
[2018-09-14T10:32:42.806] [INFO] dao.baseDao - query-all:m_component_props
[2018-09-14T10:32:42.807] [INFO] dao.baseDao - query-all:m_component_props
[2018-09-14T10:32:42.807] [INFO] dao.baseDao - query-all:m_component_props
[2018-09-14T10:32:42.807] [INFO] dao.baseDao - query-all:m_component_props
[2018-09-14T10:32:42.808] [INFO] dao.baseDao - query-all:m_component_props
[2018-09-14T10:32:42.808] [INFO] dao.baseDao - query-all:m_component_props
[2018-09-14T10:32:42.808] [INFO] dao.baseDao - query-all:m_component_props
[2018-09-14T10:32:52.464] [INFO] dao.baseDao - query-ById:m_page,id:6
[2018-09-14T10:32:58.060] [INFO] dao.baseDao - query-all:course
[2018-09-14T10:34:14.638] [INFO] dao.baseDao - query-all:m_theme
[2018-09-14T10:34:14.644] [INFO] dao.baseDao - query-all:m_theme_base_props
[2018-09-14T10:34:14.764] [INFO] dao.baseDao - query-all:m_component_props
[2018-09-14T10:34:20.938] [INFO] dao.baseDao - query-page:m_components
[2018-09-14T10:34:20.951] [INFO] dao.baseDao - 14
[2018-09-14T10:34:20.952] [INFO] dao.baseDao - { page: 0,
  limit: 10,
  list: 
   [ RowDataPacket {
       id: 1,
       name: 'input',
       description: null,
       themeId: 1,
       frontShow: null,
       backShow: null,
       createAt: 2018-08-20T14:07:29.000Z,
       createBy: 1,
       updateAt: 2018-08-20T14:07:29.000Z,
       isDeleted: 0,
       deletedAt: 2018-08-20T14:07:29.000Z },
     RowDataPacket {
       id: 2,
       name: 'select',
       description: null,
       themeId: 1,
       frontShow: null,
       backShow: null,
       createAt: 2018-08-24T05:41:55.000Z,
       createBy: 1,
       updateAt: 2018-08-24T05:41:55.000Z,
       isDeleted: 0,
       deletedAt: 2018-08-24T05:41:55.000Z },
     RowDataPacket {
       id: 3,
       name: 'row',
       description: null,
       themeId: 1,
       frontShow: null,
       backShow: null,
       createAt: 2018-08-24T13:17:11.000Z,
       createBy: 1,
       updateAt: 2018-08-24T13:17:11.000Z,
       isDeleted: 0,
       deletedAt: 2018-08-24T13:17:11.000Z },
     RowDataPacket {
       id: 4,
       name: 'col',
       description: null,
       themeId: 1,
       frontShow: null,
       backShow: null,
       createAt: 2018-08-25T02:12:18.000Z,
       createBy: 1,
       updateAt: 2018-08-25T02:12:18.000Z,
       isDeleted: 0,
       deletedAt: 2018-08-25T02:12:18.000Z },
     RowDataPacket {
       id: 5,
       name: 'table',
       description: null,
       themeId: 1,
       frontShow: null,
       backShow: null,
       createAt: 2018-09-04T08:18:21.000Z,
       createBy: 1,
       updateAt: 2018-09-04T08:18:21.000Z,
       isDeleted: 0,
       deletedAt: 2018-09-04T08:18:21.000Z },
     RowDataPacket {
       id: 6,
       name: 'tableCol',
       description: null,
       themeId: 1,
       frontShow: null,
       backShow: null,
       createAt: 2018-09-04T08:20:19.000Z,
       createBy: 1,
       updateAt: 2018-09-04T08:20:19.000Z,
       isDeleted: 0,
       deletedAt: 2018-09-04T08:20:19.000Z },
     RowDataPacket {
       id: 7,
       name: 'radio',
       description: null,
       themeId: 1,
       frontShow: null,
       backShow: null,
       createAt: 2018-09-04T08:22:14.000Z,
       createBy: 1,
       updateAt: 2018-09-04T08:22:14.000Z,
       isDeleted: 0,
       deletedAt: 2018-09-04T08:22:14.000Z },
     RowDataPacket {
       id: 8,
       name: 'switch',
       description: null,
       themeId: 1,
       frontShow: null,
       backShow: null,
       createAt: 2018-09-08T12:45:21.000Z,
       createBy: 1,
       updateAt: 2018-09-08T12:45:21.000Z,
       isDeleted: 0,
       deletedAt: 2018-09-08T12:45:21.000Z },
     RowDataPacket {
       id: 9,
       name: 'slider',
       description: null,
       themeId: 1,
       frontShow: null,
       backShow: null,
       createAt: 2018-09-08T12:47:35.000Z,
       createBy: 1,
       updateAt: 2018-09-08T12:47:35.000Z,
       isDeleted: 0,
       deletedAt: 2018-09-08T12:47:35.000Z },
     RowDataPacket {
       id: 10,
       name: 'timePicker',
       description: null,
       themeId: 1,
       frontShow: null,
       backShow: null,
       createAt: 2018-09-08T12:47:53.000Z,
       createBy: 1,
       updateAt: 2018-09-08T12:47:53.000Z,
       isDeleted: 0,
       deletedAt: 2018-09-08T12:47:53.000Z } ],
  total: 14 }
[2018-09-14T10:35:28.841] [INFO] dao.baseDao - query-all:m_systems
[2018-09-14T10:35:31.107] [INFO] dao.baseDao - query-all:m_page
[2018-09-14T10:35:31.114] [INFO] dao.baseDao - query-all:m_datasource
[2018-09-14T10:37:23.112] [INFO] dao.baseDao - query-ById:m_page,id:7
[2018-09-14T10:37:23.485] [INFO] dao.baseDao - query-ById:m_page,id:7
[2018-09-14T10:37:24.788] [INFO] dao.baseDao - query-all:user
[2018-09-14T10:44:55.581] [INFO] dao.baseDao - query-ById:m_page,id:7
[2018-09-14T10:44:55.949] [INFO] dao.baseDao - query-ById:m_page,id:7
[2018-09-14T10:44:57.106] [INFO] dao.baseDao - query-all:user
[2018-09-14T10:46:54.150] [INFO] dao.baseDao - query-ById:m_page,id:7
[2018-09-14T10:46:54.801] [INFO] dao.baseDao - query-ById:m_page,id:7
[2018-09-14T10:46:55.864] [INFO] dao.baseDao - query-all:user
[2018-09-14T10:47:45.612] [INFO] dao.baseDao - query-ById:m_page,id:7
[2018-09-14T10:47:46.260] [INFO] dao.baseDao - query-ById:m_page,id:7
[2018-09-14T10:47:47.505] [INFO] dao.baseDao - query-all:user
[2018-09-14T10:49:12.447] [INFO] dao.baseDao - query-ById:m_page,id:7
[2018-09-14T10:49:12.939] [INFO] dao.baseDao - query-ById:m_page,id:7
[2018-09-14T10:49:13.567] [INFO] dao.baseDao - query-all:user
[2018-09-14T10:50:42.332] [INFO] dao.baseDao - query-ById:m_page,id:7
[2018-09-14T10:50:42.501] [INFO] dao.baseDao - query-ById:m_page,id:7
[2018-09-14T10:50:43.580] [INFO] dao.baseDao - query-all:user
[2018-09-14T10:51:10.575] [INFO] dao.baseDao - query-ById:m_page,id:7
[2018-09-14T10:51:10.932] [INFO] dao.baseDao - query-ById:m_page,id:7
[2018-09-14T10:51:10.936] [INFO] dao.baseDao - query-ById:m_systems,id:1
[2018-09-14T10:51:11.224] [INFO] dao.baseDao - query-all:m_components
[2018-09-14T10:51:11.237] [INFO] dao.baseDao - query-all:m_component_props
[2018-09-14T10:51:11.238] [INFO] dao.baseDao - query-all:m_component_props
[2018-09-14T10:51:11.239] [INFO] dao.baseDao - query-all:m_component_props
[2018-09-14T10:51:11.240] [INFO] dao.baseDao - query-all:m_component_props
[2018-09-14T10:51:11.240] [INFO] dao.baseDao - query-all:m_component_props
[2018-09-14T10:51:11.241] [INFO] dao.baseDao - query-all:m_component_props
[2018-09-14T10:51:11.242] [INFO] dao.baseDao - query-all:m_component_props
[2018-09-14T10:51:11.243] [INFO] dao.baseDao - query-all:m_component_props
[2018-09-14T10:51:11.246] [INFO] dao.baseDao - query-all:m_component_props
[2018-09-14T10:51:11.249] [INFO] dao.baseDao - query-all:m_component_props
[2018-09-14T10:51:11.250] [INFO] dao.baseDao - query-all:m_component_props
[2018-09-14T10:51:11.250] [INFO] dao.baseDao - query-all:m_component_props
[2018-09-14T10:51:11.250] [INFO] dao.baseDao - query-all:m_component_props
[2018-09-14T10:51:11.250] [INFO] dao.baseDao - query-all:m_component_props
[2018-09-14T10:51:11.440] [INFO] dao.baseDao - query-all:m_theme_base_props
[2018-09-14T10:51:12.057] [INFO] dao.baseDao - query-all:user
[2018-09-14T10:51:17.440] [INFO] dao.baseDao - query-ById:m_page,id:7
[2018-09-14T10:51:17.727] [INFO] dao.baseDao - query-ById:m_page,id:7
[2018-09-14T10:51:17.734] [INFO] dao.baseDao - query-ById:m_systems,id:1
[2018-09-14T10:51:17.860] [INFO] dao.baseDao - query-all:m_components
[2018-09-14T10:51:17.863] [INFO] dao.baseDao - query-all:m_theme_base_props
[2018-09-14T10:51:17.876] [INFO] dao.baseDao - query-all:m_component_props
[2018-09-14T10:51:17.878] [INFO] dao.baseDao - query-all:m_component_props
[2018-09-14T10:51:17.878] [INFO] dao.baseDao - query-all:m_component_props
[2018-09-14T10:51:17.878] [INFO] dao.baseDao - query-all:m_component_props
[2018-09-14T10:51:17.879] [INFO] dao.baseDao - query-all:m_component_props
[2018-09-14T10:51:17.881] [INFO] dao.baseDao - query-all:m_component_props
[2018-09-14T10:51:17.882] [INFO] dao.baseDao - query-all:m_component_props
[2018-09-14T10:51:17.883] [INFO] dao.baseDao - query-all:m_component_props
[2018-09-14T10:51:17.884] [INFO] dao.baseDao - query-all:m_component_props
[2018-09-14T10:51:17.885] [INFO] dao.baseDao - query-all:m_component_props
[2018-09-14T10:51:17.885] [INFO] dao.baseDao - query-all:m_component_props
[2018-09-14T10:51:17.885] [INFO] dao.baseDao - query-all:m_component_props
[2018-09-14T10:51:17.886] [INFO] dao.baseDao - query-all:m_component_props
[2018-09-14T10:51:17.886] [INFO] dao.baseDao - query-all:m_component_props
[2018-09-14T10:51:18.149] [INFO] dao.baseDao - query-all:user
[2018-09-14T10:51:45.357] [INFO] dao.baseDao - query-ById:m_page,id:7
[2018-09-14T10:51:45.506] [INFO] dao.baseDao - query-ById:m_page,id:7
[2018-09-14T10:51:47.013] [INFO] dao.baseDao - query-all:user
[2018-09-14T10:52:45.581] [INFO] dao.baseDao - query-all:m_theme
[2018-09-14T10:52:45.593] [INFO] dao.baseDao - query-all:m_component_props
[2018-09-14T10:52:45.631] [INFO] dao.baseDao - query-all:m_theme_base_props
[2018-09-14T10:52:47.416] [INFO] dao.baseDao - query-page:m_components
[2018-09-14T10:52:47.419] [INFO] dao.baseDao - 14
[2018-09-14T10:52:47.420] [INFO] dao.baseDao - { page: 0,
  limit: 10,
  list: 
   [ RowDataPacket {
       id: 1,
       name: 'input',
       description: null,
       themeId: 1,
       frontShow: null,
       backShow: null,
       createAt: 2018-08-20T14:07:29.000Z,
       createBy: 1,
       updateAt: 2018-08-20T14:07:29.000Z,
       isDeleted: 0,
       deletedAt: 2018-08-20T14:07:29.000Z },
     RowDataPacket {
       id: 2,
       name: 'select',
       description: null,
       themeId: 1,
       frontShow: null,
       backShow: null,
       createAt: 2018-08-24T05:41:55.000Z,
       createBy: 1,
       updateAt: 2018-08-24T05:41:55.000Z,
       isDeleted: 0,
       deletedAt: 2018-08-24T05:41:55.000Z },
     RowDataPacket {
       id: 3,
       name: 'row',
       description: null,
       themeId: 1,
       frontShow: null,
       backShow: null,
       createAt: 2018-08-24T13:17:11.000Z,
       createBy: 1,
       updateAt: 2018-08-24T13:17:11.000Z,
       isDeleted: 0,
       deletedAt: 2018-08-24T13:17:11.000Z },
     RowDataPacket {
       id: 4,
       name: 'col',
       description: null,
       themeId: 1,
       frontShow: null,
       backShow: null,
       createAt: 2018-08-25T02:12:18.000Z,
       createBy: 1,
       updateAt: 2018-08-25T02:12:18.000Z,
       isDeleted: 0,
       deletedAt: 2018-08-25T02:12:18.000Z },
     RowDataPacket {
       id: 5,
       name: 'table',
       description: null,
       themeId: 1,
       frontShow: null,
       backShow: null,
       createAt: 2018-09-04T08:18:21.000Z,
       createBy: 1,
       updateAt: 2018-09-04T08:18:21.000Z,
       isDeleted: 0,
       deletedAt: 2018-09-04T08:18:21.000Z },
     RowDataPacket {
       id: 6,
       name: 'tableCol',
       description: null,
       themeId: 1,
       frontShow: null,
       backShow: null,
       createAt: 2018-09-04T08:20:19.000Z,
       createBy: 1,
       updateAt: 2018-09-04T08:20:19.000Z,
       isDeleted: 0,
       deletedAt: 2018-09-04T08:20:19.000Z },
     RowDataPacket {
       id: 7,
       name: 'radio',
       description: null,
       themeId: 1,
       frontShow: null,
       backShow: null,
       createAt: 2018-09-04T08:22:14.000Z,
       createBy: 1,
       updateAt: 2018-09-04T08:22:14.000Z,
       isDeleted: 0,
       deletedAt: 2018-09-04T08:22:14.000Z },
     RowDataPacket {
       id: 8,
       name: 'switch',
       description: null,
       themeId: 1,
       frontShow: null,
       backShow: null,
       createAt: 2018-09-08T12:45:21.000Z,
       createBy: 1,
       updateAt: 2018-09-08T12:45:21.000Z,
       isDeleted: 0,
       deletedAt: 2018-09-08T12:45:21.000Z },
     RowDataPacket {
       id: 9,
       name: 'slider',
       description: null,
       themeId: 1,
       frontShow: null,
       backShow: null,
       createAt: 2018-09-08T12:47:35.000Z,
       createBy: 1,
       updateAt: 2018-09-08T12:47:35.000Z,
       isDeleted: 0,
       deletedAt: 2018-09-08T12:47:35.000Z },
     RowDataPacket {
       id: 10,
       name: 'timePicker',
       description: null,
       themeId: 1,
       frontShow: null,
       backShow: null,
       createAt: 2018-09-08T12:47:53.000Z,
       createBy: 1,
       updateAt: 2018-09-08T12:47:53.000Z,
       isDeleted: 0,
       deletedAt: 2018-09-08T12:47:53.000Z } ],
  total: 14 }
[2018-09-14T10:53:11.444] [INFO] dao.baseDao - query-all:m_theme
[2018-09-14T10:53:11.454] [INFO] dao.baseDao - query-all:m_component_props
[2018-09-14T10:53:11.455] [INFO] dao.baseDao - query-all:m_theme_base_props
[2018-09-14T10:53:13.454] [INFO] dao.baseDao - query-page:m_components
[2018-09-14T10:53:13.459] [INFO] dao.baseDao - query-all:m_theme_base_props
[2018-09-14T10:53:13.493] [INFO] dao.baseDao - 14
[2018-09-14T10:53:13.493] [INFO] dao.baseDao - { page: 0,
  limit: 10,
  list: 
   [ RowDataPacket {
       id: 1,
       name: 'input',
       description: null,
       themeId: 1,
       frontShow: null,
       backShow: null,
       createAt: 2018-08-20T14:07:29.000Z,
       createBy: 1,
       updateAt: 2018-08-20T14:07:29.000Z,
       isDeleted: 0,
       deletedAt: 2018-08-20T14:07:29.000Z },
     RowDataPacket {
       id: 2,
       name: 'select',
       description: null,
       themeId: 1,
       frontShow: null,
       backShow: null,
       createAt: 2018-08-24T05:41:55.000Z,
       createBy: 1,
       updateAt: 2018-08-24T05:41:55.000Z,
       isDeleted: 0,
       deletedAt: 2018-08-24T05:41:55.000Z },
     RowDataPacket {
       id: 3,
       name: 'row',
       description: null,
       themeId: 1,
       frontShow: null,
       backShow: null,
       createAt: 2018-08-24T13:17:11.000Z,
       createBy: 1,
       updateAt: 2018-08-24T13:17:11.000Z,
       isDeleted: 0,
       deletedAt: 2018-08-24T13:17:11.000Z },
     RowDataPacket {
       id: 4,
       name: 'col',
       description: null,
       themeId: 1,
       frontShow: null,
       backShow: null,
       createAt: 2018-08-25T02:12:18.000Z,
       createBy: 1,
       updateAt: 2018-08-25T02:12:18.000Z,
       isDeleted: 0,
       deletedAt: 2018-08-25T02:12:18.000Z },
     RowDataPacket {
       id: 5,
       name: 'table',
       description: null,
       themeId: 1,
       frontShow: null,
       backShow: null,
       createAt: 2018-09-04T08:18:21.000Z,
       createBy: 1,
       updateAt: 2018-09-04T08:18:21.000Z,
       isDeleted: 0,
       deletedAt: 2018-09-04T08:18:21.000Z },
     RowDataPacket {
       id: 6,
       name: 'tableCol',
       description: null,
       themeId: 1,
       frontShow: null,
       backShow: null,
       createAt: 2018-09-04T08:20:19.000Z,
       createBy: 1,
       updateAt: 2018-09-04T08:20:19.000Z,
       isDeleted: 0,
       deletedAt: 2018-09-04T08:20:19.000Z },
     RowDataPacket {
       id: 7,
       name: 'radio',
       description: null,
       themeId: 1,
       frontShow: null,
       backShow: null,
       createAt: 2018-09-04T08:22:14.000Z,
       createBy: 1,
       updateAt: 2018-09-04T08:22:14.000Z,
       isDeleted: 0,
       deletedAt: 2018-09-04T08:22:14.000Z },
     RowDataPacket {
       id: 8,
       name: 'switch',
       description: null,
       themeId: 1,
       frontShow: null,
       backShow: null,
       createAt: 2018-09-08T12:45:21.000Z,
       createBy: 1,
       updateAt: 2018-09-08T12:45:21.000Z,
       isDeleted: 0,
       deletedAt: 2018-09-08T12:45:21.000Z },
     RowDataPacket {
       id: 9,
       name: 'slider',
       description: null,
       themeId: 1,
       frontShow: null,
       backShow: null,
       createAt: 2018-09-08T12:47:35.000Z,
       createBy: 1,
       updateAt: 2018-09-08T12:47:35.000Z,
       isDeleted: 0,
       deletedAt: 2018-09-08T12:47:35.000Z },
     RowDataPacket {
       id: 10,
       name: 'timePicker',
       description: null,
       themeId: 1,
       frontShow: null,
       backShow: null,
       createAt: 2018-09-08T12:47:53.000Z,
       createBy: 1,
       updateAt: 2018-09-08T12:47:53.000Z,
       isDeleted: 0,
       deletedAt: 2018-09-08T12:47:53.000Z } ],
  total: 14 }
[2018-09-14T10:53:16.333] [INFO] dao.baseDao - query-all:m_systems
[2018-09-14T10:53:19.430] [INFO] dao.baseDao - query-all:m_datasource
[2018-09-14T10:53:34.453] [INFO] dao.baseDao - query-all:m_page
[2018-09-14T10:53:35.264] [INFO] dao.baseDao - query-ById:m_page,id:7
[2018-09-14T10:53:35.308] [INFO] dao.baseDao - query-ById:m_page,id:7
[2018-09-14T10:53:35.315] [INFO] dao.baseDao - query-ById:m_systems,id:1
[2018-09-14T10:53:35.468] [INFO] dao.baseDao - query-all:m_components
[2018-09-14T10:53:35.483] [INFO] dao.baseDao - query-all:m_component_props
[2018-09-14T10:53:35.484] [INFO] dao.baseDao - query-all:m_component_props
[2018-09-14T10:53:35.486] [INFO] dao.baseDao - query-all:m_component_props
[2018-09-14T10:53:35.488] [INFO] dao.baseDao - query-all:m_component_props
[2018-09-14T10:53:35.489] [INFO] dao.baseDao - query-all:m_component_props
[2018-09-14T10:53:35.490] [INFO] dao.baseDao - query-all:m_component_props
[2018-09-14T10:53:35.492] [INFO] dao.baseDao - query-all:m_component_props
[2018-09-14T10:53:35.493] [INFO] dao.baseDao - query-all:m_component_props
[2018-09-14T10:53:35.493] [INFO] dao.baseDao - query-all:m_component_props
[2018-09-14T10:53:35.494] [INFO] dao.baseDao - query-all:m_component_props
[2018-09-14T10:53:35.494] [INFO] dao.baseDao - query-all:m_component_props
[2018-09-14T10:53:35.496] [INFO] dao.baseDao - query-all:m_component_props
[2018-09-14T10:53:35.498] [INFO] dao.baseDao - query-all:m_component_props
[2018-09-14T10:53:35.498] [INFO] dao.baseDao - query-all:m_component_props
[2018-09-14T10:53:35.800] [INFO] dao.baseDao - query-all:user
[2018-09-14T10:54:00.428] [INFO] dao.baseDao - query-all:m_page
[2018-09-14T10:54:01.376] [INFO] dao.baseDao - query-ById:m_page,id:6
[2018-09-14T10:54:01.476] [INFO] dao.baseDao - query-ById:m_page,id:6
[2018-09-14T10:54:01.785] [INFO] dao.baseDao - query-all:course
[2018-09-14T10:54:14.722] [INFO] dao.baseDao - update-table-info:6
[2018-09-14T10:54:14.754] [INFO] dao.baseDao - query-ById:m_page,id:6
[2018-09-14T10:54:15.517] [INFO] dao.baseDao - query-ById:m_page,id:6
[2018-09-14T10:54:15.941] [INFO] dao.baseDao - query-all:course
[2018-09-14T14:24:07.375] [INFO] dao.baseDao - query-all:users
[2018-09-14T14:24:21.120] [INFO] dao.baseDao - query-all:m_fields
[2018-09-14T14:24:31.031] [INFO] dao.baseDao - query-all:m_page
[2018-09-14T14:24:37.798] [INFO] dao.baseDao - query-all:m_page
[2018-09-14T14:25:23.410] [INFO] dao.baseDao - query-all:m_page
[2018-09-14T14:28:32.261] [INFO] dao.baseDao - query-all:m_models
[2018-09-14T14:28:32.318] [INFO] dao.baseDao - query-all:m_model_fields
[2018-09-14T14:28:32.320] [INFO] dao.baseDao - query-all:m_model_fields
[2018-09-14T14:28:32.321] [INFO] dao.baseDao - query-all:m_model_fields
[2018-09-14T14:28:39.875] [INFO] dao.baseDao - query-all:m_models
[2018-09-14T14:28:39.881] [INFO] dao.baseDao - query-all:m_model_fields
[2018-09-14T14:28:39.882] [INFO] dao.baseDao - query-all:m_model_fields
[2018-09-14T14:28:39.883] [INFO] dao.baseDao - query-all:m_model_fields
[2018-09-14T14:28:44.548] [INFO] dao.baseDao - query-all:m_models
[2018-09-14T14:28:44.578] [INFO] dao.baseDao - query-all:m_model_fields
[2018-09-14T14:28:44.580] [INFO] dao.baseDao - query-all:m_model_fields
[2018-09-14T14:28:44.581] [INFO] dao.baseDao - query-all:m_model_fields
[2018-09-14T14:30:35.280] [INFO] dao.baseDao - query-all:m_models
[2018-09-14T14:30:35.294] [INFO] dao.baseDao - query-all:m_model_fields
[2018-09-14T14:30:35.296] [INFO] dao.baseDao - query-all:m_model_fields
[2018-09-14T14:30:35.296] [INFO] dao.baseDao - query-all:m_model_fields
[2018-09-14T14:35:07.376] [INFO] dao.baseDao - query-page:m_models
[2018-09-14T14:35:07.412] [INFO] dao.baseDao - 3
[2018-09-14T14:35:07.413] [INFO] dao.baseDao - { page: 0,
  limit: 5,
  list: 
   [ RowDataPacket {
       id: 11,
       dataSourceId: 25,
       systemId: 1,
       name: 'course',
       description: '',
       beforeCreate: null,
       beforeUpdate: null,
       createAt: 2018-09-03T11:27:42.000Z,
       deletedAt: 2018-09-03T11:27:42.000Z,
       updateAt: 2018-09-03T11:27:42.000Z,
       createBy: 1 },
     RowDataPacket {
       id: 12,
       dataSourceId: 25,
       systemId: 1,
       name: 'user',
       description: '',
       beforeCreate: null,
       beforeUpdate: null,
       createAt: 2018-09-03T11:27:42.000Z,
       deletedAt: 2018-09-03T11:27:42.000Z,
       updateAt: 2018-09-03T11:27:42.000Z,
       createBy: 1 },
     RowDataPacket {
       id: 13,
       dataSourceId: 25,
       systemId: 1,
       name: 'userInfo',
       description: '',
       beforeCreate: null,
       beforeUpdate: null,
       createAt: 2018-09-03T11:27:43.000Z,
       deletedAt: 2018-09-03T11:27:43.000Z,
       updateAt: 2018-09-03T11:27:43.000Z,
       createBy: 1 } ],
  total: 3 }
[2018-09-14T14:35:57.336] [INFO] dao.baseDao - query-page:m_models
[2018-09-14T14:35:57.364] [INFO] dao.baseDao - 3
[2018-09-14T14:35:57.364] [INFO] dao.baseDao - { page: 0,
  limit: 1,
  list: 
   [ RowDataPacket {
       id: 11,
       dataSourceId: 25,
       systemId: 1,
       name: 'course',
       description: '',
       beforeCreate: null,
       beforeUpdate: null,
       createAt: 2018-09-03T11:27:42.000Z,
       deletedAt: 2018-09-03T11:27:42.000Z,
       updateAt: 2018-09-03T11:27:42.000Z,
       createBy: 1 } ],
  total: 3 }
[2018-09-14T14:36:01.392] [INFO] dao.baseDao - query-page:m_models
[2018-09-14T14:36:01.400] [INFO] dao.baseDao - 3
[2018-09-14T14:36:01.400] [INFO] dao.baseDao - { page: 1,
  limit: 1,
  list: 
   [ RowDataPacket {
       id: 12,
       dataSourceId: 25,
       systemId: 1,
       name: 'user',
       description: '',
       beforeCreate: null,
       beforeUpdate: null,
       createAt: 2018-09-03T11:27:42.000Z,
       deletedAt: 2018-09-03T11:27:42.000Z,
       updateAt: 2018-09-03T11:27:42.000Z,
       createBy: 1 } ],
  total: 3 }
[2018-09-14T14:39:43.136] [INFO] dao.baseDao - query-all:m_models
[2018-09-14T14:39:43.144] [INFO] dao.baseDao - query-all:m_model_fields
[2018-09-14T14:39:43.145] [INFO] dao.baseDao - query-all:m_model_fields
[2018-09-14T14:39:43.145] [INFO] dao.baseDao - query-all:m_model_fields
[2018-09-14T14:40:05.882] [INFO] dao.baseDao - query-all:m_page
[2018-09-14T14:40:12.811] [INFO] dao.baseDao - query-ById:m_page,id:7
[2018-09-14T14:40:12.865] [INFO] dao.baseDao - query-ById:m_page,id:7
[2018-09-14T14:40:13.459] [INFO] dao.baseDao - query-all:user
[2018-09-14T14:40:46.686] [INFO] dao.baseDao - query-ById:m_page,id:7
[2018-09-14T14:40:47.303] [INFO] dao.baseDao - query-ById:m_page,id:7
[2018-09-14T14:40:47.307] [INFO] dao.baseDao - query-ById:m_systems,id:1
[2018-09-14T14:40:47.505] [INFO] dao.baseDao - query-all:m_components
[2018-09-14T14:40:47.509] [INFO] dao.baseDao - query-all:m_theme_base_props
[2018-09-14T14:40:47.529] [INFO] dao.baseDao - query-all:m_component_props
[2018-09-14T14:40:47.530] [INFO] dao.baseDao - query-all:m_component_props
[2018-09-14T14:40:47.534] [INFO] dao.baseDao - query-all:m_component_props
[2018-09-14T14:40:47.537] [INFO] dao.baseDao - query-all:m_component_props
[2018-09-14T14:40:47.537] [INFO] dao.baseDao - query-all:m_component_props
[2018-09-14T14:40:47.537] [INFO] dao.baseDao - query-all:m_component_props
[2018-09-14T14:40:47.538] [INFO] dao.baseDao - query-all:m_component_props
[2018-09-14T14:40:47.538] [INFO] dao.baseDao - query-all:m_component_props
[2018-09-14T14:40:47.538] [INFO] dao.baseDao - query-all:m_component_props
[2018-09-14T14:40:47.539] [INFO] dao.baseDao - query-all:m_component_props
[2018-09-14T14:40:47.539] [INFO] dao.baseDao - query-all:m_component_props
[2018-09-14T14:40:47.539] [INFO] dao.baseDao - query-all:m_component_props
[2018-09-14T14:40:47.539] [INFO] dao.baseDao - query-all:m_component_props
[2018-09-14T14:40:47.539] [INFO] dao.baseDao - query-all:m_component_props
[2018-09-14T14:40:48.298] [INFO] dao.baseDao - query-all:user
[2018-09-14T14:41:00.804] [INFO] dao.baseDao - query-ById:m_page,id:7
[2018-09-14T14:41:00.926] [INFO] dao.baseDao - query-all:user
[2018-09-14T14:41:21.700] [INFO] dao.baseDao - update-table-info:7
[2018-09-14T14:41:21.733] [INFO] dao.baseDao - query-ById:m_page,id:7
[2018-09-14T14:41:22.605] [INFO] dao.baseDao - query-ById:m_page,id:7
[2018-09-14T14:41:23.089] [INFO] dao.baseDao - query-all:user
[2018-09-14T14:42:10.386] [INFO] dao.baseDao - query-ById:m_page,id:7
[2018-09-14T14:42:10.606] [INFO] dao.baseDao - query-all:user
[2018-09-14T14:42:16.863] [INFO] dao.baseDao - query-all:m_theme
[2018-09-14T14:42:16.867] [INFO] dao.baseDao - query-all:m_component_props
[2018-09-14T14:42:16.876] [INFO] dao.baseDao - query-all:m_theme_base_props
[2018-09-14T14:42:36.219] [INFO] dao.baseDao - query-page:m_components
[2018-09-14T14:42:36.249] [INFO] dao.baseDao - 14
[2018-09-14T14:42:36.250] [INFO] dao.baseDao - { page: 0,
  limit: 10,
  list: 
   [ RowDataPacket {
       id: 1,
       name: 'input',
       description: null,
       themeId: 1,
       frontShow: null,
       backShow: null,
       createAt: 2018-08-20T14:07:29.000Z,
       createBy: 1,
       updateAt: 2018-08-20T14:07:29.000Z,
       isDeleted: 0,
       deletedAt: 2018-08-20T14:07:29.000Z },
     RowDataPacket {
       id: 2,
       name: 'select',
       description: null,
       themeId: 1,
       frontShow: null,
       backShow: null,
       createAt: 2018-08-24T05:41:55.000Z,
       createBy: 1,
       updateAt: 2018-08-24T05:41:55.000Z,
       isDeleted: 0,
       deletedAt: 2018-08-24T05:41:55.000Z },
     RowDataPacket {
       id: 3,
       name: 'row',
       description: null,
       themeId: 1,
       frontShow: null,
       backShow: null,
       createAt: 2018-08-24T13:17:11.000Z,
       createBy: 1,
       updateAt: 2018-08-24T13:17:11.000Z,
       isDeleted: 0,
       deletedAt: 2018-08-24T13:17:11.000Z },
     RowDataPacket {
       id: 4,
       name: 'col',
       description: null,
       themeId: 1,
       frontShow: null,
       backShow: null,
       createAt: 2018-08-25T02:12:18.000Z,
       createBy: 1,
       updateAt: 2018-08-25T02:12:18.000Z,
       isDeleted: 0,
       deletedAt: 2018-08-25T02:12:18.000Z },
     RowDataPacket {
       id: 5,
       name: 'table',
       description: null,
       themeId: 1,
       frontShow: null,
       backShow: null,
       createAt: 2018-09-04T08:18:21.000Z,
       createBy: 1,
       updateAt: 2018-09-04T08:18:21.000Z,
       isDeleted: 0,
       deletedAt: 2018-09-04T08:18:21.000Z },
     RowDataPacket {
       id: 6,
       name: 'tableCol',
       description: null,
       themeId: 1,
       frontShow: null,
       backShow: null,
       createAt: 2018-09-04T08:20:19.000Z,
       createBy: 1,
       updateAt: 2018-09-04T08:20:19.000Z,
       isDeleted: 0,
       deletedAt: 2018-09-04T08:20:19.000Z },
     RowDataPacket {
       id: 7,
       name: 'radio',
       description: null,
       themeId: 1,
       frontShow: null,
       backShow: null,
       createAt: 2018-09-04T08:22:14.000Z,
       createBy: 1,
       updateAt: 2018-09-04T08:22:14.000Z,
       isDeleted: 0,
       deletedAt: 2018-09-04T08:22:14.000Z },
     RowDataPacket {
       id: 8,
       name: 'switch',
       description: null,
       themeId: 1,
       frontShow: null,
       backShow: null,
       createAt: 2018-09-08T12:45:21.000Z,
       createBy: 1,
       updateAt: 2018-09-08T12:45:21.000Z,
       isDeleted: 0,
       deletedAt: 2018-09-08T12:45:21.000Z },
     RowDataPacket {
       id: 9,
       name: 'slider',
       description: null,
       themeId: 1,
       frontShow: null,
       backShow: null,
       createAt: 2018-09-08T12:47:35.000Z,
       createBy: 1,
       updateAt: 2018-09-08T12:47:35.000Z,
       isDeleted: 0,
       deletedAt: 2018-09-08T12:47:35.000Z },
     RowDataPacket {
       id: 10,
       name: 'timePicker',
       description: null,
       themeId: 1,
       frontShow: null,
       backShow: null,
       createAt: 2018-09-08T12:47:53.000Z,
       createBy: 1,
       updateAt: 2018-09-08T12:47:53.000Z,
       isDeleted: 0,
       deletedAt: 2018-09-08T12:47:53.000Z } ],
  total: 14 }
[2018-09-14T14:42:39.144] [INFO] dao.baseDao - query-all:m_component_props
[2018-09-14T14:42:41.776] [INFO] dao.baseDao - query-all:m_component_props
[2018-09-14T14:52:43.806] [INFO] dao.baseDao - query-all:m_systems
[2018-09-14T14:52:53.206] [INFO] dao.baseDao - query-all:m_datasource
[2018-09-14T14:53:33.627] [INFO] dao.baseDao - query-all:m_models
[2018-09-14T14:53:33.633] [INFO] dao.baseDao - query-all:m_model_fields
[2018-09-14T14:53:33.634] [INFO] dao.baseDao - query-all:m_model_fields
[2018-09-14T14:53:33.634] [INFO] dao.baseDao - query-all:m_model_fields
[2018-09-14T14:53:56.048] [INFO] dao.baseDao - query-all:m_page
[2018-09-14T14:54:13.337] [INFO] dao.baseDao - query-ById:m_models,id:13
[2018-09-14T14:54:13.340] [INFO] dao.baseDao - query-all:m_model_fields
[2018-09-14T14:54:13.375] [INFO] dao.baseDao - query-all:m_page
[2018-09-14T14:54:13.413] [INFO] dao.baseDao - query-ById:m_page,id:8
[2018-09-14T14:54:17.572] [INFO] dao.baseDao - query-all:m_page
[2018-09-14T14:54:17.579] [INFO] dao.baseDao - query-all:m_datasource
[2018-09-14T14:54:19.207] [INFO] dao.baseDao - query-ById:m_page,id:8
[2018-09-14T14:54:19.262] [INFO] dao.baseDao - query-ById:m_page,id:8
[2018-09-14T14:54:19.264] [INFO] dao.baseDao - query-ById:m_systems,id:1
[2018-09-14T14:54:19.330] [INFO] dao.baseDao - query-all:m_components
[2018-09-14T14:54:19.334] [INFO] dao.baseDao - query-all:m_theme_base_props
[2018-09-14T14:54:19.375] [INFO] dao.baseDao - query-all:m_component_props
[2018-09-14T14:54:19.376] [INFO] dao.baseDao - query-all:m_component_props
[2018-09-14T14:54:19.377] [INFO] dao.baseDao - query-all:m_component_props
[2018-09-14T14:54:19.377] [INFO] dao.baseDao - query-all:m_component_props
[2018-09-14T14:54:19.377] [INFO] dao.baseDao - query-all:m_component_props
[2018-09-14T14:54:19.378] [INFO] dao.baseDao - query-all:m_component_props
[2018-09-14T14:54:19.378] [INFO] dao.baseDao - query-all:m_component_props
[2018-09-14T14:54:19.379] [INFO] dao.baseDao - query-all:m_component_props
[2018-09-14T14:54:19.379] [INFO] dao.baseDao - query-all:m_component_props
[2018-09-14T14:54:19.379] [INFO] dao.baseDao - query-all:m_component_props
[2018-09-14T14:54:19.379] [INFO] dao.baseDao - query-all:m_component_props
[2018-09-14T14:54:19.380] [INFO] dao.baseDao - query-all:m_component_props
[2018-09-14T14:54:19.380] [INFO] dao.baseDao - query-all:m_component_props
[2018-09-14T14:54:19.380] [INFO] dao.baseDao - query-all:m_component_props
[2018-09-14T14:54:20.526] [INFO] dao.baseDao - query-all:userInfo
[2018-09-14T14:54:59.159] [INFO] dao.baseDao - query-ById:m_page,id:8
[2018-09-14T14:54:59.532] [INFO] dao.baseDao - query-all:userInfo
[2018-09-14T14:55:23.921] [INFO] dao.baseDao - update-table-info:8
[2018-09-14T14:55:23.954] [INFO] dao.baseDao - query-ById:m_page,id:8
[2018-09-14T14:55:25.068] [INFO] dao.baseDao - query-ById:m_page,id:8
[2018-09-14T14:55:25.382] [INFO] dao.baseDao - query-all:userInfo
[2018-09-14T16:09:07.068] [INFO] dao.baseDao - query-all:m_page
[2018-09-14T16:09:08.829] [INFO] dao.baseDao - query-ById:m_page,id:6
[2018-09-14T16:09:08.890] [INFO] dao.baseDao - query-ById:m_page,id:6
[2018-09-14T16:09:10.039] [INFO] dao.baseDao - query-all:course
[2018-09-14T16:24:41.762] [INFO] dao.baseDao - query-all:roles
[2018-09-14T16:25:11.126] [INFO] dao.baseDao - query-all:m_systems
[2018-09-14T16:25:11.142] [INFO] dao.baseDao - query-all:m_theme
[2018-09-14T16:26:00.078] [INFO] dao.baseDao - query-all:m_datasource
[2018-09-14T16:26:05.739] [INFO] dao.baseDao - query-all:m_models
[2018-09-14T16:26:05.770] [INFO] dao.baseDao - query-all:m_model_fields
[2018-09-14T16:26:05.770] [INFO] dao.baseDao - query-all:m_model_fields
[2018-09-14T16:26:05.771] [INFO] dao.baseDao - query-all:m_model_fields
[2018-09-14T16:58:00.694] [INFO] dao.baseDao - query-all:m_page
[2018-09-14T16:58:01.727] [INFO] dao.baseDao - query-ById:m_page,id:8
[2018-09-14T16:58:01.817] [INFO] dao.baseDao - query-ById:m_page,id:8
[2018-09-14T16:58:03.189] [INFO] dao.baseDao - query-all:userInfo
[2018-09-14T19:33:38.330] [INFO] dao.baseDao - show-table-info:group_role_relation
[2018-09-14T19:33:38.334] [INFO] dao.baseDao - show-table-info:group_role_relation
[2018-09-14T19:33:38.369] [INFO] dao.baseDao - show-table-info:m_component_props
[2018-09-14T19:33:38.370] [INFO] dao.baseDao - show-table-info:m_component_props
[2018-09-14T19:33:38.374] [INFO] dao.baseDao - show-table-info:m_components
[2018-09-14T19:33:38.376] [INFO] dao.baseDao - show-table-info:m_components
[2018-09-14T19:33:38.382] [INFO] dao.baseDao - show-table-info:m_datasource
[2018-09-14T19:33:38.385] [INFO] dao.baseDao - show-table-info:m_datasource
[2018-09-14T19:33:38.390] [INFO] dao.baseDao - show-table-info:m_fields
[2018-09-14T19:33:38.392] [INFO] dao.baseDao - show-table-info:m_fields
[2018-09-14T19:33:38.397] [INFO] dao.baseDao - show-table-info:m_model_fields
[2018-09-14T19:33:38.401] [INFO] dao.baseDao - show-table-info:m_model_fields
[2018-09-14T19:33:38.403] [INFO] dao.baseDao - show-table-info:m_models
[2018-09-14T19:33:38.405] [INFO] dao.baseDao - show-table-info:m_page
[2018-09-14T19:33:38.406] [INFO] dao.baseDao - show-table-info:m_models
[2018-09-14T19:33:38.413] [INFO] dao.baseDao - show-table-info:m_page_actions
[2018-09-14T19:33:38.417] [INFO] dao.baseDao - show-table-info:m_page
[2018-09-14T19:33:38.418] [INFO] dao.baseDao - show-table-info:m_systems
[2018-09-14T19:33:38.425] [INFO] dao.baseDao - show-table-info:m_theme
[2018-09-14T19:33:38.428] [INFO] dao.baseDao - show-table-info:m_page_actions
[2018-09-14T19:33:38.429] [INFO] dao.baseDao - show-table-info:m_theme_base_props
[2018-09-14T19:33:38.432] [INFO] dao.baseDao - show-table-info:m_systems
[2018-09-14T19:33:38.433] [INFO] dao.baseDao - show-table-info:roles
[2018-09-14T19:33:38.447] [INFO] dao.baseDao - show-table-info:m_theme
[2018-09-14T19:33:38.450] [INFO] dao.baseDao - show-table-info:test2
[2018-09-14T19:33:38.452] [INFO] dao.baseDao - show-table-info:m_theme_base_props
[2018-09-14T19:33:38.457] [INFO] dao.baseDao - show-table-info:test3
[2018-09-14T19:33:38.465] [INFO] dao.baseDao - show-table-info:roles
[2018-09-14T19:33:38.469] [INFO] dao.baseDao - show-table-info:testTable
[2018-09-14T19:33:38.471] [INFO] dao.baseDao - show-table-info:test2
[2018-09-14T19:33:38.473] [INFO] dao.baseDao - show-table-info:user_group
[2018-09-14T19:33:38.475] [INFO] dao.baseDao - show-table-info:test3
[2018-09-14T19:33:38.479] [INFO] dao.baseDao - show-table-info:testTable
[2018-09-14T19:33:38.480] [INFO] dao.baseDao - show-table-info:user_group_relation
[2018-09-14T19:33:38.483] [INFO] dao.baseDao - show-table-info:user_group
[2018-09-14T19:33:38.490] [INFO] dao.baseDao - show-table-info:users
[2018-09-14T19:33:38.492] [INFO] dao.baseDao - show-table-info:user_group_relation
[2018-09-14T19:33:38.580] [INFO] dao.baseDao - query-all:m_datasource
[2018-09-14T19:33:38.582] [INFO] dao.baseDao - show-table-info:users
[2018-09-14T19:33:38.654] [INFO] dao.baseDao - query-all:m_page
[2018-09-14T19:33:49.150] [INFO] dao.baseDao - query-ById:m_page,id:8
[2018-09-14T19:33:49.264] [INFO] dao.baseDao - query-ById:m_page,id:8
[2018-09-14T19:33:49.271] [INFO] dao.baseDao - query-ById:m_systems,id:1
[2018-09-14T19:33:49.386] [INFO] dao.baseDao - query-all:m_components
[2018-09-14T19:33:49.389] [INFO] dao.baseDao - query-all:m_theme_base_props
[2018-09-14T19:33:49.403] [INFO] dao.baseDao - query-all:m_component_props
[2018-09-14T19:33:49.403] [INFO] dao.baseDao - query-all:m_component_props
[2018-09-14T19:33:49.405] [INFO] dao.baseDao - query-all:m_component_props
[2018-09-14T19:33:49.405] [INFO] dao.baseDao - query-all:m_component_props
[2018-09-14T19:33:49.406] [INFO] dao.baseDao - query-all:m_component_props
[2018-09-14T19:33:49.408] [INFO] dao.baseDao - query-all:m_component_props
[2018-09-14T19:33:49.409] [INFO] dao.baseDao - query-all:m_component_props
[2018-09-14T19:33:49.410] [INFO] dao.baseDao - query-all:m_component_props
[2018-09-14T19:33:49.411] [INFO] dao.baseDao - query-all:m_component_props
[2018-09-14T19:33:49.412] [INFO] dao.baseDao - query-all:m_component_props
[2018-09-14T19:33:49.413] [INFO] dao.baseDao - query-all:m_component_props
[2018-09-14T19:33:49.415] [INFO] dao.baseDao - query-all:m_component_props
[2018-09-14T19:33:49.416] [INFO] dao.baseDao - query-all:m_component_props
[2018-09-14T19:33:49.416] [INFO] dao.baseDao - query-all:m_component_props
[2018-09-14T19:33:50.156] [INFO] dao.baseDao - query-all:m_datasource
[2018-09-14T19:33:50.213] [INFO] dao.baseDao - show-table-info:course
[2018-09-14T19:33:50.218] [INFO] dao.baseDao - show-table-info:user
[2018-09-14T19:33:50.223] [INFO] dao.baseDao - show-table-info:userInfo
[2018-09-14T19:33:50.237] [INFO] dao.baseDao - query-all:userInfo
[2018-09-14T19:33:59.864] [INFO] dao.baseDao - query-all:m_theme
[2018-09-14T19:33:59.871] [INFO] dao.baseDao - query-all:m_component_props
[2018-09-14T19:33:59.873] [INFO] dao.baseDao - query-all:m_theme_base_props
[2018-09-14T19:34:02.924] [INFO] dao.baseDao - query-page:m_components
[2018-09-14T19:34:02.953] [INFO] dao.baseDao - 14
[2018-09-14T19:34:02.954] [INFO] dao.baseDao - { page: 0,
  limit: 10,
  list: 
   [ RowDataPacket {
       id: 1,
       name: 'input',
       description: null,
       themeId: 1,
       frontShow: null,
       backShow: null,
       createAt: 2018-08-20T14:07:29.000Z,
       createBy: 1,
       updateAt: 2018-08-20T14:07:29.000Z,
       isDeleted: 0,
       deletedAt: 2018-08-20T14:07:29.000Z },
     RowDataPacket {
       id: 2,
       name: 'select',
       description: null,
       themeId: 1,
       frontShow: null,
       backShow: null,
       createAt: 2018-08-24T05:41:55.000Z,
       createBy: 1,
       updateAt: 2018-08-24T05:41:55.000Z,
       isDeleted: 0,
       deletedAt: 2018-08-24T05:41:55.000Z },
     RowDataPacket {
       id: 3,
       name: 'row',
       description: null,
       themeId: 1,
       frontShow: null,
       backShow: null,
       createAt: 2018-08-24T13:17:11.000Z,
       createBy: 1,
       updateAt: 2018-08-24T13:17:11.000Z,
       isDeleted: 0,
       deletedAt: 2018-08-24T13:17:11.000Z },
     RowDataPacket {
       id: 4,
       name: 'col',
       description: null,
       themeId: 1,
       frontShow: null,
       backShow: null,
       createAt: 2018-08-25T02:12:18.000Z,
       createBy: 1,
       updateAt: 2018-08-25T02:12:18.000Z,
       isDeleted: 0,
       deletedAt: 2018-08-25T02:12:18.000Z },
     RowDataPacket {
       id: 5,
       name: 'table',
       description: null,
       themeId: 1,
       frontShow: null,
       backShow: null,
       createAt: 2018-09-04T08:18:21.000Z,
       createBy: 1,
       updateAt: 2018-09-04T08:18:21.000Z,
       isDeleted: 0,
       deletedAt: 2018-09-04T08:18:21.000Z },
     RowDataPacket {
       id: 6,
       name: 'tableCol',
       description: null,
       themeId: 1,
       frontShow: null,
       backShow: null,
       createAt: 2018-09-04T08:20:19.000Z,
       createBy: 1,
       updateAt: 2018-09-04T08:20:19.000Z,
       isDeleted: 0,
       deletedAt: 2018-09-04T08:20:19.000Z },
     RowDataPacket {
       id: 7,
       name: 'radio',
       description: null,
       themeId: 1,
       frontShow: null,
       backShow: null,
       createAt: 2018-09-04T08:22:14.000Z,
       createBy: 1,
       updateAt: 2018-09-04T08:22:14.000Z,
       isDeleted: 0,
       deletedAt: 2018-09-04T08:22:14.000Z },
     RowDataPacket {
       id: 8,
       name: 'switch',
       description: null,
       themeId: 1,
       frontShow: null,
       backShow: null,
       createAt: 2018-09-08T12:45:21.000Z,
       createBy: 1,
       updateAt: 2018-09-08T12:45:21.000Z,
       isDeleted: 0,
       deletedAt: 2018-09-08T12:45:21.000Z },
     RowDataPacket {
       id: 9,
       name: 'slider',
       description: null,
       themeId: 1,
       frontShow: null,
       backShow: null,
       createAt: 2018-09-08T12:47:35.000Z,
       createBy: 1,
       updateAt: 2018-09-08T12:47:35.000Z,
       isDeleted: 0,
       deletedAt: 2018-09-08T12:47:35.000Z },
     RowDataPacket {
       id: 10,
       name: 'timePicker',
       description: null,
       themeId: 1,
       frontShow: null,
       backShow: null,
       createAt: 2018-09-08T12:47:53.000Z,
       createBy: 1,
       updateAt: 2018-09-08T12:47:53.000Z,
       isDeleted: 0,
       deletedAt: 2018-09-08T12:47:53.000Z } ],
  total: 14 }
[2018-09-14T19:34:04.553] [INFO] dao.baseDao - query-all:m_component_props
[2018-09-14T19:34:16.078] [INFO] dao.baseDao - query-all:m_component_props
[2018-09-14T19:34:25.463] [INFO] dao.baseDao - query-all:m_component_props
[2018-09-14T19:34:30.448] [INFO] dao.baseDao - query-page:m_components
[2018-09-14T19:34:30.469] [INFO] dao.baseDao - 14
[2018-09-14T19:34:30.469] [INFO] dao.baseDao - { page: 1,
  limit: 10,
  list: 
   [ RowDataPacket {
       id: 11,
       name: 'datePicker',
       description: null,
       themeId: 1,
       frontShow: null,
       backShow: null,
       createAt: 2018-09-08T12:48:05.000Z,
       createBy: 1,
       updateAt: 2018-09-08T12:48:05.000Z,
       isDeleted: 0,
       deletedAt: 2018-09-08T12:48:05.000Z },
     RowDataPacket {
       id: 12,
       name: 'upload',
       description: null,
       themeId: 1,
       frontShow: null,
       backShow: null,
       createAt: 2018-09-08T13:25:51.000Z,
       createBy: 1,
       updateAt: 2018-09-08T13:25:51.000Z,
       isDeleted: 0,
       deletedAt: 2018-09-08T13:25:51.000Z },
     RowDataPacket {
       id: 13,
       name: 'button',
       description: null,
       themeId: 1,
       frontShow: null,
       backShow: null,
       createAt: 2018-09-13T15:36:12.000Z,
       createBy: 1,
       updateAt: 2018-09-13T15:36:12.000Z,
       isDeleted: 0,
       deletedAt: 2018-09-13T15:36:12.000Z },
     RowDataPacket {
       id: 14,
       name: 'text',
       description: null,
       themeId: 1,
       frontShow: null,
       backShow: null,
       createAt: 2018-09-13T15:41:54.000Z,
       createBy: 1,
       updateAt: 2018-09-13T15:41:54.000Z,
       isDeleted: 0,
       deletedAt: 2018-09-13T15:41:54.000Z } ],
  total: 14 }
[2018-09-14T19:34:32.356] [INFO] dao.baseDao - query-all:m_component_props
[2018-09-14T19:34:33.130] [INFO] dao.baseDao - query-all:m_component_props
[2018-09-14T19:36:48.285] [INFO] dao.baseDao - query-all:m_systems
[2018-09-14T19:37:46.284] [INFO] dao.baseDao - query-all:m_systems
[2018-09-14T19:37:46.288] [INFO] dao.baseDao - query-all:m_theme
