[2018-09-05T17:47:38.645] [INFO] dao.baseDao - show-table-info:group_role_relation
[2018-09-05T17:47:38.674] [INFO] dao.baseDao - show-table-info:m_component_props
[2018-09-05T17:47:38.682] [INFO] dao.baseDao - show-table-info:m_components
[2018-09-05T17:47:38.685] [INFO] dao.baseDao - show-table-info:m_datasource
[2018-09-05T17:47:38.691] [INFO] dao.baseDao - show-table-info:m_fields
[2018-09-05T17:47:38.701] [INFO] dao.baseDao - show-table-info:m_model_fields
[2018-09-05T17:47:38.706] [INFO] dao.baseDao - show-table-info:m_models
[2018-09-05T17:47:38.709] [INFO] dao.baseDao - show-table-info:m_page
[2018-09-05T17:47:38.713] [INFO] dao.baseDao - show-table-info:m_page_actions
[2018-09-05T17:47:38.719] [INFO] dao.baseDao - show-table-info:m_systems
[2018-09-05T17:47:38.724] [INFO] dao.baseDao - show-table-info:m_theme
[2018-09-05T17:47:38.729] [INFO] dao.baseDao - show-table-info:roles
[2018-09-05T17:47:38.731] [INFO] dao.baseDao - show-table-info:test2
[2018-09-05T17:47:38.736] [INFO] dao.baseDao - show-table-info:test3
[2018-09-05T17:47:38.742] [INFO] dao.baseDao - show-table-info:testTable
[2018-09-05T17:47:38.746] [INFO] dao.baseDao - show-table-info:user_group
[2018-09-05T17:47:38.751] [INFO] dao.baseDao - show-table-info:user_group_relation
[2018-09-05T17:47:38.754] [INFO] dao.baseDao - show-table-info:users
[2018-09-05T17:47:38.925] [INFO] dao.baseDao - query-ById:m_models,id:11
[2018-09-05T17:47:38.926] [INFO] dao.baseDao - query-all:m_model_fields
[2018-09-05T17:48:09.949] [INFO] dao.baseDao - show-table-info:group_role_relation
[2018-09-05T17:48:09.953] [INFO] dao.baseDao - show-table-info:m_component_props
[2018-09-05T17:48:09.956] [INFO] dao.baseDao - show-table-info:m_components
[2018-09-05T17:48:09.959] [INFO] dao.baseDao - show-table-info:m_datasource
[2018-09-05T17:48:09.963] [INFO] dao.baseDao - show-table-info:m_fields
[2018-09-05T17:48:09.964] [INFO] dao.baseDao - show-table-info:m_model_fields
[2018-09-05T17:48:09.966] [INFO] dao.baseDao - show-table-info:m_models
[2018-09-05T17:48:09.969] [INFO] dao.baseDao - show-table-info:m_page
[2018-09-05T17:48:09.971] [INFO] dao.baseDao - show-table-info:m_page_actions
[2018-09-05T17:48:09.973] [INFO] dao.baseDao - show-table-info:m_systems
[2018-09-05T17:48:09.976] [INFO] dao.baseDao - show-table-info:m_theme
[2018-09-05T17:48:09.981] [INFO] dao.baseDao - show-table-info:roles
[2018-09-05T17:48:09.982] [INFO] dao.baseDao - show-table-info:test2
[2018-09-05T17:48:09.985] [INFO] dao.baseDao - show-table-info:test3
[2018-09-05T17:48:09.987] [INFO] dao.baseDao - show-table-info:testTable
[2018-09-05T17:48:09.989] [INFO] dao.baseDao - show-table-info:user_group
[2018-09-05T17:48:09.991] [INFO] dao.baseDao - show-table-info:user_group_relation
[2018-09-05T17:48:09.993] [INFO] dao.baseDao - show-table-info:users
[2018-09-05T17:48:10.048] [INFO] dao.baseDao - query-ById:m_models,id:11
[2018-09-05T17:48:10.050] [INFO] dao.baseDao - query-all:m_model_fields
[2018-09-05T17:48:10.201] [INFO] dao.baseDao - query-ById:m_page,id:1
[2018-09-05T18:05:42.561] [INFO] dao.baseDao - show-table-info:group_role_relation
[2018-09-05T18:05:42.583] [INFO] dao.baseDao - show-table-info:m_component_props
[2018-09-05T18:05:42.591] [INFO] dao.baseDao - show-table-info:m_components
[2018-09-05T18:05:42.593] [INFO] dao.baseDao - show-table-info:m_datasource
[2018-09-05T18:05:42.595] [INFO] dao.baseDao - show-table-info:m_fields
[2018-09-05T18:05:42.597] [INFO] dao.baseDao - show-table-info:m_model_fields
[2018-09-05T18:05:42.600] [INFO] dao.baseDao - show-table-info:m_models
[2018-09-05T18:05:42.604] [INFO] dao.baseDao - show-table-info:m_page
[2018-09-05T18:05:42.606] [INFO] dao.baseDao - show-table-info:m_page_actions
[2018-09-05T18:05:42.608] [INFO] dao.baseDao - show-table-info:m_systems
[2018-09-05T18:05:42.610] [INFO] dao.baseDao - show-table-info:m_theme
[2018-09-05T18:05:42.612] [INFO] dao.baseDao - show-table-info:roles
[2018-09-05T18:05:42.614] [INFO] dao.baseDao - show-table-info:test2
[2018-09-05T18:05:42.619] [INFO] dao.baseDao - show-table-info:test3
[2018-09-05T18:05:42.621] [INFO] dao.baseDao - show-table-info:testTable
[2018-09-05T18:05:42.622] [INFO] dao.baseDao - show-table-info:user_group
[2018-09-05T18:05:42.625] [INFO] dao.baseDao - show-table-info:user_group_relation
[2018-09-05T18:05:42.626] [INFO] dao.baseDao - show-table-info:users
[2018-09-05T18:05:42.720] [INFO] dao.baseDao - query-ById:m_models,id:11
[2018-09-05T18:05:42.723] [INFO] dao.baseDao - query-all:m_model_fields
[2018-09-05T18:05:42.764] [INFO] dao.baseDao - query-ById:m_page,id:2
[2018-09-05T18:10:04.007] [INFO] dao.baseDao - show-table-info:group_role_relation
[2018-09-05T18:10:04.021] [INFO] dao.baseDao - show-table-info:m_component_props
[2018-09-05T18:10:04.024] [INFO] dao.baseDao - show-table-info:m_components
[2018-09-05T18:10:04.029] [INFO] dao.baseDao - show-table-info:m_datasource
[2018-09-05T18:10:04.034] [INFO] dao.baseDao - show-table-info:m_fields
[2018-09-05T18:10:04.040] [INFO] dao.baseDao - show-table-info:m_model_fields
[2018-09-05T18:10:04.046] [INFO] dao.baseDao - show-table-info:m_models
[2018-09-05T18:10:04.049] [INFO] dao.baseDao - show-table-info:m_page
[2018-09-05T18:10:04.052] [INFO] dao.baseDao - show-table-info:m_page_actions
[2018-09-05T18:10:04.055] [INFO] dao.baseDao - show-table-info:m_systems
[2018-09-05T18:10:04.059] [INFO] dao.baseDao - show-table-info:m_theme
[2018-09-05T18:10:04.061] [INFO] dao.baseDao - show-table-info:roles
[2018-09-05T18:10:04.066] [INFO] dao.baseDao - show-table-info:test2
[2018-09-05T18:10:04.071] [INFO] dao.baseDao - show-table-info:test3
[2018-09-05T18:10:04.074] [INFO] dao.baseDao - show-table-info:testTable
[2018-09-05T18:10:04.076] [INFO] dao.baseDao - show-table-info:user_group
[2018-09-05T18:10:04.080] [INFO] dao.baseDao - show-table-info:user_group_relation
[2018-09-05T18:10:04.085] [INFO] dao.baseDao - show-table-info:users
[2018-09-05T18:10:04.170] [INFO] dao.baseDao - query-ById:m_models,id:11
[2018-09-05T18:10:04.172] [INFO] dao.baseDao - query-all:m_model_fields
[2018-09-05T18:10:04.230] [INFO] dao.baseDao - query-ById:m_page,id:3
[2018-09-05T18:13:13.076] [INFO] dao.baseDao - show-table-info:group_role_relation
[2018-09-05T18:13:13.085] [INFO] dao.baseDao - show-table-info:m_component_props
[2018-09-05T18:13:13.088] [INFO] dao.baseDao - show-table-info:m_components
[2018-09-05T18:13:13.091] [INFO] dao.baseDao - show-table-info:m_datasource
[2018-09-05T18:13:13.094] [INFO] dao.baseDao - show-table-info:m_fields
[2018-09-05T18:13:13.096] [INFO] dao.baseDao - show-table-info:m_model_fields
[2018-09-05T18:13:13.102] [INFO] dao.baseDao - show-table-info:m_models
[2018-09-05T18:13:13.105] [INFO] dao.baseDao - show-table-info:m_page
[2018-09-05T18:13:13.107] [INFO] dao.baseDao - show-table-info:m_page_actions
[2018-09-05T18:13:13.110] [INFO] dao.baseDao - show-table-info:m_systems
[2018-09-05T18:13:13.113] [INFO] dao.baseDao - show-table-info:m_theme
[2018-09-05T18:13:13.115] [INFO] dao.baseDao - show-table-info:roles
[2018-09-05T18:13:13.117] [INFO] dao.baseDao - show-table-info:test2
[2018-09-05T18:13:13.120] [INFO] dao.baseDao - show-table-info:test3
[2018-09-05T18:13:13.122] [INFO] dao.baseDao - show-table-info:testTable
[2018-09-05T18:13:13.127] [INFO] dao.baseDao - show-table-info:user_group
[2018-09-05T18:13:13.130] [INFO] dao.baseDao - show-table-info:user_group_relation
[2018-09-05T18:13:13.132] [INFO] dao.baseDao - show-table-info:users
[2018-09-05T18:13:13.247] [INFO] dao.baseDao - query-ById:m_models,id:11
[2018-09-05T18:13:13.250] [ERROR] dao.baseDao - ReferenceError: results is not defined
    at PageDao.queryById (/Users/yixin/Desktop/workshop/cms/server/dao/baseDao.js:67:7)
    at <anonymous>
    at process._tickCallback (internal/process/next_tick.js:118:7)
[2018-09-05T18:13:32.147] [INFO] dao.baseDao - show-table-info:group_role_relation
[2018-09-05T18:13:32.154] [INFO] dao.baseDao - show-table-info:m_component_props
[2018-09-05T18:13:32.156] [INFO] dao.baseDao - show-table-info:m_components
[2018-09-05T18:13:32.158] [INFO] dao.baseDao - show-table-info:m_datasource
[2018-09-05T18:13:32.160] [INFO] dao.baseDao - show-table-info:m_fields
[2018-09-05T18:13:32.162] [INFO] dao.baseDao - show-table-info:m_model_fields
[2018-09-05T18:13:32.164] [INFO] dao.baseDao - show-table-info:m_models
[2018-09-05T18:13:32.165] [INFO] dao.baseDao - show-table-info:m_page
[2018-09-05T18:13:32.167] [INFO] dao.baseDao - show-table-info:m_page_actions
[2018-09-05T18:13:32.168] [INFO] dao.baseDao - show-table-info:m_systems
[2018-09-05T18:13:32.171] [INFO] dao.baseDao - show-table-info:m_theme
[2018-09-05T18:13:32.173] [INFO] dao.baseDao - show-table-info:roles
[2018-09-05T18:13:32.174] [INFO] dao.baseDao - show-table-info:test2
[2018-09-05T18:13:32.176] [INFO] dao.baseDao - show-table-info:test3
[2018-09-05T18:13:32.177] [INFO] dao.baseDao - show-table-info:testTable
[2018-09-05T18:13:32.178] [INFO] dao.baseDao - show-table-info:user_group
[2018-09-05T18:13:32.180] [INFO] dao.baseDao - show-table-info:user_group_relation
[2018-09-05T18:13:32.182] [INFO] dao.baseDao - show-table-info:users
[2018-09-05T18:13:32.256] [INFO] dao.baseDao - query-ById:m_models,id:11
[2018-09-05T18:13:32.264] [INFO] dao.baseDao - query-all:m_model_fields
[2018-09-05T18:13:32.289] [INFO] dao.baseDao - query-ById:m_page,id:4
[2018-09-05T18:15:06.079] [INFO] dao.baseDao - query-all:m_page
[2018-09-05T18:15:06.095] [INFO] dao.baseDao - query-all:m_datasource
[2018-09-05T18:52:23.155] [INFO] dao.baseDao - show-table-info:group_role_relation
[2018-09-05T18:52:23.164] [INFO] dao.baseDao - show-table-info:m_component_props
[2018-09-05T18:52:23.170] [INFO] dao.baseDao - show-table-info:m_components
[2018-09-05T18:52:23.175] [INFO] dao.baseDao - show-table-info:m_datasource
[2018-09-05T18:52:23.181] [INFO] dao.baseDao - show-table-info:m_fields
[2018-09-05T18:52:23.185] [INFO] dao.baseDao - show-table-info:m_model_fields
[2018-09-05T18:52:23.190] [INFO] dao.baseDao - show-table-info:m_models
[2018-09-05T18:52:23.198] [INFO] dao.baseDao - show-table-info:m_page
[2018-09-05T18:52:23.201] [INFO] dao.baseDao - show-table-info:m_page_actions
[2018-09-05T18:52:23.202] [INFO] dao.baseDao - show-table-info:m_systems
[2018-09-05T18:52:23.205] [INFO] dao.baseDao - show-table-info:m_theme
[2018-09-05T18:52:23.209] [INFO] dao.baseDao - show-table-info:roles
[2018-09-05T18:52:23.213] [INFO] dao.baseDao - show-table-info:test2
[2018-09-05T18:52:23.215] [INFO] dao.baseDao - show-table-info:test3
[2018-09-05T18:52:23.218] [INFO] dao.baseDao - show-table-info:testTable
[2018-09-05T18:52:23.236] [INFO] dao.baseDao - show-table-info:user_group
[2018-09-05T18:52:23.241] [INFO] dao.baseDao - show-table-info:user_group_relation
[2018-09-05T18:52:23.245] [INFO] dao.baseDao - show-table-info:users
[2018-09-05T18:52:23.333] [INFO] dao.baseDao - query-all:m_models
[2018-09-05T18:52:25.374] [INFO] dao.baseDao - query-ById:m_models,id:11
[2018-09-05T18:52:25.376] [INFO] dao.baseDao - query-all:m_model_fields
[2018-09-05T18:52:25.402] [INFO] dao.baseDao - query-ById:m_page,id:5
[2018-09-05T18:53:14.721] [INFO] dao.baseDao - query-all:m_page
[2018-09-05T18:53:14.730] [INFO] dao.baseDao - query-all:m_datasource
[2018-09-05T18:55:33.598] [INFO] dao.baseDao - query-all:m_page
[2018-09-05T18:55:33.602] [INFO] dao.baseDao - query-all:m_datasource
[2018-09-05T18:55:54.676] [INFO] dao.baseDao - query-all:m_page
[2018-09-05T18:55:54.686] [INFO] dao.baseDao - query-all:m_datasource
[2018-09-05T19:06:01.824] [INFO] dao.baseDao - query-all:m_page
[2018-09-05T19:06:01.831] [INFO] dao.baseDao - query-all:m_datasource
[2018-09-05T19:11:04.019] [INFO] dao.baseDao - query-ById:m_page,id:5
[2018-09-05T19:11:09.126] [INFO] dao.baseDao - query-ById:m_page,id:5
[2018-09-05T19:13:36.686] [INFO] dao.baseDao - query-ById:m_page,id:5
[2018-09-05T19:15:05.432] [INFO] dao.baseDao - show-table-info:group_role_relation
[2018-09-05T19:15:05.438] [INFO] dao.baseDao - show-table-info:m_component_props
[2018-09-05T19:15:05.442] [INFO] dao.baseDao - show-table-info:m_components
[2018-09-05T19:15:05.444] [INFO] dao.baseDao - show-table-info:m_datasource
[2018-09-05T19:15:05.447] [INFO] dao.baseDao - show-table-info:m_fields
[2018-09-05T19:15:05.448] [INFO] dao.baseDao - show-table-info:m_model_fields
[2018-09-05T19:15:05.451] [INFO] dao.baseDao - show-table-info:m_models
[2018-09-05T19:15:05.453] [INFO] dao.baseDao - show-table-info:m_page
[2018-09-05T19:15:05.456] [INFO] dao.baseDao - show-table-info:m_page_actions
[2018-09-05T19:15:05.458] [INFO] dao.baseDao - show-table-info:m_systems
[2018-09-05T19:15:05.459] [INFO] dao.baseDao - show-table-info:m_theme
[2018-09-05T19:15:05.461] [INFO] dao.baseDao - show-table-info:roles
[2018-09-05T19:15:05.463] [INFO] dao.baseDao - show-table-info:test2
[2018-09-05T19:15:05.467] [INFO] dao.baseDao - show-table-info:test3
[2018-09-05T19:15:05.469] [INFO] dao.baseDao - show-table-info:testTable
[2018-09-05T19:15:05.470] [INFO] dao.baseDao - show-table-info:user_group
[2018-09-05T19:15:05.472] [INFO] dao.baseDao - show-table-info:user_group_relation
[2018-09-05T19:15:05.476] [INFO] dao.baseDao - show-table-info:users
[2018-09-05T19:15:05.553] [INFO] dao.baseDao - query-ById:m_page,id:5
[2018-09-05T19:16:40.902] [INFO] dao.baseDao - query-ById:m_page,id:5
[2018-09-05T19:18:31.243] [INFO] dao.baseDao - query-ById:m_page,id:5
[2018-09-05T19:21:45.460] [INFO] dao.baseDao - query-ById:m_page,id:5
