[2018-09-04T12:11:25.911] [INFO] dao.baseDao - show-table-info:group_role_relation
[2018-09-04T12:11:25.963] [INFO] dao.baseDao - show-table-info:m_component_props
[2018-09-04T12:11:25.968] [INFO] dao.baseDao - show-table-info:m_components
[2018-09-04T12:11:25.971] [INFO] dao.baseDao - show-table-info:m_datasource
[2018-09-04T12:11:25.974] [INFO] dao.baseDao - show-table-info:m_fields
[2018-09-04T12:11:25.978] [INFO] dao.baseDao - show-table-info:m_model_fields
[2018-09-04T12:11:25.980] [INFO] dao.baseDao - show-table-info:m_models
[2018-09-04T12:11:25.982] [INFO] dao.baseDao - show-table-info:m_page
[2018-09-04T12:11:25.986] [INFO] dao.baseDao - show-table-info:m_page_actions
[2018-09-04T12:11:25.989] [INFO] dao.baseDao - show-table-info:m_systems
[2018-09-04T12:11:25.993] [INFO] dao.baseDao - show-table-info:m_theme
[2018-09-04T12:11:25.996] [INFO] dao.baseDao - show-table-info:roles
[2018-09-04T12:11:26.030] [INFO] dao.baseDao - show-table-info:test2
[2018-09-04T12:11:26.035] [INFO] dao.baseDao - show-table-info:test3
[2018-09-04T12:11:26.041] [INFO] dao.baseDao - show-table-info:testTable
[2018-09-04T12:11:26.046] [INFO] dao.baseDao - show-table-info:user_group
[2018-09-04T12:11:26.050] [INFO] dao.baseDao - show-table-info:user_group_relation
[2018-09-04T12:11:26.054] [INFO] dao.baseDao - show-table-info:users
[2018-09-04T13:12:05.538] [INFO] dao.baseDao - query-all:m_systems
[2018-09-04T13:12:05.543] [INFO] dao.baseDao - query-all:m_theme
[2018-09-04T13:12:07.847] [INFO] dao.baseDao - query-all:m_datasource
[2018-09-04T13:12:12.186] [INFO] dao.baseDao - query-all:roles
[2018-09-04T13:12:35.550] [INFO] dao.baseDao - query-all:m_models
[2018-09-04T13:12:35.554] [INFO] dao.baseDao - query-all:m_model_fields
[2018-09-04T13:12:35.554] [INFO] dao.baseDao - query-all:m_model_fields
[2018-09-04T13:12:35.555] [INFO] dao.baseDao - query-all:m_model_fields
[2018-09-04T13:13:24.381] [INFO] dao.baseDao - query-all:m_page
[2018-09-04T13:40:17.718] [INFO] dao.baseDao - query-all:m_page
[2018-09-04T13:40:17.733] [INFO] dao.baseDao - query-all:m_datasource
[2018-09-04T13:40:28.823] [INFO] dao.baseDao - query-all:m_page
[2018-09-04T13:40:28.832] [INFO] dao.baseDao - query-all:m_datasource
[2018-09-04T13:42:25.799] [INFO] dao.baseDao - query-all:m_page
[2018-09-04T13:42:25.804] [INFO] dao.baseDao - query-all:m_datasource
[2018-09-04T13:43:16.776] [INFO] dao.baseDao - query-all:m_models
[2018-09-04T13:49:28.101] [INFO] dao.baseDao - query-page:m_components
[2018-09-04T13:49:28.107] [INFO] dao.baseDao - query-all:m_theme
[2018-09-04T13:49:28.115] [INFO] dao.baseDao - query-all:m_component_props
[2018-09-04T13:49:28.150] [INFO] dao.baseDao - 4
[2018-09-04T13:49:28.151] [INFO] dao.baseDao - { page: 0,
  limit: 10,
  list: 
   [ RowDataPacket {
       id: 1,
       name: 'input',
       description: null,
       theme: 1,
       frontShow: null,
       backShow: null,
       createAt: 2018-08-20T14:07:29.000Z,
       createBy: 1,
       updateAt: 2018-08-20T14:07:29.000Z,
       isDeleted: 0,
       deletedAt: 2018-08-20T14:07:29.000Z },
     RowDataPacket {
       id: 2,
       name: 'select',
       description: null,
       theme: 1,
       frontShow: null,
       backShow: null,
       createAt: 2018-08-24T05:41:55.000Z,
       createBy: 1,
       updateAt: 2018-08-24T05:41:55.000Z,
       isDeleted: 0,
       deletedAt: 2018-08-24T05:41:55.000Z },
     RowDataPacket {
       id: 3,
       name: 'row',
       description: null,
       theme: 1,
       frontShow: null,
       backShow: null,
       createAt: 2018-08-24T13:17:11.000Z,
       createBy: 1,
       updateAt: 2018-08-24T13:17:11.000Z,
       isDeleted: 0,
       deletedAt: 2018-08-24T13:17:11.000Z },
     RowDataPacket {
       id: 4,
       name: 'col',
       description: null,
       theme: 1,
       frontShow: null,
       backShow: null,
       createAt: 2018-08-25T02:12:18.000Z,
       createBy: 1,
       updateAt: 2018-08-25T02:12:18.000Z,
       isDeleted: 0,
       deletedAt: 2018-08-25T02:12:18.000Z } ],
  total: 4 }
[2018-09-04T15:53:52.136] [INFO] dao.baseDao - query-page:m_components
[2018-09-04T15:53:52.141] [INFO] dao.baseDao - query-all:m_theme
[2018-09-04T15:53:52.143] [INFO] dao.baseDao - query-all:m_component_props
[2018-09-04T15:53:52.153] [INFO] dao.baseDao - 4
[2018-09-04T15:53:52.153] [INFO] dao.baseDao - { page: 0,
  limit: 10,
  list: 
   [ RowDataPacket {
       id: 1,
       name: 'input',
       description: null,
       theme: 1,
       frontShow: null,
       backShow: null,
       createAt: 2018-08-20T14:07:29.000Z,
       createBy: 1,
       updateAt: 2018-08-20T14:07:29.000Z,
       isDeleted: 0,
       deletedAt: 2018-08-20T14:07:29.000Z },
     RowDataPacket {
       id: 2,
       name: 'select',
       description: null,
       theme: 1,
       frontShow: null,
       backShow: null,
       createAt: 2018-08-24T05:41:55.000Z,
       createBy: 1,
       updateAt: 2018-08-24T05:41:55.000Z,
       isDeleted: 0,
       deletedAt: 2018-08-24T05:41:55.000Z },
     RowDataPacket {
       id: 3,
       name: 'row',
       description: null,
       theme: 1,
       frontShow: null,
       backShow: null,
       createAt: 2018-08-24T13:17:11.000Z,
       createBy: 1,
       updateAt: 2018-08-24T13:17:11.000Z,
       isDeleted: 0,
       deletedAt: 2018-08-24T13:17:11.000Z },
     RowDataPacket {
       id: 4,
       name: 'col',
       description: null,
       theme: 1,
       frontShow: null,
       backShow: null,
       createAt: 2018-08-25T02:12:18.000Z,
       createBy: 1,
       updateAt: 2018-08-25T02:12:18.000Z,
       isDeleted: 0,
       deletedAt: 2018-08-25T02:12:18.000Z } ],
  total: 4 }
[2018-09-04T15:53:53.709] [INFO] dao.baseDao - query-all:m_component_props
[2018-09-04T15:53:54.720] [INFO] dao.baseDao - query-all:m_component_props
[2018-09-04T15:53:56.490] [INFO] dao.baseDao - query-all:m_component_props
[2018-09-04T15:53:57.104] [INFO] dao.baseDao - query-all:m_component_props
[2018-09-04T15:53:58.161] [INFO] dao.baseDao - query-all:m_component_props
[2018-09-04T15:57:59.833] [INFO] dao.baseDao - query-page:m_components
[2018-09-04T15:57:59.838] [INFO] dao.baseDao - query-all:m_component_props
[2018-09-04T15:57:59.843] [INFO] dao.baseDao - 4
[2018-09-04T15:57:59.844] [INFO] dao.baseDao - { page: 0,
  limit: 10,
  list: 
   [ RowDataPacket {
       id: 1,
       name: 'input',
       description: null,
       theme: 1,
       frontShow: null,
       backShow: null,
       createAt: 2018-08-20T14:07:29.000Z,
       createBy: 1,
       updateAt: 2018-08-20T14:07:29.000Z,
       isDeleted: 0,
       deletedAt: 2018-08-20T14:07:29.000Z },
     RowDataPacket {
       id: 2,
       name: 'select',
       description: null,
       theme: 1,
       frontShow: null,
       backShow: null,
       createAt: 2018-08-24T05:41:55.000Z,
       createBy: 1,
       updateAt: 2018-08-24T05:41:55.000Z,
       isDeleted: 0,
       deletedAt: 2018-08-24T05:41:55.000Z },
     RowDataPacket {
       id: 3,
       name: 'row',
       description: null,
       theme: 1,
       frontShow: null,
       backShow: null,
       createAt: 2018-08-24T13:17:11.000Z,
       createBy: 1,
       updateAt: 2018-08-24T13:17:11.000Z,
       isDeleted: 0,
       deletedAt: 2018-08-24T13:17:11.000Z },
     RowDataPacket {
       id: 4,
       name: 'col',
       description: null,
       theme: 1,
       frontShow: null,
       backShow: null,
       createAt: 2018-08-25T02:12:18.000Z,
       createBy: 1,
       updateAt: 2018-08-25T02:12:18.000Z,
       isDeleted: 0,
       deletedAt: 2018-08-25T02:12:18.000Z } ],
  total: 4 }
[2018-09-04T15:58:01.887] [INFO] dao.baseDao - query-all:m_component_props
[2018-09-04T15:58:04.949] [INFO] dao.baseDao - query-all:m_component_props
[2018-09-04T15:58:05.670] [INFO] dao.baseDao - query-all:m_component_props
[2018-09-04T15:58:06.847] [INFO] dao.baseDao - query-all:m_component_props
[2018-09-04T16:18:21.998] [INFO] dao.baseDao - query-ById:m_components,id:5
[2018-09-04T16:18:30.991] [INFO] dao.baseDao - query-page:m_components
[2018-09-04T16:18:30.993] [INFO] dao.baseDao - query-all:m_theme
[2018-09-04T16:18:30.998] [INFO] dao.baseDao - query-all:m_component_props
[2018-09-04T16:18:31.007] [INFO] dao.baseDao - 5
[2018-09-04T16:18:31.007] [INFO] dao.baseDao - { page: 0,
  limit: 10,
  list: 
   [ RowDataPacket {
       id: 1,
       name: 'input',
       description: null,
       theme: 1,
       frontShow: null,
       backShow: null,
       createAt: 2018-08-20T14:07:29.000Z,
       createBy: 1,
       updateAt: 2018-08-20T14:07:29.000Z,
       isDeleted: 0,
       deletedAt: 2018-08-20T14:07:29.000Z },
     RowDataPacket {
       id: 2,
       name: 'select',
       description: null,
       theme: 1,
       frontShow: null,
       backShow: null,
       createAt: 2018-08-24T05:41:55.000Z,
       createBy: 1,
       updateAt: 2018-08-24T05:41:55.000Z,
       isDeleted: 0,
       deletedAt: 2018-08-24T05:41:55.000Z },
     RowDataPacket {
       id: 3,
       name: 'row',
       description: null,
       theme: 1,
       frontShow: null,
       backShow: null,
       createAt: 2018-08-24T13:17:11.000Z,
       createBy: 1,
       updateAt: 2018-08-24T13:17:11.000Z,
       isDeleted: 0,
       deletedAt: 2018-08-24T13:17:11.000Z },
     RowDataPacket {
       id: 4,
       name: 'col',
       description: null,
       theme: 1,
       frontShow: null,
       backShow: null,
       createAt: 2018-08-25T02:12:18.000Z,
       createBy: 1,
       updateAt: 2018-08-25T02:12:18.000Z,
       isDeleted: 0,
       deletedAt: 2018-08-25T02:12:18.000Z },
     RowDataPacket {
       id: 5,
       name: 'table',
       description: null,
       theme: 1,
       frontShow: null,
       backShow: null,
       createAt: 2018-09-04T08:18:21.000Z,
       createBy: 1,
       updateAt: 2018-09-04T08:18:21.000Z,
       isDeleted: 0,
       deletedAt: 2018-09-04T08:18:21.000Z } ],
  total: 5 }
[2018-09-04T16:18:32.068] [INFO] dao.baseDao - query-all:m_component_props
[2018-09-04T16:20:19.132] [INFO] dao.baseDao - query-ById:m_components,id:6
[2018-09-04T16:22:07.600] [INFO] dao.baseDao - show-table-info:group_role_relation
[2018-09-04T16:22:07.603] [INFO] dao.baseDao - show-table-info:group_role_relation
[2018-09-04T16:22:07.604] [INFO] dao.baseDao - show-table-info:group_role_relation
[2018-09-04T16:22:07.608] [INFO] dao.baseDao - show-table-info:m_component_props
[2018-09-04T16:22:07.611] [INFO] dao.baseDao - show-table-info:m_component_props
[2018-09-04T16:22:07.611] [INFO] dao.baseDao - show-table-info:m_components
[2018-09-04T16:22:07.613] [INFO] dao.baseDao - show-table-info:m_component_props
[2018-09-04T16:22:07.615] [INFO] dao.baseDao - show-table-info:m_components
[2018-09-04T16:22:07.617] [INFO] dao.baseDao - show-table-info:m_datasource
[2018-09-04T16:22:07.618] [INFO] dao.baseDao - show-table-info:m_components
[2018-09-04T16:22:07.619] [INFO] dao.baseDao - show-table-info:m_fields
[2018-09-04T16:22:07.620] [INFO] dao.baseDao - show-table-info:m_datasource
[2018-09-04T16:22:07.623] [INFO] dao.baseDao - show-table-info:m_datasource
[2018-09-04T16:22:07.625] [INFO] dao.baseDao - show-table-info:m_model_fields
[2018-09-04T16:22:07.626] [INFO] dao.baseDao - show-table-info:m_fields
[2018-09-04T16:22:07.630] [INFO] dao.baseDao - show-table-info:m_fields
[2018-09-04T16:22:07.633] [INFO] dao.baseDao - show-table-info:m_models
[2018-09-04T16:22:07.635] [INFO] dao.baseDao - show-table-info:m_model_fields
[2018-09-04T16:22:07.636] [INFO] dao.baseDao - show-table-info:m_model_fields
[2018-09-04T16:22:07.639] [INFO] dao.baseDao - show-table-info:m_page
[2018-09-04T16:22:07.640] [INFO] dao.baseDao - show-table-info:m_models
[2018-09-04T16:22:07.641] [INFO] dao.baseDao - show-table-info:m_models
[2018-09-04T16:22:07.643] [INFO] dao.baseDao - show-table-info:m_page
[2018-09-04T16:22:07.644] [INFO] dao.baseDao - show-table-info:m_page
[2018-09-04T16:22:07.646] [INFO] dao.baseDao - show-table-info:m_page_actions
[2018-09-04T16:22:07.646] [INFO] dao.baseDao - show-table-info:m_page_actions
[2018-09-04T16:22:07.650] [INFO] dao.baseDao - show-table-info:m_page_actions
[2018-09-04T16:22:07.654] [INFO] dao.baseDao - show-table-info:m_systems
[2018-09-04T16:22:07.657] [INFO] dao.baseDao - show-table-info:m_systems
[2018-09-04T16:22:07.660] [INFO] dao.baseDao - show-table-info:m_systems
[2018-09-04T16:22:07.663] [INFO] dao.baseDao - show-table-info:m_theme
[2018-09-04T16:22:07.666] [INFO] dao.baseDao - show-table-info:m_theme
[2018-09-04T16:22:07.667] [INFO] dao.baseDao - show-table-info:roles
[2018-09-04T16:22:07.668] [INFO] dao.baseDao - show-table-info:m_theme
[2018-09-04T16:22:07.670] [INFO] dao.baseDao - show-table-info:test2
[2018-09-04T16:22:07.671] [INFO] dao.baseDao - show-table-info:roles
[2018-09-04T16:22:07.675] [INFO] dao.baseDao - show-table-info:roles
[2018-09-04T16:22:07.676] [INFO] dao.baseDao - show-table-info:test3
[2018-09-04T16:22:07.678] [INFO] dao.baseDao - show-table-info:test2
[2018-09-04T16:22:07.680] [INFO] dao.baseDao - show-table-info:test2
[2018-09-04T16:22:07.682] [INFO] dao.baseDao - show-table-info:test3
[2018-09-04T16:22:07.685] [INFO] dao.baseDao - show-table-info:testTable
[2018-09-04T16:22:07.687] [INFO] dao.baseDao - show-table-info:testTable
[2018-09-04T16:22:07.688] [INFO] dao.baseDao - show-table-info:test3
[2018-09-04T16:22:07.689] [INFO] dao.baseDao - show-table-info:user_group
[2018-09-04T16:22:07.692] [INFO] dao.baseDao - show-table-info:testTable
[2018-09-04T16:22:07.693] [INFO] dao.baseDao - show-table-info:user_group_relation
[2018-09-04T16:22:07.695] [INFO] dao.baseDao - show-table-info:user_group
[2018-09-04T16:22:07.696] [INFO] dao.baseDao - show-table-info:user_group
[2018-09-04T16:22:07.700] [INFO] dao.baseDao - show-table-info:users
[2018-09-04T16:22:07.702] [INFO] dao.baseDao - show-table-info:user_group_relation
[2018-09-04T16:22:07.706] [INFO] dao.baseDao - show-table-info:user_group_relation
[2018-09-04T16:22:07.776] [INFO] dao.baseDao - query-all:m_component_props
[2018-09-04T16:22:07.779] [INFO] dao.baseDao - show-table-info:users
[2018-09-04T16:22:07.789] [INFO] dao.baseDao - show-table-info:users
[2018-09-04T16:22:07.839] [INFO] dao.baseDao - query-page:m_components
[2018-09-04T16:22:07.880] [INFO] dao.baseDao - query-all:m_theme
[2018-09-04T16:22:07.881] [INFO] dao.baseDao - 6
[2018-09-04T16:22:07.882] [INFO] dao.baseDao - { page: 0,
  limit: 10,
  list: 
   [ RowDataPacket {
       id: 1,
       name: 'input',
       description: null,
       theme: 1,
       frontShow: null,
       backShow: null,
       createAt: 2018-08-20T14:07:29.000Z,
       createBy: 1,
       updateAt: 2018-08-20T14:07:29.000Z,
       isDeleted: 0,
       deletedAt: 2018-08-20T14:07:29.000Z },
     RowDataPacket {
       id: 2,
       name: 'select',
       description: null,
       theme: 1,
       frontShow: null,
       backShow: null,
       createAt: 2018-08-24T05:41:55.000Z,
       createBy: 1,
       updateAt: 2018-08-24T05:41:55.000Z,
       isDeleted: 0,
       deletedAt: 2018-08-24T05:41:55.000Z },
     RowDataPacket {
       id: 3,
       name: 'row',
       description: null,
       theme: 1,
       frontShow: null,
       backShow: null,
       createAt: 2018-08-24T13:17:11.000Z,
       createBy: 1,
       updateAt: 2018-08-24T13:17:11.000Z,
       isDeleted: 0,
       deletedAt: 2018-08-24T13:17:11.000Z },
     RowDataPacket {
       id: 4,
       name: 'col',
       description: null,
       theme: 1,
       frontShow: null,
       backShow: null,
       createAt: 2018-08-25T02:12:18.000Z,
       createBy: 1,
       updateAt: 2018-08-25T02:12:18.000Z,
       isDeleted: 0,
       deletedAt: 2018-08-25T02:12:18.000Z },
     RowDataPacket {
       id: 5,
       name: 'table',
       description: null,
       theme: 1,
       frontShow: null,
       backShow: null,
       createAt: 2018-09-04T08:18:21.000Z,
       createBy: 1,
       updateAt: 2018-09-04T08:18:21.000Z,
       isDeleted: 0,
       deletedAt: 2018-09-04T08:18:21.000Z },
     RowDataPacket {
       id: 6,
       name: 'tableCol',
       description: null,
       theme: 1,
       frontShow: null,
       backShow: null,
       createAt: 2018-09-04T08:20:19.000Z,
       createBy: 1,
       updateAt: 2018-09-04T08:20:19.000Z,
       isDeleted: 0,
       deletedAt: 2018-09-04T08:20:19.000Z } ],
  total: 6 }
[2018-09-04T16:22:14.712] [INFO] dao.baseDao - query-ById:m_components,id:7
[2018-09-04T16:22:14.771] [INFO] dao.baseDao - query-page:m_components
[2018-09-04T16:22:14.773] [INFO] dao.baseDao - 7
[2018-09-04T16:22:14.774] [INFO] dao.baseDao - { page: 0,
  limit: 10,
  list: 
   [ RowDataPacket {
       id: 1,
       name: 'input',
       description: null,
       theme: 1,
       frontShow: null,
       backShow: null,
       createAt: 2018-08-20T14:07:29.000Z,
       createBy: 1,
       updateAt: 2018-08-20T14:07:29.000Z,
       isDeleted: 0,
       deletedAt: 2018-08-20T14:07:29.000Z },
     RowDataPacket {
       id: 2,
       name: 'select',
       description: null,
       theme: 1,
       frontShow: null,
       backShow: null,
       createAt: 2018-08-24T05:41:55.000Z,
       createBy: 1,
       updateAt: 2018-08-24T05:41:55.000Z,
       isDeleted: 0,
       deletedAt: 2018-08-24T05:41:55.000Z },
     RowDataPacket {
       id: 3,
       name: 'row',
       description: null,
       theme: 1,
       frontShow: null,
       backShow: null,
       createAt: 2018-08-24T13:17:11.000Z,
       createBy: 1,
       updateAt: 2018-08-24T13:17:11.000Z,
       isDeleted: 0,
       deletedAt: 2018-08-24T13:17:11.000Z },
     RowDataPacket {
       id: 4,
       name: 'col',
       description: null,
       theme: 1,
       frontShow: null,
       backShow: null,
       createAt: 2018-08-25T02:12:18.000Z,
       createBy: 1,
       updateAt: 2018-08-25T02:12:18.000Z,
       isDeleted: 0,
       deletedAt: 2018-08-25T02:12:18.000Z },
     RowDataPacket {
       id: 5,
       name: 'table',
       description: null,
       theme: 1,
       frontShow: null,
       backShow: null,
       createAt: 2018-09-04T08:18:21.000Z,
       createBy: 1,
       updateAt: 2018-09-04T08:18:21.000Z,
       isDeleted: 0,
       deletedAt: 2018-09-04T08:18:21.000Z },
     RowDataPacket {
       id: 6,
       name: 'tableCol',
       description: null,
       theme: 1,
       frontShow: null,
       backShow: null,
       createAt: 2018-09-04T08:20:19.000Z,
       createBy: 1,
       updateAt: 2018-09-04T08:20:19.000Z,
       isDeleted: 0,
       deletedAt: 2018-09-04T08:20:19.000Z },
     RowDataPacket {
       id: 7,
       name: 'radio',
       description: null,
       theme: 1,
       frontShow: null,
       backShow: null,
       createAt: 2018-09-04T08:22:14.000Z,
       createBy: 1,
       updateAt: 2018-09-04T08:22:14.000Z,
       isDeleted: 0,
       deletedAt: 2018-09-04T08:22:14.000Z } ],
  total: 7 }
[2018-09-04T16:22:17.357] [INFO] dao.baseDao - query-all:m_component_props
[2018-09-04T16:22:24.957] [INFO] dao.baseDao - query-page:m_components
[2018-09-04T16:22:24.961] [INFO] dao.baseDao - query-all:m_theme
[2018-09-04T16:22:24.967] [INFO] dao.baseDao - query-all:m_component_props
[2018-09-04T16:22:24.973] [INFO] dao.baseDao - 7
[2018-09-04T16:22:24.973] [INFO] dao.baseDao - { page: 0,
  limit: 10,
  list: 
   [ RowDataPacket {
       id: 1,
       name: 'input',
       description: null,
       theme: 1,
       frontShow: null,
       backShow: null,
       createAt: 2018-08-20T14:07:29.000Z,
       createBy: 1,
       updateAt: 2018-08-20T14:07:29.000Z,
       isDeleted: 0,
       deletedAt: 2018-08-20T14:07:29.000Z },
     RowDataPacket {
       id: 2,
       name: 'select',
       description: null,
       theme: 1,
       frontShow: null,
       backShow: null,
       createAt: 2018-08-24T05:41:55.000Z,
       createBy: 1,
       updateAt: 2018-08-24T05:41:55.000Z,
       isDeleted: 0,
       deletedAt: 2018-08-24T05:41:55.000Z },
     RowDataPacket {
       id: 3,
       name: 'row',
       description: null,
       theme: 1,
       frontShow: null,
       backShow: null,
       createAt: 2018-08-24T13:17:11.000Z,
       createBy: 1,
       updateAt: 2018-08-24T13:17:11.000Z,
       isDeleted: 0,
       deletedAt: 2018-08-24T13:17:11.000Z },
     RowDataPacket {
       id: 4,
       name: 'col',
       description: null,
       theme: 1,
       frontShow: null,
       backShow: null,
       createAt: 2018-08-25T02:12:18.000Z,
       createBy: 1,
       updateAt: 2018-08-25T02:12:18.000Z,
       isDeleted: 0,
       deletedAt: 2018-08-25T02:12:18.000Z },
     RowDataPacket {
       id: 5,
       name: 'table',
       description: null,
       theme: 1,
       frontShow: null,
       backShow: null,
       createAt: 2018-09-04T08:18:21.000Z,
       createBy: 1,
       updateAt: 2018-09-04T08:18:21.000Z,
       isDeleted: 0,
       deletedAt: 2018-09-04T08:18:21.000Z },
     RowDataPacket {
       id: 6,
       name: 'tableCol',
       description: null,
       theme: 1,
       frontShow: null,
       backShow: null,
       createAt: 2018-09-04T08:20:19.000Z,
       createBy: 1,
       updateAt: 2018-09-04T08:20:19.000Z,
       isDeleted: 0,
       deletedAt: 2018-09-04T08:20:19.000Z },
     RowDataPacket {
       id: 7,
       name: 'radio',
       description: null,
       theme: 1,
       frontShow: null,
       backShow: null,
       createAt: 2018-09-04T08:22:14.000Z,
       createBy: 1,
       updateAt: 2018-09-04T08:22:14.000Z,
       isDeleted: 0,
       deletedAt: 2018-09-04T08:22:14.000Z } ],
  total: 7 }
[2018-09-04T16:22:26.479] [INFO] dao.baseDao - query-all:m_component_props
[2018-09-04T16:22:28.624] [INFO] dao.baseDao - query-all:m_component_props
[2018-09-04T16:23:47.962] [INFO] dao.baseDao - query-ById:m_component_props,id:23
[2018-09-04T16:23:47.963] [INFO] dao.baseDao - query-ById:m_component_props,id:24
[2018-09-04T16:23:47.971] [INFO] dao.baseDao - query-all:m_component_props
[2018-09-04T16:24:11.106] [INFO] dao.baseDao - query-ById:m_component_props,id:25
[2018-09-04T16:24:11.116] [INFO] dao.baseDao - query-all:m_component_props
[2018-09-04T19:19:37.293] [INFO] dao.baseDao - query-all:m_component_props
[2018-09-04T19:19:37.344] [INFO] dao.baseDao - query-ById:m_component_props,id:27
[2018-09-04T19:19:37.345] [INFO] dao.baseDao - query-ById:m_component_props,id:26
[2018-09-04T19:19:41.983] [INFO] dao.baseDao - query-all:m_component_props
[2018-09-04T19:19:42.497] [INFO] dao.baseDao - query-all:m_component_props
[2018-09-04T19:19:58.260] [INFO] dao.baseDao - query-ById:m_component_props,id:0
[2018-09-04T19:19:58.266] [INFO] dao.baseDao - query-all:m_component_props
[2018-09-04T19:24:37.856] [INFO] dao.baseDao - query-ById:m_component_props,id:28
[2018-09-04T19:24:37.863] [INFO] dao.baseDao - query-all:m_component_props
[2018-09-04T19:29:36.392] [INFO] dao.baseDao - query-all:m_systems
[2018-09-04T19:29:39.492] [INFO] dao.baseDao - query-all:m_datasource
[2018-09-04T19:29:41.625] [INFO] dao.baseDao - query-all:m_page
[2018-09-04T19:30:23.260] [INFO] dao.baseDao - query-all:m_models
[2018-09-04T23:25:13.152] [INFO] dao.baseDao - show-table-info:group_role_relation
[2018-09-04T23:25:13.155] [INFO] dao.baseDao - show-table-info:group_role_relation
[2018-09-04T23:25:13.183] [INFO] dao.baseDao - show-table-info:m_component_props
[2018-09-04T23:25:13.184] [INFO] dao.baseDao - show-table-info:m_component_props
[2018-09-04T23:25:13.187] [INFO] dao.baseDao - show-table-info:m_components
[2018-09-04T23:25:13.189] [INFO] dao.baseDao - show-table-info:m_components
[2018-09-04T23:25:13.190] [INFO] dao.baseDao - show-table-info:m_datasource
[2018-09-04T23:25:13.193] [INFO] dao.baseDao - show-table-info:m_datasource
[2018-09-04T23:25:13.194] [INFO] dao.baseDao - show-table-info:m_fields
[2018-09-04T23:25:13.196] [INFO] dao.baseDao - show-table-info:m_model_fields
[2018-09-04T23:25:13.197] [INFO] dao.baseDao - show-table-info:m_fields
[2018-09-04T23:25:13.199] [INFO] dao.baseDao - show-table-info:m_model_fields
[2018-09-04T23:25:13.201] [INFO] dao.baseDao - show-table-info:m_models
[2018-09-04T23:25:13.202] [INFO] dao.baseDao - show-table-info:m_page
[2018-09-04T23:25:13.205] [INFO] dao.baseDao - show-table-info:m_models
[2018-09-04T23:25:13.206] [INFO] dao.baseDao - show-table-info:m_page_actions
[2018-09-04T23:25:13.209] [INFO] dao.baseDao - show-table-info:m_page
[2018-09-04T23:25:13.211] [INFO] dao.baseDao - show-table-info:m_systems
[2018-09-04T23:25:13.213] [INFO] dao.baseDao - show-table-info:m_theme
[2018-09-04T23:25:13.215] [INFO] dao.baseDao - show-table-info:m_page_actions
[2018-09-04T23:25:13.217] [INFO] dao.baseDao - show-table-info:m_systems
[2018-09-04T23:25:13.218] [INFO] dao.baseDao - show-table-info:roles
[2018-09-04T23:25:13.220] [INFO] dao.baseDao - show-table-info:test2
[2018-09-04T23:25:13.222] [INFO] dao.baseDao - show-table-info:m_theme
[2018-09-04T23:25:13.224] [INFO] dao.baseDao - show-table-info:roles
[2018-09-04T23:25:13.225] [INFO] dao.baseDao - show-table-info:test3
[2018-09-04T23:25:13.227] [INFO] dao.baseDao - show-table-info:test2
[2018-09-04T23:25:13.228] [INFO] dao.baseDao - show-table-info:testTable
[2018-09-04T23:25:13.231] [INFO] dao.baseDao - show-table-info:test3
[2018-09-04T23:25:13.232] [INFO] dao.baseDao - show-table-info:user_group
[2018-09-04T23:25:13.234] [INFO] dao.baseDao - show-table-info:testTable
[2018-09-04T23:25:13.237] [INFO] dao.baseDao - show-table-info:user_group_relation
[2018-09-04T23:25:13.241] [INFO] dao.baseDao - show-table-info:users
[2018-09-04T23:25:13.242] [INFO] dao.baseDao - show-table-info:user_group
[2018-09-04T23:25:13.338] [INFO] dao.baseDao - query-all:m_page
[2018-09-04T23:25:13.340] [INFO] dao.baseDao - show-table-info:user_group_relation
[2018-09-04T23:25:13.362] [INFO] dao.baseDao - show-table-info:users
[2018-09-04T23:25:13.429] [INFO] dao.baseDao - query-all:m_datasource
[2018-09-04T23:25:21.255] [INFO] dao.baseDao - query-all:m_models
[2018-09-04T23:25:51.159] [INFO] dao.baseDao - show-table-info:group_role_relation
[2018-09-04T23:25:51.164] [INFO] dao.baseDao - show-table-info:m_component_props
[2018-09-04T23:25:51.167] [INFO] dao.baseDao - show-table-info:m_components
[2018-09-04T23:25:51.178] [INFO] dao.baseDao - show-table-info:m_datasource
[2018-09-04T23:25:51.182] [INFO] dao.baseDao - show-table-info:m_fields
[2018-09-04T23:25:51.187] [INFO] dao.baseDao - show-table-info:m_model_fields
[2018-09-04T23:25:51.190] [INFO] dao.baseDao - show-table-info:m_models
[2018-09-04T23:25:51.199] [INFO] dao.baseDao - show-table-info:m_page
[2018-09-04T23:25:51.216] [INFO] dao.baseDao - show-table-info:m_page_actions
[2018-09-04T23:25:51.227] [INFO] dao.baseDao - show-table-info:m_systems
[2018-09-04T23:25:51.229] [INFO] dao.baseDao - show-table-info:m_theme
[2018-09-04T23:25:51.245] [INFO] dao.baseDao - show-table-info:roles
[2018-09-04T23:25:51.253] [INFO] dao.baseDao - show-table-info:test2
[2018-09-04T23:25:51.278] [INFO] dao.baseDao - show-table-info:test3
[2018-09-04T23:25:51.289] [INFO] dao.baseDao - show-table-info:testTable
[2018-09-04T23:25:51.294] [INFO] dao.baseDao - show-table-info:user_group
[2018-09-04T23:25:51.303] [INFO] dao.baseDao - show-table-info:user_group_relation
[2018-09-04T23:25:51.306] [INFO] dao.baseDao - show-table-info:users
[2018-09-04T23:25:51.453] [INFO] dao.baseDao - query-ById:m_models,id:11
[2018-09-04T23:25:51.454] [INFO] dao.baseDao - query-all:m_model_fields
